2026-05-25 08:03:48,465 [INFO] RENAMED  : 000240cb-deee-4abb-9d40-3e278eeaf04e_motor_car.xlsx -> IRITTY SRTO - KL78_motor_car.xlsx
2026-05-25 08:03:48,480 [INFO] RENAMED  : 00973d2e-3eb7-4c6e-b8ce-feed5b59a36e_motor_cab.xlsx -> THIRUTTANI UO - TN634_motor_cab.xlsx
2026-05-25 08:03:48,496 [INFO] RENAMED  : 019889ea-c6b4-46e3-9a33-e394a08795ba_motor_car.xlsx -> MADHUGIRI, TUMAKURU ARTO - KA64_motor_car.xlsx
2026-05-25 08:03:48,512 [INFO] RENAMED  : 01b63323-7534-4777-ae50-630fb5dfd1fe_motor_car.xlsx -> CHENGANNUR SRTO - KL30_motor_car.xlsx
2026-05-25 08:03:48,527 [INFO] RENAMED  : 02e8e50d-6b08-4a7a-a9c8-8710ef093e3b_motor_cab.xlsx -> THIRUMANGALAM  UO - TN598_motor_cab.xlsx
2026-05-25 08:03:48,543 [INFO] RENAMED  : 033da30c-60e8-4224-bc4b-db1c81c1ab29_motor_car.xlsx -> ODDANCHATRAM  UO - TN595_motor_car.xlsx
2026-05-25 08:03:48,558 [INFO] RENAMED  : 03424f7f-4bdb-4d2a-a4a5-4638c3115493_motor_cab.xlsx -> KARUNAGAPPALLY SRTO - KL23_motor_cab.xlsx
2026-05-25 08:03:48,573 [INFO] RENAMED  : 03442437-d450-47e8-807f-c0ff44687cba_motor_cab.xlsx -> ARIYALUR RTO - TN61_motor_cab.xlsx
2026-05-25 08:03:48,590 [INFO] RENAMED  : 034ec720-208b-4537-9a0d-ea72981c8ced_motor_cab.xlsx -> MANMANGALAM UO - TN637_motor_cab.xlsx
2026-05-25 08:03:48,604 [INFO] RENAMED  : 04a275c3-1461-4b4c-804b-736377512604_motor_cab.xlsx -> OOTY RTO - TN43_motor_cab.xlsx
2026-05-25 08:03:48,618 [INFO] RENAMED  : 0581b144-ca7b-4233-932b-b08a8c73b5b3_motor_car.xlsx -> NATIONALISED SECTOR(TVPM) RTO - KL15_motor_car.xlsx
2026-05-25 08:03:48,633 [INFO] RENAMED  : 05d4a516-b7fd-4741-a52f-33551a9a94a0_motor_cab.xlsx -> CHEYYAR UO - TN635_motor_cab.xlsx
2026-05-25 08:03:48,647 [INFO] RENAMED  : 061c897b-5525-4d16-a5ec-b494f300ace5_motor_cab.xlsx -> NEYYATTINKARA SRTO - KL20_motor_cab.xlsx
2026-05-25 08:03:48,664 [INFO] RENAMED  : 0629f6d8-9773-40e6-95d4-e5c4587ef7c1_motor_car.xlsx -> CHENNAI (SOUTH-EAST) RTO - TN6_motor_car.xlsx
2026-05-25 08:03:48,679 [INFO] RENAMED  : 065efd76-aa7e-4ed1-976e-376679cadd5e_motor_cab.xlsx -> MANDYA  RTO - KA11_motor_cab.xlsx
2026-05-25 08:03:48,694 [INFO] RENAMED  : 06747951-1614-4b71-977c-154266b6c1ad_motor_cab.xlsx -> CHENNAI (CENTRAL) RTO - TN1_motor_cab.xlsx
2026-05-25 08:03:48,709 [INFO] RENAMED  : 0740609d-cf18-4552-ae50-300ebc1639ea_motor_cab.xlsx -> KODUVALLY SRTO - KL57_motor_cab.xlsx
2026-05-25 08:03:48,725 [INFO] RENAMED  : 077fc4a7-f70f-4c31-8ad3-d74ea94d8e1c_motor_cab.xlsx -> CHITRADURGA  RTO - KA16_motor_cab.xlsx
2026-05-25 08:03:48,740 [INFO] RENAMED  : 07e25a46-517a-4d82-8fe3-3776583d83d6_motor_car.xlsx -> CHITRADURGA  RTO - KA16_motor_car.xlsx
2026-05-25 08:03:48,755 [INFO] RENAMED  : 08d33ee1-aefc-44c8-a9ac-61a2b7969a99_motor_cab.xlsx -> CHITTUR SRTO - KL70_motor_cab.xlsx
2026-05-25 08:03:48,771 [INFO] RENAMED  : 093f8680-b8c0-4e11-a6f4-9527d6f4cd25_motor_car.xlsx -> PATTAMBI SRTO - KL52_motor_car.xlsx
2026-05-25 08:03:48,786 [INFO] RENAMED  : 0944904d-c45d-464a-9cec-10eb0f8fcc60_motor_car.xlsx -> BHALKI  ARTO - KA39_motor_car.xlsx
2026-05-25 08:03:48,802 [INFO] RENAMED  : 0961c18b-b887-4c25-bad8-9203e90d5125_motor_car.xlsx -> VADIPATTI UO - TN599_motor_car.xlsx
2026-05-25 08:03:48,819 [INFO] RENAMED  : 0a2b1222-d122-443c-910a-55793bd629f2_motor_car.xlsx -> KALLAKURICHI RTO - TN615_motor_car.xlsx
2026-05-25 08:03:48,833 [INFO] RENAMED  : 0a2b7622-13e1-486a-8680-aa412ea1fc50_motor_cab.xlsx -> BHAVANI UO - TN578_motor_cab.xlsx
2026-05-25 08:03:48,890 [INFO] RENAMED  : 0a542ded-d6d1-4bb9-9315-a0363a670aa4_motor_car.xlsx -> BENGALURU CENTRAL  RTO - KA1_motor_car.xlsx
2026-05-25 08:03:48,907 [INFO] RENAMED  : 0ad632b6-f6a1-41d0-9ef1-cc21c4f02360_motor_car.xlsx -> PUDUKOTTAI RTO - TN55_motor_car.xlsx
2026-05-25 08:03:48,923 [INFO] RENAMED  : 0af3f64d-2258-4f7f-8548-d7707c3dcda2_motor_cab.xlsx -> THIRUKALUKUNTRAM UO - TN639_motor_cab.xlsx
2026-05-25 08:03:48,938 [INFO] RENAMED  : 0bdc8bec-9b12-4d49-91eb-52da9529fd51_motor_cab.xlsx -> ERODE RTO - TN33_motor_cab.xlsx
2026-05-25 08:03:48,955 [INFO] RENAMED  : 0bf7e2ce-fb2c-4f50-af2e-8ddfcee77cfd_motor_car.xlsx -> THODUPUZHA SRTO - KL38_motor_car.xlsx
2026-05-25 08:03:48,972 [INFO] RENAMED  : 0c4a46b1-65d9-4069-b90b-e01f2b30b8be_motor_car.xlsx -> VEDACHANDUR UO - TN617_motor_car.xlsx
2026-05-25 08:03:48,987 [INFO] RENAMED  : 0cb578d2-4723-44ac-b3ac-6402a1d407da_motor_car.xlsx -> BASAVAKALYAN ARTO - KA56_motor_car.xlsx
2026-05-25 08:03:49,005 [INFO] RENAMED  : 0cd7404f-92b7-49da-97ed-6af0254f45fd_motor_car.xlsx -> AVINASHI UO - TN580_motor_car.xlsx
2026-05-25 08:03:49,021 [INFO] RENAMED  : 0e21497b-3a49-4856-80a7-bbe894ca9734_motor_cab.xlsx -> KANCHEEPURAM RTO - TN21_motor_cab.xlsx
2026-05-25 08:03:49,037 [INFO] RENAMED  : 0e68cd28-de9d-4d91-9ac6-8b42f8def6f2_motor_cab.xlsx -> SANKAGIRI RTO - TN52_motor_cab.xlsx
2026-05-25 08:03:49,052 [INFO] RENAMED  : 0e7d05d1-5ae6-415f-b7d0-2f0a2c85eb40_motor_cab.xlsx -> THIRUTHURAIPOONDI UO - TN630_motor_cab.xlsx
2026-05-25 08:03:49,068 [INFO] RENAMED  : 0e8e0c37-65eb-4544-af09-217b286f3709_motor_car.xlsx -> KOTTARAKKARA SRTO - KL24_motor_car.xlsx
2026-05-25 08:03:49,085 [INFO] RENAMED  : 0ed26604-276d-4eec-9ddd-de9ae4fd821a_motor_car.xlsx -> ALAPPUZHA RTO - KL4_motor_car.xlsx
2026-05-25 08:03:49,102 [INFO] RENAMED  : 0ed987ed-cd26-4df7-a152-916e00e9db15_motor_cab.xlsx -> THOOTHUKUDI RTO - TN69_motor_cab.xlsx
2026-05-25 08:03:49,118 [INFO] RENAMED  : 0f35dbac-d790-45e7-8578-b63e784e7443_motor_car.xlsx -> CHANGANACHERRY SRTO - KL33_motor_car.xlsx
2026-05-25 08:03:49,133 [INFO] RENAMED  : 103436bf-5973-4f3a-82ef-a715920b6fc0_motor_cab.xlsx -> TIRUVERANBUR UO - TN583_motor_cab.xlsx
2026-05-25 08:03:49,150 [INFO] RENAMED  : 10446a93-1997-4944-8045-df5970d51544_motor_car.xlsx -> MALLAPPALLY SRTO - KL28_motor_car.xlsx
2026-05-25 08:03:49,165 [INFO] RENAMED  : 1138af83-b097-4755-8c87-4e2ca54bbfb1_motor_cab.xlsx -> VALPARAI UO - TN633_motor_cab.xlsx
2026-05-25 08:03:49,183 [INFO] RENAMED  : 120d881e-c43e-4d8a-8d95-1a03ba4a2120_motor_car.xlsx -> THOOTHUKUDI RTO - TN69_motor_car.xlsx
2026-05-25 08:03:49,198 [INFO] RENAMED  : 1250fecf-587f-4844-a670-dc76dac2686f_motor_cab.xlsx -> TIRUCHI(EAST) RTO - TN81_motor_cab.xlsx
2026-05-25 08:03:49,213 [INFO] RENAMED  : 12e008d1-1ea1-4fe3-b4c4-faf5f60ba7ef_motor_cab.xlsx -> DAVANAGERE  RTO - KA17_motor_cab.xlsx
2026-05-25 08:03:49,230 [INFO] RENAMED  : 13705772-670d-4fe1-9683-dbd7c715ac91_motor_car.xlsx -> PUNALUR SRTO - KL25_motor_car.xlsx
2026-05-25 08:03:49,245 [INFO] RENAMED  : 1381f9a7-9337-450b-8a92-b8f0276b6ac7_motor_cab.xlsx -> CHIKAMANGLUR RTO - KA18_motor_cab.xlsx
2026-05-25 08:03:49,260 [INFO] RENAMED  : 13fa8a61-b6bc-41a1-aabd-b363db782808_motor_cab.xlsx -> RAMDURGA ARTO - KA69_motor_cab.xlsx
2026-05-25 08:03:49,277 [INFO] RENAMED  : 14015de2-544e-41a6-a110-0f5f8e8f9dfc_motor_car.xlsx -> HONNAVAR  ARTO - KA47_motor_car.xlsx
2026-05-25 08:03:49,295 [INFO] RENAMED  : 143623ee-916d-452a-8610-c566098ca4a4_motor_car.xlsx -> TIRUNELVELI RTO - TN72_motor_car.xlsx
2026-05-25 08:03:49,309 [INFO] RENAMED  : 14638687-e42a-467e-a5e5-9353bba73aeb_motor_cab.xlsx -> KONNI SRTO - KL83_motor_cab.xlsx
2026-05-25 08:03:49,327 [INFO] RENAMED  : 14942033-a278-43f1-a873-a2c1fff4693a_motor_car.xlsx -> BHAVANI UO - TN578_motor_car.xlsx
2026-05-25 08:03:49,344 [INFO] RENAMED  : 1511230a-bc46-48d7-aec6-3daa0b72e419_motor_car.xlsx -> MANGALORE  RTO - KA19_motor_car.xlsx
2026-05-25 08:03:49,358 [INFO] RENAMED  : 156ca31c-c6db-43b5-8794-2593b31b1bd1_motor_cab.xlsx -> PATTUKOTTAI UNIT OFFICE - TN587_motor_cab.xlsx
2026-05-25 08:03:49,377 [INFO] RENAMED  : 1612b7f8-9afc-46bf-a347-c6760a3cfa25_motor_car.xlsx -> HARUR UO - TN527_motor_car.xlsx
2026-05-25 08:03:49,396 [INFO] RENAMED  : 163dddd5-8df5-40c7-b686-070977706e7b_motor_car.xlsx -> CHENNAI (CENTRAL) RTO - TN1_motor_car.xlsx
2026-05-25 08:03:49,415 [INFO] RENAMED  : 171dcff3-3fee-467e-acb3-ead5ffacdd19_motor_car.xlsx -> THIRUKALUKUNTRAM UO - TN639_motor_car.xlsx
2026-05-25 08:03:49,430 [INFO] RENAMED  : 17299a0e-dcae-4754-b56a-08e728e224ed_motor_cab.xlsx -> ARUPPUKOTTAI UO - TN622_motor_cab.xlsx
2026-05-25 08:03:49,445 [INFO] RENAMED  : 18153808-66cb-4289-b0b9-bb3763dd88be_motor_cab.xlsx -> PAYYANNUR SRTO - KL86_motor_cab.xlsx
2026-05-25 08:03:49,460 [INFO] RENAMED  : 18683d57-0de6-46d0-b6c3-ea6e791e6f95_motor_cab.xlsx -> STATE TRANSPORT AUTHORITY - TN999_motor_cab.xlsx
2026-05-25 08:03:49,476 [INFO] RENAMED  : 198c01f8-3623-42c5-a04c-3f8cbf9276d2_motor_car.xlsx -> NAMAKKAL (NORTH) RTO - TN28_motor_car.xlsx
2026-05-25 08:03:49,493 [INFO] RENAMED  : 1b1b5c4c-ef46-47fd-bbd8-2beb7e8a6207_motor_car.xlsx -> RAMANATHAPURAM RTO - TN65_motor_car.xlsx
2026-05-25 08:03:49,509 [INFO] RENAMED  : 1b431fb4-5458-48f7-94c2-6d0ce44e6896_motor_cab.xlsx -> KOTHAMANGALAM SRTO - KL44_motor_cab.xlsx
2026-05-25 08:03:49,524 [INFO] RENAMED  : 1b4cdc41-a05f-427d-9823-1f3f55b9bbc9_motor_cab.xlsx -> BATLAGUNDU UO - TN596_motor_cab.xlsx
2026-05-25 08:03:49,539 [INFO] RENAMED  : 1b75ce7f-e5f8-4758-96cb-38240ea99cfe_motor_cab.xlsx -> MALLAPPALLY SRTO - KL28_motor_cab.xlsx
2026-05-25 08:03:49,557 [INFO] RENAMED  : 1bb188cc-e383-45f8-b857-6019922ae6f6_motor_car.xlsx -> MANNARGHAT SRTO - KL50_motor_car.xlsx
2026-05-25 08:03:49,572 [INFO] RENAMED  : 1bedc0d5-cc1f-4d16-a14e-30213c9361df_motor_cab.xlsx -> SAKALESHPURA  ARTO - KA46_motor_cab.xlsx
2026-05-25 08:03:49,587 [INFO] RENAMED  : 1c581c26-00da-4823-a11e-bcf133e7e70c_motor_cab.xlsx -> SRIPERUMBUDUR RTO - TN614_motor_cab.xlsx
2026-05-25 08:03:49,604 [INFO] RENAMED  : 1ceb5901-722a-4f65-9fe4-c98664a26728_motor_car.xlsx -> GINGEE UO - TN627_motor_car.xlsx
2026-05-25 08:03:49,620 [INFO] RENAMED  : 1d43f5b5-59e5-4ec3-a5b9-3e8478a8272d_motor_cab.xlsx -> AMBASAMUTHIRAM UO - TN611_motor_cab.xlsx
2026-05-25 08:03:49,635 [INFO] RENAMED  : 1f228a13-680d-49b1-ae76-10b792ce4ad7_motor_cab.xlsx -> UDUMALPET RTO - TN581_motor_cab.xlsx
2026-05-25 08:03:49,652 [INFO] RENAMED  : 1f3a02b6-f8bc-4d3d-97f9-54320921328a_motor_cab.xlsx -> TIRUVANNAMALAI RTO - TN25_motor_cab.xlsx
2026-05-25 08:03:49,668 [INFO] RENAMED  : 1f4f78bd-4a4a-4d5f-9455-ee5720e4f9bd_motor_car.xlsx -> CHALAKKUDY SRTO - KL64_motor_car.xlsx
2026-05-25 08:03:49,684 [INFO] RENAMED  : 1fbca3ea-5d60-4522-b96d-f24c4dc0bbf2_motor_cab.xlsx -> VELLORE RTO - TN23_motor_cab.xlsx
2026-05-25 08:03:49,702 [INFO] RENAMED  : 2024e283-e3e1-4281-912d-a88ac65cb039_motor_car.xlsx -> TIRUVANNAMALAI RTO - TN25_motor_car.xlsx
2026-05-25 08:03:49,717 [INFO] RENAMED  : 20a2f7d5-6702-4f3a-ab2e-b876352635cc_motor_cab.xlsx -> BANTWALA ARTO - KA70_motor_cab.xlsx
2026-05-25 08:03:49,732 [INFO] RENAMED  : 21118e05-600f-46a5-80a9-641bc11bab8f_motor_cab.xlsx -> DEVANAHALLI  ARTO - KA43_motor_cab.xlsx
2026-05-25 08:03:49,748 [INFO] RENAMED  : 21998647-7fa5-40d8-be35-4bf1fa508e10_motor_car.xlsx -> ARAVAKURICHI UO - TN632_motor_car.xlsx
2026-05-25 08:03:49,810 [INFO] RENAMED  : 219b4463-0885-4c07-b5e0-b9f17cbd6e27_motor_car.xlsx -> THIRUBUVANAI(VILLIANUR) - PY51_motor_car.xlsx
2026-05-25 08:03:49,825 [INFO] RENAMED  : 21f2224d-4bba-4d8d-8e6d-607293e6932a_motor_cab.xlsx -> REGIONAL TRANSPORT OFFICE BELAGAVI - KA22_motor_cab.xlsx
2026-05-25 08:03:49,842 [INFO] RENAMED  : 22ac8f60-8249-4b18-9589-dfd84130a3fb_motor_car.xlsx -> SALEM (WEST) RTO - TN30_motor_car.xlsx
2026-05-25 08:03:49,858 [INFO] RENAMED  : 22f7b5ac-ffda-4619-a2fd-fde8d90b922f_motor_car.xlsx -> KARUR RTO - TN47_motor_car.xlsx
2026-05-25 08:03:49,875 [INFO] RENAMED  : 2393ff9f-38eb-4bde-8454-eb4fb211de11_motor_car.xlsx -> VADAKARA RTO - KL18_motor_car.xlsx
2026-05-25 08:03:49,892 [INFO] RENAMED  : 23bccbbf-4f95-4f9d-a676-fe298e55af64_motor_car.xlsx -> BELLARY  RTO - KA34_motor_car.xlsx
2026-05-25 08:03:49,906 [INFO] RENAMED  : 23f4ccf6-7a4a-45ed-9640-58471a87d89c_motor_cab.xlsx -> STU AND AUTORIKSHAW,  SHANTHINAGAR RTO - KA57_motor_cab.xlsx
2026-05-25 08:03:49,923 [INFO] RENAMED  : 246f9080-6fe8-4615-9a7c-64d6e806e4bd_motor_cab.xlsx -> BENGALURU EAST  RTO - KA3_motor_cab.xlsx
2026-05-25 08:03:49,939 [INFO] RENAMED  : 24e5d8ac-8a5d-42ea-b30c-8f81af6e75df_motor_car.xlsx -> METTUR RTO - TN590_motor_car.xlsx
2026-05-25 08:03:49,956 [INFO] RENAMED  : 25168e8e-33ed-45a7-831b-8b2b95f2ea24_motor_car.xlsx -> WAYANAD RTO - KL12_motor_car.xlsx
2026-05-25 08:03:49,972 [INFO] RENAMED  : 2560db4d-8814-4b35-8fda-e25d909d3006_motor_car.xlsx -> DEVANAHALLI  ARTO - KA43_motor_car.xlsx
2026-05-25 08:03:49,986 [INFO] RENAMED  : 25a32cc7-355d-422c-9251-d47df7cdc040_motor_cab.xlsx -> STATE TRANSPORT AUTHORITY - KA99_motor_cab.xlsx
2026-05-25 08:03:50,004 [INFO] RENAMED  : 26dd65d6-5bc2-45f5-8003-8193bd65ebb2_motor_car.xlsx -> BAHOUR - PY11_motor_car.xlsx
2026-05-25 08:03:50,019 [INFO] RENAMED  : 278cb979-8de0-433a-8ecb-6f1eb3489aeb_motor_cab.xlsx -> RAJAPALAYAM UO - TN643_motor_cab.xlsx
2026-05-25 08:03:50,035 [INFO] RENAMED  : 288fd9f8-eee7-4b22-bcea-10a8944c61a7_motor_cab.xlsx -> TIRUVALLUR RTO - TN20_motor_cab.xlsx
2026-05-25 08:03:50,051 [INFO] RENAMED  : 28ad045c-060c-403a-a3b0-c1f85795ebfa_motor_car.xlsx -> RAICHUR  RTO - KA36_motor_car.xlsx
2026-05-25 08:03:50,066 [INFO] RENAMED  : 28de710c-55a7-4a88-9115-f4e022c73b41_motor_cab.xlsx -> PALANI RTO - TN597_motor_cab.xlsx
2026-05-25 08:03:50,082 [INFO] RENAMED  : 29ed103a-b6a6-4abb-9571-c6a21afa7d75_motor_car.xlsx -> CHINTAMANI ARTO - KA67_motor_car.xlsx
2026-05-25 08:03:50,096 [INFO] RENAMED  : 2a85da63-85a9-47a5-8483-8f38765f4e39_motor_cab.xlsx -> VALAPPADI UO - TN613_motor_cab.xlsx
2026-05-25 08:03:50,114 [INFO] RENAMED  : 2bcc234f-dfe4-4fff-b01c-104ed7424eb3_motor_car.xlsx -> CHIKAMANGLUR RTO - KA18_motor_car.xlsx
2026-05-25 08:03:50,130 [INFO] RENAMED  : 2c0a3626-073a-451a-91ac-90d37836b1b0_motor_car.xlsx -> VARKALA SRTO - KL81_motor_car.xlsx
2026-05-25 08:03:50,146 [INFO] RENAMED  : 2c3f03d0-ce61-4196-a499-a5dfa5840216_motor_cab.xlsx -> ALUVA SRTO - KL41_motor_cab.xlsx
2026-05-25 08:03:50,163 [INFO] RENAMED  : 2cb40f33-128a-4643-ad7b-bc14a1a8b07d_motor_car.xlsx -> NANMANDA SRTO - KL76_motor_car.xlsx
2026-05-25 08:03:50,179 [INFO] RENAMED  : 2cdc50c0-667f-4303-ab9c-bcf0d6b06d3e_motor_cab.xlsx -> VAIKOM SRTO - KL36_motor_cab.xlsx
2026-05-25 08:03:50,195 [INFO] RENAMED  : 2ce36ff0-d320-429d-9c12-011d2e0cafa9_motor_car.xlsx -> SIVAGANGAI RTO - TN63_motor_car.xlsx
2026-05-25 08:03:50,211 [INFO] RENAMED  : 2e08ee60-86bb-4d61-bcbb-a9ea850535fb_motor_cab.xlsx -> SIRSI  RTO - KA31_motor_cab.xlsx
2026-05-25 08:03:50,227 [INFO] RENAMED  : 2e32847d-fc55-484c-b9cb-405330a8a307_motor_cab.xlsx -> ULUNDURPET RTO - TN577_motor_cab.xlsx
2026-05-25 08:03:50,241 [INFO] RENAMED  : 2eb39cce-f321-4e95-a53a-4123f0bba3ca_motor_cab.xlsx -> BASAVAKALYAN ARTO - KA56_motor_cab.xlsx
2026-05-25 08:03:50,258 [INFO] RENAMED  : 2f4ed29c-1eca-404c-b44c-e424de33058a_motor_car.xlsx -> PARAMATHI VELLURE UO - TN517_motor_car.xlsx
2026-05-25 08:03:50,274 [INFO] RENAMED  : 2f69c58b-22b9-4f38-b4be-1941d8fd8613_motor_car.xlsx -> NEDUMANGADU SRTO - KL21_motor_car.xlsx
2026-05-25 08:03:50,290 [INFO] RENAMED  : 2f71ba67-4a41-4579-a9a5-28ad3da0603d_motor_cab.xlsx -> BENGALURU SOUTH  RTO - KA5_motor_cab.xlsx
2026-05-25 08:03:50,307 [INFO] RENAMED  : 2facf767-1fe3-4f67-a65b-4c670a0b1db5_motor_cab.xlsx -> CHENNAI (NORTH) RTO - TN5_motor_cab.xlsx
2026-05-25 08:03:50,322 [INFO] RENAMED  : 301e2491-a3e3-4b51-9636-ceb7485aadf2_motor_cab.xlsx -> THANJAVUR RTO - TN49_motor_cab.xlsx
2026-05-25 08:03:50,339 [INFO] RENAMED  : 30476421-8c72-4375-9173-bd577395556e_motor_car.xlsx -> MEENAMBAKKAM RTO - TN22_motor_car.xlsx
2026-05-25 08:03:50,356 [INFO] RENAMED  : 30665509-f1ca-4d30-83b2-fcf497eb32fe_motor_car.xlsx -> KANJIRAPPALLY SRTO - KL34_motor_car.xlsx
2026-05-25 08:03:50,370 [INFO] RENAMED  : 306d4f30-c75a-4538-9214-3ac96e77b286_motor_cab.xlsx -> THIRUBUVANAI(VILLIANUR) - PY51_motor_cab.xlsx
2026-05-25 08:03:50,387 [INFO] RENAMED  : 30e65cfa-77ad-4674-b364-6ebab91db704_motor_cab.xlsx -> KOILANDY SRTO - KL56_motor_cab.xlsx
2026-05-25 08:03:50,402 [INFO] RENAMED  : 311822b4-ccad-4ecb-97bb-0703f644db4d_motor_cab.xlsx -> TRIVANDRUM RTO - KL1_motor_cab.xlsx
2026-05-25 08:03:50,418 [INFO] RENAMED  : 31484c89-8b40-4435-80e8-86953b331a10_motor_cab.xlsx -> TIPTUR  ARTO - KA44_motor_cab.xlsx
2026-05-25 08:03:50,435 [INFO] RENAMED  : 32b36ebe-e9ea-4b4a-9c7b-09434ac791f9_motor_cab.xlsx -> KAYAMKULAM SRTO - KL29_motor_cab.xlsx
2026-05-25 08:03:50,454 [INFO] RENAMED  : 32d91517-629d-4977-bdb9-e7cbcbde896c_motor_car.xlsx -> DHARWAD WEST RTO - KA25_motor_car.xlsx
2026-05-25 08:03:50,470 [INFO] RENAMED  : 33cfa5c4-e7bf-4ca5-8494-a7991f6c3aa1_motor_car.xlsx -> RANNI SRTO - KL62_motor_car.xlsx
2026-05-25 08:03:50,486 [INFO] RENAMED  : 34aad655-0846-4a71-973a-f881ccfab5c2_motor_cab.xlsx -> KRISHNARAJAPURAM  RTO - KA53_motor_cab.xlsx
2026-05-25 08:03:50,503 [INFO] RENAMED  : 355dc653-471e-4670-9ade-0c49aae9bc0e_motor_cab.xlsx -> NAGERCOIL RTO - TN74_motor_cab.xlsx
2026-05-25 08:03:50,519 [INFO] RENAMED  : 35a78695-42c8-4ad7-ad5f-5a119e2f4266_motor_cab.xlsx -> DHARMAPURI RTO - TN29_motor_cab.xlsx
2026-05-25 08:03:50,537 [INFO] RENAMED  : 363fd020-93cf-4333-86c8-5194ea0bb5ac_motor_car.xlsx -> BANTWALA ARTO - KA70_motor_car.xlsx
2026-05-25 08:03:50,551 [INFO] RENAMED  : 3690109c-764b-4d57-995f-7a20e09743bc_motor_cab.xlsx -> SALEM (EAST) RTO - TN54_motor_cab.xlsx
2026-05-25 08:03:50,566 [INFO] RENAMED  : 36e1523a-52ac-4970-a646-6f44142da9a1_motor_cab.xlsx -> GOPICHETTIPALAYAM RTO - TN36_motor_cab.xlsx
2026-05-25 08:03:50,581 [INFO] RENAMED  : 36f754b3-1c45-4958-a5bc-c21d694f7f7e_motor_cab.xlsx -> METTUR RTO - TN590_motor_cab.xlsx
2026-05-25 08:03:50,599 [INFO] RENAMED  : 371f1e6a-01c2-49b1-b568-ebc4fa9bc858_motor_car.xlsx -> NEYYATTINKARA SRTO - KL20_motor_car.xlsx
2026-05-25 08:03:50,615 [INFO] RENAMED  : 375e83a1-887e-4ef3-9ec7-9e1f35ef3c32_motor_car.xlsx -> BATLAGUNDU UO - TN596_motor_car.xlsx
2026-05-25 08:03:50,631 [INFO] RENAMED  : 37613951-70d8-4489-903d-8c6a6e388cca_motor_cab.xlsx -> DINDIGUL RTO - TN57_motor_cab.xlsx
2026-05-25 08:03:50,648 [INFO] RENAMED  : 37703373-ef6a-4fd0-bb3e-f1fd3a5e0de2_motor_car.xlsx -> PAYYANNUR SRTO - KL86_motor_car.xlsx
2026-05-25 08:03:50,663 [INFO] RENAMED  : 37c1cc88-3406-4bef-978f-b803776b5b13_motor_cab.xlsx -> IRINJALAKUDA SRTO - KL45_motor_cab.xlsx
2026-05-25 08:03:50,727 [INFO] RENAMED  : 37d3fe87-da03-4164-9301-931ae08619f2_motor_car.xlsx -> SIRSI  RTO - KA31_motor_car.xlsx
2026-05-25 08:03:50,743 [INFO] RENAMED  : 38584bd3-662c-44c8-be1e-5b27b4e97191_motor_cab.xlsx -> SRIRANGAM RTO - TN48_motor_cab.xlsx
2026-05-25 08:03:50,758 [INFO] RENAMED  : 38667cc4-9339-4db4-963f-6dff77d75023_motor_cab.xlsx -> ATTINGAL RTO - KL16_motor_cab.xlsx
2026-05-25 08:03:50,774 [INFO] RENAMED  : 38f48491-df09-45e5-9c41-5bb927eab487_motor_cab.xlsx -> MYSURU  EAST  RTO - KA55_motor_cab.xlsx
2026-05-25 08:03:50,790 [INFO] RENAMED  : 393995c0-3e5f-4452-8b67-5a9ea1c8a8d0_motor_car.xlsx -> CHENGALPATTU RTO - TN19_motor_car.xlsx
2026-05-25 08:03:50,806 [INFO] RENAMED  : 3948adbc-3962-41b0-930f-07ad61733c92_motor_cab.xlsx -> KALLAKURICHI RTO - TN615_motor_cab.xlsx
2026-05-25 08:03:50,823 [INFO] RENAMED  : 3a36164b-a544-469b-b071-bb5a85c140ac_motor_car.xlsx -> RAMANAGAR  RTO - KA42_motor_car.xlsx
2026-05-25 08:03:50,839 [INFO] RENAMED  : 3a874ab0-89b4-4541-a15d-a9603d61bd0e_motor_car.xlsx -> THIRURANGADI SRTO - KL65_motor_car.xlsx
2026-05-25 08:03:50,856 [INFO] RENAMED  : 3a8e17a2-faef-4df3-b8fd-dd94e6609e8f_motor_car.xlsx -> THALASSERY SRTO - KL58_motor_car.xlsx
2026-05-25 08:03:50,871 [INFO] RENAMED  : 3aa96079-615c-4861-8cd5-866f7f5e69d6_motor_cab.xlsx -> ALATHUR SRTO - KL49_motor_cab.xlsx
2026-05-25 08:03:50,886 [INFO] RENAMED  : 3ab5ab93-7ec2-4cd9-9a74-8ae4d0a04d92_motor_cab.xlsx -> IRITTY SRTO - KL78_motor_cab.xlsx
2026-05-25 08:03:50,902 [INFO] RENAMED  : 3b465422-0876-4d55-8ce8-977121953d27_motor_car.xlsx -> VIRUDHACHALAM UO - TN553_motor_car.xlsx
2026-05-25 08:03:50,917 [INFO] RENAMED  : 3b841fcd-e538-426a-9763-540ac4c964e8_motor_cab.xlsx -> ARAVAKURICHI UO - TN632_motor_cab.xlsx
2026-05-25 08:03:50,934 [INFO] RENAMED  : 3d2cbafa-5444-464d-b55d-7b98966bc3d4_motor_car.xlsx -> ARUPPUKOTTAI UO - TN622_motor_car.xlsx
2026-05-25 08:03:50,949 [INFO] RENAMED  : 3d56d449-65e4-40d5-b722-d131bfee5c8f_motor_cab.xlsx -> AVINASHI UO - TN580_motor_cab.xlsx
2026-05-25 08:03:50,964 [INFO] RENAMED  : 3dcfcd74-251b-4882-a78a-b935d1b6c10e_motor_cab.xlsx -> CHICKABALLAPUR  RTO - KA40_motor_cab.xlsx
2026-05-25 08:03:50,979 [INFO] RENAMED  : 3ea9ea58-b0ac-427a-9524-e477c4a13725_motor_cab.xlsx -> MADURAI (CENTRAL) RTO - TN64_motor_cab.xlsx
2026-05-25 08:03:50,996 [INFO] RENAMED  : 3edc1bbf-080b-4e49-b259-370a650665f7_motor_car.xlsx -> PUDUCHERRY - PY1_motor_car.xlsx
2026-05-25 08:03:51,012 [INFO] RENAMED  : 3ee47374-1f5f-4c96-a2ab-4ebee03b8eda_motor_cab.xlsx -> VANIYAMBADI RTO - TN515_motor_cab.xlsx
2026-05-25 08:03:51,028 [INFO] RENAMED  : 3ee82e8c-5a3a-4f63-a7b6-b829956dfd13_motor_cab.xlsx -> MYSURU WEST  RTO - KA9_motor_cab.xlsx
2026-05-25 08:03:51,045 [INFO] RENAMED  : 3f664066-f1c9-4e2b-9bc2-4bcb04675d0d_motor_car.xlsx -> GUDIYATHAM UO - TN514_motor_car.xlsx
2026-05-25 08:03:51,060 [INFO] RENAMED  : 3f7a6a3c-f646-4347-8da0-92fd21466e71_motor_cab.xlsx -> THURAIYUR UO - TN586_motor_cab.xlsx
2026-05-25 08:03:51,076 [INFO] RENAMED  : 41887da0-5214-458e-8308-bfc532416ab2_motor_car.xlsx -> SRIRANGAM RTO - TN48_motor_car.xlsx
2026-05-25 08:03:51,092 [INFO] RENAMED  : 42b56240-668c-414e-9016-5475d709cc21_motor_cab.xlsx -> OMALURE UO - TN535_motor_cab.xlsx
2026-05-25 08:03:51,108 [INFO] RENAMED  : 42b854c4-d934-4ed0-b290-5cb308a8f6ed_motor_car.xlsx -> OTTAPPALAM SRTO - KL51_motor_car.xlsx
2026-05-25 08:03:51,124 [INFO] RENAMED  : 438133ec-e7af-4b03-a07f-7f022cb69e65_motor_car.xlsx -> SANKARANKOVIL RTO - TN610_motor_car.xlsx
2026-05-25 08:03:51,141 [INFO] RENAMED  : 43a06363-907a-4f98-adb4-a8a6efbb3ec1_motor_car.xlsx -> PARAMAKUDI UO - TN603_motor_car.xlsx
2026-05-25 08:03:51,156 [INFO] RENAMED  : 4453be63-d7d3-46cf-bede-b58ac28504b4_motor_cab.xlsx -> SIRKALI UO - TN623_motor_cab.xlsx
2026-05-25 08:03:51,176 [INFO] RENAMED  : 447f3b64-9eec-40c2-9d5f-dae87330f9d6_motor_car.xlsx -> THANJAVUR RTO - TN49_motor_car.xlsx
2026-05-25 08:03:51,191 [INFO] RENAMED  : 4488afba-734a-466d-9147-9c2997b5ca88_motor_car.xlsx -> NAGAMANGALA  RTO - KA54_motor_car.xlsx
2026-05-25 08:03:51,208 [INFO] RENAMED  : 45288f54-29a3-4792-9253-cbf30b40d41d_motor_car.xlsx -> ARAKKONAM UO - TN609_motor_car.xlsx
2026-05-25 08:03:51,223 [INFO] RENAMED  : 4538c15e-341f-4d04-b4a0-d5f1e6f580a4_motor_cab.xlsx -> TRIPUNITHURA SRTO - KL39_motor_cab.xlsx
2026-05-25 08:03:51,240 [INFO] RENAMED  : 45b9f7b6-afeb-4dde-8ae1-0dcab5cc6ea2_motor_car.xlsx -> NAGERCOIL RTO - TN74_motor_car.xlsx
2026-05-25 08:03:51,257 [INFO] RENAMED  : 45c82d49-9d1d-4e6e-8bda-9007ec4739b4_motor_car.xlsx -> MELUR UO - TN600_motor_car.xlsx
2026-05-25 08:03:51,273 [INFO] RENAMED  : 45e7e409-f367-4495-8e10-efceb39bc9ef_motor_car.xlsx -> PUTTUR  RTO - KA21_motor_car.xlsx
2026-05-25 08:03:51,289 [INFO] RENAMED  : 4630d49d-c9fe-4714-bb82-ceada570dea6_motor_cab.xlsx -> VIRUDHUNAGAR RTO - TN67_motor_cab.xlsx
2026-05-25 08:03:51,304 [INFO] RENAMED  : 467736d3-f5b5-4114-8497-4262c05de7ef_motor_cab.xlsx -> DEVIKULAM SRTO - KL68_motor_cab.xlsx
2026-05-25 08:03:51,320 [INFO] RENAMED  : 46b0fe1c-6498-4931-8257-1be1a2d1db10_motor_car.xlsx -> KUMARAPALAYAM RTO - TN638_motor_car.xlsx
2026-05-25 08:03:51,336 [INFO] RENAMED  : 46e43ba1-ff27-4d60-927f-a4bed1fe67c4_motor_car.xlsx -> KOPPAL  RTO - KA37_motor_car.xlsx
2026-05-25 08:03:51,351 [INFO] RENAMED  : 4782fea9-0798-4b46-a45b-6bd81c0d1ab3_motor_cab.xlsx -> OTTAPPALAM SRTO - KL51_motor_cab.xlsx
2026-05-25 08:03:51,368 [INFO] RENAMED  : 47db3c4a-06bc-4c53-a848-2c07c8753f21_motor_car.xlsx -> KOVILPATTI RTO - TN607_motor_car.xlsx
2026-05-25 08:03:51,383 [INFO] RENAMED  : 4811c54c-7dc8-44b6-b828-eb8d5dfd285d_motor_car.xlsx -> THIRUTTANI UO - TN634_motor_car.xlsx
2026-05-25 08:03:51,400 [INFO] RENAMED  : 48a29d57-85b3-44a7-b2e1-cb9a273c13fc_motor_car.xlsx -> ANGAMALI SRTO - KL63_motor_car.xlsx
2026-05-25 08:03:51,415 [INFO] RENAMED  : 4926f73e-298b-4b4d-8c56-aa152b87768d_motor_cab.xlsx -> JNANABHARATHI  RTO - KA41_motor_cab.xlsx
2026-05-25 08:03:51,435 [INFO] RENAMED  : 4a240a4e-e18d-461b-b722-b772c35a4822_motor_car.xlsx -> ELECTRONIC CITY  RTO - KA51_motor_car.xlsx
2026-05-25 08:03:51,452 [INFO] RENAMED  : 4aa32178-1f0e-4e18-bfc6-5a07011d752f_motor_car.xlsx -> RAMANATTUKARA (FEROKE) SRTO - KL85_motor_car.xlsx
2026-05-25 08:03:51,469 [INFO] RENAMED  : 4b21a211-23f8-4ec2-9c3f-cd94f98987d7_motor_car.xlsx -> UDUPI  RTO - KA20_motor_car.xlsx
2026-05-25 08:03:51,484 [INFO] RENAMED  : 4b2993bc-439d-40c7-8e27-1fd86e61f058_motor_cab.xlsx -> KANGEYAM UO - TN593_motor_cab.xlsx
2026-05-25 08:03:51,501 [INFO] RENAMED  : 4b53eff8-c416-45a5-ac46-74774218b21d_motor_cab.xlsx -> KARAIKAL - PY2_motor_cab.xlsx
2026-05-25 08:03:51,516 [INFO] RENAMED  : 4c046d3c-21e0-4c85-b628-b7d693579e06_motor_cab.xlsx -> HUNSUR  ARTO - KA45_motor_cab.xlsx
2026-05-25 08:03:51,532 [INFO] RENAMED  : 4c60e97d-529e-4769-a7e3-90a2deb7f603_motor_cab.xlsx -> TIRUCHI RTO - TN45_motor_cab.xlsx
2026-05-25 08:03:51,550 [INFO] RENAMED  : 4cb2a6ab-0671-4b2e-a10d-d8350de9ebe6_motor_car.xlsx -> VANIYAMBADI RTO - TN515_motor_car.xlsx
2026-05-25 08:03:51,614 [INFO] RENAMED  : 4cf8749f-dca8-4813-9f0d-da839fb72df7_motor_cab.xlsx -> MADURAI (NORTH) RTO - TN59_motor_cab.xlsx
2026-05-25 08:03:51,630 [INFO] RENAMED  : 4d4437da-7fe7-41a8-b84e-fedd0b3d6790_motor_cab.xlsx -> ARANI RTO - TN516_motor_cab.xlsx
2026-05-25 08:03:51,647 [INFO] RENAMED  : 4d7cea8b-839f-429b-b234-b4954a11a440_motor_car.xlsx -> PATHANAMTHITTA RTO - KL3_motor_car.xlsx
2026-05-25 08:03:51,662 [INFO] RENAMED  : 4e2da238-b7aa-43e5-a035-fa2ca4d45247_motor_car.xlsx -> VELLORE RTO - TN23_motor_car.xlsx
2026-05-25 08:03:51,679 [INFO] RENAMED  : 4f7b1c3d-95d9-42bc-b62e-fe98d38bfec8_motor_car.xlsx -> GURUVAYUR SRTO - KL46_motor_car.xlsx
2026-05-25 08:03:51,694 [INFO] RENAMED  : 4f8f976c-6e73-48db-a06c-9d2e90252be9_motor_cab.xlsx -> PERUMBAVUR SRTO - KL40_motor_cab.xlsx
2026-05-25 08:03:51,711 [INFO] RENAMED  : 519a5cba-8850-48b2-b0eb-37b17cf4ee35_motor_car.xlsx -> ALUVA SRTO - KL41_motor_car.xlsx
2026-05-25 08:03:51,728 [INFO] RENAMED  : 51f9d45c-1a04-4346-a146-900f5a10eed9_motor_cab.xlsx -> MADURAI (SOUTH) RTO - TN58_motor_cab.xlsx
2026-05-25 08:03:51,744 [INFO] RENAMED  : 522cdb85-e507-4e1d-aeea-d33ef66dbf18_motor_car.xlsx -> MADIKERI  RTO - KA12_motor_car.xlsx
2026-05-25 08:03:51,761 [INFO] RENAMED  : 52821475-716f-4833-b0b0-2217ec90ba47_motor_car.xlsx -> KAZHAKUTTOM SRTO - KL22_motor_car.xlsx
2026-05-25 08:03:51,778 [INFO] RENAMED  : 5394f072-8cd1-460c-92fb-90adf5f5f2e4_motor_car.xlsx -> MANNARGUDI UO - TN588_motor_car.xlsx
2026-05-25 08:03:51,793 [INFO] RENAMED  : 5395b432-2891-45da-aa3b-689a002cd0d7_motor_car.xlsx -> SULTHANBATHERY SRTO - KL73_motor_car.xlsx
2026-05-25 08:03:51,810 [INFO] RENAMED  : 5396cc3a-fa30-46ac-be7a-020c4a587007_motor_cab.xlsx -> MADURAI (NORTH) RTO - TN59_motor_cab.xlsx
2026-05-25 08:03:51,825 [INFO] RENAMED  : 53d4ecfb-4ab9-42e5-88ec-13f5988e4c5c_motor_car.xlsx -> HUNSUR  ARTO - KA45_motor_car.xlsx
2026-05-25 08:03:51,843 [INFO] RENAMED  : 547b3c10-482a-414f-97b2-0da254b4479d_motor_car.xlsx -> SIVAKASI RTO - TN604_motor_car.xlsx
2026-05-25 08:03:51,858 [INFO] RENAMED  : 547fc72e-903c-4c9d-a666-d1a10d0e19eb_motor_cab.xlsx -> PERAMBRA SRTO - KL77_motor_cab.xlsx
2026-05-25 08:03:51,873 [INFO] RENAMED  : 548ceb12-1a94-4b21-bd54-cd85d670ffb6_motor_cab.xlsx -> ARAKKONAM UO - TN609_motor_cab.xlsx
2026-05-25 08:03:51,889 [INFO] RENAMED  : 54a99b8c-0653-42e3-b255-02ff4ea5132e_motor_cab.xlsx -> GURUVAYUR SRTO - KL46_motor_cab.xlsx
2026-05-25 08:03:51,904 [INFO] RENAMED  : 5557046b-78a3-471d-ba58-7a5e3a93eb2b_motor_cab.xlsx -> THALIPARAMBA SRTO - KL59_motor_cab.xlsx
2026-05-25 08:03:51,921 [INFO] RENAMED  : 56b158ed-4649-4fb0-a4a8-72743ed304e6_motor_cab.xlsx -> TUMKUR  RTO - KA6_motor_cab.xlsx
2026-05-25 08:03:51,937 [INFO] RENAMED  : 56b43093-f412-40ce-9db8-d2b0c058bfb1_motor_car.xlsx -> PALAI SRTO - KL35_motor_car.xlsx
2026-05-25 08:03:51,954 [INFO] RENAMED  : 56f4fb6b-98b7-43b9-a707-f7df1b648a1c_motor_car.xlsx -> VAIKOM SRTO - KL36_motor_car.xlsx
2026-05-25 08:03:51,970 [INFO] RENAMED  : 57477baf-cfcf-46ff-9464-da37d0ff4559_motor_car.xlsx -> PERUNDURAI RTO - TN56_motor_car.xlsx
2026-05-25 08:03:51,986 [INFO] RENAMED  : 5796f324-d7ae-4dd4-aae0-5934415b1f2e_motor_cab.xlsx -> CHENNAI (WEST) RTO - TN9_motor_cab.xlsx
2026-05-25 08:03:52,002 [INFO] RENAMED  : 57a2dac8-11f1-4a83-895b-ce6f9579d1b6_motor_cab.xlsx -> BHALKI  ARTO - KA39_motor_cab.xlsx
2026-05-25 08:03:52,019 [INFO] RENAMED  : 57a4eccc-01d3-4a4f-a081-5f51d2c90383_motor_car.xlsx -> DINDIGUL RTO - TN57_motor_car.xlsx
2026-05-25 08:03:52,035 [INFO] RENAMED  : 57c26a6e-4bc5-4d2e-b949-f11eb0d2dfeb_motor_car.xlsx -> AMBUR UO - TN628_motor_car.xlsx
2026-05-25 08:03:52,053 [INFO] RENAMED  : 57d28d78-9c45-46f3-9ab8-15523c809a2b_motor_car.xlsx -> ARANI RTO - TN516_motor_car.xlsx
2026-05-25 08:03:52,067 [INFO] RENAMED  : 58b098cf-0ea1-45d3-aca1-46abdf5e44b6_motor_car.xlsx -> STATE TRANSPORT AUTHORITY - TN999_motor_car.xlsx
2026-05-25 08:03:52,083 [INFO] RENAMED  : 5ad081c4-e81b-42eb-87cd-a38c3e94dc3d_motor_car.xlsx -> KARAIKAL - PY2_motor_car.xlsx
2026-05-25 08:03:52,098 [INFO] RENAMED  : 5b23c253-9341-4bce-8c2c-23d9c9b98dd0_motor_cab.xlsx -> KONDOTTY SRTO - KL84_motor_cab.xlsx
2026-05-25 08:03:52,115 [INFO] RENAMED  : 5b4189bb-c4cb-44e7-ab21-4fbda95fb05b_motor_car.xlsx -> TIRUCHI RTO - TN45_motor_car.xlsx
2026-05-25 08:03:52,132 [INFO] RENAMED  : 5ca46b6e-302e-44cd-8b97-94b17bb5cddb_motor_car.xlsx -> VILUPPURAM RTO - TN32_motor_car.xlsx
2026-05-25 08:03:52,148 [INFO] RENAMED  : 5d3a0afe-c032-4b11-aaeb-6eeb674022af_motor_car.xlsx -> MUVATTUPUZHA RTO - KL17_motor_car.xlsx
2026-05-25 08:03:52,163 [INFO] RENAMED  : 5ddfae2f-9773-4eba-8593-a8cd6c17f826_motor_cab.xlsx -> MAVELIKKARA SRTO - KL31_motor_cab.xlsx
2026-05-25 08:03:52,178 [INFO] RENAMED  : 5e52ba92-112d-41bc-bf05-7c0cd27a3511_motor_car.xlsx -> CHECK POST - PY99_motor_car.xlsx
2026-05-25 08:03:52,194 [INFO] RENAMED  : 5e5888f7-aaf4-4fe7-8d0f-5161b91816f9_motor_car.xlsx -> BIDAR  RTO - KA38_motor_car.xlsx
2026-05-25 08:03:52,212 [INFO] RENAMED  : 5e83d6df-9559-4116-aaa1-984c8c06e829_motor_car.xlsx -> ATHANI ARTO - KA71_motor_car.xlsx
2026-05-25 08:03:52,228 [INFO] RENAMED  : 60a3e32f-608d-4a31-aaa4-b05ea4dfdd3c_motor_car.xlsx -> THIRUPATTUR RTO - TN624_motor_car.xlsx
2026-05-25 08:03:52,244 [INFO] RENAMED  : 60ff9861-28cb-4a21-b62b-6f227774b457_motor_cab.xlsx -> PUDUKOTTAI RTO - TN55_motor_cab.xlsx
2026-05-25 08:03:52,262 [INFO] RENAMED  : 610c6521-1bf0-4fec-a3ac-0ce327004389_motor_car.xlsx -> DHARMAPURI RTO - TN29_motor_car.xlsx
2026-05-25 08:03:52,278 [INFO] RENAMED  : 612abcb6-d06e-4797-b062-d2e59c0a955e_motor_car.xlsx -> RANIPET RTO - TN73_motor_car.xlsx
2026-05-25 08:03:52,296 [INFO] RENAMED  : 6132bed1-d423-4021-8017-a57cf7c3b052_motor_car.xlsx -> KALABURAGI  RTO - KA32_motor_car.xlsx
2026-05-25 08:03:52,311 [INFO] RENAMED  : 618293ca-522a-4ed0-81a5-d4c4441b7e39_motor_cab.xlsx -> DANDELI ARTO - KA65_motor_cab.xlsx
2026-05-25 08:03:52,327 [INFO] RENAMED  : 625db6d5-16fb-49c1-b5d5-fefdf061f244_motor_car.xlsx -> SALEM (SOUTH) RTO - TN90_motor_car.xlsx
2026-05-25 08:03:52,344 [INFO] RENAMED  : 628fad9b-005c-4455-adad-fa8455ae03c9_motor_cab.xlsx -> AMBATTUR RTO - TN612_motor_cab.xlsx
2026-05-25 08:03:52,361 [INFO] RENAMED  : 63014085-784c-44fd-8697-f4bb846a7620_motor_cab.xlsx -> RAMANAGAR  RTO - KA42_motor_cab.xlsx
2026-05-25 08:03:52,378 [INFO] RENAMED  : 6303cc9e-be21-499a-a384-40f3b343dafd_motor_car.xlsx -> KODUVALLY SRTO - KL57_motor_car.xlsx
2026-05-25 08:03:52,442 [INFO] RENAMED  : 6336cc21-f68a-46c0-a3c3-6d22412ebdb7_motor_car.xlsx -> KARAIKUDI UO - TN602_motor_car.xlsx
2026-05-25 08:03:52,459 [INFO] RENAMED  : 637f204e-3e2f-4456-b4b0-8e04306b559a_motor_car.xlsx -> PALAKKAD RTO - KL9_motor_car.xlsx
2026-05-25 08:03:52,477 [INFO] RENAMED  : 63ccedd8-5726-4b42-b407-081848390219_motor_cab.xlsx -> TINDIVANAM RTO - TN571_motor_cab.xlsx
2026-05-25 08:03:52,493 [INFO] RENAMED  : 63db204f-999a-42f6-9c43-ebc2c989ee41_motor_car.xlsx -> THURAIYUR UO - TN586_motor_car.xlsx
2026-05-25 08:03:52,510 [INFO] RENAMED  : 63e64df8-5dee-4a5f-a28e-40a5ae2d9dae_motor_cab.xlsx -> KASARGODE RTO - KL14_motor_cab.xlsx
2026-05-25 08:03:52,527 [INFO] RENAMED  : 655b9e87-dbcd-4624-81c8-55f4f1a9fed1_motor_cab.xlsx -> PUDUCHERRY - PY1_motor_cab.xlsx
2026-05-25 08:03:52,543 [INFO] RENAMED  : 65f352a2-37ef-4f04-bd57-4592bd82f96d_motor_car.xlsx -> KOILANDY SRTO - KL56_motor_car.xlsx
2026-05-25 08:03:52,551 [INFO] RENAMED  : 66157ad2-d88f-41d2-beae-ff1649a5533d_motor_car.xlsx -> MADURAI (NORTH) RTO - TN59_motor_car.xlsx
2026-05-25 08:03:52,567 [INFO] RENAMED  : 6671c477-1c8c-4892-82f1-8c4b7a9785af_motor_cab.xlsx -> SULTHANBATHERY SRTO - KL73_motor_cab.xlsx
2026-05-25 08:03:52,584 [INFO] RENAMED  : 6699d06c-fb66-4fe7-a757-8c04d6424ae2_motor_car.xlsx -> TRIVANDRUM RTO - KL1_motor_car.xlsx
2026-05-25 08:03:52,600 [INFO] RENAMED  : 66d86eef-7e23-4719-9a24-54d9c63687d6_motor_cab.xlsx -> BENGALURU CENTRAL  RTO - KA1_motor_cab.xlsx
2026-05-25 08:03:52,617 [INFO] RENAMED  : 6829c0ea-288d-4845-8628-39d4feed01c1_motor_cab.xlsx -> KATTAKADA SRTO - KL74_motor_cab.xlsx
2026-05-25 08:03:52,632 [INFO] RENAMED  : 692af6c7-31b7-417c-a2da-f22ea8f3fba7_motor_cab.xlsx -> KUTTANADU SRTO - KL66_motor_cab.xlsx
2026-05-25 08:03:52,647 [INFO] RENAMED  : 6a074f6e-1c12-4e9c-aa63-2321e65bc2d8_motor_cab.xlsx -> GADAG  RTO - KA26_motor_cab.xlsx
2026-05-25 08:03:52,663 [INFO] RENAMED  : 6a0d1f91-13ff-4e91-9f87-6a3549343029_motor_cab.xlsx -> CHENNAI (SOUTH-WEST) RTO - TN10_motor_cab.xlsx
2026-05-25 08:03:52,680 [INFO] RENAMED  : 6a860d2b-560e-4ea0-9ba4-38646bb83d22_motor_car.xlsx -> MARTHANDAM RTO - TN75_motor_car.xlsx
2026-05-25 08:03:52,696 [INFO] RENAMED  : 6aa8eedf-428a-4542-a5d9-4aa56201c146_motor_cab.xlsx -> COIMBATORE (NORTH) RTO - TN38_motor_cab.xlsx
2026-05-25 08:03:52,711 [INFO] RENAMED  : 6c15d359-2c69-44fa-8e6a-b0fdc898c383_motor_cab.xlsx -> MADHUGIRI, TUMAKURU ARTO - KA64_motor_cab.xlsx
2026-05-25 08:03:52,725 [INFO] RENAMED  : 6d9d95f9-3f16-4364-b3f2-24d65f52ee0d_motor_cab.xlsx -> NATIONALISED SECTOR(TVPM) RTO - KL15_motor_cab.xlsx
2026-05-25 08:03:52,742 [INFO] RENAMED  : 6dd95712-7614-4752-9f2d-c0f6d6a70466_motor_car.xlsx -> KUTTANADU SRTO - KL66_motor_car.xlsx
2026-05-25 08:03:52,759 [INFO] RENAMED  : 6de20d26-98e2-44ab-b11c-6e695e545159_motor_car.xlsx -> MYSURU WEST  RTO - KA9_motor_car.xlsx
2026-05-25 08:03:52,775 [INFO] RENAMED  : 6de5ea03-7f26-49c7-837d-02bbc12d8874_motor_cab.xlsx -> MALAPPURAM RTO - KL10_motor_cab.xlsx
2026-05-25 08:03:52,790 [INFO] RENAMED  : 6deb5888-bd7d-49ae-b80c-1d027f612f55_motor_cab.xlsx -> THRIPRAYAR SRTO - KL75_motor_cab.xlsx
2026-05-25 08:03:52,807 [INFO] RENAMED  : 6df26d15-b9cd-4c9c-9638-ae956dbf6d2d_motor_cab.xlsx -> MATTANCHERRY SRTO - KL43_motor_cab.xlsx
2026-05-25 08:03:52,956 [INFO] RENAMED  : 6df7a7ac-c85d-4c25-ad9b-7b4fe375dced_motor_car.xlsx -> VIRUDHUNAGAR RTO - TN67_motor_car.xlsx
2026-05-25 08:03:53,001 [INFO] RENAMED  : 6dfe3822-2e65-421e-ba5d-20a53f76efd5_motor_cab.xlsx -> KANNUR RTO - KL13_motor_cab.xlsx
2026-05-25 08:03:53,018 [INFO] RENAMED  : 6e4d4381-c4c3-4d91-8500-02340d764898_motor_car.xlsx -> KANHANGAD SRTO - KL60_motor_car.xlsx
2026-05-25 08:03:53,035 [INFO] RENAMED  : 6f03427c-681d-40e5-95d6-4acddc623b02_motor_car.xlsx -> KAYAMKULAM SRTO - KL29_motor_car.xlsx
2026-05-25 08:03:53,052 [INFO] RENAMED  : 6ff2cd85-926d-49a1-a876-7238a3b24168_motor_car.xlsx -> YANAM - PY4_motor_car.xlsx
2026-05-25 08:03:53,066 [INFO] RENAMED  : 70202730-5ac6-4825-9fc8-45126f229446_motor_cab.xlsx -> VARKALA SRTO - KL81_motor_cab.xlsx
2026-05-25 08:03:53,083 [INFO] RENAMED  : 709fec76-539d-48d8-b27d-f85c5e076880_motor_car.xlsx -> ERODE RTO - TN33_motor_car.xlsx
2026-05-25 08:03:53,099 [INFO] RENAMED  : 7115bad4-0ad0-458d-92f3-d6c7e3f1cf43_motor_car.xlsx -> JNANABHARATHI  RTO - KA41_motor_car.xlsx
2026-05-25 08:03:53,114 [INFO] RENAMED  : 71e8412e-9a7c-423f-a495-7d9c79c8326f_motor_cab.xlsx -> NEDUMANGADU SRTO - KL21_motor_cab.xlsx
2026-05-25 08:03:53,130 [INFO] RENAMED  : 72754960-92e4-4afe-8e85-42f3677cc0d5_motor_cab.xlsx -> VILUPPURAM RTO - TN32_motor_cab.xlsx
2026-05-25 08:03:53,145 [INFO] RENAMED  : 728d96a1-b51a-4886-83d8-715214d31482_motor_cab.xlsx -> VANDIPERIYAR SRTO - KL37_motor_cab.xlsx
2026-05-25 08:03:53,159 [INFO] RENAMED  : 73329631-b7e3-48aa-ae2a-3e27dbeab186_motor_cab.xlsx -> ODDANCHATRAM  UO - TN595_motor_cab.xlsx
2026-05-25 08:03:53,177 [INFO] RENAMED  : 738c5bcf-09a7-4ae9-84e0-650caf3480d8_motor_cab.xlsx -> ELECTRONIC CITY  RTO - KA51_motor_cab.xlsx
2026-05-25 08:03:53,193 [INFO] RENAMED  : 73a67b48-7912-4385-91c5-46fc80a6687a_motor_cab.xlsx -> UTHAMAPALAYAM UO - TN601_motor_cab.xlsx
2026-05-25 08:03:53,210 [INFO] RENAMED  : 73b04090-44b2-4c34-acb4-e3380b616edd_motor_car.xlsx -> THIRUVALLA SRTO - KL27_motor_car.xlsx
2026-05-25 08:03:53,226 [INFO] RENAMED  : 73db522a-b035-4a46-8889-a011230b2e1e_motor_car.xlsx -> TIRUPPUR (NORTH) RTO - TN39_motor_car.xlsx
2026-05-25 08:03:53,242 [INFO] RENAMED  : 73e510b2-10f5-422a-8fbd-4f49fe046030_motor_cab.xlsx -> KAZHAKUTTOM SRTO - KL22_motor_cab.xlsx
2026-05-25 08:03:53,256 [INFO] RENAMED  : 748e6cce-f915-4e81-8d78-8cb308d95fee_motor_cab.xlsx -> CHENNAI (EAST) RTO - TN4_motor_cab.xlsx
2026-05-25 08:03:53,274 [INFO] RENAMED  : 760f93ae-dc4f-4781-b4f5-52eedaffa600_motor_car.xlsx -> ADOOR SRTO - KL26_motor_car.xlsx
2026-05-25 08:03:53,290 [INFO] RENAMED  : 7807f2dc-74a4-4805-972b-0760958639b6_motor_car.xlsx -> SRIVILLIPUTHUR RTO - TN605_motor_car.xlsx
2026-05-25 08:03:53,305 [INFO] RENAMED  : 7818aa42-e115-45f5-aede-b36234d62906_motor_cab.xlsx -> MANANTHAVADY SRTO - KL72_motor_cab.xlsx
2026-05-25 08:03:53,322 [INFO] RENAMED  : 781a8db3-8fee-4408-aa44-bc60d29aa6ab_motor_cab.xlsx -> KUMBAKONAM RTO - TN68_motor_cab.xlsx
2026-05-25 08:03:53,338 [INFO] RENAMED  : 7852c631-27f1-4dc5-a0ea-5e4412747122_motor_car.xlsx -> PATTUKOTTAI UNIT OFFICE - TN587_motor_car.xlsx
2026-05-25 08:03:53,356 [INFO] RENAMED  : 78744d88-3f86-4597-8d62-81bf28e3a814_motor_car.xlsx -> KANNUR RTO - KL13_motor_car.xlsx
2026-05-25 08:03:53,371 [INFO] RENAMED  : 79171e36-c182-47ce-b8d3-d812236b1fbf_motor_cab.xlsx -> BELLARY  RTO - KA34_motor_cab.xlsx
2026-05-25 08:03:53,387 [INFO] RENAMED  : 7a003118-7d01-4347-90ab-a6c34d1e8223_motor_car.xlsx -> GADAG  RTO - KA26_motor_car.xlsx
2026-05-25 08:03:53,403 [INFO] RENAMED  : 7b6fab91-6d8c-4537-bc11-b0c8a0881dba_motor_cab.xlsx -> DHARAPURAM RTO - TN594_motor_cab.xlsx
2026-05-25 08:03:53,419 [INFO] RENAMED  : 7b7909a0-3168-44ff-90c2-fcce52538584_motor_cab.xlsx -> RANIBENNUR ARTO - KA68_motor_cab.xlsx
2026-05-25 08:03:53,433 [INFO] RENAMED  : 7c705afd-985a-43ab-8cc5-29089aaf62e7_motor_cab.xlsx -> WADAKKANCHERRY SRTO - KL48_motor_cab.xlsx
2026-05-25 08:03:53,449 [INFO] RENAMED  : 7cb90fae-ee53-45fa-b62d-b571e39183ef_motor_cab.xlsx -> KOLAR  RTO - KA7_motor_cab.xlsx
2026-05-25 08:03:53,465 [INFO] RENAMED  : 7cce2735-1f4a-49f1-9353-c3373a6e1679_motor_cab.xlsx -> RTO CHENNAI (NORTH WEST) - TN2_motor_cab.xlsx
2026-05-25 08:03:53,483 [INFO] RENAMED  : 7d506918-7f88-47e3-a848-39eee8beaed8_motor_car.xlsx -> REDHILLS RTO - TN18_motor_car.xlsx
2026-05-25 08:03:53,500 [INFO] RENAMED  : 7f7c12fd-95eb-4caa-ae70-703a460d49f0_motor_car.xlsx -> MANAPARAI UO - TN584_motor_car.xlsx
2026-05-25 08:03:53,516 [INFO] RENAMED  : 7fb4f43a-9a29-479b-ae33-b7d13f9df8ab_motor_cab.xlsx -> MARTHANDAM RTO - TN75_motor_cab.xlsx
2026-05-25 08:03:53,579 [INFO] RENAMED  : 7fd9d174-ad8c-4b64-9091-a225cb65a549_motor_car.xlsx -> COIMBATORE (NORTH) RTO - TN38_motor_car.xlsx
2026-05-25 08:03:53,593 [INFO] RENAMED  : 8076ecde-8c59-485a-8f5a-7cab920685e3_motor_cab.xlsx -> KARWAR  RTO - KA30_motor_cab.xlsx
2026-05-25 08:03:53,608 [INFO] RENAMED  : 808c3af5-bde9-4ac4-98a2-f232b703788f_motor_cab.xlsx -> K G F  ARTO - KA8_motor_cab.xlsx
2026-05-25 08:03:53,625 [INFO] RENAMED  : 810724fb-4aed-430b-97a2-dc59542789e0_motor_car.xlsx -> KONNI SRTO - KL83_motor_car.xlsx
2026-05-25 08:03:53,641 [INFO] RENAMED  : 810ff3a1-87d2-4b61-ab09-478022acd6bf_motor_cab.xlsx -> RAMANATHAPURAM RTO - TN65_motor_cab.xlsx
2026-05-25 08:03:53,656 [INFO] RENAMED  : 8188f0a6-9615-4950-b21b-1aec1f27f631_motor_cab.xlsx -> KOVILPATTI RTO - TN607_motor_cab.xlsx
2026-05-25 08:03:53,674 [INFO] RENAMED  : 8229ec12-e190-4ef2-9414-b746496da692_motor_car.xlsx -> TIRUCHI(EAST) RTO - TN81_motor_car.xlsx
2026-05-25 08:03:53,690 [INFO] RENAMED  : 823f373c-1caa-4752-a43a-322158f0bd46_motor_car.xlsx -> BENGALURU WEST  RTO - KA2_motor_car.xlsx
2026-05-25 08:03:53,707 [INFO] RENAMED  : 824e8596-94d2-46e1-b295-9b488eaa7224_motor_car.xlsx -> OOTY RTO - TN43_motor_car.xlsx
2026-05-25 08:03:53,724 [INFO] RENAMED  : 82528f02-02c2-4cb3-b34e-608bf928ff2b_motor_car.xlsx -> KUMBAKONAM RTO - TN68_motor_car.xlsx
2026-05-25 08:03:53,738 [INFO] RENAMED  : 832302eb-e2d5-4cc3-9340-3426732417a5_motor_cab.xlsx -> PALAI SRTO - KL35_motor_cab.xlsx
2026-05-25 08:03:53,755 [INFO] RENAMED  : 83c2d3f6-57c9-48fd-8f8b-04706857dc2e_motor_car.xlsx -> TIRUCHENGODE RTO - TN34_motor_car.xlsx
2026-05-25 08:03:53,771 [INFO] RENAMED  : 83e64679-0323-4ac9-9148-893b786049c1_motor_cab.xlsx -> PONNANI SRTO - KL54_motor_cab.xlsx
2026-05-25 08:03:53,787 [INFO] RENAMED  : 843c622e-9354-481d-bdfb-232b0bb2933a_motor_car.xlsx -> GOPICHETTIPALAYAM RTO - TN36_motor_car.xlsx
2026-05-25 08:03:53,803 [INFO] RENAMED  : 8446c6a8-be3c-47bd-91f0-4cf0f88bb251_motor_cab.xlsx -> MAYILADUTHURAI RTO - TN589_motor_cab.xlsx
2026-05-25 08:03:53,820 [INFO] RENAMED  : 84c6e9ce-6d3e-4be0-851f-51471e4dae96_motor_car.xlsx -> WADAKKANCHERRY SRTO - KL48_motor_car.xlsx
2026-05-25 08:03:53,836 [INFO] RENAMED  : 8574f9d2-47b6-4385-8c84-c58b6458ea2a_motor_car.xlsx -> OMALURE UO - TN535_motor_car.xlsx
2026-05-25 08:03:53,852 [INFO] RENAMED  : 857644bc-318d-4697-b975-7852ccfd45b3_motor_car.xlsx -> ALANGUDI UO - TN641_motor_car.xlsx
2026-05-25 08:03:53,868 [INFO] RENAMED  : 858e476e-e5cf-4b20-aa2c-66ff928d17d7_motor_cab.xlsx -> SIVAGANGAI RTO - TN63_motor_cab.xlsx
2026-05-25 08:03:53,884 [INFO] RENAMED  : 85c5897c-3b8b-4259-9abf-65771ef640c3_motor_cab.xlsx -> PERUNDURAI RTO - TN56_motor_cab.xlsx
2026-05-25 08:03:53,899 [INFO] RENAMED  : 85f98195-bd2d-4d00-9b10-c5617d830756_motor_cab.xlsx -> HARUR UO - TN527_motor_cab.xlsx
2026-05-25 08:03:53,915 [INFO] RENAMED  : 86456b14-74c1-4000-b7e1-5ff169d6fae5_motor_car.xlsx -> IRINJALAKUDA SRTO - KL45_motor_car.xlsx
2026-05-25 08:03:53,934 [INFO] RENAMED  : 864c0dc5-825b-47da-b577-269d9d3d2377_motor_cab.xlsx -> MANAPARAI UO - TN584_motor_cab.xlsx
2026-05-25 08:03:53,949 [INFO] RENAMED  : 86929d74-e17d-4d00-a1ed-01bc86bd1949_motor_car.xlsx -> CHENNAI (EAST) RTO - TN4_motor_car.xlsx
2026-05-25 08:03:53,965 [INFO] RENAMED  : 86dc9826-24dd-4ebc-80fc-f59b14a4517f_motor_cab.xlsx -> OULGARET - PY5_motor_cab.xlsx
2026-05-25 08:03:53,983 [INFO] RENAMED  : 87412107-14dc-475f-b5db-8d22dfaf1817_motor_car.xlsx -> DEVIKULAM SRTO - KL68_motor_car.xlsx
2026-05-25 08:03:54,000 [INFO] RENAMED  : 87629166-05e1-4325-a84a-11bf1e0ecefe_motor_car.xlsx -> CHENNAI (NORTH-EAST) RTO - TN3_motor_car.xlsx
2026-05-25 08:03:54,017 [INFO] RENAMED  : 87963a2f-26f3-4689-b0a9-534910041fca_motor_car.xlsx -> MANANTHAVADY SRTO - KL72_motor_car.xlsx
2026-05-25 08:03:54,033 [INFO] RENAMED  : 879eb653-5d9a-4ec8-8914-cd93de49a506_motor_cab.xlsx -> LALKUDI UO - TN631_motor_cab.xlsx
2026-05-25 08:03:54,050 [INFO] RENAMED  : 881b9be1-5f60-4780-a3ea-be1b249d9eb9_motor_car.xlsx -> UDUMBANCHOLA SRTO - KL69_motor_car.xlsx
2026-05-25 08:03:54,067 [INFO] RENAMED  : 88d66768-6f73-4200-a018-7b083323ac39_motor_car.xlsx -> ULUNDURPET RTO - TN577_motor_car.xlsx
2026-05-25 08:03:54,082 [INFO] RENAMED  : 893b1ece-512c-4644-a7f7-2979e3ceaa61_motor_cab.xlsx -> KOLLAM RTO - KL2_motor_cab.xlsx
2026-05-25 08:03:54,099 [INFO] RENAMED  : 8944ab13-bb2a-4a6c-8829-e036573ef85a_motor_car.xlsx -> VALLIYUR UO - TN608_motor_car.xlsx
2026-05-25 08:03:54,115 [INFO] RENAMED  : 89bbd711-5ece-42d6-b91f-b26181514aee_motor_car.xlsx -> CUDDALORE RTO - TN31_motor_car.xlsx
2026-05-25 08:03:54,131 [INFO] RENAMED  : 8a3ed141-a8ea-48f3-9234-ec233a99e909_motor_cab.xlsx -> HONNAVAR  ARTO - KA47_motor_cab.xlsx
2026-05-25 08:03:54,146 [INFO] RENAMED  : 8accad7c-41d6-421e-b154-2126575d723f_motor_cab.xlsx -> PUNALUR SRTO - KL25_motor_cab.xlsx
2026-05-25 08:03:54,161 [INFO] RENAMED  : 8adebea7-80db-4c95-a3c7-3f483ca2ca98_motor_cab.xlsx -> THODUPUZHA SRTO - KL38_motor_cab.xlsx
2026-05-25 08:03:54,178 [INFO] RENAMED  : 8b06442e-28bd-4f86-840c-73046c1adb71_motor_cab.xlsx -> COIMBATORE (CENTRAL) RTO - TN66_motor_cab.xlsx
2026-05-25 08:03:54,193 [INFO] RENAMED  : 8b27a977-117b-46c1-9b43-689b1f573364_motor_cab.xlsx -> BAGALKOT  RTO - KA29_motor_cab.xlsx
2026-05-25 08:03:54,209 [INFO] RENAMED  : 8b44aad7-2a90-44b3-8ea1-6a02d153d237_motor_car.xlsx -> CHIKKODI  RTO - KA23_motor_car.xlsx
2026-05-25 08:03:54,227 [INFO] RENAMED  : 8be09b59-3504-4fd1-88f8-fcce35b4d56d_motor_car.xlsx -> RTO CHENNAI (NORTH WEST) - TN2_motor_car.xlsx
2026-05-25 08:03:54,242 [INFO] RENAMED  : 8c045542-dc2c-46bd-b099-6a81fd8c3d69_motor_cab.xlsx -> ALANGUDI UO - TN641_motor_cab.xlsx
2026-05-25 08:03:54,257 [INFO] RENAMED  : 8c449cf9-dbc0-4c62-88f0-8e3fbae0a58a_motor_cab.xlsx -> CHADAYAMANGALA SRTO - KL82_motor_cab.xlsx
2026-05-25 08:03:54,273 [INFO] RENAMED  : 8cbfbdfa-5f93-4bfa-937b-f4227727f956_motor_car.xlsx -> CHIDAMBARAM RTO - TN544_motor_car.xlsx
2026-05-25 08:03:54,289 [INFO] RENAMED  : 8cc4df70-7e09-4209-92cb-40e4692a3084_motor_cab.xlsx -> YALAHANKA  RTO - KA50_motor_cab.xlsx
2026-05-25 08:03:54,306 [INFO] RENAMED  : 8d8c9f51-af14-40dc-8b7a-a1e100f96155_motor_car.xlsx -> KATTAKADA SRTO - KL74_motor_car.xlsx
2026-05-25 08:03:54,321 [INFO] RENAMED  : 8d9f9359-5438-4089-b22c-55ed6adf7734_motor_cab.xlsx -> KULITHALI UO - TN585_motor_cab.xlsx
2026-05-25 08:03:54,336 [INFO] RENAMED  : 8db3a560-f2f5-433f-bf71-7d494fb59fab_motor_cab.xlsx -> PARAMATHI VELLURE UO - TN517_motor_cab.xlsx
2026-05-25 08:03:54,351 [INFO] RENAMED  : 8e0008e0-d38f-404a-a58f-4c2bbee3f64f_motor_cab.xlsx -> KUMARAPALAYAM RTO - TN638_motor_cab.xlsx
2026-05-25 08:03:54,369 [INFO] RENAMED  : 8ec1dcc2-dcdf-46db-9d96-2f1b740b7faf_motor_car.xlsx -> MANDYA  RTO - KA11_motor_car.xlsx
2026-05-25 08:03:54,385 [INFO] RENAMED  : 8efafbb4-9161-424e-999d-765db795914e_motor_car.xlsx -> POLLACHI RTO - TN41_motor_car.xlsx
2026-05-25 08:03:54,400 [INFO] RENAMED  : 8fa3a34a-b0c5-4db3-bc3b-17fbde460529_motor_cab.xlsx -> THALASSERY SRTO - KL58_motor_cab.xlsx
2026-05-25 08:03:54,416 [INFO] RENAMED  : 904a7714-ccca-4161-8b00-0d8f16c50588_motor_cab.xlsx -> PERAMBALUR RTO - TN46_motor_cab.xlsx
2026-05-25 08:03:54,431 [INFO] RENAMED  : 9076ca54-2d22-444e-9d95-1d9305db70bb_motor_cab.xlsx -> ATTUR RTO - TN591_motor_cab.xlsx
2026-05-25 08:03:54,446 [INFO] RENAMED  : 90a406ec-ffa0-417a-ad6a-0b8a4f9c1036_motor_cab.xlsx -> NELAMANGALA  RTO - KA52_motor_cab.xlsx
2026-05-25 08:03:54,461 [INFO] RENAMED  : 90c17e81-6b1f-4779-948a-5060f47da7ee_motor_car.xlsx -> KARWAR  RTO - KA30_motor_car.xlsx
2026-05-25 08:03:54,479 [INFO] RENAMED  : 91393582-2f90-4665-8f3b-d2d510eb1008_motor_car.xlsx -> KRISHNARAJAPURAM  RTO - KA53_motor_car.xlsx
2026-05-25 08:03:54,493 [INFO] RENAMED  : 91822d90-4a70-4792-b670-1934743a61a7_motor_cab.xlsx -> CHAMARAJANAGAR  RTO - KA10_motor_cab.xlsx
2026-05-25 08:03:54,509 [INFO] RENAMED  : 9268e5d6-3759-40e9-92b1-ee8fc7ead3a7_motor_cab.xlsx -> NAMAKKAL (SOUTH) RTO - TN88_motor_cab.xlsx
2026-05-25 08:03:54,525 [INFO] RENAMED  : 9303ab61-55a8-4094-921b-b784bc74198a_motor_car.xlsx -> UDUMALPET RTO - TN581_motor_car.xlsx
2026-05-25 08:03:54,542 [INFO] RENAMED  : 931350ab-9e85-448e-a0a9-5278540ff925_motor_car.xlsx -> THRIPRAYAR SRTO - KL75_motor_car.xlsx
2026-05-25 08:03:54,560 [INFO] RENAMED  : 933f775a-a181-413a-b29b-ebba331d5018_motor_car.xlsx -> GUDALORE UO - TN582_motor_car.xlsx
2026-05-25 08:03:54,624 [INFO] RENAMED  : 9372284c-6db7-451e-a9b8-211e1a5b52bc_motor_car.xlsx -> MAYILADUTHURAI RTO - TN589_motor_car.xlsx
2026-05-25 08:03:54,641 [INFO] RENAMED  : 93b2238d-5033-4f86-9015-9d6d026ec08e_motor_cab.xlsx -> SHOLINGANALLUR RTO - TN512_motor_cab.xlsx
2026-05-25 08:03:54,659 [INFO] RENAMED  : 94694516-7897-4408-a74b-389d93c3efd0_motor_car.xlsx -> KUNNATHUR SRTO - KL61_motor_car.xlsx
2026-05-25 08:03:54,674 [INFO] RENAMED  : 956295d6-4898-4f9a-9a78-6c6a8f705c4d_motor_cab.xlsx -> KALABURAGI  RTO - KA32_motor_cab.xlsx
2026-05-25 08:03:54,689 [INFO] RENAMED  : 95752ce9-c25c-4768-a2ef-01b3d32d97a4_motor_cab.xlsx -> RANIPET RTO - TN73_motor_cab.xlsx
2026-05-25 08:03:54,706 [INFO] RENAMED  : 968e3049-caa1-4767-aa8c-c4b99b7d8d38_motor_cab.xlsx -> GOKAK  ARTO - KA49_motor_cab.xlsx
2026-05-25 08:03:54,721 [INFO] RENAMED  : 96a1a681-6eef-494b-b8b1-f390e3ee016c_motor_cab.xlsx -> CHECK POST - PY99_motor_cab.xlsx
2026-05-25 08:03:54,737 [INFO] RENAMED  : 96bb47b1-4104-47c0-8761-90bdb6094ced_motor_cab.xlsx -> BENGALURU NORTH  RTO - KA4_motor_cab.xlsx
2026-05-25 08:03:54,753 [INFO] RENAMED  : 970c0b63-50f7-42ec-a6cb-6943d562db37_motor_car.xlsx -> GOKAK  ARTO - KA49_motor_car.xlsx
2026-05-25 08:03:54,768 [INFO] RENAMED  : 9722415a-55bf-49c6-81f1-35488c817093_motor_cab.xlsx -> ILLUPPUR UO - TN629_motor_cab.xlsx
2026-05-25 08:03:54,783 [INFO] RENAMED  : 9754bab7-c805-4652-a16f-b74364b77062_motor_cab.xlsx -> CHENGANNUR SRTO - KL30_motor_cab.xlsx
2026-05-25 08:03:54,798 [INFO] RENAMED  : 977f461f-4eed-4979-9e87-0a4963e4d84d_motor_cab.xlsx -> BAILHONGAL  RTO - KA24_motor_cab.xlsx
2026-05-25 08:03:54,814 [INFO] RENAMED  : 99b5ae42-dcbd-40ad-bcc7-bc5cf16efaf4_motor_cab.xlsx -> HOSPET  RTO - KA35_motor_cab.xlsx
2026-05-25 08:03:54,828 [INFO] RENAMED  : 99d8c634-280f-4ddd-990e-ecc557974097_motor_cab.xlsx -> MAHE - PY3_motor_cab.xlsx
2026-05-25 08:03:54,845 [INFO] RENAMED  : 9a764551-39cd-4fbd-b2e5-5487053a175c_motor_car.xlsx -> RAJAPALAYAM UO - TN643_motor_car.xlsx
2026-05-25 08:03:54,860 [INFO] RENAMED  : 9ad1503d-d7cd-4e02-9c8c-73b93e40e73a_motor_cab.xlsx -> KANHANGAD SRTO - KL60_motor_cab.xlsx
2026-05-25 08:03:54,876 [INFO] RENAMED  : 9b1e49f5-f489-4c78-9b24-0758730b0138_motor_car.xlsx -> K G F  ARTO - KA8_motor_car.xlsx
2026-05-25 08:03:54,890 [INFO] RENAMED  : 9b46d0ac-7f22-47f1-8bce-dd4c184659e5_motor_cab.xlsx -> GUMMIDIPOONDI UO - TN625_motor_cab.xlsx
2026-05-25 08:03:54,907 [INFO] RENAMED  : 9c51b112-2352-4531-90e1-93dd57a0a07d_motor_car.xlsx -> SHOLINGANALLUR RTO - TN512_motor_car.xlsx
2026-05-25 08:03:54,924 [INFO] RENAMED  : 9c8171b7-d363-4ce4-a14e-c582eb504262_motor_car.xlsx -> COIMBATORE (WEST) RTO - TN99_motor_car.xlsx
2026-05-25 08:03:54,942 [INFO] RENAMED  : 9d4477a7-f163-4b67-ac7b-c48b47205cda_motor_car.xlsx -> BENGALURU NORTH  RTO - KA4_motor_car.xlsx
2026-05-25 08:03:54,957 [INFO] RENAMED  : 9d7af8be-7214-4d44-8760-892342f85012_motor_cab.xlsx -> THIRUPATTUR RTO - TN624_motor_cab.xlsx
2026-05-25 08:03:54,972 [INFO] RENAMED  : 9dc3aad5-e277-4fc0-b978-0e15b5378f9f_motor_cab.xlsx -> USILAMPATTI UO - TN636_motor_cab.xlsx
2026-05-25 08:03:54,989 [INFO] RENAMED  : 9e53cb5a-fb90-434e-a1ad-2a062a93ac18_motor_car.xlsx -> THIRUMANGALAM  UO - TN598_motor_car.xlsx
2026-05-25 08:03:55,006 [INFO] RENAMED  : 9f19718e-b468-4ca8-9aa5-57d3d6168583_motor_car.xlsx -> PANRUTI UO - TN626_motor_car.xlsx
2026-05-25 08:03:55,022 [INFO] RENAMED  : 9f248ef0-d8f9-4bee-a1c0-8e7bf253c853_motor_car.xlsx -> ARANTHANGI UO - TN592_motor_car.xlsx
2026-05-25 08:03:55,037 [INFO] RENAMED  : 9f8f34ee-3790-4004-bf1d-b344e8fa304d_motor_cab.xlsx -> CHERTHALA SRTO - KL32_motor_cab.xlsx
2026-05-25 08:03:55,055 [INFO] RENAMED  : 9fc500c6-e6a4-4bbd-ac3a-ad8f3d73b6b2_motor_car.xlsx -> NEYVELI UO - TN562_motor_car.xlsx
2026-05-25 08:03:55,070 [INFO] RENAMED  : 9fece822-2835-4fec-871c-9a99920cfdc6_motor_car.xlsx -> VALPARAI UO - TN633_motor_car.xlsx
2026-05-25 08:03:55,088 [INFO] RENAMED  : a03657ce-5bd3-47de-b741-dffd8bcb9576_motor_car.xlsx -> TAMBARAM RTO - TN513_motor_car.xlsx
2026-05-25 08:03:55,103 [INFO] RENAMED  : a0ced439-63df-4c97-bdb3-452f9bcff7d3_motor_car.xlsx -> TINDIVANAM RTO - TN571_motor_car.xlsx
2026-05-25 08:03:55,117 [INFO] RENAMED  : a11588d0-e933-4a7a-afce-7162a98c1c5d_motor_car.xlsx -> STU AND AUTORIKSHAW,  SHANTHINAGAR RTO - KA57_motor_car.xlsx
2026-05-25 08:03:55,134 [INFO] RENAMED  : a11a5ac1-0486-46e9-aa1c-672a0e35e927_motor_car.xlsx -> KULITHALI UO - TN585_motor_car.xlsx
2026-05-25 08:03:55,151 [INFO] RENAMED  : a11d03b3-1e92-41da-b259-8ac16f437df7_motor_cab.xlsx -> THIRUCHENDUR RTO - TN606_motor_cab.xlsx
2026-05-25 08:03:55,165 [INFO] RENAMED  : a15c2047-e49e-4698-93ea-82a10baed8ae_motor_cab.xlsx -> MUSURI UO - TN621_motor_cab.xlsx
2026-05-25 08:03:55,183 [INFO] RENAMED  : a397fddb-0d53-4ab6-8f16-1908252b4e5a_motor_car.xlsx -> KANCHEEPURAM RTO - TN21_motor_car.xlsx
2026-05-25 08:03:55,199 [INFO] RENAMED  : a3a48301-cc0a-455b-abb5-84a57195a446_motor_car.xlsx -> LALKUDI UO - TN631_motor_car.xlsx
2026-05-25 08:03:55,214 [INFO] RENAMED  : a3ee1ff8-8f74-4631-be44-aa3231c103a5_motor_cab.xlsx -> MEENAMBAKKAM RTO - TN22_motor_cab.xlsx
2026-05-25 08:03:55,232 [INFO] RENAMED  : a4681d64-0f47-418c-bbf9-980c0bffc975_motor_car.xlsx -> ILLUPPUR UO - TN629_motor_car.xlsx
2026-05-25 08:03:55,246 [INFO] RENAMED  : a484a814-967e-4b7c-8fe8-cbac446ce6e9_motor_cab.xlsx -> PUTTUR  RTO - KA21_motor_cab.xlsx
2026-05-25 08:03:55,261 [INFO] RENAMED  : a4d3f27c-6838-4cfe-9055-d9ccbb427607_motor_cab.xlsx -> PALAKKAD RTO - KL9_motor_cab.xlsx
2026-05-25 08:03:55,277 [INFO] RENAMED  : a5d594ed-5034-4960-9523-a48e88fe12bd_motor_cab.xlsx -> RANNI SRTO - KL62_motor_cab.xlsx
2026-05-25 08:03:55,292 [INFO] RENAMED  : a65f9f13-6d85-4ce2-baef-3bb044bbec08_motor_cab.xlsx -> JAMKHANDI  ARTO - KA48_motor_cab.xlsx
2026-05-25 08:03:55,308 [INFO] RENAMED  : a689eabe-0042-45b0-875b-615aeddf71c8_motor_cab.xlsx -> DHARWAD WEST RTO - KA25_motor_cab.xlsx
2026-05-25 08:03:55,324 [INFO] RENAMED  : a6fd8a59-be2c-4e39-981b-5c1a12ca38cc_motor_car.xlsx -> NAMAKKAL (SOUTH) RTO - TN88_motor_car.xlsx
2026-05-25 08:03:55,343 [INFO] RENAMED  : a7231c02-1bdc-44d6-aa47-3d0afa27fc6c_motor_car.xlsx -> KUNDRATHUR RTO - TN85_motor_car.xlsx
2026-05-25 08:03:55,359 [INFO] RENAMED  : a7790bff-ea0a-4834-8f77-ff65ee75ed2d_motor_car.xlsx -> MADURANTAGAM UO - TN508_motor_car.xlsx
2026-05-25 08:03:55,376 [INFO] RENAMED  : a7d1f5e0-85f1-4caf-8d62-07a87a716327_motor_car.xlsx -> CHANDAPURA, BENGALURU RTO - KA59_motor_car.xlsx
2026-05-25 08:03:55,392 [INFO] RENAMED  : a7e3baea-8caa-40a7-bed0-12864c45b5c2_motor_cab.xlsx -> ERNAKULAM RTO - KL7_motor_cab.xlsx
2026-05-25 08:03:55,407 [INFO] RENAMED  : a86f1def-b1c8-4450-8902-51f9d3897277_motor_cab.xlsx -> TENKASI RTO - TN76_motor_cab.xlsx
2026-05-25 08:03:55,424 [INFO] RENAMED  : a872f1c9-faad-4efd-9c0f-c0e26637802d_motor_car.xlsx -> CHAMARAJANAGAR  RTO - KA10_motor_car.xlsx
2026-05-25 08:03:55,440 [INFO] RENAMED  : a9275748-7fc5-4c7a-86de-ea84367d88d5_motor_car.xlsx -> MANMANGALAM UO - TN637_motor_car.xlsx
2026-05-25 08:03:55,455 [INFO] RENAMED  : a95ee807-13af-48a9-b5e6-bd03bea8163c_motor_car.xlsx -> HOSPET  RTO - KA35_motor_car.xlsx
2026-05-25 08:03:55,471 [INFO] RENAMED  : a97d01fd-5e41-4739-b7a4-11fc0b1a7e53_motor_cab.xlsx -> UZHAVOOR SRTO - KL67_motor_cab.xlsx
2026-05-25 08:03:55,487 [INFO] RENAMED  : a98412bc-997a-43b5-8321-4f96ea2d0f63_motor_cab.xlsx -> REDHILLS RTO - TN18_motor_cab.xlsx
2026-05-25 08:03:55,503 [INFO] RENAMED  : a9bbadf6-4e5d-4a24-829f-4b4de046fd9e_motor_car.xlsx -> KOLAR  RTO - KA7_motor_car.xlsx
2026-05-25 08:03:55,520 [INFO] RENAMED  : aa014ed1-cc07-46e3-b47d-3931f550cd8e_motor_car.xlsx -> MUSURI UO - TN621_motor_car.xlsx
2026-05-25 08:03:55,535 [INFO] RENAMED  : aa426227-1b55-4239-9b83-5dc78c7c7441_motor_car.xlsx -> SANKAGIRI RTO - TN52_motor_car.xlsx
2026-05-25 08:03:55,549 [INFO] RENAMED  : aab9a422-a8c6-4f7d-8563-9665421ce597_motor_cab.xlsx -> KOTTAYAM RTO - KL5_motor_cab.xlsx
2026-05-25 08:03:55,567 [INFO] RENAMED  : aad2bdf4-d0bf-461f-86cf-5f4bd8dd6a40_motor_car.xlsx -> CHENNAI (SOUTH) RTO - TN7_motor_car.xlsx
2026-05-25 08:03:55,582 [INFO] RENAMED  : ab902b63-ad72-4007-9735-f6febda5e266_motor_car.xlsx -> THENI RTO - TN60_motor_car.xlsx
2026-05-25 08:03:55,598 [INFO] RENAMED  : abb6cfb6-fa2b-4bab-888e-713f8aab62f9_motor_cab.xlsx -> YADGIRI  RTO - KA33_motor_cab.xlsx
2026-05-25 08:03:55,662 [INFO] RENAMED  : aca5a608-edea-4bd5-bd75-46334af56f29_motor_cab.xlsx -> ALAPPUZHA RTO - KL4_motor_cab.xlsx
2026-05-25 08:03:55,680 [INFO] RENAMED  : acbe6a08-65fd-448e-a68c-d93b5dc4f59e_motor_car.xlsx -> CHENNAI (NORTH) RTO - TN5_motor_car.xlsx
2026-05-25 08:03:55,696 [INFO] RENAMED  : ad976227-baa6-4857-a230-6cd9debaf3c7_motor_cab.xlsx -> CHANGANACHERRY SRTO - KL33_motor_cab.xlsx
2026-05-25 08:03:55,711 [INFO] RENAMED  : adb4e180-eb4b-44c2-ad7a-cfc04fc3c007_motor_cab.xlsx -> THIRURANGADI SRTO - KL65_motor_cab.xlsx
2026-05-25 08:03:55,728 [INFO] RENAMED  : af277db9-24ac-4bc7-805c-3dff71e826c1_motor_car.xlsx -> PONNANI SRTO - KL54_motor_car.xlsx
2026-05-25 08:03:55,743 [INFO] RENAMED  : af4f06f4-ad29-401d-9c5e-ed4180483c60_motor_cab.xlsx -> KOZHIKODE RTO - KL11_motor_cab.xlsx
2026-05-25 08:03:55,759 [INFO] RENAMED  : b2c9acbe-8959-465c-91f8-deafb5179249_motor_cab.xlsx -> SANKARANKOVIL RTO - TN610_motor_cab.xlsx
2026-05-25 08:03:55,776 [INFO] RENAMED  : b360135b-704a-42b0-a409-88fde8653f19_motor_car.xlsx -> HOSUR RTO - TN70_motor_car.xlsx
2026-05-25 08:03:55,791 [INFO] RENAMED  : b360e8a1-165a-4175-ab38-e7eb023990f1_motor_cab.xlsx -> PALACODE UO - TN616_motor_cab.xlsx
2026-05-25 08:03:55,808 [INFO] RENAMED  : b3628446-16b6-4dac-8fa9-1af33a32a253_motor_car.xlsx -> ERODE (WEST) RTO - TN86_motor_car.xlsx
2026-05-25 08:03:55,823 [INFO] RENAMED  : b3b91e29-38ed-4037-b0a5-8fbb97f609d0_motor_cab.xlsx -> VELLARIKUNDU SRTO - KL79_motor_cab.xlsx
2026-05-25 08:03:55,840 [INFO] RENAMED  : b42ab5a9-a29e-4852-8e8c-32280f3cd258_motor_car.xlsx -> POONAMALLEE RTO - TN511_motor_car.xlsx
2026-05-25 08:03:55,856 [INFO] RENAMED  : b42dccb5-de5f-451a-ac94-27de62557b91_motor_car.xlsx -> SIRKALI UO - TN623_motor_car.xlsx
2026-05-25 08:03:55,872 [INFO] RENAMED  : b4d657b3-7585-4018-ad60-f34b8401915c_motor_car.xlsx -> HAVERI  RTO - KA27_motor_car.xlsx
2026-05-25 08:03:55,887 [INFO] RENAMED  : b5000f24-e4c7-47b5-aaf3-e7cc31bee63e_motor_cab.xlsx -> HAVERI  RTO - KA27_motor_cab.xlsx
2026-05-25 08:03:55,901 [INFO] RENAMED  : b5c829b1-005e-4002-9231-2acf7d22ba81_motor_car.xlsx -> STATE TRANSPORT AUTHORITY - KA99_motor_car.xlsx
2026-05-25 08:03:55,918 [INFO] RENAMED  : b6548b45-d320-445b-b2f0-d37bc79584a0_motor_car.xlsx -> UZHAVOOR SRTO - KL67_motor_car.xlsx
2026-05-25 08:03:55,935 [INFO] RENAMED  : b688c4e2-36e2-4658-80f7-40f93b6f4061_motor_car.xlsx -> IDUKKI RTO - KL6_motor_car.xlsx
2026-05-25 08:03:55,951 [INFO] RENAMED  : b6ae1191-d437-41a2-a7db-4bc821a8b319_motor_cab.xlsx -> MANNARGUDI UO - TN588_motor_cab.xlsx
2026-05-25 08:03:55,968 [INFO] RENAMED  : b6c37ff4-417d-4b02-a302-94402ca9e591_motor_car.xlsx -> KONDOTTY SRTO - KL84_motor_car.xlsx
2026-05-25 08:03:55,983 [INFO] RENAMED  : b758e920-3224-470c-87b0-8a24d203faf0_motor_cab.xlsx -> DHARWAD EAST RTO - KA63_motor_cab.xlsx
2026-05-25 08:03:55,998 [INFO] RENAMED  : b770048d-30cd-45bc-815f-982c98411e3e_motor_cab.xlsx -> KOPPAL  RTO - KA37_motor_cab.xlsx
2026-05-25 08:03:56,016 [INFO] RENAMED  : b7d4d8ec-5502-48d2-8068-59bf20495e46_motor_car.xlsx -> CHEYYAR UO - TN635_motor_car.xlsx
2026-05-25 08:03:56,032 [INFO] RENAMED  : b8ac8714-147a-4e08-a140-db6a630fdc0e_motor_cab.xlsx -> GUDIYATHAM UO - TN514_motor_cab.xlsx
2026-05-25 08:03:56,047 [INFO] RENAMED  : b8bfd2e8-dbea-4e4a-8918-44de0abb1f0e_motor_cab.xlsx -> KANJIRAPPALLY SRTO - KL34_motor_cab.xlsx
2026-05-25 08:03:56,064 [INFO] RENAMED  : b8e4fac2-5536-4db9-860c-d7960da16125_motor_car.xlsx -> MAVELIKKARA SRTO - KL31_motor_car.xlsx
2026-05-25 08:03:56,080 [INFO] RENAMED  : b9e079e3-5c3d-4dbb-885c-340310ecd3f0_motor_car.xlsx -> SAGAR  ARTO - KA15_motor_car.xlsx
2026-05-25 08:03:56,096 [INFO] RENAMED  : b9ea6562-4652-4f5c-ab05-f3dd852aa480_motor_cab.xlsx -> CHENNAI (SOUTH) RTO - TN7_motor_cab.xlsx
2026-05-25 08:03:56,111 [INFO] RENAMED  : ba301985-737f-4ac4-8204-f64c07af6a8d_motor_cab.xlsx -> NAGAMANGALA  RTO - KA54_motor_cab.xlsx
2026-05-25 08:03:56,131 [INFO] RENAMED  : bbb224e3-b19e-4b6b-b251-f7fdf88dbce5_motor_cab.xlsx -> CHINTAMANI ARTO - KA67_motor_cab.xlsx
2026-05-25 08:03:56,148 [INFO] RENAMED  : bd19d4f8-f3f7-4df5-84fd-dfb711a74fa8_motor_car.xlsx -> HASSAN  RTO - KA13_motor_car.xlsx
2026-05-25 08:03:56,163 [INFO] RENAMED  : bd290ff6-f59b-44c1-a12e-4cc5952b00ee_motor_cab.xlsx -> MANGALORE  RTO - KA19_motor_cab.xlsx
2026-05-25 08:03:56,181 [INFO] RENAMED  : bdcedd53-9a5e-4a30-8c78-bde5fb86e8fc_motor_car.xlsx -> ATTUR RTO - TN591_motor_car.xlsx
2026-05-25 08:03:56,197 [INFO] RENAMED  : bdd0fd4c-cd40-4da0-8087-2c8feb99f235_motor_car.xlsx -> MYSURU  EAST  RTO - KA55_motor_car.xlsx
2026-05-25 08:03:56,212 [INFO] RENAMED  : be3b980e-5f36-4442-a78f-0486591a4627_motor_cab.xlsx -> NEYVELI UO - TN562_motor_cab.xlsx
2026-05-25 08:03:56,229 [INFO] RENAMED  : be6e41d8-b943-4004-a5f3-426b60b3c4a6_motor_cab.xlsx -> CHIDAMBARAM RTO - TN544_motor_cab.xlsx
2026-05-25 08:03:56,245 [INFO] RENAMED  : be74717b-7b83-4bfe-aba3-3930ea57742b_motor_car.xlsx -> ERNAKULAM RTO - KL7_motor_car.xlsx
2026-05-25 08:03:56,261 [INFO] RENAMED  : bea14b3d-18ff-48a5-9a35-f81cb63bf122_motor_cab.xlsx -> GINGEE UO - TN627_motor_cab.xlsx
2026-05-25 08:03:56,278 [INFO] RENAMED  : bebbb896-b428-4838-bf48-94e136612306_motor_car.xlsx -> BIJAPUR  RTO - KA28_motor_car.xlsx
2026-05-25 08:03:56,292 [INFO] RENAMED  : bf8d74ab-188b-44cf-b04c-f214af6a5840_motor_cab.xlsx -> NATHAM UO - TN640_motor_cab.xlsx
2026-05-25 08:03:56,308 [INFO] RENAMED  : c0d37aeb-57ef-410b-9fcd-5089625dcf4c_motor_cab.xlsx -> COIMBATORE (WEST) RTO - TN99_motor_cab.xlsx
2026-05-25 08:03:56,325 [INFO] RENAMED  : c17a0e43-7d96-4805-a9b6-255c445ab769_motor_car.xlsx -> THIRUTHURAIPOONDI UO - TN630_motor_car.xlsx
2026-05-25 08:03:56,340 [INFO] RENAMED  : c1a70c06-2128-4d05-adf8-4981fb26ec39_motor_cab.xlsx -> COIMBATORE (SOUTH) RTO - TN37_motor_cab.xlsx
2026-05-25 08:03:56,357 [INFO] RENAMED  : c1c36fd9-20fd-4c23-a1b8-e360c4c5f1fd_motor_car.xlsx -> JAMKHANDI  ARTO - KA48_motor_car.xlsx
2026-05-25 08:03:56,372 [INFO] RENAMED  : c274eea2-b451-41f6-b1fa-88b554332961_motor_cab.xlsx -> BENGALURU WEST  RTO - KA2_motor_cab.xlsx
2026-05-25 08:03:56,390 [INFO] RENAMED  : c2add650-a4ac-4f17-95bd-369843a10ac0_motor_car.xlsx -> RANIBENNUR ARTO - KA68_motor_car.xlsx
2026-05-25 08:03:56,404 [INFO] RENAMED  : c2e8e3a5-7206-4d51-b12c-6a8f36d4435e_motor_car.xlsx -> TC OFFICE - STA OFFICE - KL99_motor_car.xlsx
2026-05-25 08:03:56,421 [INFO] RENAMED  : c46892c9-674d-4eab-8c63-796b9f992936_motor_car.xlsx -> TIRUVARUR RTO - TN50_motor_car.xlsx
2026-05-25 08:03:56,437 [INFO] RENAMED  : c51bc350-213f-40ec-948b-59b7c25ad64c_motor_cab.xlsx -> POLLACHI RTO - TN41_motor_cab.xlsx
2026-05-25 08:03:56,454 [INFO] RENAMED  : c5492e2c-1340-457b-87a3-7b185de2e614_motor_car.xlsx -> KOZHIKODE RTO - KL11_motor_car.xlsx
2026-05-25 08:03:56,471 [INFO] RENAMED  : c596b1d0-b69b-4f27-bf6a-9eef5a0155fc_motor_car.xlsx -> KOTHAMANGALAM SRTO - KL44_motor_car.xlsx
2026-05-25 08:03:56,488 [INFO] RENAMED  : c59ed87d-7074-4af0-b1ae-fb23ef21eb86_motor_cab.xlsx -> METTUPALAYAM RTO - TN40_motor_cab.xlsx
2026-05-25 08:03:56,504 [INFO] RENAMED  : c5a5c1fb-bf78-43f1-abf4-80f14fe81c6c_motor_car.xlsx -> USILAMPATTI UO - TN636_motor_car.xlsx
2026-05-25 08:03:56,522 [INFO] RENAMED  : c63cb9a1-5d93-457b-94b6-d5b19b655f8a_motor_car.xlsx -> THIRUCHENDUR RTO - TN606_motor_car.xlsx
2026-05-25 08:03:56,538 [INFO] RENAMED  : c6bf96ef-8101-4c76-b671-6b29606f0ae2_motor_cab.xlsx -> PATTAMBI SRTO - KL52_motor_cab.xlsx
2026-05-25 08:03:56,554 [INFO] RENAMED  : c75088bb-05ad-4bdf-b9f2-2d117ad16066_motor_cab.xlsx -> VADIPATTI UO - TN599_motor_cab.xlsx
2026-05-25 08:03:56,571 [INFO] RENAMED  : c808d10e-be90-4eb7-b3ce-2a6c08cd6e24_motor_car.xlsx -> KARUNAGAPPALLY SRTO - KL23_motor_car.xlsx
2026-05-25 08:03:56,587 [INFO] RENAMED  : c9316f4e-e4bd-46de-80b5-0c2d533a0eb5_motor_cab.xlsx -> BIDAR  RTO - KA38_motor_cab.xlsx
2026-05-25 08:03:56,602 [INFO] RENAMED  : c942f1ac-f02f-42c0-b753-6c34702ddda8_motor_car.xlsx -> RASIPURAM UO - TN526_motor_car.xlsx
2026-05-25 08:03:56,617 [INFO] RENAMED  : c95ca256-fe76-4256-9b96-a09ca055bc62_motor_cab.xlsx -> MADIKERI  RTO - KA12_motor_cab.xlsx
2026-05-25 08:03:56,635 [INFO] RENAMED  : c98c3c0c-20e4-4f5f-ba1b-0ac2c626d82b_motor_cab.xlsx -> PARAMAKUDI UO - TN603_motor_cab.xlsx
2026-05-25 08:03:56,650 [INFO] RENAMED  : ca11c954-308b-4487-aebc-06c0e614fce1_motor_car.xlsx -> NATHAM UO - TN640_motor_car.xlsx
2026-05-25 08:03:56,666 [INFO] RENAMED  : ca19ad1a-fc15-4ad1-85b6-88ed7d866cec_motor_cab.xlsx -> THIRUVALLA SRTO - KL27_motor_cab.xlsx
2026-05-25 08:03:56,682 [INFO] RENAMED  : ca8c6cb0-f7f6-44fe-8dc9-ae9fd9c7572b_motor_cab.xlsx -> VEDACHANDUR UO - TN617_motor_cab.xlsx
2026-05-25 08:03:56,698 [INFO] RENAMED  : cb326b9f-a827-4fa1-906a-d4f319567d4d_motor_cab.xlsx -> THENI RTO - TN60_motor_cab.xlsx
2026-05-25 08:03:56,716 [INFO] RENAMED  : cbe7b9a9-b4cb-4301-8b7e-722298af73e8_motor_car.xlsx -> THIRUR SRTO - KL55_motor_car.xlsx
2026-05-25 08:03:56,732 [INFO] RENAMED  : cc0243bf-66de-4cbd-82bd-73df83f16405_motor_car.xlsx -> SRIPERUMBUDUR RTO - TN614_motor_car.xlsx
2026-05-25 08:03:56,748 [INFO] RENAMED  : cc1a953a-4e15-4995-ad5a-690b904cf656_motor_cab.xlsx -> TARIKERE, CHIKKAMAGALURU ARTO - KA66_motor_cab.xlsx
2026-05-25 08:03:56,811 [INFO] RENAMED  : cc3576f9-edd9-4fee-a598-c6c014093ac4_motor_car.xlsx -> COIMBATORE (CENTRAL) RTO - TN66_motor_car.xlsx
2026-05-25 08:03:56,828 [INFO] RENAMED  : cc484a74-839c-4106-b3b6-2b03f72394f7_motor_car.xlsx -> GUMMIDIPOONDI UO - TN625_motor_car.xlsx
2026-05-25 08:03:56,845 [INFO] RENAMED  : cc7ac3c9-e683-4ffb-a0fb-8762c2881ed2_motor_car.xlsx -> MADURAI (SOUTH) RTO - TN58_motor_car.xlsx
2026-05-25 08:03:56,860 [INFO] RENAMED  : cd550bec-8738-4a31-a624-d47817726331_motor_cab.xlsx -> KRISHNAGIRI RTO - TN24_motor_cab.xlsx
2026-05-25 08:03:56,877 [INFO] RENAMED  : cd5e6be2-2513-4154-bb4d-daf4f06a759c_motor_car.xlsx -> SHIMOGA  RTO - KA14_motor_car.xlsx
2026-05-25 08:03:56,892 [INFO] RENAMED  : cd833e9e-fbc7-4c5a-9a56-20bb5579d42f_motor_cab.xlsx -> THIRUR SRTO - KL55_motor_cab.xlsx
2026-05-25 08:03:56,906 [INFO] RENAMED  : cd886b7e-9f6c-45e6-9d6d-5b81bf5de204_motor_cab.xlsx -> ANGAMALI SRTO - KL63_motor_cab.xlsx
2026-05-25 08:03:56,921 [INFO] RENAMED  : cdd9fcf8-46d2-4afa-9cfe-ea0b1167a1e4_motor_cab.xlsx -> KUNNATHUR SRTO - KL61_motor_cab.xlsx
2026-05-25 08:03:56,936 [INFO] RENAMED  : cdea9356-be8b-4b32-a54e-a82ec403749b_motor_cab.xlsx -> PATHANAPURAM SRTO - KL80_motor_cab.xlsx
2026-05-25 08:03:56,954 [INFO] RENAMED  : cec1219a-3236-4847-a21f-27f6e1671883_motor_car.xlsx -> BENGALURU SOUTH  RTO - KA5_motor_car.xlsx
2026-05-25 08:03:56,970 [INFO] RENAMED  : cf153c2f-b14c-4048-a92d-aad3cf9742b3_motor_car.xlsx -> ALANGULAM UO - TN644_motor_car.xlsx
2026-05-25 08:03:56,987 [INFO] RENAMED  : cf3c0330-b93e-480d-8a68-389d8846464b_motor_car.xlsx -> PARASSALA SRTO - KL19_motor_car.xlsx
2026-05-25 08:03:57,004 [INFO] RENAMED  : cf551905-f51a-485e-94a0-fe6b235f491c_motor_car.xlsx -> SULUR UO - TN620_motor_car.xlsx
2026-05-25 08:03:57,020 [INFO] RENAMED  : cf5a73b9-e14f-43aa-8fd1-5b2b28f60a2d_motor_cab.xlsx -> NORTH PARUR SRTO - KL42_motor_cab.xlsx
2026-05-25 08:03:57,037 [INFO] RENAMED  : cfb75db2-0fb3-49e2-903b-1b25688c949d_motor_car.xlsx -> CHADAYAMANGALA SRTO - KL82_motor_car.xlsx
2026-05-25 08:03:57,052 [INFO] RENAMED  : d09736ca-20d9-418f-aeb4-12990e64785f_motor_cab.xlsx -> KARAIKUDI UO - TN602_motor_cab.xlsx
2026-05-25 08:03:57,067 [INFO] RENAMED  : d0e8fbcf-7dfb-4812-b8c0-fb5406536edf_motor_cab.xlsx -> RAMANATTUKARA (FEROKE) SRTO - KL85_motor_cab.xlsx
2026-05-25 08:03:57,085 [INFO] RENAMED  : d12082bc-5c52-466b-82d4-85cc6b09e1c3_motor_car.xlsx -> CHITTUR SRTO - KL70_motor_car.xlsx
2026-05-25 08:03:57,100 [INFO] RENAMED  : d1cdcbff-fcbc-4fff-b2c8-d8df0a2e8df2_motor_cab.xlsx -> MUVATTUPUZHA RTO - KL17_motor_cab.xlsx
2026-05-25 08:03:57,115 [INFO] RENAMED  : d245d68b-79b6-4486-872e-dbefb6e443b0_motor_car.xlsx -> BAILHONGAL  RTO - KA24_motor_car.xlsx
2026-05-25 08:03:57,134 [INFO] RENAMED  : d2634dfe-e321-4a5d-bbde-0eeccbd965a1_motor_car.xlsx -> TIRUVERANBUR UO - TN583_motor_car.xlsx
2026-05-25 08:03:57,151 [INFO] RENAMED  : d369b340-1934-470d-b0e3-100efacae906_motor_car.xlsx -> TIRUVALLUR RTO - TN20_motor_car.xlsx
2026-05-25 08:03:57,165 [INFO] RENAMED  : d3848dcd-0908-431e-84d8-9587ebb8ba83_motor_cab.xlsx -> CHALAKKUDY SRTO - KL64_motor_cab.xlsx
2026-05-25 08:03:57,183 [INFO] RENAMED  : d3a50c4f-7255-4c77-9c5b-1b00d53a7c83_motor_car.xlsx -> CHICKABALLAPUR  RTO - KA40_motor_car.xlsx
2026-05-25 08:03:57,200 [INFO] RENAMED  : d445389a-01fe-406a-a3b9-f813d0ff2297_motor_cab.xlsx -> TAMBARAM RTO - TN513_motor_cab.xlsx
2026-05-25 08:03:57,215 [INFO] RENAMED  : d495fe70-4d71-4ab2-8f42-ee62679633c2_motor_cab.xlsx -> TC OFFICE - STA OFFICE - KL99_motor_cab.xlsx
2026-05-25 08:03:57,230 [INFO] RENAMED  : d4b3ca0a-5ac2-48b6-a723-8d082e5d55fb_motor_cab.xlsx -> TIRUPPUR (SOUTH) RTO - TN42_motor_cab.xlsx
2026-05-25 08:03:57,248 [INFO] RENAMED  : d4ea9eae-71a0-4597-ab1a-f1103df5db46_motor_car.xlsx -> UTHAMAPALAYAM UO - TN601_motor_car.xlsx
2026-05-25 08:03:57,264 [INFO] RENAMED  : d5d1ca77-0fe8-4b2f-a8df-4bbc034c5a0e_motor_car.xlsx -> NORTH PARUR SRTO - KL42_motor_car.xlsx
2026-05-25 08:03:57,279 [INFO] RENAMED  : d6618c00-c073-4058-9b46-1ff5185d8d78_motor_cab.xlsx -> AMBUR UO - TN628_motor_cab.xlsx
2026-05-25 08:03:57,297 [INFO] RENAMED  : d6773ffe-73fb-417b-aeff-8af317cdb38b_motor_car.xlsx -> PERAMBALUR RTO - TN46_motor_car.xlsx
2026-05-25 08:03:57,312 [INFO] RENAMED  : d69a11c4-ae22-4d70-873b-5bc858857853_motor_cab.xlsx -> ATHANI ARTO - KA71_motor_cab.xlsx
2026-05-25 08:03:57,329 [INFO] RENAMED  : d734f37a-c2cd-4cbb-a244-92bb4ed3a089_motor_car.xlsx -> TRIPUNITHURA SRTO - KL39_motor_car.xlsx
2026-05-25 08:03:57,347 [INFO] RENAMED  : d7cdd54a-02af-4b41-a87b-0517c47d9589_motor_car.xlsx -> AMBATTUR RTO - TN612_motor_car.xlsx
2026-05-25 08:03:57,361 [INFO] RENAMED  : d7f8506e-5aeb-4fbe-8c79-a7ee643b1f1b_motor_cab.xlsx -> KARUR RTO - TN47_motor_cab.xlsx
2026-05-25 08:03:57,378 [INFO] RENAMED  : d8108fe5-8ad7-4f69-acf1-89b7d73b5bdf_motor_car.xlsx -> NILAMBUR SRTO - KL71_motor_car.xlsx
2026-05-25 08:03:57,395 [INFO] RENAMED  : d81b0796-4807-4c1a-b726-ebfe85de0b0f_motor_cab.xlsx -> POONAMALLEE RTO - TN511_motor_cab.xlsx
2026-05-25 08:03:57,412 [INFO] RENAMED  : d867a496-6e71-4dcf-94e7-9e63851279af_motor_car.xlsx -> DAVANAGERE  RTO - KA17_motor_car.xlsx
2026-05-25 08:03:57,429 [INFO] RENAMED  : d8bf17e8-15b8-44fa-b20f-84625a54db7f_motor_cab.xlsx -> ERODE (WEST) RTO - TN86_motor_cab.xlsx
2026-05-25 08:03:57,444 [INFO] RENAMED  : d96a0f8a-a849-4b69-b779-24fb8e529c8e_motor_cab.xlsx -> CUDDALORE RTO - TN31_motor_cab.xlsx
2026-05-25 08:03:57,459 [INFO] RENAMED  : d9b15f8a-a5c7-4bd9-87c9-46ed09a8305d_motor_cab.xlsx -> UDUPI  RTO - KA20_motor_cab.xlsx
2026-05-25 08:03:57,474 [INFO] RENAMED  : d9e98d9d-7457-45b0-8123-fb7f13ceef9c_motor_cab.xlsx -> CHENNAI (SOUTH-EAST) RTO - TN6_motor_cab.xlsx
2026-05-25 08:03:57,516 [INFO] RENAMED  : d9f21b04-e6bb-4556-91b4-a6bcfdf475a4_motor_car.xlsx -> ARIYALUR RTO - TN61_motor_car.xlsx
2026-05-25 08:03:57,532 [INFO] RENAMED  : da74ac0f-dedb-4438-b74a-28bbf30f93be_motor_cab.xlsx -> TIRUPPUR (NORTH) RTO - TN39_motor_cab.xlsx
2026-05-25 08:03:57,549 [INFO] RENAMED  : dac1f4b5-48ee-4be7-8902-d275c97e8842_motor_car.xlsx -> PERINTHALMANNA SRTO - KL53_motor_car.xlsx
2026-05-25 08:03:57,565 [INFO] RENAMED  : dacafcc1-c38f-4abd-83dd-0859e760509e_motor_cab.xlsx -> THRISSUR RTO - KL8_motor_cab.xlsx
2026-05-25 08:03:57,581 [INFO] RENAMED  : db27608c-66a0-4e6f-9fb9-927948e9e410_motor_cab.xlsx -> KUNDRATHUR RTO - TN85_motor_cab.xlsx
2026-05-25 08:03:57,597 [INFO] RENAMED  : db4a2d06-212a-4763-81ab-eb9484b5e79a_motor_car.xlsx -> CHERTHALA SRTO - KL32_motor_car.xlsx
2026-05-25 08:03:57,613 [INFO] RENAMED  : db84b5d0-b243-45f3-8de4-9881d2466a6e_motor_car.xlsx -> MATTANCHERRY SRTO - KL43_motor_car.xlsx
2026-05-25 08:03:57,630 [INFO] RENAMED  : dc3fac65-ca8b-4c33-a6c9-b74e83a9a466_motor_car.xlsx -> SAKALESHPURA  ARTO - KA46_motor_car.xlsx
2026-05-25 08:03:57,692 [INFO] RENAMED  : dc568f9c-3738-49f1-b08f-f3ae3b629e97_motor_cab.xlsx -> RAICHUR  RTO - KA36_motor_cab.xlsx
2026-05-25 08:03:57,707 [INFO] RENAMED  : dc9beff4-5f86-4eb4-8b3c-064a041657b0_motor_cab.xlsx -> ARANTHANGI UO - TN592_motor_cab.xlsx
2026-05-25 08:03:57,723 [INFO] RENAMED  : de97c125-f2f7-46e3-bfbc-c898e65417d6_motor_car.xlsx -> CHENNAI (WEST) RTO - TN9_motor_car.xlsx
2026-05-25 08:03:57,741 [INFO] RENAMED  : deb25924-9710-4793-9971-825d1cfb31d1_motor_car.xlsx -> METTUPALAYAM RTO - TN40_motor_car.xlsx
2026-05-25 08:03:57,757 [INFO] RENAMED  : df637ea9-da28-415b-941c-81b13d0a5a6b_motor_car.xlsx -> KANGEYAM UO - TN593_motor_car.xlsx
2026-05-25 08:03:57,777 [INFO] RENAMED  : e067c8af-a06f-428b-98c3-266d42d8208c_motor_car.xlsx -> MALAPPURAM RTO - KL10_motor_car.xlsx
2026-05-25 08:03:57,793 [INFO] RENAMED  : e0c4432d-217f-4600-8c2a-68dc8b5e5d3c_motor_cab.xlsx -> KODUNGALLUR SRTO - KL47_motor_cab.xlsx
2026-05-25 08:03:57,810 [INFO] RENAMED  : e0e97828-040f-4c7c-ab1a-51ac516daa9a_motor_cab.xlsx -> SIVAKASI RTO - TN604_motor_cab.xlsx
2026-05-25 08:03:57,828 [INFO] RENAMED  : e14b920e-823c-4e13-b2bf-b9e81e3139ad_motor_car.xlsx -> COIMBATORE (SOUTH) RTO - TN37_motor_car.xlsx
2026-05-25 08:03:57,843 [INFO] RENAMED  : e3231d13-9cd2-4508-8a05-e91c1c6eae13_motor_cab.xlsx -> ADOOR SRTO - KL26_motor_cab.xlsx
2026-05-25 08:03:57,858 [INFO] RENAMED  : e3dfdee8-4ea3-4af1-b983-d08d27b0a804_motor_cab.xlsx -> SRIVILLIPUTHUR RTO - TN605_motor_cab.xlsx
2026-05-25 08:03:57,876 [INFO] RENAMED  : e3e74149-8e1e-4718-82be-fdedcaf8df36_motor_car.xlsx -> KODUNGALLUR SRTO - KL47_motor_car.xlsx
2026-05-25 08:03:57,892 [INFO] RENAMED  : e3fcc24a-be52-4c3c-9f81-cdb9cf18a61d_motor_car.xlsx -> TARIKERE, CHIKKAMAGALURU ARTO - KA66_motor_car.xlsx
2026-05-25 08:03:57,908 [INFO] RENAMED  : e6424603-1b71-49c1-a4da-4a4b6e9c5238_motor_car.xlsx -> DHARAPURAM RTO - TN594_motor_car.xlsx
2026-05-25 08:03:57,925 [INFO] RENAMED  : e6d4dff2-3d06-48b0-98e3-452b556f7c2b_motor_car.xlsx -> YALAHANKA  RTO - KA50_motor_car.xlsx
2026-05-25 08:03:57,941 [INFO] RENAMED  : e826d0ad-3fb5-46c5-aecf-ac06198bc736_motor_car.xlsx -> VANDIPERIYAR SRTO - KL37_motor_car.xlsx
2026-05-25 08:03:57,958 [INFO] RENAMED  : e839b197-b540-49d0-8e5e-80d5339422f9_motor_car.xlsx -> SATHYAMANGALAM UO - TN579_motor_car.xlsx
2026-05-25 08:03:57,974 [INFO] RENAMED  : e846c996-9e10-4e1f-991c-b8914843f0be_motor_car.xlsx -> DHARWAD EAST RTO - KA63_motor_car.xlsx
2026-05-25 08:03:57,990 [INFO] RENAMED  : e87c36c5-869c-4e15-9698-0c30c48653e8_motor_car.xlsx -> PATHANAPURAM SRTO - KL80_motor_car.xlsx
2026-05-25 08:03:58,006 [INFO] RENAMED  : e9285efa-105e-4f30-aa31-c81a23ff1062_motor_cab.xlsx -> MELUR UO - TN600_motor_cab.xlsx
2026-05-25 08:03:58,022 [INFO] RENAMED  : e995be07-f9ee-4c1d-af1f-4d689c1db7a2_motor_cab.xlsx -> NILAMBUR SRTO - KL71_motor_cab.xlsx
2026-05-25 08:03:58,038 [INFO] RENAMED  : e9b40d00-b4eb-4bda-b30e-9ffc24d9cd52_motor_cab.xlsx -> TIRUNELVELI RTO - TN72_motor_cab.xlsx
2026-05-25 08:03:58,052 [INFO] RENAMED  : e9eb04ab-4f3f-47a9-9041-cccd57da3638_motor_cab.xlsx -> SATHYAMANGALAM UO - TN579_motor_cab.xlsx
2026-05-25 08:03:58,068 [INFO] RENAMED  : ea748ad5-3bbe-4bbc-8d9e-e43fb526602e_motor_cab.xlsx -> CHIKKODI  RTO - KA23_motor_cab.xlsx
2026-05-25 08:03:58,084 [INFO] RENAMED  : eaca45ce-5f0a-424a-a430-e8f63a5a7077_motor_cab.xlsx -> VADAKARA RTO - KL18_motor_cab.xlsx
2026-05-25 08:03:58,099 [INFO] RENAMED  : eb128ed5-972e-42a9-ba14-c319510ed3d9_motor_cab.xlsx -> KOTTARAKKARA SRTO - KL24_motor_cab.xlsx
2026-05-25 08:03:58,115 [INFO] RENAMED  : ebae61af-e7a1-4472-9c74-c5c2fa6d93a3_motor_car.xlsx -> NAGAPATTINAM RTO - TN51_motor_car.xlsx
2026-05-25 08:03:58,130 [INFO] RENAMED  : ebb5f7f1-f2d8-4f1d-a5ed-c993ef5facc0_motor_cab.xlsx -> PERINTHALMANNA SRTO - KL53_motor_cab.xlsx
2026-05-25 08:03:58,146 [INFO] RENAMED  : ec93234a-b041-46aa-a526-e2e04ed8c7b7_motor_car.xlsx -> RAMDURGA ARTO - KA69_motor_car.xlsx
2026-05-25 08:03:58,161 [INFO] RENAMED  : ed449fb3-8dc4-4c9f-8b80-86b1171dff14_motor_cab.xlsx -> VALLIYUR UO - TN608_motor_cab.xlsx
2026-05-25 08:03:58,178 [INFO] RENAMED  : ed67ebfe-0a64-4dee-b93a-85e5314b49d0_motor_car.xlsx -> THALIPARAMBA SRTO - KL59_motor_car.xlsx
2026-05-25 08:03:58,194 [INFO] RENAMED  : ed6dde8b-7047-4c28-be96-e0ea0212516e_motor_cab.xlsx -> HASSAN  RTO - KA13_motor_cab.xlsx
2026-05-25 08:03:58,210 [INFO] RENAMED  : edb7b639-ad7e-4cb9-a8d4-ad102e7dbe3d_motor_car.xlsx -> YADGIRI  RTO - KA33_motor_car.xlsx
2026-05-25 08:03:58,225 [INFO] RENAMED  : edde74e9-5b90-4834-a5b9-96e1945531cc_motor_cab.xlsx -> BAHOUR - PY11_motor_cab.xlsx
2026-05-25 08:03:58,240 [INFO] RENAMED  : ee32dae5-7dbf-474f-995b-9c254f32d241_motor_cab.xlsx -> NAMAKKAL (NORTH) RTO - TN28_motor_cab.xlsx
2026-05-25 08:03:58,256 [INFO] RENAMED  : ee4909c3-838e-4e04-9d08-64b784a8d4fd_motor_cab.xlsx -> SULUR UO - TN620_motor_cab.xlsx
2026-05-25 08:03:58,272 [INFO] RENAMED  : eed645e9-0693-48e3-980b-50285a6492aa_motor_car.xlsx -> VALAPPADI UO - TN613_motor_car.xlsx
2026-05-25 08:03:58,287 [INFO] RENAMED  : ef8a3c2a-b72d-4edc-bffe-588dd86d737f_motor_cab.xlsx -> TIRUCHENGODE RTO - TN34_motor_cab.xlsx
2026-05-25 08:03:58,302 [INFO] RENAMED  : f0093bd1-40ae-4b5a-9748-0b31fd6f1d8e_motor_cab.xlsx -> IDUKKI RTO - KL6_motor_cab.xlsx
2026-05-25 08:03:58,319 [INFO] RENAMED  : f01a3a6b-5c4d-4f7c-93cf-b2da36c3de98_motor_car.xlsx -> MAHE - PY3_motor_car.xlsx
2026-05-25 08:03:58,335 [INFO] RENAMED  : f02a489a-b4a3-41e3-ad33-d759ae3b7550_motor_car.xlsx -> ALATHUR SRTO - KL49_motor_car.xlsx
2026-05-25 08:03:58,351 [INFO] RENAMED  : f05ef127-3522-46e6-805e-03771388426b_motor_cab.xlsx -> UDUMBANCHOLA SRTO - KL69_motor_cab.xlsx
2026-05-25 08:03:58,366 [INFO] RENAMED  : f0812251-6695-449c-9201-28a7c7c4bf50_motor_cab.xlsx -> PARASSALA SRTO - KL19_motor_cab.xlsx
2026-05-25 08:03:58,381 [INFO] RENAMED  : f09148bf-a10a-40d0-9586-644755508ead_motor_cab.xlsx -> MADURANTAGAM UO - TN508_motor_cab.xlsx
2026-05-25 08:03:58,398 [INFO] RENAMED  : f0f0f39b-f672-4e9f-ada0-d4626241b26b_motor_cab.xlsx -> PATHANAMTHITTA RTO - KL3_motor_cab.xlsx
2026-05-25 08:03:58,415 [INFO] RENAMED  : f1288a82-2542-4a8e-b7cd-77a72ad6419a_motor_car.xlsx -> TIRUPPUR (SOUTH) RTO - TN42_motor_car.xlsx
2026-05-25 08:03:58,430 [INFO] RENAMED  : f14e8019-ffb3-49d3-8523-27c91560fdd3_motor_car.xlsx -> TIPTUR  ARTO - KA44_motor_car.xlsx
2026-05-25 08:03:58,449 [INFO] RENAMED  : f1d14b56-dab1-4412-bc94-f4b1c66dddf6_motor_car.xlsx -> CHENNAI (SOUTH-WEST) RTO - TN10_motor_car.xlsx
2026-05-25 08:03:58,463 [INFO] RENAMED  : f1ef57e8-800b-487d-864d-ec973a8a6abb_motor_cab.xlsx -> CHANDAPURA, BENGALURU RTO - KA59_motor_cab.xlsx
2026-05-25 08:03:58,479 [INFO] RENAMED  : f3aab024-63eb-415b-976e-c0e650028f0a_motor_cab.xlsx -> NAGAPATTINAM RTO - TN51_motor_cab.xlsx
2026-05-25 08:03:58,496 [INFO] RENAMED  : f482a6ea-1dd3-4507-ad56-5f8756f1c8a3_motor_car.xlsx -> TENKASI RTO - TN76_motor_car.xlsx
2026-05-25 08:03:58,513 [INFO] RENAMED  : f525185f-3155-4a48-b813-aa23c740b8b8_motor_car.xlsx -> AMBASAMUTHIRAM UO - TN611_motor_car.xlsx
2026-05-25 08:03:58,530 [INFO] RENAMED  : f57c31af-08ff-47bd-922a-b93780175977_motor_car.xlsx -> KASARGODE RTO - KL14_motor_car.xlsx
2026-05-25 08:03:58,544 [INFO] RENAMED  : f5a691f5-23a2-4291-a1b5-b53b210fe288_motor_cab.xlsx -> YANAM - PY4_motor_cab.xlsx
2026-05-25 08:03:58,560 [INFO] RENAMED  : f5d1c722-0834-47bd-9927-9d3d5d780d0f_motor_cab.xlsx -> GUDALORE UO - TN582_motor_cab.xlsx
2026-05-25 08:03:58,575 [INFO] RENAMED  : f5e299d3-fcaf-4d09-bd2e-7a9f12eddfd7_motor_cab.xlsx -> CHENGALPATTU RTO - TN19_motor_cab.xlsx
2026-05-25 08:03:58,592 [INFO] RENAMED  : f5e390fa-12b9-4b18-8cc6-2e5579f5f984_motor_cab.xlsx -> SHIMOGA  RTO - KA14_motor_cab.xlsx
2026-05-25 08:03:58,608 [INFO] RENAMED  : f5eb0e35-6392-4f63-b32f-ae3e8320df47_motor_cab.xlsx -> BIJAPUR  RTO - KA28_motor_cab.xlsx
2026-05-25 08:03:58,622 [INFO] RENAMED  : f62a1978-c8c9-414e-86ed-185cc00b5dee_motor_cab.xlsx -> RASIPURAM UO - TN526_motor_cab.xlsx
2026-05-25 08:03:58,639 [INFO] RENAMED  : f672821a-796a-4f17-84fa-15a1d72dae07_motor_car.xlsx -> TUMKUR  RTO - KA6_motor_car.xlsx
2026-05-25 08:03:58,654 [INFO] RENAMED  : f6b45b2d-f78b-4619-81f1-383833f7c645_motor_cab.xlsx -> HOSUR RTO - TN70_motor_cab.xlsx
2026-05-25 08:03:58,671 [INFO] RENAMED  : f6dfa206-d2d7-41f5-a285-21024d1f74ca_motor_cab.xlsx -> TIRUVARUR RTO - TN50_motor_cab.xlsx
2026-05-25 08:03:58,687 [INFO] RENAMED  : f6e8268c-ea62-47e8-be3a-43816a01f685_motor_car.xlsx -> BAGALKOT  RTO - KA29_motor_car.xlsx
2026-05-25 08:03:58,701 [INFO] RENAMED  : f7185e37-d9cc-4dc1-b9e1-4d06e33364e4_motor_cab.xlsx -> SALEM (SOUTH) RTO - TN90_motor_cab.xlsx
2026-05-25 08:03:58,718 [INFO] RENAMED  : f753d16e-d9e4-49c3-baf9-ca01f75062df_motor_car.xlsx -> MADURAI (CENTRAL) RTO - TN64_motor_car.xlsx
2026-05-25 08:03:58,733 [INFO] RENAMED  : f7a90415-a71e-41ae-b36f-6655601c9292_motor_cab.xlsx -> MANNARGHAT SRTO - KL50_motor_cab.xlsx
2026-05-25 08:03:58,750 [INFO] RENAMED  : f80b07b1-e3a0-4a3a-ba35-a2dc09506eb1_motor_car.xlsx -> ATTINGAL RTO - KL16_motor_car.xlsx
2026-05-25 08:03:58,813 [INFO] RENAMED  : f82b077b-6f77-4b97-9d5f-31acc2543f9a_motor_car.xlsx -> DANDELI ARTO - KA65_motor_car.xlsx
2026-05-25 08:03:58,830 [INFO] RENAMED  : f83c3cd3-1876-4baa-b3f3-5aa1a0fa8945_motor_cab.xlsx -> VIRUDHACHALAM UO - TN553_motor_cab.xlsx
2026-05-25 08:03:58,847 [INFO] RENAMED  : f87b1fee-b1dd-4fb0-a4ce-e6f23e444659_motor_car.xlsx -> PERAMBRA SRTO - KL77_motor_car.xlsx
2026-05-25 08:03:58,865 [INFO] RENAMED  : f9462120-ab5a-4221-a93a-cc166b6403f9_motor_cab.xlsx -> CHENNAI (NORTH-EAST) RTO - TN3_motor_cab.xlsx
2026-05-25 08:03:58,880 [INFO] RENAMED  : f967d55f-d678-4c3c-baed-ddf6c8fd1aa0_motor_cab.xlsx -> SALEM (WEST) RTO - TN30_motor_cab.xlsx
2026-05-25 08:03:58,899 [INFO] RENAMED  : f9a6241a-0343-46b8-9c84-3858b2162bfe_motor_car.xlsx -> PALACODE UO - TN616_motor_car.xlsx
2026-05-25 08:03:58,913 [INFO] RENAMED  : f9ee3f1c-af18-4442-bf3e-e472a269ad3b_motor_cab.xlsx -> WAYANAD RTO - KL12_motor_cab.xlsx
2026-05-25 08:03:58,927 [INFO] RENAMED  : fa353f18-c21f-4045-9d6f-b3b152cf663e_motor_cab.xlsx -> SAGAR  ARTO - KA15_motor_cab.xlsx
2026-05-25 08:03:58,944 [INFO] RENAMED  : fa420ff5-f5c3-4525-9cf1-f6b66e98e0f8_motor_car.xlsx -> SALEM (EAST) RTO - TN54_motor_car.xlsx
2026-05-25 08:03:58,961 [INFO] RENAMED  : fab0d032-9dde-44c7-8e58-00b1fa8391ed_motor_car.xlsx -> PALANI RTO - TN597_motor_car.xlsx
2026-05-25 08:03:58,977 [INFO] RENAMED  : fadc949a-c80b-4f80-89db-8137befa6533_motor_car.xlsx -> PERUMBAVUR SRTO - KL40_motor_car.xlsx
2026-05-25 08:03:58,995 [INFO] RENAMED  : fb041580-565d-4324-b1cc-b8cd72d9c5f7_motor_car.xlsx -> KOTTAYAM RTO - KL5_motor_car.xlsx
2026-05-25 08:03:59,012 [INFO] RENAMED  : fb2e7302-efe0-4706-8700-e76940cfc856_motor_car.xlsx -> KRISHNAGIRI RTO - TN24_motor_car.xlsx
2026-05-25 08:03:59,029 [INFO] RENAMED  : fbb4bcc4-6a49-478b-b988-e6f3f08555a9_motor_car.xlsx -> THRISSUR RTO - KL8_motor_car.xlsx
2026-05-25 08:03:59,045 [INFO] RENAMED  : fbbe1304-a405-40ab-9b71-1e4406103989_motor_car.xlsx -> NELAMANGALA  RTO - KA52_motor_car.xlsx
2026-05-25 08:03:59,061 [INFO] RENAMED  : fcf8c74a-65f5-4ff2-b06c-53939ef6cddc_motor_cab.xlsx -> NANMANDA SRTO - KL76_motor_cab.xlsx
2026-05-25 08:03:59,077 [INFO] RENAMED  : fd412a77-f79e-4e9d-9b50-a065819bfe3e_motor_cab.xlsx -> PANRUTI UO - TN626_motor_cab.xlsx
2026-05-25 08:03:59,093 [INFO] RENAMED  : fd6d9234-0eb5-4b5d-9b1a-58351ad81beb_motor_car.xlsx -> BENGALURU EAST  RTO - KA3_motor_car.xlsx
2026-05-25 08:03:59,111 [INFO] RENAMED  : fd8c57dc-b051-4e97-96c1-03a10e035076_motor_car.xlsx -> REGIONAL TRANSPORT OFFICE BELAGAVI - KA22_motor_car.xlsx
2026-05-25 08:03:59,127 [INFO] RENAMED  : fdc2bb1f-c389-4358-a685-80d8f7b48287_motor_car.xlsx -> KOLLAM RTO - KL2_motor_car.xlsx
2026-05-25 08:03:59,144 [INFO] RENAMED  : fef059de-81df-4b3e-add5-5e9d470dbd11_motor_car.xlsx -> OULGARET - PY5_motor_car.xlsx
2026-05-25 08:03:59,160 [INFO] RENAMED  : ffd61ea9-ac67-4d64-b3e5-630dbd675477_motor_car.xlsx -> VELLARIKUNDU SRTO - KL79_motor_car.xlsx
2026-05-25 08:03:59,169 [INFO] RENAMED  : reportTable.xlsx -> REDHILLS RTO - TN18_motor_car.xlsx
2026-05-25 08:03:59,170 [INFO] Done. ok=0 mismatch=0 renamed=623 no_header=0
2026-05-25 08:04:46,567 [INFO] RENAMED  : 65c0d375-a270-4f34-b636-1b4b0d2b69cc_motor_cab.xlsx -> ALANGULAM UO - TN644_motor_cab.xlsx
2026-05-25 08:04:50,208 [INFO] Done. ok=621 mismatch=0 renamed=1 no_header=0
