2026-05-26 08:05:15,332 [INFO] RENAMED  : 0014aaf7-2289-40b5-bdfb-906f0ab9a0be_motor_car.xlsx -> ALANGULAM UO - TN644_motor_car.xlsx
2026-05-26 08:05:15,348 [INFO] RENAMED  : 009c3376-2488-4281-b42c-5faf6d75e8dd_motor_cab.xlsx -> PATHANAMTHITTA RTO - KL3_motor_cab.xlsx
2026-05-26 08:05:15,364 [INFO] RENAMED  : 0133807b-54ea-4c5e-a71b-69a9f28b89a0_motor_car.xlsx -> MAHE - PY3_motor_car.xlsx
2026-05-26 08:05:15,380 [INFO] RENAMED  : 015fb5f2-c111-4a84-933e-4b5a879a695e_motor_cab.xlsx -> JNANABHARATHI  RTO - KA41_motor_cab.xlsx
2026-05-26 08:05:15,395 [INFO] RENAMED  : 0182eec3-1c29-457b-bc2b-193784a78fab_motor_cab.xlsx -> BAHOUR - PY11_motor_cab.xlsx
2026-05-26 08:05:15,411 [INFO] RENAMED  : 02308c8a-8cbd-4445-bc46-ed7d7c1ffb12_motor_cab.xlsx -> GINGEE UO - TN627_motor_cab.xlsx
2026-05-26 08:05:15,427 [INFO] RENAMED  : 02a64702-8ab2-4c30-b077-2f235ad1e68b_motor_cab.xlsx -> TIRUPPUR (SOUTH) RTO - TN42_motor_cab.xlsx
2026-05-26 08:05:15,442 [INFO] RENAMED  : 02e7b67c-0039-4224-bbbe-e29fc714f306_motor_cab.xlsx -> ALUVA SRTO - KL41_motor_cab.xlsx
2026-05-26 08:05:15,457 [INFO] RENAMED  : 03ad618d-0567-4fd8-81e9-191f48d5dff3_motor_cab.xlsx -> STU AND AUTORIKSHAW,  SHANTHINAGAR RTO - KA57_motor_cab.xlsx
2026-05-26 08:05:15,473 [INFO] RENAMED  : 04d58f2b-4576-49c1-8958-d0aaf650ce18_motor_car.xlsx -> UDUMBANCHOLA SRTO - KL69_motor_car.xlsx
2026-05-26 08:05:15,490 [INFO] RENAMED  : 051a5549-1ba6-45a6-8a85-f74db350ab54_motor_car.xlsx -> PARAMAKUDI UO - TN603_motor_car.xlsx
2026-05-26 08:05:15,508 [INFO] RENAMED  : 053609eb-ad07-489e-9043-71d501dbb8f4_motor_car.xlsx -> VANDIPERIYAR SRTO - KL37_motor_car.xlsx
2026-05-26 08:05:15,524 [INFO] RENAMED  : 05a87649-0aa1-4a42-bebe-73e4a784279b_motor_cab.xlsx -> ILLUPPUR UO - TN629_motor_cab.xlsx
2026-05-26 08:05:15,541 [INFO] RENAMED  : 064ced56-def4-4e9b-88ab-8ed16540c592_motor_car.xlsx -> NILAMBUR SRTO - KL71_motor_car.xlsx
2026-05-26 08:05:15,557 [INFO] RENAMED  : 073b3be4-f9dd-4169-a645-ba2b90fbc8dc_motor_car.xlsx -> ERODE (WEST) RTO - TN86_motor_car.xlsx
2026-05-26 08:05:15,573 [INFO] RENAMED  : 0742fa8e-d445-4e19-a2c8-4099b24bd82a_motor_cab.xlsx -> RANIPET RTO - TN73_motor_cab.xlsx
2026-05-26 08:05:15,591 [INFO] RENAMED  : 0756444d-3162-4c01-a94f-75552964f62f_motor_car.xlsx -> TRIPUNITHURA SRTO - KL39_motor_car.xlsx
2026-05-26 08:05:15,608 [INFO] RENAMED  : 07c4098b-abc2-4cc3-b7d7-c6627796a4ac_motor_car.xlsx -> TAMBARAM RTO - TN513_motor_car.xlsx
2026-05-26 08:05:15,624 [INFO] RENAMED  : 088ea6e1-2e08-479e-a8fc-d9ad2d24e89a_motor_car.xlsx -> POONAMALLEE RTO - TN511_motor_car.xlsx
2026-05-26 08:05:15,640 [INFO] RENAMED  : 08abd993-f7e4-4edb-ad66-c0cf631cb2a8_motor_cab.xlsx -> ARAKKONAM UO - TN609_motor_cab.xlsx
2026-05-26 08:05:15,657 [INFO] RENAMED  : 09268bc4-dfae-4c92-b3de-bcbddc90302b_motor_car.xlsx -> KANGEYAM UO - TN593_motor_car.xlsx
2026-05-26 08:05:15,673 [INFO] RENAMED  : 09291204-dd6a-480b-9741-34ebb775bb01_motor_cab.xlsx -> PATTUKOTTAI UNIT OFFICE - TN587_motor_cab.xlsx
2026-05-26 08:05:15,689 [INFO] RENAMED  : 095591f0-b81d-4712-a713-3ac03350c253_motor_cab.xlsx -> HASSAN  RTO - KA13_motor_cab.xlsx
2026-05-26 08:05:15,705 [INFO] RENAMED  : 0b250d35-2b6f-4de3-bf9a-23d931011087_motor_car.xlsx -> IRITTY SRTO - KL78_motor_car.xlsx
2026-05-26 08:05:15,763 [INFO] RENAMED  : 0c1b7144-5fa5-46d3-b8fd-920e4c5809b0_motor_cab.xlsx -> DHARMAPURI RTO - TN29_motor_cab.xlsx
2026-05-26 08:05:15,778 [INFO] RENAMED  : 0c3034d1-3f8a-4ec4-a26d-6c85fcd175c6_motor_cab.xlsx -> SIVAKASI RTO - TN604_motor_cab.xlsx
2026-05-26 08:05:15,794 [INFO] RENAMED  : 0cdeaf33-cb78-48d5-bd64-2cc21a988fb6_motor_cab.xlsx -> HOSUR RTO - TN70_motor_cab.xlsx
2026-05-26 08:05:15,810 [INFO] RENAMED  : 0d08f9d9-bfed-43a1-9e25-e56c41df3c38_motor_car.xlsx -> MANANTHAVADY SRTO - KL72_motor_car.xlsx
2026-05-26 08:05:15,826 [INFO] RENAMED  : 0da068bb-426d-4cc8-af77-30662ccc14f4_motor_car.xlsx -> BAHOUR - PY11_motor_car.xlsx
2026-05-26 08:05:15,842 [INFO] RENAMED  : 0e9e7c19-ae41-4518-ac75-97490c171328_motor_cab.xlsx -> MEENAMBAKKAM RTO - TN22_motor_cab.xlsx
2026-05-26 08:05:15,857 [INFO] RENAMED  : 0ebced2c-0370-430e-a48a-6d1c6107fe77_motor_cab.xlsx -> PERAMBRA SRTO - KL77_motor_cab.xlsx
2026-05-26 08:05:15,874 [INFO] RENAMED  : 0f25e76a-f9d0-4523-a3bc-4bbcf3bca30a_motor_car.xlsx -> THRIPRAYAR SRTO - KL75_motor_car.xlsx
2026-05-26 08:05:15,891 [INFO] RENAMED  : 0f6039d2-a16b-4ec6-998a-2f00471b2141_motor_car.xlsx -> ILLUPPUR UO - TN629_motor_car.xlsx
2026-05-26 08:05:15,907 [INFO] RENAMED  : 0fe5f5c7-2f38-4ba7-8a66-c44db40769a6_motor_car.xlsx -> BIDAR  RTO - KA38_motor_car.xlsx
2026-05-26 08:05:15,922 [INFO] RENAMED  : 10555440-e0d6-4374-bda4-6b2f803b283c_motor_cab.xlsx -> THIRUKALUKUNTRAM UO - TN639_motor_cab.xlsx
2026-05-26 08:05:15,940 [INFO] RENAMED  : 1077d564-7bf0-4531-b9ca-26947f9ddf37_motor_car.xlsx -> METTUPALAYAM RTO - TN40_motor_car.xlsx
2026-05-26 08:05:15,956 [INFO] RENAMED  : 10a10c5b-9b94-4867-8982-75b7ae47faf2_motor_car.xlsx -> DEVANAHALLI  ARTO - KA43_motor_car.xlsx
2026-05-26 08:05:15,973 [INFO] RENAMED  : 10d5b960-dcbe-4fc6-98d7-bfca4b9639aa_motor_car.xlsx -> KARUR RTO - TN47_motor_car.xlsx
2026-05-26 08:05:15,989 [INFO] RENAMED  : 11123255-fb7f-4846-8bc4-d1d5c51eb3df_motor_cab.xlsx -> TUMKUR  RTO - KA6_motor_cab.xlsx
2026-05-26 08:05:16,007 [INFO] RENAMED  : 118d1a73-aea2-4593-ac3f-99de2b6508c1_motor_car.xlsx -> ATTINGAL RTO - KL16_motor_car.xlsx
2026-05-26 08:05:16,022 [INFO] RENAMED  : 11d19338-e6be-41d2-8f25-b23f072d4c61_motor_car.xlsx -> CHAMARAJANAGAR  RTO - KA10_motor_car.xlsx
2026-05-26 08:05:16,038 [INFO] RENAMED  : 11fe24c0-037c-491e-adee-c04d67891c6c_motor_cab.xlsx -> PALANI RTO - TN597_motor_cab.xlsx
2026-05-26 08:05:16,052 [INFO] RENAMED  : 1350c3bc-e382-483a-89cf-b40666bea8b3_motor_cab.xlsx -> KUNNATHUR SRTO - KL61_motor_cab.xlsx
2026-05-26 08:05:16,068 [INFO] RENAMED  : 142838cd-b192-46e4-9e0b-544a50596a00_motor_cab.xlsx -> PERAMBALUR RTO - TN46_motor_cab.xlsx
2026-05-26 08:05:16,082 [INFO] RENAMED  : 14eee93e-c382-474a-9175-72b31706ff5f_motor_cab.xlsx -> DEVIKULAM SRTO - KL68_motor_cab.xlsx
2026-05-26 08:05:16,101 [INFO] RENAMED  : 1564a3da-4cde-488a-a0c9-145a272b473a_motor_car.xlsx -> AMBATTUR RTO - TN612_motor_car.xlsx
2026-05-26 08:05:16,117 [INFO] RENAMED  : 16321b0d-febd-44e1-8788-79a6b2edbaf0_motor_car.xlsx -> RAMANAGAR  RTO - KA42_motor_car.xlsx
2026-05-26 08:05:16,133 [INFO] RENAMED  : 16b1585f-ad07-4aae-84ab-e6ca29c0bfe4_motor_cab.xlsx -> CHAMARAJANAGAR  RTO - KA10_motor_cab.xlsx
2026-05-26 08:05:16,151 [INFO] RENAMED  : 16f98491-6ded-4cd0-b369-3ab6a3d66b6e_motor_car.xlsx -> BENGALURU WEST  RTO - KA2_motor_car.xlsx
2026-05-26 08:05:16,168 [INFO] RENAMED  : 17c24dc6-1377-4424-8a0f-0a2ed174331a_motor_car.xlsx -> MALAPPURAM RTO - KL10_motor_car.xlsx
2026-05-26 08:05:16,184 [INFO] RENAMED  : 1876754d-e307-475e-84b9-c861deeb2682_motor_car.xlsx -> THIRUKALUKUNTRAM UO - TN639_motor_car.xlsx
2026-05-26 08:05:16,199 [INFO] RENAMED  : 19bb368a-f819-4415-96a2-5ed1df33b749_motor_cab.xlsx -> PALAI SRTO - KL35_motor_cab.xlsx
2026-05-26 08:05:16,217 [INFO] RENAMED  : 19c802f6-1a91-411f-808e-45564602866d_motor_car.xlsx -> CHIKAMANGLUR RTO - KA18_motor_car.xlsx
2026-05-26 08:05:16,233 [INFO] RENAMED  : 1aed679e-a457-41e1-a4c4-82e8e88e8c7e_motor_cab.xlsx -> RAMANATHAPURAM RTO - TN65_motor_cab.xlsx
2026-05-26 08:05:16,248 [INFO] RENAMED  : 1bcb70c7-26ea-4bbb-b252-c807f82dacda_motor_cab.xlsx -> MADURANTAGAM UO - TN508_motor_cab.xlsx
2026-05-26 08:05:16,262 [INFO] RENAMED  : 1c400bef-52c0-489d-a70d-24e8f50e826d_motor_cab.xlsx -> IRITTY SRTO - KL78_motor_cab.xlsx
2026-05-26 08:05:16,280 [INFO] RENAMED  : 1c6733af-c112-46b6-a147-2067fe4af716_motor_cab.xlsx -> THOOTHUKUDI RTO - TN69_motor_cab.xlsx
2026-05-26 08:05:16,296 [INFO] RENAMED  : 1ce44126-0447-440a-a656-5c5512ae7b62_motor_car.xlsx -> OULGARET - PY5_motor_car.xlsx
2026-05-26 08:05:16,317 [INFO] RENAMED  : 1d2e5756-9906-4144-b9dd-e92cf210a2bb_motor_car.xlsx -> AMBUR UO - TN628_motor_car.xlsx
2026-05-26 08:05:16,335 [INFO] RENAMED  : 1d446833-8ec3-4282-a707-d71c11386311_motor_cab.xlsx -> ATHANI ARTO - KA71_motor_cab.xlsx
2026-05-26 08:05:16,351 [INFO] RENAMED  : 1e8e68bd-248b-46be-9eec-46299c64deeb_motor_cab.xlsx -> BAGALKOT  RTO - KA29_motor_cab.xlsx
2026-05-26 08:05:16,369 [INFO] RENAMED  : 1ebca40e-dbce-483c-9485-1cf02bd603d0_motor_car.xlsx -> THIRUVALLA SRTO - KL27_motor_car.xlsx
2026-05-26 08:05:16,386 [INFO] RENAMED  : 1ec718cf-f08c-46f8-b73e-4cf9438b00bc_motor_car.xlsx -> VELLARIKUNDU SRTO - KL79_motor_car.xlsx
2026-05-26 08:05:16,402 [INFO] RENAMED  : 205cb068-dc91-4fe3-b854-19662e46a2dd_motor_cab.xlsx -> SALEM (EAST) RTO - TN54_motor_cab.xlsx
2026-05-26 08:05:16,417 [INFO] RENAMED  : 20649f33-ccdf-45e3-ac67-6d36882624cd_motor_cab.xlsx -> KONDOTTY SRTO - KL84_motor_cab.xlsx
2026-05-26 08:05:16,435 [INFO] RENAMED  : 20aba460-1a74-47a5-a913-556839775c9b_motor_car.xlsx -> TIPTUR  ARTO - KA44_motor_car.xlsx
2026-05-26 08:05:16,450 [INFO] RENAMED  : 20c450db-4c54-4590-b36d-74f706d555d5_motor_cab.xlsx -> KULITHALI UO - TN585_motor_cab.xlsx
2026-05-26 08:05:16,465 [INFO] RENAMED  : 20d94ca2-a484-4c2d-a9f4-66756daae084_motor_cab.xlsx -> IDUKKI RTO - KL6_motor_cab.xlsx
2026-05-26 08:05:16,482 [INFO] RENAMED  : 22193945-f631-412b-ae06-275213819224_motor_car.xlsx -> KALLAKURICHI RTO - TN615_motor_car.xlsx
2026-05-26 08:05:16,500 [INFO] RENAMED  : 22bc71b3-3595-4db7-b12d-7625f2d7ab9c_motor_cab.xlsx -> VELLORE RTO - TN23_motor_cab.xlsx
2026-05-26 08:05:16,517 [INFO] RENAMED  : 22d74739-d201-499a-add9-e45c1f546233_motor_car.xlsx -> SATHYAMANGALAM UO - TN579_motor_car.xlsx
2026-05-26 08:05:16,532 [INFO] RENAMED  : 230e28c8-e397-4804-b694-034e66167e83_motor_car.xlsx -> DANDELI ARTO - KA65_motor_car.xlsx
2026-05-26 08:05:16,548 [INFO] RENAMED  : 23a7505c-1dc9-44d7-bdd5-d4e2716c0141_motor_cab.xlsx -> KOTTAYAM RTO - KL5_motor_cab.xlsx
2026-05-26 08:05:16,564 [INFO] RENAMED  : 2406da44-082a-45d9-b415-c4b5398dd609_motor_car.xlsx -> K G F  ARTO - KA8_motor_car.xlsx
2026-05-26 08:05:16,580 [INFO] RENAMED  : 2411d099-69fb-43ab-9d0e-ad0c694acce8_motor_car.xlsx -> PONNANI SRTO - KL54_motor_car.xlsx
2026-05-26 08:05:16,596 [INFO] RENAMED  : 24bd757d-828a-4179-8604-096e47a1b9dc_motor_cab.xlsx -> THIRUR SRTO - KL55_motor_cab.xlsx
2026-05-26 08:05:16,611 [INFO] RENAMED  : 25b0e1c3-9788-4920-b73e-6fe7c889b53b_motor_cab.xlsx -> STATE TRANSPORT AUTHORITY - KA99_motor_cab.xlsx
2026-05-26 08:05:16,626 [INFO] RENAMED  : 25df6cc8-9df8-42d8-b31e-1f64b7d35316_motor_cab.xlsx -> KOPPAL  RTO - KA37_motor_cab.xlsx
2026-05-26 08:05:16,642 [INFO] RENAMED  : 26afec5c-fc1d-4bd2-98b8-f8179586a52c_motor_car.xlsx -> NEYVELI UO - TN562_motor_car.xlsx
2026-05-26 08:05:16,659 [INFO] RENAMED  : 26df07dc-1641-4b55-a16a-a1f7d34e7215_motor_car.xlsx -> ARAVAKURICHI UO - TN632_motor_car.xlsx
2026-05-26 08:05:16,674 [INFO] RENAMED  : 273c6490-4261-4174-8578-59db6e17ec58_motor_cab.xlsx -> CHITTUR SRTO - KL70_motor_cab.xlsx
2026-05-26 08:05:16,691 [INFO] RENAMED  : 27782971-2532-45cb-b80c-18912a45e4b9_motor_car.xlsx -> PALACODE UO - TN616_motor_car.xlsx
2026-05-26 08:05:16,707 [INFO] RENAMED  : 27ec6cba-c732-47da-8db4-13a0438c09b0_motor_cab.xlsx -> ULUNDURPET RTO - TN577_motor_cab.xlsx
2026-05-26 08:05:16,769 [INFO] RENAMED  : 28ed4dc7-41df-46c3-95b0-d7ae6c23979d_motor_cab.xlsx -> BENGALURU SOUTH  RTO - KA5_motor_cab.xlsx
2026-05-26 08:05:16,785 [INFO] RENAMED  : 2902ff27-6be2-4282-b685-6c1d23d5d363_motor_car.xlsx -> PUNALUR SRTO - KL25_motor_car.xlsx
2026-05-26 08:05:16,802 [INFO] RENAMED  : 29686cd2-a8cc-4768-86b1-e493c477d8a3_motor_car.xlsx -> VADAKARA RTO - KL18_motor_car.xlsx
2026-05-26 08:05:16,817 [INFO] RENAMED  : 2a44f483-2782-4dd9-bec4-17f7c2c2d57a_motor_cab.xlsx -> ANGAMALI SRTO - KL63_motor_cab.xlsx
2026-05-26 08:05:16,830 [INFO] RENAMED  : 2a47ac23-1ac3-4217-be56-e90345f69093_motor_cab.xlsx -> CHENNAI (EAST) RTO - TN4_motor_cab.xlsx
2026-05-26 08:05:16,846 [INFO] RENAMED  : 2a81a9f2-5a95-4694-a196-47ff921f4b69_motor_cab.xlsx -> MARTHANDAM RTO - TN75_motor_cab.xlsx
2026-05-26 08:05:16,862 [INFO] RENAMED  : 2aacf525-c63f-4029-9039-3f2cb9bbb78f_motor_car.xlsx -> BHAVANI UO - TN578_motor_car.xlsx
2026-05-26 08:05:16,878 [INFO] RENAMED  : 2c12eb00-efc8-4c01-b18e-9089649d496c_motor_car.xlsx -> NATHAM UO - TN640_motor_car.xlsx
2026-05-26 08:05:16,895 [INFO] RENAMED  : 2c8d134f-95df-43ca-9c09-c9e64a797df8_motor_car.xlsx -> CHANDAPURA, BENGALURU RTO - KA59_motor_car.xlsx
2026-05-26 08:05:16,911 [INFO] RENAMED  : 2d8d2329-d829-43da-9e95-60eec8b8e660_motor_car.xlsx -> BIJAPUR  RTO - KA28_motor_car.xlsx
2026-05-26 08:05:16,926 [INFO] RENAMED  : 2de7a0b2-79a4-4da6-a0a3-7050e5a8c3fc_motor_cab.xlsx -> KOILANDY SRTO - KL56_motor_cab.xlsx
2026-05-26 08:05:16,941 [INFO] RENAMED  : 2e9041bf-e4f4-464b-9aef-5cdf4e84e68c_motor_cab.xlsx -> BIDAR  RTO - KA38_motor_cab.xlsx
2026-05-26 08:05:16,957 [INFO] RENAMED  : 2ee023f6-88d8-46cd-a740-f9971bb2000c_motor_cab.xlsx -> TIRUPPUR (NORTH) RTO - TN39_motor_cab.xlsx
2026-05-26 08:05:16,974 [INFO] RENAMED  : 2fae7645-0dda-4485-bb67-cad846860c80_motor_car.xlsx -> OOTY RTO - TN43_motor_car.xlsx
2026-05-26 08:05:16,989 [INFO] RENAMED  : 2fc53e81-24e1-4c96-b489-464175bd07c4_motor_cab.xlsx -> ATTINGAL RTO - KL16_motor_cab.xlsx
2026-05-26 08:05:17,005 [INFO] RENAMED  : 30036e03-18b8-45ff-866f-63855dcdd768_motor_cab.xlsx -> AMBASAMUTHIRAM UO - TN611_motor_cab.xlsx
2026-05-26 08:05:17,023 [INFO] RENAMED  : 3077fd67-b308-42b2-a446-f9b255d3563b_motor_car.xlsx -> KOLLAM RTO - KL2_motor_car.xlsx
2026-05-26 08:05:17,038 [INFO] RENAMED  : 3087a5e0-d81e-4305-a859-5ca27cdf2146_motor_cab.xlsx -> KANJIRAPPALLY SRTO - KL34_motor_cab.xlsx
2026-05-26 08:05:17,052 [INFO] RENAMED  : 311011da-26bb-4f70-aa00-9f4d74fd0026_motor_cab.xlsx -> MUVATTUPUZHA RTO - KL17_motor_cab.xlsx
2026-05-26 08:05:17,070 [INFO] RENAMED  : 324b2f5c-3f35-46ae-aa93-bd96fa3d2ab6_motor_car.xlsx -> CHITTUR SRTO - KL70_motor_car.xlsx
2026-05-26 08:05:17,084 [INFO] RENAMED  : 327bab7b-c543-4518-bd84-337f8c1ecee9_motor_cab.xlsx -> PATHANAPURAM SRTO - KL80_motor_cab.xlsx
2026-05-26 08:05:17,100 [INFO] RENAMED  : 339e001c-cf43-4f2f-a57b-58e9a987a23e_motor_cab.xlsx -> DEVANAHALLI  ARTO - KA43_motor_cab.xlsx
2026-05-26 08:05:17,117 [INFO] RENAMED  : 339f981f-b461-47f2-9cde-bd4fe685a30a_motor_car.xlsx -> CHITRADURGA  RTO - KA16_motor_car.xlsx
2026-05-26 08:05:17,133 [INFO] RENAMED  : 33bfb3f5-3b6a-4f4b-82b1-4eb0ad328aa2_motor_car.xlsx -> NORTH PARUR SRTO - KL42_motor_car.xlsx
2026-05-26 08:05:17,151 [INFO] RENAMED  : 341f4a7a-8a69-49d2-a239-922825d5da1e_motor_car.xlsx -> KAYAMKULAM SRTO - KL29_motor_car.xlsx
2026-05-26 08:05:17,166 [INFO] RENAMED  : 34428f99-8f4b-4c0d-b493-fdcfdb3ffc03_motor_car.xlsx -> MANAPARAI UO - TN584_motor_car.xlsx
2026-05-26 08:05:17,181 [INFO] RENAMED  : 347cf94c-be1b-44fb-a0e0-b09645e8fb10_motor_cab.xlsx -> CHANDAPURA, BENGALURU RTO - KA59_motor_cab.xlsx
2026-05-26 08:05:17,196 [INFO] RENAMED  : 3503f16e-469c-46ea-9876-8eb2ad5d360f_motor_cab.xlsx -> NAMAKKAL (NORTH) RTO - TN28_motor_cab.xlsx
2026-05-26 08:05:17,214 [INFO] RENAMED  : 352256aa-eda5-4ecc-9f24-0af56ea792da_motor_car.xlsx -> CHENNAI (NORTH-EAST) RTO - TN3_motor_car.xlsx
2026-05-26 08:05:17,229 [INFO] RENAMED  : 35b3b822-9897-449b-a0c3-2147fe7d388f_motor_cab.xlsx -> NEYVELI UO - TN562_motor_cab.xlsx
2026-05-26 08:05:17,245 [INFO] RENAMED  : 35d7aa39-badb-4833-a3c9-292748fcf715_motor_car.xlsx -> ARUPPUKOTTAI UO - TN622_motor_car.xlsx
2026-05-26 08:05:17,259 [INFO] RENAMED  : 35e47916-0e3c-406b-939e-2f8b80241889_motor_cab.xlsx -> THIRURANGADI SRTO - KL65_motor_cab.xlsx
2026-05-26 08:05:17,277 [INFO] RENAMED  : 35f502ef-87a9-4dfd-be43-8519812aff97_motor_car.xlsx -> PATTUKOTTAI UNIT OFFICE - TN587_motor_car.xlsx
2026-05-26 08:05:17,292 [INFO] RENAMED  : 35f909bc-caf0-419c-af40-17418a9e9444_motor_cab.xlsx -> SRIVILLIPUTHUR RTO - TN605_motor_cab.xlsx
2026-05-26 08:05:17,308 [INFO] RENAMED  : 36b8889d-9497-42bf-be3d-ec995c97d797_motor_cab.xlsx -> BAILHONGAL  RTO - KA24_motor_cab.xlsx
2026-05-26 08:05:17,326 [INFO] RENAMED  : 36f032e5-7e6e-4d79-a005-ec84e1dd7e20_motor_car.xlsx -> PATTAMBI SRTO - KL52_motor_car.xlsx
2026-05-26 08:05:17,343 [INFO] RENAMED  : 3720789c-a896-4e86-8a60-cf055eac5b6c_motor_car.xlsx -> VAIKOM SRTO - KL36_motor_car.xlsx
2026-05-26 08:05:17,358 [INFO] RENAMED  : 37a373ad-b7d2-4f0b-9936-14faef42d41f_motor_cab.xlsx -> CHENNAI (SOUTH-WEST) RTO - TN10_motor_cab.xlsx
2026-05-26 08:05:17,374 [INFO] RENAMED  : 37e3c71d-ca0f-4ebd-b9af-b070802c623b_motor_car.xlsx -> CHECK POST - PY99_motor_car.xlsx
2026-05-26 08:05:17,389 [INFO] RENAMED  : 38909f78-1c15-4ddb-984c-cfd2d7858164_motor_car.xlsx -> GOKAK  ARTO - KA49_motor_car.xlsx
2026-05-26 08:05:17,405 [INFO] RENAMED  : 39f7fbd1-8edf-47ab-a00b-6baf994a0131_motor_car.xlsx -> RTO CHENNAI (NORTH WEST) - TN2_motor_car.xlsx
2026-05-26 08:05:17,422 [INFO] RENAMED  : 3a6a85b9-9020-450c-b11e-12f0aeece1bc_motor_car.xlsx -> BENGALURU NORTH  RTO - KA4_motor_car.xlsx
2026-05-26 08:05:17,439 [INFO] RENAMED  : 3b857df3-2fde-4e7b-9938-5056952cf5ad_motor_car.xlsx -> ADOOR SRTO - KL26_motor_car.xlsx
2026-05-26 08:05:17,455 [INFO] RENAMED  : 3bf2637c-f6eb-4845-bc70-459d7f47ad8b_motor_cab.xlsx -> CUDDALORE RTO - TN31_motor_cab.xlsx
2026-05-26 08:05:17,470 [INFO] RENAMED  : 3c3e143c-90e6-4046-8d65-bbc74955a8b0_motor_cab.xlsx -> PUNALUR SRTO - KL25_motor_cab.xlsx
2026-05-26 08:05:17,486 [INFO] RENAMED  : 3ca2d620-8ad5-49a9-b497-9631b501f01f_motor_cab.xlsx -> BENGALURU EAST  RTO - KA3_motor_cab.xlsx
2026-05-26 08:05:17,505 [INFO] RENAMED  : 3cb787f7-befd-4dba-86b7-dc4c309333ab_motor_car.xlsx -> ARIYALUR RTO - TN61_motor_car.xlsx
2026-05-26 08:05:17,519 [INFO] RENAMED  : 3d88a79a-1cb3-4e40-9ef6-70a39fbdccd2_motor_cab.xlsx -> PALACODE UO - TN616_motor_cab.xlsx
2026-05-26 08:05:17,533 [INFO] RENAMED  : 3de4e9f2-0bdc-4426-b021-0341379028c1_motor_car.xlsx -> NATIONALISED SECTOR(TVPM) RTO - KL15_motor_car.xlsx
2026-05-26 08:05:17,548 [INFO] RENAMED  : 3e001b2a-305f-4a7d-8a3a-9d68651e67d0_motor_cab.xlsx -> ALAPPUZHA RTO - KL4_motor_cab.xlsx
2026-05-26 08:05:17,565 [INFO] RENAMED  : 3e74a2dd-2de8-405c-a5f3-07658e393165_motor_car.xlsx -> KRISHNARAJAPURAM  RTO - KA53_motor_car.xlsx
2026-05-26 08:05:17,581 [INFO] RENAMED  : 3e7db7c8-ae5d-4114-9026-070bb483547a_motor_cab.xlsx -> RAMDURGA ARTO - KA69_motor_cab.xlsx
2026-05-26 08:05:17,597 [INFO] RENAMED  : 3f109a69-52ec-4db0-86ac-858a53250b24_motor_car.xlsx -> TENKASI RTO - TN76_motor_car.xlsx
2026-05-26 08:05:17,614 [INFO] RENAMED  : 4007f4c0-2cfd-466a-aa05-d18a97c5d630_motor_car.xlsx -> BATLAGUNDU UO - TN596_motor_car.xlsx
2026-05-26 08:05:17,630 [INFO] RENAMED  : 40401723-0abc-4bf7-9033-0e8857d651be_motor_car.xlsx -> DEVIKULAM SRTO - KL68_motor_car.xlsx
2026-05-26 08:05:17,647 [INFO] RENAMED  : 40559de3-7c08-4644-bc79-80ed4f0ce6b7_motor_car.xlsx -> VELLORE RTO - TN23_motor_car.xlsx
2026-05-26 08:05:17,710 [INFO] RENAMED  : 40f55710-7ec7-42b5-b2a0-b30ab4744256_motor_car.xlsx -> CHENGALPATTU RTO - TN19_motor_car.xlsx
2026-05-26 08:05:17,727 [INFO] RENAMED  : 416acdf8-25a4-4713-bccd-711d6686bd30_motor_car.xlsx -> YALAHANKA  RTO - KA50_motor_car.xlsx
2026-05-26 08:05:17,743 [INFO] RENAMED  : 4173c429-e390-4534-ba96-0917e6f61e86_motor_car.xlsx -> BENGALURU EAST  RTO - KA3_motor_car.xlsx
2026-05-26 08:05:17,758 [INFO] RENAMED  : 420ce7d0-c22a-457e-8645-f36590a99ab2_motor_cab.xlsx -> AMBATTUR RTO - TN612_motor_cab.xlsx
2026-05-26 08:05:17,775 [INFO] RENAMED  : 42176233-40fb-460d-8e76-4aa3658f450c_motor_car.xlsx -> SALEM (EAST) RTO - TN54_motor_car.xlsx
2026-05-26 08:05:17,791 [INFO] RENAMED  : 42a9df5f-52a6-4276-957c-54d50cf09b27_motor_cab.xlsx -> VIRUDHACHALAM UO - TN553_motor_cab.xlsx
2026-05-26 08:05:17,807 [INFO] RENAMED  : 42d7aeb9-63e6-40ea-9191-c8df94dfdec1_motor_car.xlsx -> MADURAI (NORTH) RTO - TN59_motor_car.xlsx
2026-05-26 08:05:17,823 [INFO] RENAMED  : 43affabe-53ee-4244-a5f3-a292765a0251_motor_cab.xlsx -> SULUR UO - TN620_motor_cab.xlsx
2026-05-26 08:05:17,839 [INFO] RENAMED  : 43cbc710-e463-44ab-a15e-f9a3b5516782_motor_car.xlsx -> THIRUCHENDUR RTO - TN606_motor_car.xlsx
2026-05-26 08:05:17,855 [INFO] RENAMED  : 43d0172e-269a-4eed-97e8-345ae6c8173a_motor_cab.xlsx -> MANNARGHAT SRTO - KL50_motor_cab.xlsx
2026-05-26 08:05:17,872 [INFO] RENAMED  : 450ad791-ee73-4f57-a7dd-dbe9146e0cf0_motor_cab.xlsx -> TARIKERE, CHIKKAMAGALURU ARTO - KA66_motor_cab.xlsx
2026-05-26 08:05:17,887 [INFO] RENAMED  : 462a2b61-f38e-468c-a36c-7ec63eccf3da_motor_cab.xlsx -> VANIYAMBADI RTO - TN515_motor_cab.xlsx
2026-05-26 08:05:17,903 [INFO] RENAMED  : 46771ec8-0e20-418f-93a7-d6e87c8a807c_motor_car.xlsx -> MELUR UO - TN600_motor_car.xlsx
2026-05-26 08:05:17,921 [INFO] RENAMED  : 46be34f7-7b05-4930-83dd-39bc0fef910f_motor_car.xlsx -> ULUNDURPET RTO - TN577_motor_car.xlsx
2026-05-26 08:05:17,937 [INFO] RENAMED  : 46d9116b-df9e-4f5d-8bba-abec0eb78456_motor_car.xlsx -> MUSURI UO - TN621_motor_car.xlsx
2026-05-26 08:05:17,955 [INFO] RENAMED  : 47a1e305-fbd6-4caa-9cb3-3896f2b5b25f_motor_car.xlsx -> UDUMALPET RTO - TN581_motor_car.xlsx
2026-05-26 08:05:17,973 [INFO] RENAMED  : 47b48f2f-a994-4067-80ac-2cc001630b81_motor_car.xlsx -> THIRUBUVANAI(VILLIANUR) - PY51_motor_car.xlsx
2026-05-26 08:05:17,988 [INFO] RENAMED  : 47b8744f-9580-417a-8e45-eb7ad450cba2_motor_cab.xlsx -> MANMANGALAM UO - TN637_motor_cab.xlsx
2026-05-26 08:05:18,005 [INFO] RENAMED  : 4827472c-06d3-442b-99a8-153867cfe153_motor_cab.xlsx -> REGIONAL TRANSPORT OFFICE BELAGAVI - KA22_motor_cab.xlsx
2026-05-26 08:05:18,023 [INFO] RENAMED  : 48d467fc-41c8-4ef1-b023-13b62293ee78_motor_car.xlsx -> NAGAMANGALA  RTO - KA54_motor_car.xlsx
2026-05-26 08:05:18,039 [INFO] RENAMED  : 492cbea3-662b-45bc-9ab1-03cf7985b693_motor_cab.xlsx -> DANDELI ARTO - KA65_motor_cab.xlsx
2026-05-26 08:05:18,055 [INFO] RENAMED  : 492ff8a2-8a5e-4a96-b059-25e7e45ad215_motor_cab.xlsx -> PUTTUR  RTO - KA21_motor_cab.xlsx
2026-05-26 08:05:18,072 [INFO] RENAMED  : 498084a8-0c1d-4226-8510-4c6ec7a88471_motor_car.xlsx -> COIMBATORE (NORTH) RTO - TN38_motor_car.xlsx
2026-05-26 08:05:18,091 [INFO] RENAMED  : 4a576ca0-b955-4dcc-a2ab-ca1d47efa8f9_motor_car.xlsx -> MANNARGUDI UO - TN588_motor_car.xlsx
2026-05-26 08:05:18,107 [INFO] RENAMED  : 4a6712e6-6095-4f71-a164-a81d99bd937c_motor_car.xlsx -> TIRUCHENGODE RTO - TN34_motor_car.xlsx
2026-05-26 08:05:18,123 [INFO] RENAMED  : 4aea71de-660e-407c-86e6-23eec82514d0_motor_cab.xlsx -> TIRUVALLUR RTO - TN20_motor_cab.xlsx
2026-05-26 08:05:18,140 [INFO] RENAMED  : 4bab7eb1-3123-48b4-9245-cd17762c8520_motor_cab.xlsx -> KALABURAGI  RTO - KA32_motor_cab.xlsx
2026-05-26 08:05:18,155 [INFO] RENAMED  : 4be08073-10f6-4b00-a857-d28f2f7ee423_motor_cab.xlsx -> HAVERI  RTO - KA27_motor_cab.xlsx
2026-05-26 08:05:18,172 [INFO] RENAMED  : 4c668c8c-d28d-43e6-93ba-3af9daa78036_motor_car.xlsx -> NELAMANGALA  RTO - KA52_motor_car.xlsx
2026-05-26 08:05:18,191 [INFO] RENAMED  : 4cc336dc-5c79-4c26-9344-43539866c111_motor_car.xlsx -> CHENGANNUR SRTO - KL30_motor_car.xlsx
2026-05-26 08:05:18,208 [INFO] RENAMED  : 4ce68578-dbd7-44f2-8d42-437811ec0094_motor_car.xlsx -> RASIPURAM UO - TN526_motor_car.xlsx
2026-05-26 08:05:18,227 [INFO] RENAMED  : 4d219ce1-2147-4d6c-bf7b-e52ddd61f0ec_motor_car.xlsx -> UDUPI  RTO - KA20_motor_car.xlsx
2026-05-26 08:05:18,242 [INFO] RENAMED  : 4df35aa7-fa1d-4c68-b32e-817c5081aaa5_motor_cab.xlsx -> ADOOR SRTO - KL26_motor_cab.xlsx
2026-05-26 08:05:18,259 [INFO] RENAMED  : 4e905cf2-9ecb-4393-95ab-a1136d3f7ad7_motor_cab.xlsx -> GUDALORE UO - TN582_motor_cab.xlsx
2026-05-26 08:05:18,275 [INFO] RENAMED  : 4eb31924-5675-401f-8250-83289d0c6207_motor_cab.xlsx -> TRIVANDRUM RTO - KL1_motor_cab.xlsx
2026-05-26 08:05:18,293 [INFO] RENAMED  : 4f069730-3f15-4046-9d1b-fd7229489c40_motor_cab.xlsx -> NAMAKKAL (SOUTH) RTO - TN88_motor_cab.xlsx
2026-05-26 08:05:18,311 [INFO] RENAMED  : 4f2dacda-e65a-411c-9151-b21db2ed3006_motor_car.xlsx -> MALLAPPALLY SRTO - KL28_motor_car.xlsx
2026-05-26 08:05:18,329 [INFO] RENAMED  : 5034fa3d-6790-49ba-9514-4d0d47853729_motor_car.xlsx -> ATHANI ARTO - KA71_motor_car.xlsx
2026-05-26 08:05:18,348 [INFO] RENAMED  : 507f16b8-3ed8-4901-a27e-61d456c4177d_motor_car.xlsx -> PERUMBAVUR SRTO - KL40_motor_car.xlsx
2026-05-26 08:05:18,364 [INFO] RENAMED  : 50a18900-90aa-4c84-a5a6-3901c7c05228_motor_cab.xlsx -> JAMKHANDI  ARTO - KA48_motor_cab.xlsx
2026-05-26 08:05:18,382 [INFO] RENAMED  : 50afc796-7efb-4354-a2ff-1aef962a373a_motor_car.xlsx -> ERNAKULAM RTO - KL7_motor_car.xlsx
2026-05-26 08:05:18,398 [INFO] RENAMED  : 50c0c40b-e6e1-4cac-afe0-22617bc8c2c2_motor_cab.xlsx -> VILUPPURAM RTO - TN32_motor_cab.xlsx
2026-05-26 08:05:18,413 [INFO] RENAMED  : 50e58eec-314e-48f2-83d0-4d6eb184dc3c_motor_cab.xlsx -> UTHAMAPALAYAM UO - TN601_motor_cab.xlsx
2026-05-26 08:05:18,429 [INFO] RENAMED  : 50ed79a7-445a-4be9-9ac0-3f922d48454c_motor_cab.xlsx -> MADURAI (CENTRAL) RTO - TN64_motor_cab.xlsx
2026-05-26 08:05:18,448 [INFO] RENAMED  : 514c589c-5980-423f-a2e8-0b26942c8a4c_motor_car.xlsx -> DHARAPURAM RTO - TN594_motor_car.xlsx
2026-05-26 08:05:18,464 [INFO] RENAMED  : 518ceae3-d61b-4281-a292-6d2851569607_motor_car.xlsx -> YANAM - PY4_motor_car.xlsx
2026-05-26 08:05:18,481 [INFO] RENAMED  : 51e7921b-6727-4cca-9740-5e12e00178d6_motor_car.xlsx -> KRISHNAGIRI RTO - TN24_motor_car.xlsx
2026-05-26 08:05:18,497 [INFO] RENAMED  : 52520ad7-d35a-4987-a893-545516a801f7_motor_car.xlsx -> VIRUDHUNAGAR RTO - TN67_motor_car.xlsx
2026-05-26 08:05:18,515 [INFO] RENAMED  : 527b2c6e-bd78-48c3-a60d-02e69c38ef5a_motor_car.xlsx -> VARKALA SRTO - KL81_motor_car.xlsx
2026-05-26 08:05:18,531 [INFO] RENAMED  : 52c7a7ea-5ee7-48ec-bdea-2554e1144d1c_motor_cab.xlsx -> CHINTAMANI ARTO - KA67_motor_cab.xlsx
2026-05-26 08:05:18,547 [INFO] RENAMED  : 52e34548-7da4-4dc9-a2de-a48b2497a3ca_motor_car.xlsx -> COIMBATORE (WEST) RTO - TN99_motor_car.xlsx
2026-05-26 08:05:18,565 [INFO] RENAMED  : 533d475f-22d4-4cf8-affd-c8f8a73ed718_motor_car.xlsx -> COIMBATORE (CENTRAL) RTO - TN66_motor_car.xlsx
2026-05-26 08:05:18,628 [INFO] RENAMED  : 53eda3b8-c696-420c-9b21-5a292794d127_motor_car.xlsx -> TIRUVALLUR RTO - TN20_motor_car.xlsx
2026-05-26 08:05:18,644 [INFO] RENAMED  : 5467e428-2dfd-4404-9aff-279a71e3cf7b_motor_car.xlsx -> ODDANCHATRAM  UO - TN595_motor_car.xlsx
2026-05-26 08:05:18,660 [INFO] RENAMED  : 54f42cce-2884-4277-ab7c-fa59271712f1_motor_cab.xlsx -> KOLLAM RTO - KL2_motor_cab.xlsx
2026-05-26 08:05:18,677 [INFO] RENAMED  : 55002a5e-380f-4d0d-8d25-b6a3c2ba4c5c_motor_car.xlsx -> KANCHEEPURAM RTO - TN21_motor_car.xlsx
2026-05-26 08:05:18,693 [INFO] RENAMED  : 550fdaaf-ea0e-4c09-a393-652f1b86df9a_motor_cab.xlsx -> SRIRANGAM RTO - TN48_motor_cab.xlsx
2026-05-26 08:05:18,709 [INFO] RENAMED  : 553700dd-0b92-40ee-9f26-729e66039313_motor_cab.xlsx -> CHENNAI (NORTH-EAST) RTO - TN3_motor_cab.xlsx
2026-05-26 08:05:18,723 [INFO] RENAMED  : 55428cc7-9ea0-4579-b02b-819288b9ed37_motor_cab.xlsx -> UZHAVOOR SRTO - KL67_motor_cab.xlsx
2026-05-26 08:05:18,740 [INFO] RENAMED  : 554e26d1-7cbd-44a4-96af-400741424bd1_motor_car.xlsx -> KOTHAMANGALAM SRTO - KL44_motor_car.xlsx
2026-05-26 08:05:18,758 [INFO] RENAMED  : 55636a7e-e93d-498d-97a3-212d6564326f_motor_car.xlsx -> PERAMBALUR RTO - TN46_motor_car.xlsx
2026-05-26 08:05:18,774 [INFO] RENAMED  : 56dc3a1e-ff7f-4c9a-98cb-e5a3ac1133e9_motor_cab.xlsx -> PERINTHALMANNA SRTO - KL53_motor_cab.xlsx
2026-05-26 08:05:18,790 [INFO] RENAMED  : 57d1fb40-2b3a-4dbf-933b-b035d6a5b3c7_motor_car.xlsx -> BAGALKOT  RTO - KA29_motor_car.xlsx
2026-05-26 08:05:18,807 [INFO] RENAMED  : 57f81a99-49ae-4524-9233-3a900b9b4ce5_motor_cab.xlsx -> OTTAPPALAM SRTO - KL51_motor_cab.xlsx
2026-05-26 08:05:18,823 [INFO] RENAMED  : 58685c5d-33bd-449a-add0-21ac189a868a_motor_cab.xlsx -> SANKARANKOVIL RTO - TN610_motor_cab.xlsx
2026-05-26 08:05:18,838 [INFO] RENAMED  : 58691903-d4fd-4b59-a7ad-f769d6720033_motor_cab.xlsx -> PATTAMBI SRTO - KL52_motor_cab.xlsx
2026-05-26 08:05:18,853 [INFO] RENAMED  : 590bca5c-d79e-4d28-a7c2-8e8fc6f37e86_motor_cab.xlsx -> BHAVANI UO - TN578_motor_cab.xlsx
2026-05-26 08:05:18,871 [INFO] RENAMED  : 591546bb-955b-4cd4-a3d0-291d4dea6918_motor_car.xlsx -> NAMAKKAL (NORTH) RTO - TN28_motor_car.xlsx
2026-05-26 08:05:18,888 [INFO] RENAMED  : 59696f22-ea8b-4c07-b562-1ae7a7158573_motor_car.xlsx -> MAVELIKKARA SRTO - KL31_motor_car.xlsx
2026-05-26 08:05:18,903 [INFO] RENAMED  : 59c243a4-8829-4da3-9f22-8e31867a58a0_motor_cab.xlsx -> KANGEYAM UO - TN593_motor_cab.xlsx
2026-05-26 08:05:18,917 [INFO] RENAMED  : 5a740e7b-594a-48b0-8d91-c44d579eafaf_motor_cab.xlsx -> K G F  ARTO - KA8_motor_cab.xlsx
2026-05-26 08:05:18,934 [INFO] RENAMED  : 5b0c9251-c3fc-4a93-8c61-265b27984814_motor_cab.xlsx -> MELUR UO - TN600_motor_cab.xlsx
2026-05-26 08:05:18,949 [INFO] RENAMED  : 5b6dca91-fe89-4507-9d77-186c8d496b14_motor_cab.xlsx -> TIRUVERANBUR UO - TN583_motor_cab.xlsx
2026-05-26 08:05:18,965 [INFO] RENAMED  : 5bada434-b5d6-4e87-921f-b285353790bd_motor_car.xlsx -> TIRUVANNAMALAI RTO - TN25_motor_car.xlsx
2026-05-26 08:05:18,981 [INFO] RENAMED  : 5bbf817d-fa0f-4e87-93f4-e0958e63b2fe_motor_cab.xlsx -> GOPICHETTIPALAYAM RTO - TN36_motor_cab.xlsx
2026-05-26 08:05:18,998 [INFO] RENAMED  : 5c0e1a15-6693-4df6-b759-82c0616e46e5_motor_car.xlsx -> TARIKERE, CHIKKAMAGALURU ARTO - KA66_motor_car.xlsx
2026-05-26 08:05:19,015 [INFO] RENAMED  : 5c1b4afa-95a6-445f-94e9-d9f0bb31d12f_motor_car.xlsx -> THODUPUZHA SRTO - KL38_motor_car.xlsx
2026-05-26 08:05:19,033 [INFO] RENAMED  : 5c83b950-f307-465c-9b8f-6cc793e962d7_motor_car.xlsx -> PARAMATHI VELLURE UO - TN517_motor_car.xlsx
2026-05-26 08:05:19,048 [INFO] RENAMED  : 5c899a41-c8bd-4d85-ac80-e10763ff5351_motor_car.xlsx -> SIRSI  RTO - KA31_motor_car.xlsx
2026-05-26 08:05:19,064 [INFO] RENAMED  : 5cd374c7-099e-4c36-b00e-f1e2ee2a6a9d_motor_cab.xlsx -> MANGALORE  RTO - KA19_motor_cab.xlsx
2026-05-26 08:05:19,081 [INFO] RENAMED  : 5ce1e7c8-6c60-4eb4-a4f4-c4e088872c61_motor_car.xlsx -> HONNAVAR  ARTO - KA47_motor_car.xlsx
2026-05-26 08:05:19,098 [INFO] RENAMED  : 5d2d171f-0d12-485b-8389-e974f965432f_motor_car.xlsx -> SRIRANGAM RTO - TN48_motor_car.xlsx
2026-05-26 08:05:19,115 [INFO] RENAMED  : 5d50fdd7-f785-4ee3-9f5f-09c472c7e7de_motor_cab.xlsx -> MADURAI (NORTH) RTO - TN59_motor_cab.xlsx
2026-05-26 08:05:19,130 [INFO] RENAMED  : 5e0e3abe-99d8-4b6b-94a7-21ecee7511b8_motor_car.xlsx -> YADGIRI  RTO - KA33_motor_car.xlsx
2026-05-26 08:05:19,149 [INFO] RENAMED  : 5e1fa501-5c7a-479e-981d-d269bcd7a8fe_motor_car.xlsx -> THIRUR SRTO - KL55_motor_car.xlsx
2026-05-26 08:05:19,165 [INFO] RENAMED  : 5e68b2d2-d1b5-47ca-88bd-c2d521f91e7f_motor_cab.xlsx -> ARANI RTO - TN516_motor_cab.xlsx
2026-05-26 08:05:19,180 [INFO] RENAMED  : 5ee8b6f8-3a78-4bc5-93f1-4d35b34ffbfc_motor_cab.xlsx -> THIRUPATTUR RTO - TN624_motor_cab.xlsx
2026-05-26 08:05:19,197 [INFO] RENAMED  : 5eecb4ad-c5f3-4847-aa9e-af8eea3bda06_motor_car.xlsx -> KATTAKADA SRTO - KL74_motor_car.xlsx
2026-05-26 08:05:19,214 [INFO] RENAMED  : 5fdb8d9b-f332-48b6-a2cf-ee5969bc7f83_motor_car.xlsx -> ATTUR RTO - TN591_motor_car.xlsx
2026-05-26 08:05:19,231 [INFO] RENAMED  : 6145949f-913c-4e89-9dc7-aa19fb29ee47_motor_cab.xlsx -> KODUNGALLUR SRTO - KL47_motor_cab.xlsx
2026-05-26 08:05:19,248 [INFO] RENAMED  : 624fe184-8c8d-4f45-b70a-516fdae786b1_motor_car.xlsx -> TIRUVARUR RTO - TN50_motor_car.xlsx
2026-05-26 08:05:19,262 [INFO] RENAMED  : 62bb2f7b-4e51-4635-a533-f1f562b0c476_motor_cab.xlsx -> THIRUTHURAIPOONDI UO - TN630_motor_cab.xlsx
2026-05-26 08:05:19,279 [INFO] RENAMED  : 63acf9a5-2740-4802-aaf2-8a9db2f0e5c7_motor_car.xlsx -> CHERTHALA SRTO - KL32_motor_car.xlsx
2026-05-26 08:05:19,294 [INFO] RENAMED  : 64d19e6f-3b64-4540-9c9b-4e49e1d503ad_motor_cab.xlsx -> ARANTHANGI UO - TN592_motor_cab.xlsx
2026-05-26 08:05:19,310 [INFO] RENAMED  : 64fde365-fb1f-4c9a-8494-bca318c6af80_motor_cab.xlsx -> KOTTARAKKARA SRTO - KL24_motor_cab.xlsx
2026-05-26 08:05:19,327 [INFO] RENAMED  : 65048f9c-fbd3-4793-9a2e-f55fe6a23f2b_motor_car.xlsx -> ERODE RTO - TN33_motor_car.xlsx
2026-05-26 08:05:19,342 [INFO] RENAMED  : 6537905d-3117-42a2-b4ab-398de67308d5_motor_cab.xlsx -> KUTTANADU SRTO - KL66_motor_cab.xlsx
2026-05-26 08:05:19,361 [INFO] RENAMED  : 654f2916-83d6-4ce1-9d83-c683fb245558_motor_car.xlsx -> DINDIGUL RTO - TN57_motor_car.xlsx
2026-05-26 08:05:19,377 [INFO] RENAMED  : 6574fccc-95bb-4fb1-9c9e-e20e651aa182_motor_cab.xlsx -> LALKUDI UO - TN631_motor_cab.xlsx
2026-05-26 08:05:19,393 [INFO] RENAMED  : 661974ad-6f3a-40e0-8c18-9f6e1582129e_motor_cab.xlsx -> RANIBENNUR ARTO - KA68_motor_cab.xlsx
2026-05-26 08:05:19,410 [INFO] RENAMED  : 668e9173-6141-457c-b20c-f0c2d9984ae1_motor_car.xlsx -> ALATHUR SRTO - KL49_motor_car.xlsx
2026-05-26 08:05:19,429 [INFO] RENAMED  : 66e8c56e-7be9-43f8-84fc-48acace18eab_motor_cab.xlsx -> KAZHAKUTTOM SRTO - KL22_motor_cab.xlsx
2026-05-26 08:05:19,445 [INFO] RENAMED  : 66ee793e-2879-43a6-9dc4-0aade7b5d6e6_motor_cab.xlsx -> TAMBARAM RTO - TN513_motor_cab.xlsx
2026-05-26 08:05:19,464 [INFO] RENAMED  : 674306d0-2e80-4db6-8d54-c72076b2f765_motor_car.xlsx -> CHADAYAMANGALA SRTO - KL82_motor_car.xlsx
2026-05-26 08:05:19,529 [INFO] RENAMED  : 6779a595-ead8-4503-9872-cb4ed74b210b_motor_car.xlsx -> MADURAI (SOUTH) RTO - TN58_motor_car.xlsx
2026-05-26 08:05:19,545 [INFO] RENAMED  : 682a45bb-36fc-4a23-a3ed-c46cebe56cf7_motor_car.xlsx -> UTHAMAPALAYAM UO - TN601_motor_car.xlsx
2026-05-26 08:05:19,561 [INFO] RENAMED  : 68ca7661-7ca8-4d61-a737-acc366fc8f74_motor_car.xlsx -> PANRUTI UO - TN626_motor_car.xlsx
2026-05-26 08:05:19,578 [INFO] RENAMED  : 68fb9daa-8d55-4455-8818-fda0df0e4146_motor_car.xlsx -> ALUVA SRTO - KL41_motor_car.xlsx
2026-05-26 08:05:19,593 [INFO] RENAMED  : 695d6385-044e-4cec-86ac-b1a963a4832f_motor_cab.xlsx -> HUNSUR  ARTO - KA45_motor_cab.xlsx
2026-05-26 08:05:19,608 [INFO] RENAMED  : 69948b55-bdf4-4ae5-a35f-d93a9d469820_motor_cab.xlsx -> MAVELIKKARA SRTO - KL31_motor_cab.xlsx
2026-05-26 08:05:19,624 [INFO] RENAMED  : 6a910aae-032c-4d65-9455-1e586b3fe08a_motor_car.xlsx -> IRINJALAKUDA SRTO - KL45_motor_car.xlsx
2026-05-26 08:05:19,641 [INFO] RENAMED  : 6be4b291-723c-4f62-944b-3ad75b97a569_motor_car.xlsx -> PERINTHALMANNA SRTO - KL53_motor_car.xlsx
2026-05-26 08:05:19,657 [INFO] RENAMED  : 6c1318e8-c74f-4542-b85e-bb3dd6bde340_motor_cab.xlsx -> DAVANAGERE  RTO - KA17_motor_cab.xlsx
2026-05-26 08:05:19,674 [INFO] RENAMED  : 6cd9938f-6129-44ad-8335-78ba790ebd8f_motor_car.xlsx -> NEDUMANGADU SRTO - KL21_motor_car.xlsx
2026-05-26 08:05:19,691 [INFO] RENAMED  : 6d35595e-f8a3-4f79-8b9e-cfab905cfdd0_motor_car.xlsx -> KOTTARAKKARA SRTO - KL24_motor_car.xlsx
2026-05-26 08:05:19,707 [INFO] RENAMED  : 6d89ac32-6ce3-4ad8-a73a-baa73fdf2783_motor_car.xlsx -> KARAIKUDI UO - TN602_motor_car.xlsx
2026-05-26 08:05:19,724 [INFO] RENAMED  : 6dc32bb8-44e2-4041-a6c1-fc16f39fa00b_motor_cab.xlsx -> THANJAVUR RTO - TN49_motor_cab.xlsx
2026-05-26 08:05:19,741 [INFO] RENAMED  : 6e2c9c01-652c-4347-84e8-b069f5fdcb96_motor_car.xlsx -> COIMBATORE (SOUTH) RTO - TN37_motor_car.xlsx
2026-05-26 08:05:19,755 [INFO] RENAMED  : 6e3038a7-d77e-4249-b5f3-e08050b0e44e_motor_cab.xlsx -> ALATHUR SRTO - KL49_motor_cab.xlsx
2026-05-26 08:05:19,770 [INFO] RENAMED  : 6ea6580b-033a-43d1-a20b-3db68b7ce404_motor_cab.xlsx -> VALAPPADI UO - TN613_motor_cab.xlsx
2026-05-26 08:05:19,787 [INFO] RENAMED  : 6ea9205e-4331-4b6b-84de-e196194c3c2a_motor_car.xlsx -> NAGERCOIL RTO - TN74_motor_car.xlsx
2026-05-26 08:05:19,803 [INFO] RENAMED  : 6edaef2e-3ab2-4e0d-ace6-c274334fd6f9_motor_cab.xlsx -> ALANGUDI UO - TN641_motor_cab.xlsx
2026-05-26 08:05:19,820 [INFO] RENAMED  : 6f459292-9e25-4b14-aa7e-d65961297106_motor_car.xlsx -> GURUVAYUR SRTO - KL46_motor_car.xlsx
2026-05-26 08:05:19,836 [INFO] RENAMED  : 6f84827a-69e2-40ed-abf2-48c785c52700_motor_car.xlsx -> JNANABHARATHI  RTO - KA41_motor_car.xlsx
2026-05-26 08:05:19,852 [INFO] RENAMED  : 6fe0cc76-1281-4af6-bbc4-4fcf4c82a55e_motor_cab.xlsx -> PERUNDURAI RTO - TN56_motor_cab.xlsx
2026-05-26 08:05:19,867 [INFO] RENAMED  : 700a3d3a-478b-4998-aa1e-7a9b0c7b810e_motor_cab.xlsx -> CHIKAMANGLUR RTO - KA18_motor_cab.xlsx
2026-05-26 08:05:19,885 [INFO] RENAMED  : 713e22ed-3f1b-47d0-9825-bcd625ffdede_motor_car.xlsx -> KASARGODE RTO - KL14_motor_car.xlsx
2026-05-26 08:05:19,901 [INFO] RENAMED  : 7150b0da-0044-49e1-8b0e-ffb9962144a7_motor_car.xlsx -> THIRUTTANI UO - TN634_motor_car.xlsx
2026-05-26 08:05:19,918 [INFO] RENAMED  : 720b50b6-c99e-414b-8711-95d0b4799703_motor_car.xlsx -> NANMANDA SRTO - KL76_motor_car.xlsx
2026-05-26 08:05:19,934 [INFO] RENAMED  : 727e3ca6-183c-4e4b-aba4-501f68c465f8_motor_cab.xlsx -> KOTHAMANGALAM SRTO - KL44_motor_cab.xlsx
2026-05-26 08:05:19,949 [INFO] RENAMED  : 73107fdc-1e66-4202-9a6d-406d9388b30c_motor_cab.xlsx -> VELLARIKUNDU SRTO - KL79_motor_cab.xlsx
2026-05-26 08:05:19,965 [INFO] RENAMED  : 735f7b66-7d72-419a-9998-e2950520297b_motor_car.xlsx -> PERAMBRA SRTO - KL77_motor_car.xlsx
2026-05-26 08:05:19,981 [INFO] RENAMED  : 736499dd-fbd0-4082-a366-bb078645cde2_motor_cab.xlsx -> DHARWAD EAST RTO - KA63_motor_cab.xlsx
2026-05-26 08:05:19,997 [INFO] RENAMED  : 738bd387-75a5-413b-b35f-cfb581922c18_motor_car.xlsx -> STU AND AUTORIKSHAW,  SHANTHINAGAR RTO - KA57_motor_car.xlsx
2026-05-26 08:05:20,014 [INFO] RENAMED  : 739b6742-b010-463d-be18-d45434ef0598_motor_cab.xlsx -> THURAIYUR UO - TN586_motor_cab.xlsx
2026-05-26 08:05:20,029 [INFO] RENAMED  : 73dcd0e8-cbcb-47ec-bef9-00f178326ac3_motor_cab.xlsx -> SAGAR  ARTO - KA15_motor_cab.xlsx
2026-05-26 08:05:20,044 [INFO] RENAMED  : 74078ca0-2174-4578-adbb-ac192d4ffd70_motor_cab.xlsx -> RAICHUR  RTO - KA36_motor_cab.xlsx
2026-05-26 08:05:20,062 [INFO] RENAMED  : 74ed362c-6967-46b5-acf3-d687d62bb6d0_motor_car.xlsx -> CHENNAI (EAST) RTO - TN4_motor_car.xlsx
2026-05-26 08:05:20,078 [INFO] RENAMED  : 74f7e1bb-89d4-45a6-a6ac-0155dc7923cb_motor_cab.xlsx -> CHENNAI (SOUTH-EAST) RTO - TN6_motor_cab.xlsx
2026-05-26 08:05:20,094 [INFO] RENAMED  : 76291ec7-14e5-4cf8-9a0c-aa43ab5d1feb_motor_cab.xlsx -> BENGALURU NORTH  RTO - KA4_motor_cab.xlsx
2026-05-26 08:05:20,110 [INFO] RENAMED  : 767ca7a1-a468-430a-aeb5-303e2d85cb7d_motor_cab.xlsx -> VARKALA SRTO - KL81_motor_cab.xlsx
2026-05-26 08:05:20,125 [INFO] RENAMED  : 76977e7e-2504-4108-93ea-0651eb492c79_motor_cab.xlsx -> MYSURU WEST  RTO - KA9_motor_cab.xlsx
2026-05-26 08:05:20,142 [INFO] RENAMED  : 76ab6db6-5650-492d-b97f-d6d8e74ade85_motor_car.xlsx -> MYSURU WEST  RTO - KA9_motor_car.xlsx
2026-05-26 08:05:20,160 [INFO] RENAMED  : 780392b6-10e6-4bab-8c89-8e4b1f945642_motor_cab.xlsx -> NAGAPATTINAM RTO - TN51_motor_cab.xlsx
2026-05-26 08:05:20,175 [INFO] RENAMED  : 784c9365-422a-429b-ab92-b4467c042992_motor_cab.xlsx -> MADIKERI  RTO - KA12_motor_cab.xlsx
2026-05-26 08:05:20,193 [INFO] RENAMED  : 78cd357d-3e41-446e-ae14-fe81b4a44fe9_motor_car.xlsx -> HASSAN  RTO - KA13_motor_car.xlsx
2026-05-26 08:05:20,210 [INFO] RENAMED  : 792aba67-de23-475a-9cfd-d0b867308dab_motor_car.xlsx -> TIRUVERANBUR UO - TN583_motor_car.xlsx
2026-05-26 08:05:20,227 [INFO] RENAMED  : 7a053889-a1e2-4e3e-8a04-2413177967df_motor_cab.xlsx -> WAYANAD RTO - KL12_motor_cab.xlsx
2026-05-26 08:05:20,242 [INFO] RENAMED  : 7a9cd911-a92b-481c-91a7-7bc903b60169_motor_car.xlsx -> RAMANATTUKARA (FEROKE) SRTO - KL85_motor_car.xlsx
2026-05-26 08:05:20,260 [INFO] RENAMED  : 7b181c68-bc7d-4623-b5b1-a414685e0fae_motor_car.xlsx -> THALIPARAMBA SRTO - KL59_motor_car.xlsx
2026-05-26 08:05:20,275 [INFO] RENAMED  : 7b61e9d1-bfb8-47ae-8d86-d8ac4f0ef08f_motor_cab.xlsx -> MANANTHAVADY SRTO - KL72_motor_cab.xlsx
2026-05-26 08:05:20,290 [INFO] RENAMED  : 7c0fcf7f-d179-4d83-89af-8a221f6d3833_motor_cab.xlsx -> GADAG  RTO - KA26_motor_cab.xlsx
2026-05-26 08:05:20,307 [INFO] RENAMED  : 7c3dacaf-b873-41e9-8743-034dd7e75b68_motor_car.xlsx -> TIRUPPUR (SOUTH) RTO - TN42_motor_car.xlsx
2026-05-26 08:05:20,322 [INFO] RENAMED  : 7ce19b08-31b5-43d7-941c-af8f1d8c952c_motor_cab.xlsx -> SHIMOGA  RTO - KA14_motor_cab.xlsx
2026-05-26 08:05:20,338 [INFO] RENAMED  : 7cedcaf9-a192-4259-876f-071074506334_motor_cab.xlsx -> TIPTUR  ARTO - KA44_motor_cab.xlsx
2026-05-26 08:05:20,353 [INFO] RENAMED  : 7d14ecea-052f-4a93-8d23-231ca1c30a6c_motor_car.xlsx -> KARWAR  RTO - KA30_motor_car.xlsx
2026-05-26 08:05:20,371 [INFO] RENAMED  : 7e1858d7-8a4a-4fa3-b05e-41bdccb873bd_motor_car.xlsx -> NAGAPATTINAM RTO - TN51_motor_car.xlsx
2026-05-26 08:05:20,386 [INFO] RENAMED  : 7e802fdd-0ed4-4df7-8903-bb61de8d74e1_motor_cab.xlsx -> KONNI SRTO - KL83_motor_cab.xlsx
2026-05-26 08:05:20,401 [INFO] RENAMED  : 7e880e17-046e-4279-9db4-884cb627a065_motor_cab.xlsx -> SALEM (WEST) RTO - TN30_motor_cab.xlsx
2026-05-26 08:05:20,419 [INFO] RENAMED  : 7ec9af29-0248-4825-97b6-681543ec76af_motor_cab.xlsx -> MATTANCHERRY SRTO - KL43_motor_cab.xlsx
2026-05-26 08:05:20,434 [INFO] RENAMED  : 7f96823c-3ead-45a2-9db3-7d1ad400cff7_motor_cab.xlsx -> NATIONALISED SECTOR(TVPM) RTO - KL15_motor_cab.xlsx
2026-05-26 08:05:20,451 [INFO] RENAMED  : 7fe05ec1-b16f-4ec8-94f2-050c9c9b3e6a_motor_cab.xlsx -> NANMANDA SRTO - KL76_motor_cab.xlsx
2026-05-26 08:05:20,469 [INFO] RENAMED  : 805ec626-24b6-4ab1-bb9e-2b44bb5e255b_motor_car.xlsx -> PUTTUR  RTO - KA21_motor_car.xlsx
2026-05-26 08:05:20,485 [INFO] RENAMED  : 8062b499-5ce3-4eee-bbac-cf7ce20a917b_motor_cab.xlsx -> NATHAM UO - TN640_motor_cab.xlsx
2026-05-26 08:05:20,504 [INFO] RENAMED  : 817c72c2-cbbe-424f-acd7-2dd07f300739_motor_cab.xlsx -> YANAM - PY4_motor_cab.xlsx
2026-05-26 08:05:20,522 [INFO] RENAMED  : 8184759b-49f8-47ba-b618-ffecc449d217_motor_car.xlsx -> SRIPERUMBUDUR RTO - TN614_motor_car.xlsx
2026-05-26 08:05:20,539 [INFO] RENAMED  : 832e0d9f-016c-4450-8170-0dbf8532a331_motor_car.xlsx -> VIRUDHACHALAM UO - TN553_motor_car.xlsx
2026-05-26 08:05:20,558 [INFO] RENAMED  : 8358ee67-4bb5-4578-959d-311bc092f00c_motor_car.xlsx -> KALABURAGI  RTO - KA32_motor_car.xlsx
2026-05-26 08:05:20,574 [INFO] RENAMED  : 845897da-2325-4f63-be15-8ac397b9b149_motor_cab.xlsx -> ERODE RTO - TN33_motor_cab.xlsx
2026-05-26 08:05:20,590 [INFO] RENAMED  : 85d6afa2-896f-4b9f-84cd-689314511de5_motor_cab.xlsx -> GOKAK  ARTO - KA49_motor_cab.xlsx
2026-05-26 08:05:20,654 [INFO] RENAMED  : 85e3d618-3c63-4a60-b15f-298bc834634e_motor_car.xlsx -> GOPICHETTIPALAYAM RTO - TN36_motor_car.xlsx
2026-05-26 08:05:20,670 [INFO] RENAMED  : 868b3857-bca5-4f14-a953-8ae030764376_motor_car.xlsx -> THIRUMANGALAM  UO - TN598_motor_car.xlsx
2026-05-26 08:05:20,685 [INFO] RENAMED  : 86cb2eac-eedf-4dea-86c1-7b25bfbf2584_motor_cab.xlsx -> KARUR RTO - TN47_motor_cab.xlsx
2026-05-26 08:05:20,701 [INFO] RENAMED  : 86f8c084-ba57-4be1-8e35-03a97689197b_motor_cab.xlsx -> KAYAMKULAM SRTO - KL29_motor_cab.xlsx
2026-05-26 08:05:20,716 [INFO] RENAMED  : 882fb6a3-86eb-474c-9159-45ad6687ae39_motor_cab.xlsx -> KANHANGAD SRTO - KL60_motor_cab.xlsx
2026-05-26 08:05:20,732 [INFO] RENAMED  : 88706df3-7433-45b2-9423-d4d551dcf0da_motor_car.xlsx -> KANJIRAPPALLY SRTO - KL34_motor_car.xlsx
2026-05-26 08:05:20,749 [INFO] RENAMED  : 88d515f9-7f5d-4e2c-9983-32b5146fdc5f_motor_car.xlsx -> PUDUKOTTAI RTO - TN55_motor_car.xlsx
2026-05-26 08:05:20,765 [INFO] RENAMED  : 88e11ca0-986b-4037-8392-9856e12ed787_motor_car.xlsx -> TIRUCHI RTO - TN45_motor_car.xlsx
2026-05-26 08:05:20,780 [INFO] RENAMED  : 8a39ec77-07db-4933-a877-1c7816838d48_motor_cab.xlsx -> VADAKARA RTO - KL18_motor_cab.xlsx
2026-05-26 08:05:20,797 [INFO] RENAMED  : 8a6ad5d3-4639-4247-b905-9b98f8aa2986_motor_car.xlsx -> GUDALORE UO - TN582_motor_car.xlsx
2026-05-26 08:05:20,813 [INFO] RENAMED  : 8a8e03fc-a303-4721-9c40-fa971c034e6e_motor_cab.xlsx -> COIMBATORE (WEST) RTO - TN99_motor_cab.xlsx
2026-05-26 08:05:20,829 [INFO] RENAMED  : 8bae8547-4ba6-4bc9-bf90-f69f5bc61e65_motor_car.xlsx -> KOILANDY SRTO - KL56_motor_car.xlsx
2026-05-26 08:05:20,846 [INFO] RENAMED  : 8bdd1b60-d6e8-47e9-9b1b-3f23236f255c_motor_car.xlsx -> GUDIYATHAM UO - TN514_motor_car.xlsx
2026-05-26 08:05:20,863 [INFO] RENAMED  : 8c41d58c-be48-4574-a0c7-89dc8cf7a047_motor_car.xlsx -> THIRURANGADI SRTO - KL65_motor_car.xlsx
2026-05-26 08:05:20,880 [INFO] RENAMED  : 8cdcb2a7-e43b-46d7-90c2-e89156a0e4d7_motor_car.xlsx -> AVINASHI UO - TN580_motor_car.xlsx
2026-05-26 08:05:20,896 [INFO] RENAMED  : 8d62411f-66c0-4087-a433-1ff40d8022c3_motor_car.xlsx -> MARTHANDAM RTO - TN75_motor_car.xlsx
2026-05-26 08:05:20,913 [INFO] RENAMED  : 8d8ec488-f365-4563-b195-97df4b956cd6_motor_car.xlsx -> CHENNAI (SOUTH-WEST) RTO - TN10_motor_car.xlsx
2026-05-26 08:05:20,928 [INFO] RENAMED  : 8de588f9-57f2-48ab-acd8-e875cce91a0c_motor_cab.xlsx -> PARASSALA SRTO - KL19_motor_cab.xlsx
2026-05-26 08:05:20,943 [INFO] RENAMED  : 8df9f3a1-0c5e-4c28-99b6-07811a6dc55d_motor_cab.xlsx -> KANNUR RTO - KL13_motor_cab.xlsx
2026-05-26 08:05:20,960 [INFO] RENAMED  : 8ed6b322-4815-4c30-9ee2-06421df0c705_motor_car.xlsx -> KOPPAL  RTO - KA37_motor_car.xlsx
2026-05-26 08:05:20,975 [INFO] RENAMED  : 8fccd8c2-0d9b-41c9-b284-eda0acd07979_motor_cab.xlsx -> VIRUDHUNAGAR RTO - TN67_motor_cab.xlsx
2026-05-26 08:05:20,991 [INFO] RENAMED  : 8ffd23b4-73e0-4a91-a043-b388b3fd31e3_motor_cab.xlsx -> TIRUVARUR RTO - TN50_motor_cab.xlsx
2026-05-26 08:05:21,007 [INFO] RENAMED  : 90603d68-c375-409b-b7cc-f5b34318a2f2_motor_car.xlsx -> MADURANTAGAM UO - TN508_motor_car.xlsx
2026-05-26 08:05:21,023 [INFO] RENAMED  : 91662e09-9a17-417e-af5c-e33cc3af5c32_motor_cab.xlsx -> PAYYANNUR SRTO - KL86_motor_cab.xlsx
2026-05-26 08:05:21,038 [INFO] RENAMED  : 9198f3ed-132a-4c91-b0d9-5435d4e60926_motor_cab.xlsx -> SULTHANBATHERY SRTO - KL73_motor_cab.xlsx
2026-05-26 08:05:21,055 [INFO] RENAMED  : 91c45b47-bd90-4299-af78-1c472e449cb1_motor_car.xlsx -> CHENNAI (SOUTH-EAST) RTO - TN6_motor_car.xlsx
2026-05-26 08:05:21,073 [INFO] RENAMED  : 922f8770-dc3d-430f-9b92-a318ef1714d4_motor_car.xlsx -> THANJAVUR RTO - TN49_motor_car.xlsx
2026-05-26 08:05:21,088 [INFO] RENAMED  : 92891a12-789a-4d6b-b16b-e039e057dd73_motor_cab.xlsx -> METTUPALAYAM RTO - TN40_motor_cab.xlsx
2026-05-26 08:05:21,103 [INFO] RENAMED  : 92cae53d-3be8-4eb3-9c3f-a2e049bd4a10_motor_cab.xlsx -> KALLAKURICHI RTO - TN615_motor_cab.xlsx
2026-05-26 08:05:21,121 [INFO] RENAMED  : 92d7d7c8-df8b-489e-9ebe-0d337556717a_motor_cab.xlsx -> CHENGALPATTU RTO - TN19_motor_cab.xlsx
2026-05-26 08:05:21,136 [INFO] RENAMED  : 92ee64c3-221c-4226-aedd-3619d00abf8c_motor_car.xlsx -> PALAI SRTO - KL35_motor_car.xlsx
2026-05-26 08:05:21,151 [INFO] RENAMED  : 9348a349-7bb9-48b0-84fb-5a349ef08291_motor_car.xlsx -> STATE TRANSPORT AUTHORITY - KA99_motor_car.xlsx
2026-05-26 08:05:21,168 [INFO] RENAMED  : 93b47230-847f-463b-9008-2865f6c03a3d_motor_car.xlsx -> CHICKABALLAPUR  RTO - KA40_motor_car.xlsx
2026-05-26 08:05:21,184 [INFO] RENAMED  : 93c02f8d-d0fc-4a16-9ce5-b1bc5d13b957_motor_cab.xlsx -> KARAIKAL - PY2_motor_cab.xlsx
2026-05-26 08:05:21,200 [INFO] RENAMED  : 94931cd2-41f0-42ec-8471-e647bf3c7efa_motor_car.xlsx -> CHIKKODI  RTO - KA23_motor_car.xlsx
2026-05-26 08:05:21,215 [INFO] RENAMED  : 956666e8-a7fb-4f78-8a33-b842d4bfe01f_motor_cab.xlsx -> THIRUCHENDUR RTO - TN606_motor_cab.xlsx
2026-05-26 08:05:21,232 [INFO] RENAMED  : 96e9df90-21bf-4765-8c95-f2e4c488d445_motor_car.xlsx -> TIRUNELVELI RTO - TN72_motor_car.xlsx
2026-05-26 08:05:21,249 [INFO] RENAMED  : 9753e426-5461-4b51-a76d-45ecdd615478_motor_car.xlsx -> BELLARY  RTO - KA34_motor_car.xlsx
2026-05-26 08:05:21,266 [INFO] RENAMED  : 9762e7ac-23c4-4c89-b92f-1823bed5692b_motor_cab.xlsx -> CHALAKKUDY SRTO - KL64_motor_cab.xlsx
2026-05-26 08:05:21,282 [INFO] RENAMED  : 97d76650-107d-4b39-9f92-d4b504d9a02f_motor_cab.xlsx -> CHENNAI (CENTRAL) RTO - TN1_motor_cab.xlsx
2026-05-26 08:05:21,298 [INFO] RENAMED  : 9816fb57-975d-4e75-ae85-2e91f7ef3bc1_motor_car.xlsx -> PAYYANNUR SRTO - KL86_motor_car.xlsx
2026-05-26 08:05:21,315 [INFO] RENAMED  : 98354580-360a-4484-86f7-10bf6648cec8_motor_cab.xlsx -> DINDIGUL RTO - TN57_motor_cab.xlsx
2026-05-26 08:05:21,331 [INFO] RENAMED  : 9848c254-8b2d-42e3-acba-2ea043053835_motor_cab.xlsx -> COIMBATORE (CENTRAL) RTO - TN66_motor_cab.xlsx
2026-05-26 08:05:21,346 [INFO] RENAMED  : 98e6aabc-d098-4d75-a158-176219f69b3e_motor_car.xlsx -> MADURAI (CENTRAL) RTO - TN64_motor_car.xlsx
2026-05-26 08:05:21,362 [INFO] RENAMED  : 99503046-1763-48d6-8658-99039d8149c3_motor_cab.xlsx -> PARAMATHI VELLURE UO - TN517_motor_cab.xlsx
2026-05-26 08:05:21,379 [INFO] RENAMED  : 9968e0a1-4e49-4fb4-bf00-bc99df9167d9_motor_car.xlsx -> DHARWAD WEST RTO - KA25_motor_car.xlsx
2026-05-26 08:05:21,394 [INFO] RENAMED  : 997cceef-298a-4a04-9bcc-4faa798dc7b8_motor_car.xlsx -> SANKARANKOVIL RTO - TN610_motor_car.xlsx
2026-05-26 08:05:21,410 [INFO] RENAMED  : 99913c69-9677-4202-9f34-fafbde5013a1_motor_cab.xlsx -> TIRUNELVELI RTO - TN72_motor_cab.xlsx
2026-05-26 08:05:21,426 [INFO] RENAMED  : 99b41cd8-9b98-46f5-911b-fc3aa587855c_motor_cab.xlsx -> POONAMALLEE RTO - TN511_motor_cab.xlsx
2026-05-26 08:05:21,444 [INFO] RENAMED  : 99b89c72-fe7b-42ee-bac5-76649907b8ab_motor_car.xlsx -> HARUR UO - TN527_motor_car.xlsx
2026-05-26 08:05:21,461 [INFO] RENAMED  : 9a16a339-5e66-4370-b922-0bf71f75318f_motor_car.xlsx -> OMALURE UO - TN535_motor_car.xlsx
2026-05-26 08:05:21,478 [INFO] RENAMED  : 9a18d4dd-8141-408d-ad7e-d232a4196255_motor_car.xlsx -> PATHANAMTHITTA RTO - KL3_motor_car.xlsx
2026-05-26 08:05:21,495 [INFO] RENAMED  : 9a5d4035-fb5f-409d-944b-7ad30ddb92be_motor_car.xlsx -> GINGEE UO - TN627_motor_car.xlsx
2026-05-26 08:05:21,511 [INFO] RENAMED  : 9c15da4c-d642-4c29-9bac-831e4e53cfad_motor_cab.xlsx -> BHALKI  ARTO - KA39_motor_cab.xlsx
2026-05-26 08:05:21,526 [INFO] RENAMED  : 9c4c30ad-b218-48cd-aed8-ebaba167fa81_motor_cab.xlsx -> CHECK POST - PY99_motor_cab.xlsx
2026-05-26 08:05:21,543 [INFO] RENAMED  : 9c7c40b0-054d-49aa-b773-5c88243f0238_motor_car.xlsx -> TC OFFICE - STA OFFICE - KL99_motor_car.xlsx
2026-05-26 08:05:21,562 [INFO] RENAMED  : 9cdc68cd-c0d4-4c0e-acc0-af2619bd6017_motor_car.xlsx -> RANIBENNUR ARTO - KA68_motor_car.xlsx
2026-05-26 08:05:21,581 [INFO] RENAMED  : 9d650413-1731-409a-8c08-ee30b8d02404_motor_car.xlsx -> THALASSERY SRTO - KL58_motor_car.xlsx
2026-05-26 08:05:21,600 [INFO] RENAMED  : 9daaf93d-a174-4e06-9590-efd54ddd13f7_motor_cab.xlsx -> SIRKALI UO - TN623_motor_cab.xlsx
2026-05-26 08:05:21,661 [INFO] RENAMED  : 9ddd358f-a2ae-44c7-9f4a-e90e23fa0383_motor_cab.xlsx -> KUMARAPALAYAM RTO - TN638_motor_cab.xlsx
2026-05-26 08:05:21,678 [INFO] RENAMED  : 9e5f5e45-4e6a-4c92-bc2d-067f23a402db_motor_cab.xlsx -> TIRUVANNAMALAI RTO - TN25_motor_cab.xlsx
2026-05-26 08:05:21,693 [INFO] RENAMED  : 9f41ff55-6c7b-4906-8aa9-1fa247ccd1ae_motor_cab.xlsx -> CHICKABALLAPUR  RTO - KA40_motor_cab.xlsx
2026-05-26 08:05:21,708 [INFO] RENAMED  : 9f4bf75d-1578-4d07-a684-e40eb570d27d_motor_cab.xlsx -> UDUMALPET RTO - TN581_motor_cab.xlsx
2026-05-26 08:05:21,725 [INFO] RENAMED  : 9f8cf5a9-cab6-488d-b566-9f85f34b67a7_motor_car.xlsx -> KANHANGAD SRTO - KL60_motor_car.xlsx
2026-05-26 08:05:21,739 [INFO] RENAMED  : 9fd862f0-ddc9-457e-aafa-1f06fe58d993_motor_cab.xlsx -> MALAPPURAM RTO - KL10_motor_cab.xlsx
2026-05-26 08:05:21,756 [INFO] RENAMED  : 9fe9724c-6f61-48d9-a977-aadcc8556397_motor_car.xlsx -> ALAPPUZHA RTO - KL4_motor_car.xlsx
2026-05-26 08:05:21,772 [INFO] RENAMED  : a00d7650-8013-4769-989c-1173c673b0c0_motor_car.xlsx -> THIRUPATTUR RTO - TN624_motor_car.xlsx
2026-05-26 08:05:21,790 [INFO] RENAMED  : a058e3aa-0061-48ca-94f6-bec137e48fa8_motor_car.xlsx -> CHENNAI (CENTRAL) RTO - TN1_motor_car.xlsx
2026-05-26 08:05:21,806 [INFO] RENAMED  : a07863f1-83a1-4e1c-917c-c7b4cad20251_motor_car.xlsx -> SHOLINGANALLUR RTO - TN512_motor_car.xlsx
2026-05-26 08:05:21,822 [INFO] RENAMED  : a18ec49c-78a4-4128-a4c1-35fcf57daf60_motor_cab.xlsx -> ARIYALUR RTO - TN61_motor_cab.xlsx
2026-05-26 08:05:21,839 [INFO] RENAMED  : a196ec90-8d98-4d9c-b163-b96c5d2fa0d9_motor_cab.xlsx -> MALLAPPALLY SRTO - KL28_motor_cab.xlsx
2026-05-26 08:05:21,854 [INFO] RENAMED  : a23ca752-6305-4fa9-bd4e-677ec9a6110c_motor_cab.xlsx -> ATTUR RTO - TN591_motor_cab.xlsx
2026-05-26 08:05:21,869 [INFO] RENAMED  : a2666728-dc1e-4dde-a559-9a70fe66bb72_motor_cab.xlsx -> BATLAGUNDU UO - TN596_motor_cab.xlsx
2026-05-26 08:05:21,883 [INFO] RENAMED  : a2673ecd-d664-4d20-8db4-816e89ed71c3_motor_cab.xlsx -> MYSURU  EAST  RTO - KA55_motor_cab.xlsx
2026-05-26 08:05:21,900 [INFO] RENAMED  : a2754b01-2c8f-4692-b7d2-6853dc22c83a_motor_cab.xlsx -> PUDUCHERRY - PY1_motor_cab.xlsx
2026-05-26 08:05:21,916 [INFO] RENAMED  : a36fa4ae-c701-4ba7-b301-4027bc350cf9_motor_car.xlsx -> KODUVALLY SRTO - KL57_motor_car.xlsx
2026-05-26 08:05:21,932 [INFO] RENAMED  : a38da66a-2f35-4d2c-802e-1bf7e8c6c347_motor_cab.xlsx -> POLLACHI RTO - TN41_motor_cab.xlsx
2026-05-26 08:05:21,949 [INFO] RENAMED  : a38e18de-ebc1-431c-8dec-bfdf4850a96b_motor_car.xlsx -> NEYYATTINKARA SRTO - KL20_motor_car.xlsx
2026-05-26 08:05:21,966 [INFO] RENAMED  : a47a7ddc-d7d7-4387-83ad-8c45c08ed07e_motor_car.xlsx -> CHENNAI (WEST) RTO - TN9_motor_car.xlsx
2026-05-26 08:05:21,981 [INFO] RENAMED  : a494a4bc-eaa6-4120-aaba-60ed994600e1_motor_cab.xlsx -> NEDUMANGADU SRTO - KL21_motor_cab.xlsx
2026-05-26 08:05:21,996 [INFO] RENAMED  : a60da195-7a73-480d-bfee-14d9dca48a24_motor_cab.xlsx -> THODUPUZHA SRTO - KL38_motor_cab.xlsx
2026-05-26 08:05:22,012 [INFO] RENAMED  : a61ae1d8-7dcf-4736-819d-2424a675cd9b_motor_cab.xlsx -> KODUVALLY SRTO - KL57_motor_cab.xlsx
2026-05-26 08:05:22,029 [INFO] RENAMED  : a62c05a1-ceb1-4242-a1c8-9e29525ce22f_motor_car.xlsx -> PALANI RTO - TN597_motor_car.xlsx
2026-05-26 08:05:22,045 [INFO] RENAMED  : a746a81a-cdfa-440f-a887-ee43a83e8d6d_motor_car.xlsx -> KOVILPATTI RTO - TN607_motor_car.xlsx
2026-05-26 08:05:22,062 [INFO] RENAMED  : a774c451-bdba-4c16-b6f0-edd0a5c67520_motor_car.xlsx -> RAJAPALAYAM UO - TN643_motor_car.xlsx
2026-05-26 08:05:22,079 [INFO] RENAMED  : a7a6fa52-1798-4f61-bd9a-38012ec301d6_motor_car.xlsx -> BENGALURU SOUTH  RTO - KA5_motor_car.xlsx
2026-05-26 08:05:22,096 [INFO] RENAMED  : a8408627-bdad-44e8-a7e6-967fd132c415_motor_car.xlsx -> IDUKKI RTO - KL6_motor_car.xlsx
2026-05-26 08:05:22,110 [INFO] RENAMED  : a86591f1-47f4-4d2f-a885-1e56cc1cd105_motor_cab.xlsx -> DHARAPURAM RTO - TN594_motor_cab.xlsx
2026-05-26 08:05:22,127 [INFO] RENAMED  : a8872ecd-dffd-44cb-95f3-b2fdf852a952_motor_car.xlsx -> HOSUR RTO - TN70_motor_car.xlsx
2026-05-26 08:05:22,143 [INFO] RENAMED  : a8aa8600-5e06-4e27-8962-9acbbcb53c0e_motor_cab.xlsx -> BENGALURU CENTRAL  RTO - KA1_motor_cab.xlsx
2026-05-26 08:05:22,158 [INFO] RENAMED  : a9d00c52-97b2-48be-985a-67b90e286024_motor_cab.xlsx -> PONNANI SRTO - KL54_motor_cab.xlsx
2026-05-26 08:05:22,174 [INFO] RENAMED  : aa9a1b6e-a8c3-4099-aa0c-77dad59aba95_motor_car.xlsx -> MYSURU  EAST  RTO - KA55_motor_car.xlsx
2026-05-26 08:05:22,190 [INFO] RENAMED  : aab7f5cc-8dcd-4e80-8a9e-215f064f7250_motor_cab.xlsx -> PALAKKAD RTO - KL9_motor_cab.xlsx
2026-05-26 08:05:22,207 [INFO] RENAMED  : aac2af14-ed64-4c8d-8dc7-e04c10e9ffa9_motor_car.xlsx -> PARASSALA SRTO - KL19_motor_car.xlsx
2026-05-26 08:05:22,221 [INFO] RENAMED  : ab0bc40e-d403-4a6d-8709-7f01c750ffc6_motor_cab.xlsx -> MADHUGIRI, TUMAKURU ARTO - KA64_motor_cab.xlsx
2026-05-26 08:05:22,237 [INFO] RENAMED  : ab950031-60fc-46fe-805f-47990ee0ee06_motor_cab.xlsx -> CHIDAMBARAM RTO - TN544_motor_cab.xlsx
2026-05-26 08:05:22,252 [INFO] RENAMED  : acf4b6c0-aa0f-488b-9bf8-ff3a018d854b_motor_cab.xlsx -> CHIKKODI  RTO - KA23_motor_cab.xlsx
2026-05-26 08:05:22,269 [INFO] RENAMED  : ad3250dd-a412-4083-833e-f5c8e43f60e2_motor_car.xlsx -> ALANGUDI UO - TN641_motor_car.xlsx
2026-05-26 08:05:22,285 [INFO] RENAMED  : ad3b762d-d349-416e-b3bf-3ff62b61a45c_motor_car.xlsx -> KARUNAGAPPALLY SRTO - KL23_motor_car.xlsx
2026-05-26 08:05:22,300 [INFO] RENAMED  : ad3c6730-4771-400f-a43c-52417655cd54_motor_cab.xlsx -> THIRUBUVANAI(VILLIANUR) - PY51_motor_cab.xlsx
2026-05-26 08:05:22,317 [INFO] RENAMED  : ad62645e-9f14-4abd-81cf-444cd80436bb_motor_car.xlsx -> CHEYYAR UO - TN635_motor_car.xlsx
2026-05-26 08:05:22,332 [INFO] RENAMED  : af25dca8-5bd3-49a4-8bc9-999ae4a1c8b7_motor_cab.xlsx -> METTUR RTO - TN590_motor_cab.xlsx
2026-05-26 08:05:22,347 [INFO] RENAMED  : af2a0ea5-d426-40a0-b1d5-595733917fdd_motor_cab.xlsx -> MANDYA  RTO - KA11_motor_cab.xlsx
2026-05-26 08:05:22,363 [INFO] RENAMED  : af83b011-e7db-4dc9-81d3-f34b761a0396_motor_car.xlsx -> RANNI SRTO - KL62_motor_car.xlsx
2026-05-26 08:05:22,380 [INFO] RENAMED  : b00870fe-cf38-4303-8a63-d7a4a4f18b12_motor_cab.xlsx -> CHITRADURGA  RTO - KA16_motor_cab.xlsx
2026-05-26 08:05:22,396 [INFO] RENAMED  : b083d323-2c56-4f6a-98b5-d17f296a144a_motor_cab.xlsx -> IRINJALAKUDA SRTO - KL45_motor_cab.xlsx
2026-05-26 08:05:22,412 [INFO] RENAMED  : b0dfa9b5-8679-4c1e-9082-0722f5831352_motor_car.xlsx -> SULUR UO - TN620_motor_car.xlsx
2026-05-26 08:05:22,429 [INFO] RENAMED  : b0f87f7a-52e3-49b1-87e8-8e04936c3a1a_motor_car.xlsx -> PATHANAPURAM SRTO - KL80_motor_car.xlsx
2026-05-26 08:05:22,445 [INFO] RENAMED  : b13ec544-6c9d-4ff0-84ae-796f316ee259_motor_car.xlsx -> ELECTRONIC CITY  RTO - KA51_motor_car.xlsx
2026-05-26 08:05:22,462 [INFO] RENAMED  : b1a7161b-476b-4d5e-b4d3-64e56c666047_motor_car.xlsx -> ARAKKONAM UO - TN609_motor_car.xlsx
2026-05-26 08:05:22,477 [INFO] RENAMED  : b22b580e-0285-4f64-9485-a4d122312fbf_motor_cab.xlsx -> VALPARAI UO - TN633_motor_cab.xlsx
2026-05-26 08:05:22,492 [INFO] RENAMED  : b261cb58-5eb8-4ada-aceb-0cce96ae8d3f_motor_cab.xlsx -> ARUPPUKOTTAI UO - TN622_motor_cab.xlsx
2026-05-26 08:05:22,508 [INFO] RENAMED  : b2bf8531-35c4-41ad-97f1-6e3aa602ab90_motor_car.xlsx -> KOTTAYAM RTO - KL5_motor_car.xlsx
2026-05-26 08:05:22,524 [INFO] RENAMED  : b2ebac45-dce3-492b-b63f-e07543926e07_motor_cab.xlsx -> SRIPERUMBUDUR RTO - TN614_motor_cab.xlsx
2026-05-26 08:05:22,540 [INFO] RENAMED  : b32d6730-0a9f-479d-9851-2708e0bd0bfc_motor_cab.xlsx -> NAGAMANGALA  RTO - KA54_motor_cab.xlsx
2026-05-26 08:05:22,555 [INFO] RENAMED  : b36caaa5-9da4-4a13-ba7a-5839702ce431_motor_cab.xlsx -> TIRUCHI RTO - TN45_motor_cab.xlsx
2026-05-26 08:05:22,572 [INFO] RENAMED  : b38efc79-3f00-408d-91b8-03c3a264348c_motor_car.xlsx -> REGIONAL TRANSPORT OFFICE BELAGAVI - KA22_motor_car.xlsx
2026-05-26 08:05:22,591 [INFO] RENAMED  : b4322fdb-2e09-4615-879a-4b47188239ef_motor_cab.xlsx -> CHENNAI (WEST) RTO - TN9_motor_cab.xlsx
2026-05-26 08:05:22,608 [INFO] RENAMED  : b46e7bb6-f6bb-4fcd-8a61-188cb7a99939_motor_car.xlsx -> THURAIYUR UO - TN586_motor_car.xlsx
2026-05-26 08:05:22,677 [INFO] RENAMED  : b4821074-589a-4e4f-be23-66f66ed06d24_motor_car.xlsx -> METTUR RTO - TN590_motor_car.xlsx
2026-05-26 08:05:22,693 [INFO] RENAMED  : b50a8cb6-00af-4f66-b4cc-b8e0706d72b5_motor_cab.xlsx -> YALAHANKA  RTO - KA50_motor_cab.xlsx
2026-05-26 08:05:22,709 [INFO] RENAMED  : b55c3d83-acee-40a8-aaa1-843389f9e668_motor_cab.xlsx -> SHOLINGANALLUR RTO - TN512_motor_cab.xlsx
2026-05-26 08:05:22,726 [INFO] RENAMED  : b5729ae8-b735-48c4-83c8-cf08996c4fb9_motor_cab.xlsx -> RAMANATTUKARA (FEROKE) SRTO - KL85_motor_cab.xlsx
2026-05-26 08:05:22,743 [INFO] RENAMED  : b6a4d908-ca69-458c-aeef-a23a5db12f6f_motor_cab.xlsx -> COIMBATORE (NORTH) RTO - TN38_motor_cab.xlsx
2026-05-26 08:05:22,762 [INFO] RENAMED  : b772e9a3-ac31-4d2a-be7a-b5c7e04b8261_motor_cab.xlsx -> ELECTRONIC CITY  RTO - KA51_motor_cab.xlsx
2026-05-26 08:05:22,781 [INFO] RENAMED  : b7d0e998-fb85-4b4b-af8f-b04a283ed43c_motor_cab.xlsx -> AVINASHI UO - TN580_motor_cab.xlsx
2026-05-26 08:05:22,797 [INFO] RENAMED  : b8b61ecb-9de6-4cf1-9e33-8a09fe5baf76_motor_cab.xlsx -> DHARWAD WEST RTO - KA25_motor_cab.xlsx
2026-05-26 08:05:22,814 [INFO] RENAMED  : b91de089-f47e-4dad-8c85-f835c1b8bbf6_motor_cab.xlsx -> NEYYATTINKARA SRTO - KL20_motor_cab.xlsx
2026-05-26 08:05:22,831 [INFO] RENAMED  : b922dc18-1193-4ea0-a53c-e1cddae0f9c1_motor_cab.xlsx -> PANRUTI UO - TN626_motor_cab.xlsx
2026-05-26 08:05:22,849 [INFO] RENAMED  : b974eb15-a505-4a6e-9e87-10e167a87835_motor_cab.xlsx -> MANAPARAI UO - TN584_motor_cab.xlsx
2026-05-26 08:05:22,867 [INFO] RENAMED  : b9e03023-15f1-4c60-a52b-0406c6d06226_motor_cab.xlsx -> TIRUCHI(EAST) RTO - TN81_motor_cab.xlsx
2026-05-26 08:05:22,882 [INFO] RENAMED  : ba2b48ca-f946-45f2-8ea2-74b935e08f9b_motor_cab.xlsx -> THIRUTTANI UO - TN634_motor_cab.xlsx
2026-05-26 08:05:22,900 [INFO] RENAMED  : bb310241-ac08-43fb-8e59-b09cfbc5dfd7_motor_car.xlsx -> BANTWALA ARTO - KA70_motor_car.xlsx
2026-05-26 08:05:22,920 [INFO] RENAMED  : bb5c304a-1f51-4af9-a739-91b49555f005_motor_car.xlsx -> KUTTANADU SRTO - KL66_motor_car.xlsx
2026-05-26 08:05:22,938 [INFO] RENAMED  : bba9bfd2-b7ad-403f-b2ed-ff43a0e9a713_motor_car.xlsx -> CHIDAMBARAM RTO - TN544_motor_car.xlsx
2026-05-26 08:05:22,956 [INFO] RENAMED  : bbd572cd-c00b-4091-8dbc-f9cecb93b39b_motor_cab.xlsx -> KATTAKADA SRTO - KL74_motor_cab.xlsx
2026-05-26 08:05:22,973 [INFO] RENAMED  : bc05f30c-f78b-4788-8097-958d32c5ccd6_motor_cab.xlsx -> BIJAPUR  RTO - KA28_motor_cab.xlsx
2026-05-26 08:05:22,990 [INFO] RENAMED  : bc98b8dd-fbd0-4b94-b55c-12713408934e_motor_cab.xlsx -> OMALURE UO - TN535_motor_cab.xlsx
2026-05-26 08:05:23,008 [INFO] RENAMED  : bd4766e5-29d2-4772-8e36-93d6d7890273_motor_car.xlsx -> AMBASAMUTHIRAM UO - TN611_motor_car.xlsx
2026-05-26 08:05:23,028 [INFO] RENAMED  : bd798418-a1c0-4fdf-a27c-197d78626c3e_motor_car.xlsx -> TRIVANDRUM RTO - KL1_motor_car.xlsx
2026-05-26 08:05:23,048 [INFO] RENAMED  : be2d52fb-cd4c-4a75-9f02-88cdbc3087c9_motor_car.xlsx -> MANDYA  RTO - KA11_motor_car.xlsx
2026-05-26 08:05:23,064 [INFO] RENAMED  : be8e04a1-4d06-46da-9b66-15a5037807e2_motor_cab.xlsx -> CHANGANACHERRY SRTO - KL33_motor_cab.xlsx
2026-05-26 08:05:23,084 [INFO] RENAMED  : becbe9d5-e60a-469b-8072-ec76ae26f2b0_motor_car.xlsx -> HAVERI  RTO - KA27_motor_car.xlsx
2026-05-26 08:05:23,101 [INFO] RENAMED  : bf951af2-b08f-422b-94c0-31b73d1c2254_motor_cab.xlsx -> GUMMIDIPOONDI UO - TN625_motor_cab.xlsx
2026-05-26 08:05:23,121 [INFO] RENAMED  : bfac51cb-82c4-4315-b386-19c673257025_motor_car.xlsx -> KUMBAKONAM RTO - TN68_motor_car.xlsx
2026-05-26 08:05:23,142 [INFO] RENAMED  : c0300f52-be9d-420a-9654-7afe49ede0e0_motor_car.xlsx -> PUDUCHERRY - PY1_motor_car.xlsx
2026-05-26 08:05:23,162 [INFO] RENAMED  : c04cd95b-31c5-400a-b4a7-83c012355e51_motor_car.xlsx -> VALLIYUR UO - TN608_motor_car.xlsx
2026-05-26 08:05:23,179 [INFO] RENAMED  : c0a17a1f-e093-4d17-bc63-c58f203f0c69_motor_cab.xlsx -> CHADAYAMANGALA SRTO - KL82_motor_cab.xlsx
2026-05-26 08:05:23,199 [INFO] RENAMED  : c0a207b2-2e40-4637-a01a-f6f3f3050032_motor_cab.xlsx -> THRIPRAYAR SRTO - KL75_motor_cab.xlsx
2026-05-26 08:05:23,218 [INFO] RENAMED  : c0c45055-8b01-43ec-be11-1fc19afeb277_motor_cab.xlsx -> CHENNAI (SOUTH) RTO - TN7_motor_cab.xlsx
2026-05-26 08:05:23,236 [INFO] RENAMED  : c0c6cdf2-dd7d-4bea-b6c9-d9218c847ce1_motor_car.xlsx -> KODUNGALLUR SRTO - KL47_motor_car.xlsx
2026-05-26 08:05:23,257 [INFO] RENAMED  : c1ee28f6-bd67-4e95-8a9a-71d71f6e5e3c_motor_cab.xlsx -> ERNAKULAM RTO - KL7_motor_cab.xlsx
2026-05-26 08:05:23,276 [INFO] RENAMED  : c27ed311-bd1f-4074-9764-ecf2dd391ab5_motor_car.xlsx -> GUMMIDIPOONDI UO - TN625_motor_car.xlsx
2026-05-26 08:05:23,295 [INFO] RENAMED  : c29fa181-e942-4aa0-8151-fbdbcde80213_motor_car.xlsx -> SALEM (WEST) RTO - TN30_motor_car.xlsx
2026-05-26 08:05:23,328 [INFO] RENAMED  : c30b5307-7bc0-49cc-8648-298d9eb94c8d_motor_car.xlsx -> KOZHIKODE RTO - KL11_motor_car.xlsx
2026-05-26 08:05:23,345 [INFO] RENAMED  : c31a589b-5c65-406d-a656-6ec844bf5bbd_motor_cab.xlsx -> SATHYAMANGALAM UO - TN579_motor_cab.xlsx
2026-05-26 08:05:23,363 [INFO] RENAMED  : c3324709-f3ed-4fb9-855b-c20f47b0b9f0_motor_car.xlsx -> CUDDALORE RTO - TN31_motor_car.xlsx
2026-05-26 08:05:23,379 [INFO] RENAMED  : c40c2f9e-6e5b-4e36-a8ab-2c0571e7e51a_motor_cab.xlsx -> NILAMBUR SRTO - KL71_motor_cab.xlsx
2026-05-26 08:05:23,397 [INFO] RENAMED  : c4686c44-ae13-4226-b49f-191719589a42_motor_car.xlsx -> UZHAVOOR SRTO - KL67_motor_car.xlsx
2026-05-26 08:05:23,417 [INFO] RENAMED  : c4782d2f-a242-482b-a212-21c94e12d08c_motor_car.xlsx -> RAICHUR  RTO - KA36_motor_car.xlsx
2026-05-26 08:05:23,433 [INFO] RENAMED  : c4a2cc67-50a4-4506-9762-9fbe9c1bbbfd_motor_cab.xlsx -> HARUR UO - TN527_motor_cab.xlsx
2026-05-26 08:05:23,452 [INFO] RENAMED  : c4ee0a59-7dd0-49b5-a054-1f1344230432_motor_car.xlsx -> REDHILLS RTO - TN18_motor_car.xlsx
2026-05-26 08:05:23,472 [INFO] RENAMED  : c5151fba-85a4-41cf-bdbe-94fbf95e3527_motor_car.xlsx -> SIVAGANGAI RTO - TN63_motor_car.xlsx
2026-05-26 08:05:23,489 [INFO] RENAMED  : c54ce179-0922-4063-b6bb-0d8472dd9af9_motor_cab.xlsx -> CHENGANNUR SRTO - KL30_motor_cab.xlsx
2026-05-26 08:05:23,506 [INFO] RENAMED  : c5f33e3a-5a01-4e1d-b9d7-aaace731ea71_motor_car.xlsx -> SIRKALI UO - TN623_motor_car.xlsx
2026-05-26 08:05:23,526 [INFO] RENAMED  : c7fce884-4dfe-42e3-be8e-cabfb624aa77_motor_cab.xlsx -> NAGERCOIL RTO - TN74_motor_cab.xlsx
2026-05-26 08:05:23,541 [INFO] RENAMED  : c83d8bba-60c8-4c94-81fc-176e2ea82481_motor_cab.xlsx -> UDUMBANCHOLA SRTO - KL69_motor_cab.xlsx
2026-05-26 08:05:23,557 [INFO] RENAMED  : c8887928-72c9-4e2f-b223-c46ee90a9218_motor_cab.xlsx -> STATE TRANSPORT AUTHORITY - TN999_motor_cab.xlsx
2026-05-26 08:05:23,576 [INFO] RENAMED  : c88ef754-bac5-47ba-965c-03c31de01742_motor_cab.xlsx -> BASAVAKALYAN ARTO - KA56_motor_cab.xlsx
2026-05-26 08:05:23,594 [INFO] RENAMED  : c9de8110-c07c-4b91-a2bb-4a88a42e78f7_motor_car.xlsx -> POLLACHI RTO - TN41_motor_car.xlsx
2026-05-26 08:05:23,611 [INFO] RENAMED  : c9fc995b-b87c-4508-9fba-8ed1ebbaa337_motor_cab.xlsx -> USILAMPATTI UO - TN636_motor_cab.xlsx
2026-05-26 08:05:23,627 [INFO] RENAMED  : ca009509-af97-41aa-80fe-b330906c43c7_motor_car.xlsx -> STATE TRANSPORT AUTHORITY - TN999_motor_car.xlsx
2026-05-26 08:05:23,644 [INFO] RENAMED  : ca27e761-2d95-4bbb-bf66-26aa5338f54b_motor_car.xlsx -> USILAMPATTI UO - TN636_motor_car.xlsx
2026-05-26 08:05:23,664 [INFO] RENAMED  : caa53bfe-3d5c-4f4c-b5d6-3c9f69d4d584_motor_car.xlsx -> VADIPATTI UO - TN599_motor_car.xlsx
2026-05-26 08:05:23,683 [INFO] RENAMED  : cac962b8-aa4c-44d1-8077-a17eba423fdf_motor_car.xlsx -> SAGAR  ARTO - KA15_motor_car.xlsx
2026-05-26 08:05:23,700 [INFO] RENAMED  : caf3faae-c453-4e72-aa51-36f19dbda8ec_motor_cab.xlsx -> COIMBATORE (SOUTH) RTO - TN37_motor_cab.xlsx
2026-05-26 08:05:23,719 [INFO] RENAMED  : cbc9ab85-888b-4d02-803d-736618abb373_motor_car.xlsx -> KONNI SRTO - KL83_motor_car.xlsx
2026-05-26 08:05:23,736 [INFO] RENAMED  : cc332cc3-6b21-4a5b-94f5-806b6029611d_motor_car.xlsx -> BHALKI  ARTO - KA39_motor_car.xlsx
2026-05-26 08:05:23,753 [INFO] RENAMED  : ccbb896d-6c85-491d-bfe0-5a96a7bfa9fd_motor_cab.xlsx -> ERODE (WEST) RTO - TN86_motor_cab.xlsx
2026-05-26 08:05:23,773 [INFO] RENAMED  : cd19f092-8252-4950-bdd5-99a75b33972b_motor_cab.xlsx -> BANTWALA ARTO - KA70_motor_cab.xlsx
2026-05-26 08:05:23,842 [INFO] RENAMED  : cd2c98ec-ff7d-472d-aebf-3f6be3aec336_motor_car.xlsx -> VANIYAMBADI RTO - TN515_motor_car.xlsx
2026-05-26 08:05:23,858 [INFO] RENAMED  : cd7075e3-84f1-4104-a9d5-1e7fabad9fdb_motor_car.xlsx -> SHIMOGA  RTO - KA14_motor_car.xlsx
2026-05-26 08:05:23,874 [INFO] RENAMED  : cd9c411e-9ed9-415d-a27f-f2f77dd86cac_motor_cab.xlsx -> NORTH PARUR SRTO - KL42_motor_cab.xlsx
2026-05-26 08:05:23,890 [INFO] RENAMED  : cdc45ae0-6337-4b3b-a59a-f4f7c7344d66_motor_car.xlsx -> GADAG  RTO - KA26_motor_car.xlsx
2026-05-26 08:05:23,907 [INFO] RENAMED  : ce2d85fc-886b-41f6-9c01-55e8adec1c99_motor_car.xlsx -> MANMANGALAM UO - TN637_motor_car.xlsx
2026-05-26 08:05:23,922 [INFO] RENAMED  : ce5b4a11-4290-4697-aae2-fa7a6a07242a_motor_cab.xlsx -> THIRUVALLA SRTO - KL27_motor_cab.xlsx
2026-05-26 08:05:23,937 [INFO] RENAMED  : ce764b5f-e885-42b0-bec9-a74b8b151851_motor_cab.xlsx -> WADAKKANCHERRY SRTO - KL48_motor_cab.xlsx
2026-05-26 08:05:23,953 [INFO] RENAMED  : cf6dbb9f-81cf-4735-87a3-485c07de340d_motor_car.xlsx -> ANGAMALI SRTO - KL63_motor_car.xlsx
2026-05-26 08:05:23,969 [INFO] RENAMED  : cfcf5d7a-ad40-4c66-bdb3-779e24932274_motor_cab.xlsx -> KUMBAKONAM RTO - TN68_motor_cab.xlsx
2026-05-26 08:05:23,985 [INFO] RENAMED  : d0a2147a-745e-4171-9c62-48068624d280_motor_cab.xlsx -> TINDIVANAM RTO - TN571_motor_cab.xlsx
2026-05-26 08:05:24,001 [INFO] RENAMED  : d0d29032-1f8f-4871-bedc-b6a843d0833f_motor_cab.xlsx -> RAMANAGAR  RTO - KA42_motor_cab.xlsx
2026-05-26 08:05:24,017 [INFO] RENAMED  : d11f26a4-3403-45ff-bdd9-af1f8ce03961_motor_cab.xlsx -> VADIPATTI UO - TN599_motor_cab.xlsx
2026-05-26 08:05:24,033 [INFO] RENAMED  : d242adec-3cd9-41b6-99b6-6f4c07a7ec55_motor_cab.xlsx -> THRISSUR RTO - KL8_motor_cab.xlsx
2026-05-26 08:05:24,049 [INFO] RENAMED  : d24377c7-1de1-4211-9f7f-b4c52a2adf04_motor_cab.xlsx -> OOTY RTO - TN43_motor_cab.xlsx
2026-05-26 08:05:24,066 [INFO] RENAMED  : d2bcde1b-71ee-4e66-8832-8192f5b51c41_motor_car.xlsx -> DAVANAGERE  RTO - KA17_motor_car.xlsx
2026-05-26 08:05:24,081 [INFO] RENAMED  : d3461066-c8f4-45ad-937c-f5cf38ac00e4_motor_cab.xlsx -> TC OFFICE - STA OFFICE - KL99_motor_cab.xlsx
2026-05-26 08:05:24,098 [INFO] RENAMED  : d3b324cb-9014-498c-9adf-941201a92213_motor_cab.xlsx -> RTO CHENNAI (NORTH WEST) - TN2_motor_cab.xlsx
2026-05-26 08:05:24,115 [INFO] RENAMED  : d3de9f0b-be5c-40aa-ae2d-4563e5eb99c4_motor_car.xlsx -> KUNDRATHUR RTO - TN85_motor_car.xlsx
2026-05-26 08:05:24,133 [INFO] RENAMED  : d4255007-4c8b-4162-b4fc-942b0018da38_motor_car.xlsx -> SRIVILLIPUTHUR RTO - TN605_motor_car.xlsx
2026-05-26 08:05:24,150 [INFO] RENAMED  : d534d582-9b50-4cea-85bf-d94a337d8427_motor_car.xlsx -> MANGALORE  RTO - KA19_motor_car.xlsx
2026-05-26 08:05:24,165 [INFO] RENAMED  : d594d36b-afe9-428e-b01b-a1cb822739e3_motor_cab.xlsx -> NELAMANGALA  RTO - KA52_motor_cab.xlsx
2026-05-26 08:05:24,183 [INFO] RENAMED  : d62b33b0-7ed3-46e4-95e4-35e1a031bee4_motor_car.xlsx -> CHINTAMANI ARTO - KA67_motor_car.xlsx
2026-05-26 08:05:24,200 [INFO] RENAMED  : d79b5b23-49d8-4d85-9f27-e032b5715b6b_motor_car.xlsx -> JAMKHANDI  ARTO - KA48_motor_car.xlsx
2026-05-26 08:05:24,218 [INFO] RENAMED  : d7a0890a-cf20-4d35-aac9-7bcc9a95b3aa_motor_car.xlsx -> THENI RTO - TN60_motor_car.xlsx
2026-05-26 08:05:24,234 [INFO] RENAMED  : d7b3b6d4-2731-4715-a13d-364e81e6f8dc_motor_car.xlsx -> SIVAKASI RTO - TN604_motor_car.xlsx
2026-05-26 08:05:24,249 [INFO] RENAMED  : d7dbd0b4-f3cd-479b-96a4-a847bcb43d36_motor_cab.xlsx -> SAKALESHPURA  ARTO - KA46_motor_cab.xlsx
2026-05-26 08:05:24,267 [INFO] RENAMED  : d7e7c838-ed98-443e-8eb9-a879f9ed6a94_motor_car.xlsx -> PALAKKAD RTO - KL9_motor_car.xlsx
2026-05-26 08:05:24,284 [INFO] RENAMED  : d8455d6c-d1b2-4e52-ab43-0d43ec5f4778_motor_car.xlsx -> CHENNAI (NORTH) RTO - TN5_motor_car.xlsx
2026-05-26 08:05:24,301 [INFO] RENAMED  : d860aed7-4828-4267-984f-654366cb5134_motor_car.xlsx -> CHENNAI (SOUTH) RTO - TN7_motor_car.xlsx
2026-05-26 08:05:24,318 [INFO] RENAMED  : d86577df-f10a-4839-8b2e-d0d028e7663e_motor_car.xlsx -> KANNUR RTO - KL13_motor_car.xlsx
2026-05-26 08:05:24,335 [INFO] RENAMED  : d88a7c2d-9f5e-4b7f-b2d4-23edfa980f4a_motor_car.xlsx -> SALEM (SOUTH) RTO - TN90_motor_car.xlsx
2026-05-26 08:05:24,352 [INFO] RENAMED  : d8af1b5a-94ae-4e34-b8a9-034cf91e3c11_motor_cab.xlsx -> KOVILPATTI RTO - TN607_motor_cab.xlsx
2026-05-26 08:05:24,367 [INFO] RENAMED  : d8cc9dc4-df26-4924-bb9c-76df96f795d3_motor_cab.xlsx -> OULGARET - PY5_motor_cab.xlsx
2026-05-26 08:05:24,382 [INFO] RENAMED  : d8fbdb05-39ea-4070-9d51-fa115a5b9956_motor_cab.xlsx -> HOSPET  RTO - KA35_motor_cab.xlsx
2026-05-26 08:05:24,400 [INFO] RENAMED  : d901fea8-8ba0-493b-84ef-38dbba242beb_motor_car.xlsx -> WADAKKANCHERRY SRTO - KL48_motor_car.xlsx
2026-05-26 08:05:24,416 [INFO] RENAMED  : d957c64b-21ec-47a8-9795-545c3a70cef4_motor_car.xlsx -> SULTHANBATHERY SRTO - KL73_motor_car.xlsx
2026-05-26 08:05:24,431 [INFO] RENAMED  : d9871c90-8517-4435-83b6-7d3eaf0a8956_motor_cab.xlsx -> KRISHNARAJAPURAM  RTO - KA53_motor_cab.xlsx
2026-05-26 08:05:24,447 [INFO] RENAMED  : da11a548-58b5-41d9-ae57-9f6b2696cc06_motor_cab.xlsx -> RAJAPALAYAM UO - TN643_motor_cab.xlsx
2026-05-26 08:05:24,462 [INFO] RENAMED  : da6e7e4f-14fb-4140-8af7-83ddc61f0648_motor_car.xlsx -> ARANI RTO - TN516_motor_car.xlsx
2026-05-26 08:05:24,478 [INFO] RENAMED  : da7594e2-c817-4539-8af1-7c44a43b126c_motor_car.xlsx -> BAILHONGAL  RTO - KA24_motor_car.xlsx
2026-05-26 08:05:24,493 [INFO] RENAMED  : dc5bf2d2-c685-49e9-be50-8349e2d641d7_motor_cab.xlsx -> MADURAI (SOUTH) RTO - TN58_motor_cab.xlsx
2026-05-26 08:05:24,510 [INFO] RENAMED  : dce8c382-dce4-4bfd-a822-f4ec03e32d80_motor_car.xlsx -> MEENAMBAKKAM RTO - TN22_motor_car.xlsx
2026-05-26 08:05:24,527 [INFO] RENAMED  : dd07e4b9-81f8-46b7-a777-c36affacb5dd_motor_car.xlsx -> HUNSUR  ARTO - KA45_motor_car.xlsx
2026-05-26 08:05:24,543 [INFO] RENAMED  : dd52b1cd-5bc8-4ebe-9c93-b53daa47fd1a_motor_cab.xlsx -> GURUVAYUR SRTO - KL46_motor_cab.xlsx
2026-05-26 08:05:24,559 [INFO] RENAMED  : dd8b410d-ee28-4561-9753-53ea98fc39cd_motor_cab.xlsx -> PARAMAKUDI UO - TN603_motor_cab.xlsx
2026-05-26 08:05:24,575 [INFO] RENAMED  : ded33306-c13f-4267-839b-86b740c46f51_motor_car.xlsx -> MADIKERI  RTO - KA12_motor_car.xlsx
2026-05-26 08:05:24,593 [INFO] RENAMED  : df29a1a2-165a-4cf3-a7ce-e4f3174ed2d6_motor_car.xlsx -> KUNNATHUR SRTO - KL61_motor_car.xlsx
2026-05-26 08:05:24,606 [INFO] RENAMED  : dfbb5f18-bdce-41f8-84a8-2ff2dc9e236d_motor_cab.xlsx -> MAHE - PY3_motor_cab.xlsx
2026-05-26 08:05:24,623 [INFO] RENAMED  : dffc27be-a289-4912-8c5c-d7457583e58b_motor_car.xlsx -> OTTAPPALAM SRTO - KL51_motor_car.xlsx
2026-05-26 08:05:24,641 [INFO] RENAMED  : e0ad5823-7c0f-44b8-8d38-02ec7d580dda_motor_cab.xlsx -> KASARGODE RTO - KL14_motor_cab.xlsx
2026-05-26 08:05:24,659 [INFO] RENAMED  : e0c29b5b-81b4-47a3-ac50-f8fdd1325488_motor_car.xlsx -> RAMANATHAPURAM RTO - TN65_motor_car.xlsx
2026-05-26 08:05:24,676 [INFO] RENAMED  : e0ed4e55-ea7d-4c0c-9652-150c4ba5caf9_motor_cab.xlsx -> KARUNAGAPPALLY SRTO - KL23_motor_cab.xlsx
2026-05-26 08:05:24,695 [INFO] RENAMED  : e104684d-18b1-4b30-a1f1-4f95dd0a32b2_motor_car.xlsx -> CHANGANACHERRY SRTO - KL33_motor_car.xlsx
2026-05-26 08:05:24,712 [INFO] RENAMED  : e108a376-72b7-49dc-ac2a-9a51ef7a5ee5_motor_car.xlsx -> ARANTHANGI UO - TN592_motor_car.xlsx
2026-05-26 08:05:24,730 [INFO] RENAMED  : e10b76f3-8ec8-427f-8715-e918789cc2ba_motor_car.xlsx -> BENGALURU CENTRAL  RTO - KA1_motor_car.xlsx
2026-05-26 08:05:24,746 [INFO] RENAMED  : e1a65e6c-cb26-40f1-ba82-a21ccf5cd0a2_motor_cab.xlsx -> CHEYYAR UO - TN635_motor_cab.xlsx
2026-05-26 08:05:24,762 [INFO] RENAMED  : e206fea8-729b-45bc-9f7d-e4595f668970_motor_car.xlsx -> KARAIKAL - PY2_motor_car.xlsx
2026-05-26 08:05:24,777 [INFO] RENAMED  : e22dc683-7c6a-46ba-8c3c-bc1f285ecc24_motor_cab.xlsx -> TIRUCHENGODE RTO - TN34_motor_cab.xlsx
2026-05-26 08:05:24,843 [INFO] RENAMED  : e28b8da5-c205-4220-b0de-fc2a01de9314_motor_car.xlsx -> SANKAGIRI RTO - TN52_motor_car.xlsx
2026-05-26 08:05:24,858 [INFO] RENAMED  : e2b8208e-66de-4f99-9479-7d4fde50c1d1_motor_cab.xlsx -> KARAIKUDI UO - TN602_motor_cab.xlsx
2026-05-26 08:05:24,873 [INFO] RENAMED  : e2f9f887-a318-4b93-aa2e-a84ca0a91261_motor_cab.xlsx -> KANCHEEPURAM RTO - TN21_motor_cab.xlsx
2026-05-26 08:05:24,889 [INFO] RENAMED  : e36561ef-3a3e-4150-ab59-2ee2563356bf_motor_cab.xlsx -> ALANGULAM UO - TN644_motor_cab.xlsx
2026-05-26 08:05:24,905 [INFO] RENAMED  : e3ac2c86-12b9-4490-8174-68bec9821e34_motor_car.xlsx -> DHARMAPURI RTO - TN29_motor_car.xlsx
2026-05-26 08:05:24,921 [INFO] RENAMED  : e3d24b92-15a7-4ba3-9279-c608888b268b_motor_car.xlsx -> RAMDURGA ARTO - KA69_motor_car.xlsx
2026-05-26 08:05:24,937 [INFO] RENAMED  : e3f25a31-316d-4326-a1ab-4071fd31600b_motor_cab.xlsx -> MUSURI UO - TN621_motor_cab.xlsx
2026-05-26 08:05:24,952 [INFO] RENAMED  : e40f3887-bd0f-4c2c-a0ba-38c6fb27d0ac_motor_cab.xlsx -> THENI RTO - TN60_motor_cab.xlsx
2026-05-26 08:05:24,969 [INFO] RENAMED  : e5473249-cc86-4ced-9bc7-7787b52b1aa1_motor_car.xlsx -> HOSPET  RTO - KA35_motor_car.xlsx
2026-05-26 08:05:24,986 [INFO] RENAMED  : e59c9e61-4010-41d9-908d-9b79d88eb6c5_motor_cab.xlsx -> HONNAVAR  ARTO - KA47_motor_cab.xlsx
2026-05-26 08:05:25,002 [INFO] RENAMED  : e634dce5-a8ec-4494-b56f-f2a88ca4192b_motor_car.xlsx -> BASAVAKALYAN ARTO - KA56_motor_car.xlsx
2026-05-26 08:05:25,017 [INFO] RENAMED  : e6cd6012-eb9f-45a7-bc9f-8745ef63fbfb_motor_cab.xlsx -> TRIPUNITHURA SRTO - KL39_motor_cab.xlsx
2026-05-26 08:05:25,033 [INFO] RENAMED  : e6e94018-3821-45f8-9b35-ed2a51e3cba7_motor_cab.xlsx -> SANKAGIRI RTO - TN52_motor_cab.xlsx
2026-05-26 08:05:25,048 [INFO] RENAMED  : e6f14f79-3a0f-4528-a75a-ac9af5221d98_motor_cab.xlsx -> KOLAR  RTO - KA7_motor_cab.xlsx
2026-05-26 08:05:25,066 [INFO] RENAMED  : e6fb65ab-526e-442b-8a05-6863d2e54502_motor_car.xlsx -> TINDIVANAM RTO - TN571_motor_car.xlsx
2026-05-26 08:05:25,082 [INFO] RENAMED  : e7382c59-5402-41dd-aab5-1771c923bc6e_motor_cab.xlsx -> VALLIYUR UO - TN608_motor_cab.xlsx
2026-05-26 08:05:25,098 [INFO] RENAMED  : e76138ce-1057-4e20-8aa7-67ef05f08d62_motor_cab.xlsx -> PUDUKOTTAI RTO - TN55_motor_cab.xlsx
2026-05-26 08:05:25,115 [INFO] RENAMED  : e8cb2e76-c62b-4782-9811-1c94994ed2c9_motor_car.xlsx -> MANNARGHAT SRTO - KL50_motor_car.xlsx
2026-05-26 08:05:25,131 [INFO] RENAMED  : e9368d5e-2b9a-4374-989d-3581c119b209_motor_cab.xlsx -> PERUMBAVUR SRTO - KL40_motor_cab.xlsx
2026-05-26 08:05:25,148 [INFO] RENAMED  : e9b6eb7d-256b-4900-afca-20333783ad10_motor_cab.xlsx -> CHENNAI (NORTH) RTO - TN5_motor_cab.xlsx
2026-05-26 08:05:25,165 [INFO] RENAMED  : e9dfa30d-a4ce-4111-9cbd-820ec36ef770_motor_car.xlsx -> KUMARAPALAYAM RTO - TN638_motor_car.xlsx
2026-05-26 08:05:25,180 [INFO] RENAMED  : ea1207aa-8dce-4514-930a-131d1bc713bd_motor_cab.xlsx -> AMBUR UO - TN628_motor_cab.xlsx
2026-05-26 08:05:25,195 [INFO] RENAMED  : ea1d8e0b-f0ce-406b-8130-4f6bcf9cfecc_motor_cab.xlsx -> BELLARY  RTO - KA34_motor_cab.xlsx
2026-05-26 08:05:25,212 [INFO] RENAMED  : ea2b4564-f642-4ee5-bd6b-ceebde873c3b_motor_cab.xlsx -> KRISHNAGIRI RTO - TN24_motor_cab.xlsx
2026-05-26 08:05:25,228 [INFO] RENAMED  : ea664aac-48b8-4652-adb6-192bea1423a9_motor_car.xlsx -> KOLAR  RTO - KA7_motor_car.xlsx
2026-05-26 08:05:25,245 [INFO] RENAMED  : ea7cec6f-65c4-4ea9-af79-0a36221a0123_motor_cab.xlsx -> THIRUMANGALAM  UO - TN598_motor_cab.xlsx
2026-05-26 08:05:25,260 [INFO] RENAMED  : ea8cdc26-939f-4523-9bd5-418b8ef5c482_motor_cab.xlsx -> KUNDRATHUR RTO - TN85_motor_cab.xlsx
2026-05-26 08:05:25,276 [INFO] RENAMED  : eaf5a566-ce07-4d78-93d9-e1cda8d3d1d2_motor_cab.xlsx -> SIVAGANGAI RTO - TN63_motor_cab.xlsx
2026-05-26 08:05:25,294 [INFO] RENAMED  : ebfeb562-aa8a-4057-a88b-0b7355c673bb_motor_car.xlsx -> KAZHAKUTTOM SRTO - KL22_motor_car.xlsx
2026-05-26 08:05:25,311 [INFO] RENAMED  : edbe2921-2504-43fa-b516-461d0e764ca4_motor_car.xlsx -> THIRUTHURAIPOONDI UO - TN630_motor_car.xlsx
2026-05-26 08:05:25,329 [INFO] RENAMED  : edd8c7dc-72b1-4d12-8f96-b5fcf3464aa0_motor_car.xlsx -> VALAPPADI UO - TN613_motor_car.xlsx
2026-05-26 08:05:25,344 [INFO] RENAMED  : ee59b71b-1bcf-4be6-8bd9-49d623c575c9_motor_cab.xlsx -> UDUPI  RTO - KA20_motor_cab.xlsx
2026-05-26 08:05:25,360 [INFO] RENAMED  : ee6f86f1-2ec4-4184-bc4c-fa42879b0c98_motor_cab.xlsx -> BENGALURU WEST  RTO - KA2_motor_cab.xlsx
2026-05-26 08:05:25,375 [INFO] RENAMED  : eea28182-9e83-4e8d-875e-2f85d4a8bd54_motor_cab.xlsx -> SALEM (SOUTH) RTO - TN90_motor_cab.xlsx
2026-05-26 08:05:25,392 [INFO] RENAMED  : ef0b8d14-b77c-40bd-b54f-e36f6b2f05b4_motor_cab.xlsx -> RASIPURAM UO - TN526_motor_cab.xlsx
2026-05-26 08:05:25,408 [INFO] RENAMED  : ef715994-18e7-4550-b75f-12d2a1a75d73_motor_cab.xlsx -> REDHILLS RTO - TN18_motor_cab.xlsx
2026-05-26 08:05:25,423 [INFO] RENAMED  : ef9c8fcb-b9c7-46ab-a512-b99a85587536_motor_cab.xlsx -> VAIKOM SRTO - KL36_motor_cab.xlsx
2026-05-26 08:05:25,441 [INFO] RENAMED  : f0277b3f-03b3-496d-bf74-fc97c2528a6f_motor_car.xlsx -> CHALAKKUDY SRTO - KL64_motor_car.xlsx
2026-05-26 08:05:25,459 [INFO] RENAMED  : f0de8365-9cc0-412d-8d95-6d7a2d0c58d3_motor_car.xlsx -> KONDOTTY SRTO - KL84_motor_car.xlsx
2026-05-26 08:05:25,474 [INFO] RENAMED  : f151592a-e906-428b-b477-18f1587766ec_motor_cab.xlsx -> KARWAR  RTO - KA30_motor_cab.xlsx
2026-05-26 08:05:25,491 [INFO] RENAMED  : f1722b60-75aa-4523-9cc5-dbaf526db99e_motor_cab.xlsx -> CHERTHALA SRTO - KL32_motor_cab.xlsx
2026-05-26 08:05:25,509 [INFO] RENAMED  : f1c6d346-e82c-48a3-a2e5-4d9e7195981c_motor_car.xlsx -> TUMKUR  RTO - KA6_motor_car.xlsx
2026-05-26 08:05:25,525 [INFO] RENAMED  : f21445fa-db89-4cef-b573-23cb40ae12c4_motor_car.xlsx -> VALPARAI UO - TN633_motor_car.xlsx
2026-05-26 08:05:25,544 [INFO] RENAMED  : f26db879-88a5-467b-8b8f-921a54b2358d_motor_car.xlsx -> MAYILADUTHURAI RTO - TN589_motor_car.xlsx
2026-05-26 08:05:25,559 [INFO] RENAMED  : f2d97c2c-c510-4924-916f-eaad3469bf40_motor_cab.xlsx -> THALIPARAMBA SRTO - KL59_motor_cab.xlsx
2026-05-26 08:05:25,576 [INFO] RENAMED  : f302c8c8-514a-4c84-a41d-bfb8d628fac1_motor_car.xlsx -> LALKUDI UO - TN631_motor_car.xlsx
2026-05-26 08:05:25,594 [INFO] RENAMED  : f30d9441-c921-46a9-aa1a-77afd4dcf905_motor_car.xlsx -> VEDACHANDUR UO - TN617_motor_car.xlsx
2026-05-26 08:05:25,607 [INFO] RENAMED  : f34985d1-381a-4f2c-b3fa-d6017b9a5df6_motor_cab.xlsx -> VEDACHANDUR UO - TN617_motor_cab.xlsx
2026-05-26 08:05:25,623 [INFO] RENAMED  : f466a362-5d58-417e-bbd9-0b254ab55ef0_motor_cab.xlsx -> ARAVAKURICHI UO - TN632_motor_cab.xlsx
2026-05-26 08:05:25,640 [INFO] RENAMED  : f4a792ae-bb11-404a-99e2-b8f6c79ad601_motor_car.xlsx -> NAMAKKAL (SOUTH) RTO - TN88_motor_car.xlsx
2026-05-26 08:05:25,659 [INFO] RENAMED  : f5bc615a-6159-4ab6-a368-0c3c8eb86981_motor_car.xlsx -> RANIPET RTO - TN73_motor_car.xlsx
2026-05-26 08:05:25,677 [INFO] RENAMED  : f5c2bf9d-4ac1-441c-89ee-fc5ef07c6e2d_motor_car.xlsx -> KULITHALI UO - TN585_motor_car.xlsx
2026-05-26 08:05:25,696 [INFO] RENAMED  : f5c59996-46b7-4eae-b6fb-bee2d6a509b5_motor_car.xlsx -> THOOTHUKUDI RTO - TN69_motor_car.xlsx
2026-05-26 08:05:25,713 [INFO] RENAMED  : f71df9f8-4abd-41b8-9f55-858c7da2d14a_motor_cab.xlsx -> MAYILADUTHURAI RTO - TN589_motor_cab.xlsx
2026-05-26 08:05:25,728 [INFO] RENAMED  : f749b47d-91a4-4862-becf-bf4ddd782467_motor_cab.xlsx -> RANNI SRTO - KL62_motor_cab.xlsx
2026-05-26 08:05:25,745 [INFO] RENAMED  : f7a341d0-be5f-4575-bcc1-21355b0a6c0e_motor_car.xlsx -> WAYANAD RTO - KL12_motor_car.xlsx
2026-05-26 08:05:25,761 [INFO] RENAMED  : f803821b-a786-4a31-8a14-f0ec095f1af9_motor_car.xlsx -> VILUPPURAM RTO - TN32_motor_car.xlsx
2026-05-26 08:05:25,780 [INFO] RENAMED  : f8162bdb-886a-407a-a0c6-c8681ec69966_motor_car.xlsx -> MUVATTUPUZHA RTO - KL17_motor_car.xlsx
2026-05-26 08:05:25,795 [INFO] RENAMED  : f935dbd1-031c-48a7-9bf1-cdb2a47480cd_motor_cab.xlsx -> ODDANCHATRAM  UO - TN595_motor_cab.xlsx
2026-05-26 08:05:25,810 [INFO] RENAMED  : fa1fcefe-5d7e-4ff2-92c9-469b9e6b0530_motor_cab.xlsx -> VANDIPERIYAR SRTO - KL37_motor_cab.xlsx
2026-05-26 08:05:25,828 [INFO] RENAMED  : fb3c2048-7ea7-4b63-96d2-43d33725bb2e_motor_car.xlsx -> TIRUPPUR (NORTH) RTO - TN39_motor_car.xlsx
2026-05-26 08:05:25,843 [INFO] RENAMED  : fbd9238b-b05b-4651-a014-e32a53d21941_motor_cab.xlsx -> MANNARGUDI UO - TN588_motor_cab.xlsx
2026-05-26 08:05:25,859 [INFO] RENAMED  : fbec2064-ae8f-4cea-bc6b-57474fd9d4df_motor_car.xlsx -> TIRUCHI(EAST) RTO - TN81_motor_car.xlsx
2026-05-26 08:05:25,876 [INFO] RENAMED  : fc2b35bd-3bd3-410e-957e-e0145bff47c0_motor_car.xlsx -> THRISSUR RTO - KL8_motor_car.xlsx
2026-05-26 08:05:25,892 [INFO] RENAMED  : fc3c3e58-65bf-4f16-bd46-2df85d2f1439_motor_cab.xlsx -> THALASSERY SRTO - KL58_motor_cab.xlsx
2026-05-26 08:05:25,908 [INFO] RENAMED  : fc66c2d6-26b1-4595-9c8e-39a5678dd673_motor_car.xlsx -> SAKALESHPURA  ARTO - KA46_motor_car.xlsx
2026-05-26 08:05:25,972 [INFO] RENAMED  : fccc5062-01bc-4bc1-98aa-cf5c32de86a7_motor_car.xlsx -> PERUNDURAI RTO - TN56_motor_car.xlsx
2026-05-26 08:05:25,986 [INFO] RENAMED  : fe26a6b0-b795-4b8a-aa0e-1eb038f00fd5_motor_cab.xlsx -> SIRSI  RTO - KA31_motor_cab.xlsx
2026-05-26 08:05:26,002 [INFO] RENAMED  : fe8ce040-d2c1-4f6a-aba3-da43ff632487_motor_car.xlsx -> MADHUGIRI, TUMAKURU ARTO - KA64_motor_car.xlsx
2026-05-26 08:05:26,019 [INFO] RENAMED  : febcdfa8-d231-4477-90ef-7666f200d30f_motor_car.xlsx -> DHARWAD EAST RTO - KA63_motor_car.xlsx
2026-05-26 08:05:26,035 [INFO] RENAMED  : ff068dc2-1f35-4181-afcb-5f3a1b314d82_motor_car.xlsx -> MATTANCHERRY SRTO - KL43_motor_car.xlsx
2026-05-26 08:05:26,052 [INFO] RENAMED  : ff4fda8a-8e1b-4fc7-8160-83d30faf35ea_motor_cab.xlsx -> KOZHIKODE RTO - KL11_motor_cab.xlsx
2026-05-26 08:05:26,067 [INFO] RENAMED  : ff60bab8-507c-499b-b0f3-b94bb0cd31bb_motor_cab.xlsx -> GUDIYATHAM UO - TN514_motor_cab.xlsx
2026-05-26 08:05:26,083 [INFO] RENAMED  : ff9f3e6b-ad1d-4477-bd9d-71b59b9b9321_motor_cab.xlsx -> TENKASI RTO - TN76_motor_cab.xlsx
2026-05-26 08:05:26,097 [INFO] RENAMED  : ffc5982c-f833-40b3-b5f0-6a587f363c70_motor_cab.xlsx -> YADGIRI  RTO - KA33_motor_cab.xlsx
2026-05-26 08:05:26,098 [INFO] Done. ok=0 mismatch=0 renamed=622 no_header=0
