2026-05-24 13:08:13,718 [INFO] RENAMED  : 00250460-cfb7-4dcc-bb5d-670361a55013_motor_cab.xlsx -> PAYYANNUR SRTO - KL86_motor_cab.xlsx
2026-05-24 13:08:13,732 [INFO] RENAMED  : 00ea5c6b-1ba0-4ac2-90c9-20ab19bb2059_motor_cab.xlsx -> RAMANATTUKARA (FEROKE) SRTO - KL85_motor_cab.xlsx
2026-05-24 13:08:13,747 [INFO] RENAMED  : 01792792-912e-4f29-a8da-b8f941dc3c0a_motor_cab.xlsx -> MANGALORE  RTO - KA19_motor_cab.xlsx
2026-05-24 13:08:13,764 [INFO] RENAMED  : 017aee97-2ba9-43d5-9c8c-fd81516f1925_motor_car.xlsx -> ALATHUR SRTO - KL49_motor_car.xlsx
2026-05-24 13:08:13,779 [INFO] RENAMED  : 01fe6f89-eb38-4370-90ae-692c6ccc8441_motor_cab.xlsx -> IRITTY SRTO - KL78_motor_cab.xlsx
2026-05-24 13:08:13,795 [INFO] RENAMED  : 02009eb8-8cf1-4337-a7e9-f46144bcb122_motor_car.xlsx -> SATHYAMANGALAM UO - TN579_motor_car.xlsx
2026-05-24 13:08:13,812 [INFO] RENAMED  : 021a8005-0dae-443d-a857-08815de49303_motor_car.xlsx -> ALAPPUZHA RTO - KL4_motor_car.xlsx
2026-05-24 13:08:13,827 [INFO] RENAMED  : 02ea15ce-389f-4833-9306-cd342de0ffbf_motor_cab.xlsx -> PONNANI SRTO - KL54_motor_cab.xlsx
2026-05-24 13:08:13,842 [INFO] RENAMED  : 02f3b537-5410-46fe-9c19-dd52f2cc4b20_motor_car.xlsx -> SANKAGIRI RTO - TN52_motor_car.xlsx
2026-05-24 13:08:13,860 [INFO] RENAMED  : 036ff64c-dfc7-410c-8935-36aa3fd88bc2_motor_cab.xlsx -> VELLORE RTO - TN23_motor_cab.xlsx
2026-05-24 13:08:13,874 [INFO] RENAMED  : 03bc6a9a-f143-47a7-b1f2-b0a76f97e1ca_motor_cab.xlsx -> VANDIPERIYAR SRTO - KL37_motor_cab.xlsx
2026-05-24 13:08:13,890 [INFO] RENAMED  : 03d6c467-6ad3-42c7-8cc0-11abb82cac86_motor_car.xlsx -> SAKALESHPURA  ARTO - KA46_motor_car.xlsx
2026-05-24 13:08:13,906 [INFO] RENAMED  : 03e46060-c6a7-440b-ab29-117a683a4033_motor_car.xlsx -> PATTUKOTTAI UNIT OFFICE - TN587_motor_car.xlsx
2026-05-24 13:08:13,922 [INFO] RENAMED  : 0492baa0-b87f-46a8-ae33-35beba58ea79_motor_car.xlsx -> DHARAPURAM RTO - TN594_motor_car.xlsx
2026-05-24 13:08:13,937 [INFO] RENAMED  : 05644b3e-c127-4050-8e14-c22e93474fd4_motor_car.xlsx -> NAGAMANGALA  RTO - KA54_motor_car.xlsx
2026-05-24 13:08:13,955 [INFO] RENAMED  : 062cd8e0-5f5a-419d-af0c-9d230c994bae_motor_car.xlsx -> CHENNAI (NORTH) RTO - TN5_motor_car.xlsx
2026-05-24 13:08:13,972 [INFO] RENAMED  : 066029a0-a15e-47bc-891f-66bbb75c992a_motor_car.xlsx -> BHAVANI UO - TN578_motor_car.xlsx
2026-05-24 13:08:13,987 [INFO] RENAMED  : 06be9b22-79fc-49ca-a486-8e9a0876f2a7_motor_car.xlsx -> HUNSUR  ARTO - KA45_motor_car.xlsx
2026-05-24 13:08:14,004 [INFO] RENAMED  : 074b060f-7bc9-47d9-8a6f-6d41f92adca6_motor_cab.xlsx -> SIVAGANGAI RTO - TN63_motor_cab.xlsx
2026-05-24 13:08:14,020 [INFO] RENAMED  : 07d75977-6f8e-4f72-8140-071617177077_motor_cab.xlsx -> NAGERCOIL RTO - TN74_motor_cab.xlsx
2026-05-24 13:08:14,035 [INFO] RENAMED  : 0806f7b9-f020-4acd-8c3b-fd2989237b43_motor_car.xlsx -> THALIPARAMBA SRTO - KL59_motor_car.xlsx
2026-05-24 13:08:14,050 [INFO] RENAMED  : 0829b3f0-d484-4e27-aab1-4bc3af65f06b_motor_cab.xlsx -> MADIKERI  RTO - KA12_motor_cab.xlsx
2026-05-24 13:08:14,064 [INFO] RENAMED  : 0873f8ba-074b-42f9-894e-1d10a0d90184_motor_cab.xlsx -> KOTTARAKKARA SRTO - KL24_motor_cab.xlsx
2026-05-24 13:08:14,119 [INFO] RENAMED  : 08eea8c0-3988-4856-8441-dcbe4c0020db_motor_cab.xlsx -> BENGALURU CENTRAL  RTO - KA1_motor_cab.xlsx
2026-05-24 13:08:14,134 [INFO] RENAMED  : 094d0713-ca9c-4920-b794-3abb95073eb1_motor_cab.xlsx -> COIMBATORE (WEST) RTO - TN99_motor_cab.xlsx
2026-05-24 13:08:14,149 [INFO] RENAMED  : 094e25eb-b50e-4883-a7ec-b408ba121df2_motor_cab.xlsx -> ERNAKULAM RTO - KL7_motor_cab.xlsx
2026-05-24 13:08:14,164 [INFO] RENAMED  : 09b618fd-93ef-4a5b-bbbf-7e34d864ea1a_motor_cab.xlsx -> ALANGUDI UO - TN641_motor_cab.xlsx
2026-05-24 13:08:14,181 [INFO] RENAMED  : 09bba123-d323-4fe9-8c64-65d94c6fe038_motor_car.xlsx -> AMBUR UO - TN628_motor_car.xlsx
2026-05-24 13:08:14,196 [INFO] RENAMED  : 09c2ae3f-bea8-480e-8d19-3cdfb16b75d6_motor_cab.xlsx -> COIMBATORE (SOUTH) RTO - TN37_motor_cab.xlsx
2026-05-24 13:08:14,211 [INFO] RENAMED  : 09c6e2d3-bda6-4377-a06d-7101756479f0_motor_cab.xlsx -> DINDIGUL RTO - TN57_motor_cab.xlsx
2026-05-24 13:08:14,226 [INFO] RENAMED  : 09d20b16-f623-4ba4-a08d-732b0fc11e72_motor_cab.xlsx -> YANAM - PY4_motor_cab.xlsx
2026-05-24 13:08:14,242 [INFO] RENAMED  : 0a5eb3b4-d263-4fe9-b237-918f19003d54_motor_car.xlsx -> METTUPALAYAM RTO - TN40_motor_car.xlsx
2026-05-24 13:08:14,257 [INFO] RENAMED  : 0a6d4796-6023-4923-ac70-d2a69d633cfc_motor_cab.xlsx -> SULUR UO - TN620_motor_cab.xlsx
2026-05-24 13:08:14,271 [INFO] RENAMED  : 0ab0866f-86cf-4fb9-8438-192df6d84364_motor_cab.xlsx -> VEDACHANDUR UO - TN617_motor_cab.xlsx
2026-05-24 13:08:14,288 [INFO] RENAMED  : 0b67a1ec-b2e4-4a57-8e40-6b32c582147f_motor_car.xlsx -> KODUVALLY SRTO - KL57_motor_car.xlsx
2026-05-24 13:08:14,303 [INFO] RENAMED  : 0bce47c7-9191-4bb3-8b8d-d1d1210485df_motor_cab.xlsx -> CHENNAI (NORTH-EAST) RTO - TN3_motor_cab.xlsx
2026-05-24 13:08:14,317 [INFO] RENAMED  : 0c7b8320-9837-44c1-ab63-abdae6004e68_motor_cab.xlsx -> ADOOR SRTO - KL26_motor_cab.xlsx
2026-05-24 13:08:14,331 [INFO] RENAMED  : 0cbb10cd-a48b-4b85-952d-f9b6524ad9ca_motor_cab.xlsx -> KOILANDY SRTO - KL56_motor_cab.xlsx
2026-05-24 13:08:14,347 [INFO] RENAMED  : 0cbd81c6-8215-4823-9daf-11ac5f81a8ce_motor_cab.xlsx -> GINGEE UO - TN627_motor_cab.xlsx
2026-05-24 13:08:14,363 [INFO] RENAMED  : 0d273053-306a-438a-9130-1efbad8f35e7_motor_car.xlsx -> ALUVA SRTO - KL41_motor_car.xlsx
2026-05-24 13:08:14,380 [INFO] RENAMED  : 0dc43c58-af67-4fbc-8979-420fd5bac84a_motor_car.xlsx -> MYSURU WEST  RTO - KA9_motor_car.xlsx
2026-05-24 13:08:14,395 [INFO] RENAMED  : 0ddf7b4c-d8e7-4e74-ae25-e04e929b9f89_motor_cab.xlsx -> ALATHUR SRTO - KL49_motor_cab.xlsx
2026-05-24 13:08:14,409 [INFO] RENAMED  : 0dea867c-edc3-422e-8754-61dee4908ebc_motor_cab.xlsx -> MAYILADUTHURAI RTO - TN589_motor_cab.xlsx
2026-05-24 13:08:14,425 [INFO] RENAMED  : 0dffd6c5-4a75-410b-973a-b2748a2fd61d_motor_car.xlsx -> PERAMBRA SRTO - KL77_motor_car.xlsx
2026-05-24 13:08:14,441 [INFO] RENAMED  : 0e1e896d-55d4-4fdd-8312-b0c5faae1321_motor_cab.xlsx -> NORTH PARUR SRTO - KL42_motor_cab.xlsx
2026-05-24 13:08:14,455 [INFO] RENAMED  : 0f25f7db-be32-4339-9556-7c3f8b5bfbd9_motor_cab.xlsx -> VAIKOM SRTO - KL36_motor_cab.xlsx
2026-05-24 13:08:14,469 [INFO] RENAMED  : 0f5852f7-ab20-4d1a-abb2-5e9417e1a214_motor_cab.xlsx -> NATIONALISED SECTOR(TVPM) RTO - KL15_motor_cab.xlsx
2026-05-24 13:08:14,485 [INFO] RENAMED  : 0fa7b02c-0d74-43c3-aa76-95d190bc3041_motor_cab.xlsx -> KANJIRAPPALLY SRTO - KL34_motor_cab.xlsx
2026-05-24 13:08:14,500 [INFO] RENAMED  : 0fb51ffa-f541-4fc5-a854-71db1650615d_motor_cab.xlsx -> KUTTANADU SRTO - KL66_motor_cab.xlsx
2026-05-24 13:08:14,517 [INFO] RENAMED  : 10358e6f-5507-4a6b-b95a-4b966d3d8d3d_motor_car.xlsx -> THIRUR SRTO - KL55_motor_car.xlsx
2026-05-24 13:08:14,532 [INFO] RENAMED  : 104b3b73-83b9-4e42-9b88-ce07db80f155_motor_car.xlsx -> KOLLAM RTO - KL2_motor_car.xlsx
2026-05-24 13:08:14,549 [INFO] RENAMED  : 10ffcd37-3cb0-4266-9422-979c703cdbc9_motor_car.xlsx -> HASSAN  RTO - KA13_motor_car.xlsx
2026-05-24 13:08:14,564 [INFO] RENAMED  : 112f1a74-d2a6-4ef1-ad58-b92f8830232b_motor_car.xlsx -> PATTAMBI SRTO - KL52_motor_car.xlsx
2026-05-24 13:08:14,580 [INFO] RENAMED  : 115432b4-7760-403e-a58f-0a11d64a2e2e_motor_cab.xlsx -> HOSPET  RTO - KA35_motor_cab.xlsx
2026-05-24 13:08:14,595 [INFO] RENAMED  : 1176deeb-91b3-4c50-b912-a1d3ca296278_motor_car.xlsx -> TIRUVANNAMALAI RTO - TN25_motor_car.xlsx
2026-05-24 13:08:14,612 [INFO] RENAMED  : 11b7053c-89fc-4afd-9222-82450b394e19_motor_cab.xlsx -> KUMBAKONAM RTO - TN68_motor_cab.xlsx
2026-05-24 13:08:14,630 [INFO] RENAMED  : 11e3c594-12b2-4eab-9be5-7fd5e047a370_motor_car.xlsx -> ADOOR SRTO - KL26_motor_car.xlsx
2026-05-24 13:08:14,643 [INFO] RENAMED  : 12194799-0724-4452-9d90-280e4b9fd5c8_motor_cab.xlsx -> SAKALESHPURA  ARTO - KA46_motor_cab.xlsx
2026-05-24 13:08:14,660 [INFO] RENAMED  : 12ab96c3-e60e-40ad-aef8-d80aa6041792_motor_car.xlsx -> RAMANATHAPURAM RTO - TN65_motor_car.xlsx
2026-05-24 13:08:14,676 [INFO] RENAMED  : 13500760-195d-43e6-8119-3f9b7b0e2622_motor_car.xlsx -> LALKUDI UO - TN631_motor_car.xlsx
2026-05-24 13:08:14,693 [INFO] RENAMED  : 136fe482-fad2-4a23-b781-016e49897f05_motor_cab.xlsx -> POLLACHI RTO - TN41_motor_cab.xlsx
2026-05-24 13:08:14,709 [INFO] RENAMED  : 1442c550-4354-46e9-ab14-84060bd837a7_motor_cab.xlsx -> MALLAPPALLY SRTO - KL28_motor_cab.xlsx
2026-05-24 13:08:14,728 [INFO] RENAMED  : 1510923f-466b-477b-b405-a28096e79eba_motor_car.xlsx -> KARUNAGAPPALLY SRTO - KL23_motor_car.xlsx
2026-05-24 13:08:14,745 [INFO] RENAMED  : 153b6fcd-d77f-4381-bebd-fc0b0bde8169_motor_car.xlsx -> SALEM (EAST) RTO - TN54_motor_car.xlsx
2026-05-24 13:08:14,885 [INFO] RENAMED  : 155fa1c5-45db-4456-a2b7-6aeff18c98b1_motor_car.xlsx -> BENGALURU CENTRAL  RTO - KA1_motor_car.xlsx
2026-05-24 13:08:14,901 [INFO] RENAMED  : 161b83d6-aed0-403e-967e-bd47d45ac406_motor_car.xlsx -> THIRUTTANI UO - TN634_motor_car.xlsx
2026-05-24 13:08:14,919 [INFO] RENAMED  : 16425196-47f6-4c7e-9f31-95d60f60751b_motor_car.xlsx -> ERNAKULAM RTO - KL7_motor_car.xlsx
2026-05-24 13:08:14,936 [INFO] RENAMED  : 169f6ed7-29cc-435a-9a88-dbd53acdeec9_motor_cab.xlsx -> CHENGALPATTU RTO - TN19_motor_cab.xlsx
2026-05-24 13:08:14,951 [INFO] RENAMED  : 16ee460d-c74e-4706-96d4-791917c8a5bf_motor_cab.xlsx -> THIRUR SRTO - KL55_motor_cab.xlsx
2026-05-24 13:08:14,967 [INFO] RENAMED  : 1758f3b6-58ff-4b2b-bbb1-00cde238b15d_motor_cab.xlsx -> PATTAMBI SRTO - KL52_motor_cab.xlsx
2026-05-24 13:08:14,983 [INFO] RENAMED  : 17a0dd06-adf7-4345-96a1-c5a75de29885_motor_cab.xlsx -> VIRUDHACHALAM UO - TN553_motor_cab.xlsx
2026-05-24 13:08:15,002 [INFO] RENAMED  : 17b638e1-17ec-4ed9-a03f-ae67dfab5845_motor_cab.xlsx -> BENGALURU SOUTH  RTO - KA5_motor_cab.xlsx
2026-05-24 13:08:15,018 [INFO] RENAMED  : 17d23f4e-f44a-419e-96ce-24eabb0d1434_motor_cab.xlsx -> SHIMOGA  RTO - KA14_motor_cab.xlsx
2026-05-24 13:08:15,034 [INFO] RENAMED  : 19e19d38-b8f9-4004-a84b-b66c7c3404c9_motor_car.xlsx -> GINGEE UO - TN627_motor_car.xlsx
2026-05-24 13:08:15,048 [INFO] RENAMED  : 19e1e06c-dc97-4a2a-b78c-8675f6355152_motor_cab.xlsx -> BIDAR  RTO - KA38_motor_cab.xlsx
2026-05-24 13:08:15,063 [INFO] RENAMED  : 1a13d1c0-f7fd-461f-85ee-b77a45934fd4_motor_cab.xlsx -> ATHANI ARTO - KA71_motor_cab.xlsx
2026-05-24 13:08:15,081 [INFO] RENAMED  : 1a499b3a-b8b3-458e-afe7-47c4556967f4_motor_car.xlsx -> KALLAKURICHI RTO - TN615_motor_car.xlsx
2026-05-24 13:08:15,098 [INFO] RENAMED  : 1b76080f-9f21-479e-b7a7-6a4739d96b6f_motor_car.xlsx -> THRIPRAYAR SRTO - KL75_motor_car.xlsx
2026-05-24 13:08:15,116 [INFO] RENAMED  : 1c2bd60e-8958-4eab-8fa6-1444b739ddb5_motor_car.xlsx -> IRINJALAKUDA SRTO - KL45_motor_car.xlsx
2026-05-24 13:08:15,131 [INFO] RENAMED  : 1c53a45e-3f46-4867-83a8-8c50ada09ebb_motor_cab.xlsx -> THURAIYUR UO - TN586_motor_cab.xlsx
2026-05-24 13:08:15,145 [INFO] RENAMED  : 1cd35c98-155a-487b-93b7-7525ff0dc383_motor_cab.xlsx -> OMALURE UO - TN535_motor_cab.xlsx
2026-05-24 13:08:15,164 [INFO] RENAMED  : 1d61d89d-8838-4328-a07f-834fe43b3246_motor_car.xlsx -> MAYILADUTHURAI RTO - TN589_motor_car.xlsx
2026-05-24 13:08:15,178 [INFO] RENAMED  : 1e209e14-490f-4ae3-80a8-77327b1f7df4_motor_cab.xlsx -> PALAKKAD RTO - KL9_motor_cab.xlsx
2026-05-24 13:08:15,194 [INFO] RENAMED  : 1e4126f9-18eb-487d-bdf1-b10a46fec758_motor_cab.xlsx -> NAGAPATTINAM RTO - TN51_motor_cab.xlsx
2026-05-24 13:08:15,210 [INFO] RENAMED  : 1ea80346-a64d-40ff-ad5b-04f864f61c2d_motor_cab.xlsx -> VILUPPURAM RTO - TN32_motor_cab.xlsx
2026-05-24 13:08:15,273 [INFO] RENAMED  : 1f5ddd5a-9aac-4db7-b03e-cb9ef79ce9f9_motor_car.xlsx -> KONDOTTY SRTO - KL84_motor_car.xlsx
2026-05-24 13:08:15,290 [INFO] RENAMED  : 1f6f8765-19e0-4493-b593-96177ac1563a_motor_car.xlsx -> WADAKKANCHERRY SRTO - KL48_motor_car.xlsx
2026-05-24 13:08:15,306 [INFO] RENAMED  : 20136cc8-2677-4471-aad6-5921219c8558_motor_car.xlsx -> DINDIGUL RTO - TN57_motor_car.xlsx
2026-05-24 13:08:15,322 [INFO] RENAMED  : 202186cc-2cb1-4045-9165-e31aaf507538_motor_car.xlsx -> MAVELIKKARA SRTO - KL31_motor_car.xlsx
2026-05-24 13:08:15,338 [INFO] RENAMED  : 20ad4d53-8413-4d2e-8d07-f1165353b3a3_motor_cab.xlsx -> THENI RTO - TN60_motor_cab.xlsx
2026-05-24 13:08:15,353 [INFO] RENAMED  : 212c31a3-1d77-4edb-8211-19b2d1b11f72_motor_cab.xlsx -> IDUKKI RTO - KL6_motor_cab.xlsx
2026-05-24 13:08:15,369 [INFO] RENAMED  : 21a1417c-2866-4a9f-b467-9d16bba04dff_motor_car.xlsx -> USILAMPATTI UO - TN636_motor_car.xlsx
2026-05-24 13:08:15,384 [INFO] RENAMED  : 21ea87af-12ca-4e4c-88fc-2c4402c1b1b8_motor_cab.xlsx -> KODUNGALLUR SRTO - KL47_motor_cab.xlsx
2026-05-24 13:08:15,399 [INFO] RENAMED  : 21ed194e-d08b-4e30-a47f-473bb8b3818d_motor_cab.xlsx -> BATLAGUNDU UO - TN596_motor_cab.xlsx
2026-05-24 13:08:15,416 [INFO] RENAMED  : 21f6fc01-7319-4419-99a4-22ccb1b31a99_motor_car.xlsx -> VADIPATTI UO - TN599_motor_car.xlsx
2026-05-24 13:08:15,431 [INFO] RENAMED  : 22170e4c-9693-4bfe-993f-27f44aded90e_motor_cab.xlsx -> VIRUDHUNAGAR RTO - TN67_motor_cab.xlsx
2026-05-24 13:08:15,448 [INFO] RENAMED  : 2226a65a-144f-4f0b-a793-090eef2e781f_motor_cab.xlsx -> BENGALURU EAST  RTO - KA3_motor_cab.xlsx
2026-05-24 13:08:15,465 [INFO] RENAMED  : 22297b8f-9e2e-43bf-96b6-acf1f2720105_motor_car.xlsx -> BIDAR  RTO - KA38_motor_car.xlsx
2026-05-24 13:08:15,482 [INFO] RENAMED  : 239b8f8b-2c54-41f1-816a-e6c81a6cf89e_motor_car.xlsx -> TARIKERE, CHIKKAMAGALURU ARTO - KA66_motor_car.xlsx
2026-05-24 13:08:15,499 [INFO] RENAMED  : 23b98a89-2dc7-41b2-866a-e79c7ac08261_motor_car.xlsx -> PALAI SRTO - KL35_motor_car.xlsx
2026-05-24 13:08:15,515 [INFO] RENAMED  : 23f71498-b570-4c3d-b3f8-76904b85613d_motor_cab.xlsx -> CUDDALORE RTO - TN31_motor_cab.xlsx
2026-05-24 13:08:15,531 [INFO] RENAMED  : 25032053-b4da-4204-a237-0cbedc15ddc9_motor_cab.xlsx -> TIRUVARUR RTO - TN50_motor_cab.xlsx
2026-05-24 13:08:15,548 [INFO] RENAMED  : 2580803c-c966-4278-a927-bb14ba41c628_motor_car.xlsx -> MARTHANDAM RTO - TN75_motor_car.xlsx
2026-05-24 13:08:15,564 [INFO] RENAMED  : 268d6a5f-83e4-47eb-ad90-dd2f8d81dace_motor_cab.xlsx -> KARAIKAL - PY2_motor_cab.xlsx
2026-05-24 13:08:15,584 [INFO] RENAMED  : 269f58b4-c52c-474d-a12f-39b791ccfb6b_motor_car.xlsx -> BAHOUR - PY11_motor_car.xlsx
2026-05-24 13:08:15,602 [INFO] RENAMED  : 26d13285-9671-4d17-b7de-bda818f4c020_motor_car.xlsx -> ATTINGAL RTO - KL16_motor_car.xlsx
2026-05-24 13:08:15,617 [INFO] RENAMED  : 272c13d2-5b0d-46dc-ac4f-acd634c0bfd2_motor_cab.xlsx -> ANGAMALI SRTO - KL63_motor_cab.xlsx
2026-05-24 13:08:15,635 [INFO] RENAMED  : 27abd7ab-52ca-4682-a937-9416c8cae286_motor_car.xlsx -> KANGEYAM UO - TN593_motor_car.xlsx
2026-05-24 13:08:15,650 [INFO] RENAMED  : 27ef6f5b-5f1a-475f-907e-0471d390d844_motor_cab.xlsx -> ERODE (WEST) RTO - TN86_motor_cab.xlsx
2026-05-24 13:08:15,665 [INFO] RENAMED  : 2832116d-00e6-4ffa-a659-9952d7f69ea2_motor_cab.xlsx -> RAMANAGAR  RTO - KA42_motor_cab.xlsx
2026-05-24 13:08:15,681 [INFO] RENAMED  : 28392cd0-072c-49d2-b683-feed77446afe_motor_cab.xlsx -> MUVATTUPUZHA RTO - KL17_motor_cab.xlsx
2026-05-24 13:08:15,699 [INFO] RENAMED  : 287579ab-e0fc-4214-8690-248591707e79_motor_car.xlsx -> ANGAMALI SRTO - KL63_motor_car.xlsx
2026-05-24 13:08:15,715 [INFO] RENAMED  : 28f7df2b-ed63-437e-9218-035bf3ea6739_motor_car.xlsx -> NAGERCOIL RTO - TN74_motor_car.xlsx
2026-05-24 13:08:15,732 [INFO] RENAMED  : 2a43b960-9cf5-44d9-895a-868a4565018a_motor_cab.xlsx -> ALANGULAM UO - TN644_motor_cab.xlsx
2026-05-24 13:08:15,747 [INFO] RENAMED  : 2a5ce56a-6d45-43ef-996a-822a8ff59434_motor_cab.xlsx -> MYSURU WEST  RTO - KA9_motor_cab.xlsx
2026-05-24 13:08:15,763 [INFO] RENAMED  : 2a999a69-6391-4f1c-b332-8fc86810fff1_motor_cab.xlsx -> ALUVA SRTO - KL41_motor_cab.xlsx
2026-05-24 13:08:15,778 [INFO] RENAMED  : 2af06640-7213-44b0-af40-73abec3ca6ec_motor_cab.xlsx -> PERINTHALMANNA SRTO - KL53_motor_cab.xlsx
2026-05-24 13:08:15,796 [INFO] RENAMED  : 2b27bd84-1c75-40aa-b15e-35e4495cd62d_motor_car.xlsx -> TIRUNELVELI RTO - TN72_motor_car.xlsx
2026-05-24 13:08:15,812 [INFO] RENAMED  : 2b30a4f3-e0ee-4912-8657-cae2c7803960_motor_car.xlsx -> TIRUPPUR (NORTH) RTO - TN39_motor_car.xlsx
2026-05-24 13:08:15,828 [INFO] RENAMED  : 2b3e8307-8ca5-4b3e-b6a6-d4c17be67de2_motor_cab.xlsx -> CHENNAI (SOUTH) RTO - TN7_motor_cab.xlsx
2026-05-24 13:08:15,843 [INFO] RENAMED  : 2c0b96de-041b-4fe8-a618-cdd9130537d2_motor_cab.xlsx -> MARTHANDAM RTO - TN75_motor_cab.xlsx
2026-05-24 13:08:15,860 [INFO] RENAMED  : 2c4ad153-9b6e-414f-9449-32be6824576c_motor_car.xlsx -> HARUR UO - TN527_motor_car.xlsx
2026-05-24 13:08:15,877 [INFO] RENAMED  : 2cb5cc6a-6638-4c46-b038-328de48a5f95_motor_car.xlsx -> CHAMARAJANAGAR  RTO - KA10_motor_car.xlsx
2026-05-24 13:08:15,895 [INFO] RENAMED  : 2dbfc736-5de8-4e7b-aec0-ea6d9df8c71c_motor_car.xlsx -> BELLARY  RTO - KA34_motor_car.xlsx
2026-05-24 13:08:15,910 [INFO] RENAMED  : 2f85eeb2-06b0-4770-b11b-4518b8534e8b_motor_cab.xlsx -> COIMBATORE (CENTRAL) RTO - TN66_motor_cab.xlsx
2026-05-24 13:08:15,928 [INFO] RENAMED  : 30a7dd1b-3880-4046-a927-628774d06e26_motor_car.xlsx -> KOTHAMANGALAM SRTO - KL44_motor_car.xlsx
2026-05-24 13:08:15,944 [INFO] RENAMED  : 314317ce-e674-4ba6-ad47-bc38590f49b3_motor_car.xlsx -> MANMANGALAM UO - TN637_motor_car.xlsx
2026-05-24 13:08:15,958 [INFO] RENAMED  : 3169fe7a-4d3a-4832-afda-f7c1037cdfc2_motor_cab.xlsx -> BASAVAKALYAN ARTO - KA56_motor_cab.xlsx
2026-05-24 13:08:15,975 [INFO] RENAMED  : 31702af0-dfef-417f-8b08-abe0bfcf1ee2_motor_car.xlsx -> PUDUKOTTAI RTO - TN55_motor_car.xlsx
2026-05-24 13:08:15,991 [INFO] RENAMED  : 31847082-e6d5-4152-905a-d0bce06b304d_motor_cab.xlsx -> ALAPPUZHA RTO - KL4_motor_cab.xlsx
2026-05-24 13:08:16,006 [INFO] RENAMED  : 31a4f7ad-aa99-4cb6-b825-0fc09696f6d9_motor_cab.xlsx -> DHARWAD EAST RTO - KA63_motor_cab.xlsx
2026-05-24 13:08:16,021 [INFO] RENAMED  : 31ad7ea0-9594-4363-aaf7-004ca823db9f_motor_car.xlsx -> MADHUGIRI, TUMAKURU ARTO - KA64_motor_car.xlsx
2026-05-24 13:08:16,037 [INFO] RENAMED  : 3218fbec-728b-47ed-b191-40a6abd12108_motor_cab.xlsx -> HARUR UO - TN527_motor_cab.xlsx
2026-05-24 13:08:16,053 [INFO] RENAMED  : 32b9ad2c-3fb3-4437-947b-fdf116695e70_motor_cab.xlsx -> CHITRADURGA  RTO - KA16_motor_cab.xlsx
2026-05-24 13:08:16,070 [INFO] RENAMED  : 33521ae6-f571-4b13-a9fe-746c78d208b7_motor_car.xlsx -> TRIPUNITHURA SRTO - KL39_motor_car.xlsx
2026-05-24 13:08:16,085 [INFO] RENAMED  : 337c12d7-7e5e-4c06-92ce-f0ef4355e772_motor_cab.xlsx -> ARUPPUKOTTAI UO - TN622_motor_cab.xlsx
2026-05-24 13:08:16,103 [INFO] RENAMED  : 33cdaecc-bdc2-4ab6-9ddb-243431875968_motor_car.xlsx -> BATLAGUNDU UO - TN596_motor_car.xlsx
2026-05-24 13:08:16,118 [INFO] RENAMED  : 3416277c-f536-4300-82a0-faf48a01bddd_motor_cab.xlsx -> AMBUR UO - TN628_motor_cab.xlsx
2026-05-24 13:08:16,133 [INFO] RENAMED  : 342cb2eb-f987-4ffc-89b7-a595b195388e_motor_cab.xlsx -> TIRUPPUR (SOUTH) RTO - TN42_motor_cab.xlsx
2026-05-24 13:08:16,149 [INFO] RENAMED  : 3562acdf-91e9-4de4-876c-156e8545e9a8_motor_cab.xlsx -> SHOLINGANALLUR RTO - TN512_motor_cab.xlsx
2026-05-24 13:08:16,213 [INFO] RENAMED  : 358351c0-f8a7-4565-b763-a2a609afc861_motor_car.xlsx -> JNANABHARATHI  RTO - KA41_motor_car.xlsx
2026-05-24 13:08:16,230 [INFO] RENAMED  : 3585e2d0-1361-40f6-ab8a-34ec7aff71c1_motor_car.xlsx -> VANIYAMBADI RTO - TN515_motor_car.xlsx
2026-05-24 13:08:16,245 [INFO] RENAMED  : 35d971d1-f86a-41a2-9e0d-80b0cba6af41_motor_cab.xlsx -> DAVANAGERE  RTO - KA17_motor_cab.xlsx
2026-05-24 13:08:16,260 [INFO] RENAMED  : 382ed584-8913-425d-9be9-fb03779868a0_motor_cab.xlsx -> PARAMAKUDI UO - TN603_motor_cab.xlsx
2026-05-24 13:08:16,275 [INFO] RENAMED  : 38d161a3-d3ed-44f0-baa5-637ef069ab25_motor_cab.xlsx -> CHANDAPURA, BENGALURU RTO - KA59_motor_cab.xlsx
2026-05-24 13:08:16,290 [INFO] RENAMED  : 3a76bcf0-f07e-46f2-b0ea-fff1e132936a_motor_cab.xlsx -> VELLARIKUNDU SRTO - KL79_motor_cab.xlsx
2026-05-24 13:08:16,306 [INFO] RENAMED  : 3bc3293d-23ab-4479-a211-ccd346ffa912_motor_car.xlsx -> KOVILPATTI RTO - TN607_motor_car.xlsx
2026-05-24 13:08:16,321 [INFO] RENAMED  : 3d067652-8d60-4eb1-ba9f-59f51b5c28fb_motor_cab.xlsx -> PATHANAMTHITTA RTO - KL3_motor_cab.xlsx
2026-05-24 13:08:16,337 [INFO] RENAMED  : 3d620dc5-7c17-4517-b9f7-a10794d430b2_motor_cab.xlsx -> PUDUKOTTAI RTO - TN55_motor_cab.xlsx
2026-05-24 13:08:16,353 [INFO] RENAMED  : 3d9d2370-e825-4cfc-9fb3-af5744ba1fdf_motor_car.xlsx -> TINDIVANAM RTO - TN571_motor_car.xlsx
2026-05-24 13:08:16,368 [INFO] RENAMED  : 3e2dc348-0ade-4ad5-8486-55bb138c6783_motor_car.xlsx -> STATE TRANSPORT AUTHORITY - KA99_motor_car.xlsx
2026-05-24 13:08:16,382 [INFO] RENAMED  : 3e2fe8d7-8b61-4939-82e9-31451f931ab0_motor_cab.xlsx -> METTUR RTO - TN590_motor_cab.xlsx
2026-05-24 13:08:16,399 [INFO] RENAMED  : 3e6e30e6-3680-43b7-934c-9a878a87c392_motor_car.xlsx -> GURUVAYUR SRTO - KL46_motor_car.xlsx
2026-05-24 13:08:16,416 [INFO] RENAMED  : 3e8735bf-e639-4b82-9592-41658529b0ec_motor_cab.xlsx -> KOLAR  RTO - KA7_motor_cab.xlsx
2026-05-24 13:08:16,430 [INFO] RENAMED  : 3eab9e2a-a323-421f-95aa-1d6ecef0cee5_motor_cab.xlsx -> KATTAKADA SRTO - KL74_motor_cab.xlsx
2026-05-24 13:08:16,445 [INFO] RENAMED  : 3f0b0145-a91d-48e2-9652-1e7cbb4c5dc8_motor_cab.xlsx -> BIJAPUR  RTO - KA28_motor_cab.xlsx
2026-05-24 13:08:16,461 [INFO] RENAMED  : 3f1678d3-3438-44c4-a91f-4f537c3678f3_motor_cab.xlsx -> SIVAKASI RTO - TN604_motor_cab.xlsx
2026-05-24 13:08:16,477 [INFO] RENAMED  : 3f2c4116-3a2d-421e-990e-ca084c8757be_motor_cab.xlsx -> SALEM (EAST) RTO - TN54_motor_cab.xlsx
2026-05-24 13:08:16,494 [INFO] RENAMED  : 3f3b05b4-35c8-413d-acfd-1c9b482a754c_motor_cab.xlsx -> RANNI SRTO - KL62_motor_cab.xlsx
2026-05-24 13:08:16,511 [INFO] RENAMED  : 3f5075d8-83df-47ce-b3c7-6d6e31aee7e4_motor_car.xlsx -> ILLUPPUR UO - TN629_motor_car.xlsx
2026-05-24 13:08:16,529 [INFO] RENAMED  : 3fdb5d44-2182-4857-bca2-8c3366d3992b_motor_car.xlsx -> CHENGANNUR SRTO - KL30_motor_car.xlsx
2026-05-24 13:08:16,544 [INFO] RENAMED  : 40292bc4-6802-4672-b9ff-ab891bb991aa_motor_cab.xlsx -> YADGIRI  RTO - KA33_motor_cab.xlsx
2026-05-24 13:08:16,558 [INFO] RENAMED  : 4081cbec-c07e-44bb-9c18-c65dcb978785_motor_cab.xlsx -> RASIPURAM UO - TN526_motor_cab.xlsx
2026-05-24 13:08:16,574 [INFO] RENAMED  : 40e947d8-9620-432e-9d62-3a8911cb4b46_motor_cab.xlsx -> TIRUCHI(EAST) RTO - TN81_motor_cab.xlsx
2026-05-24 13:08:16,592 [INFO] RENAMED  : 40fb5c71-d5af-4dff-b22d-f4ea468a835c_motor_car.xlsx -> KOTTAYAM RTO - KL5_motor_car.xlsx
2026-05-24 13:08:16,609 [INFO] RENAMED  : 411feeb3-f579-4dfd-9ab9-12b12fb770b3_motor_car.xlsx -> ATTUR RTO - TN591_motor_car.xlsx
2026-05-24 13:08:16,623 [INFO] RENAMED  : 4132f855-12b5-4006-91c2-96c52125d4b6_motor_cab.xlsx -> WAYANAD RTO - KL12_motor_cab.xlsx
2026-05-24 13:08:16,641 [INFO] RENAMED  : 41733f18-e803-421b-8816-b94667a36d1a_motor_car.xlsx -> TIRUVERANBUR UO - TN583_motor_car.xlsx
2026-05-24 13:08:16,656 [INFO] RENAMED  : 41914b0b-446d-4bda-9b91-5a4fdae0846a_motor_car.xlsx -> GOKAK  ARTO - KA49_motor_car.xlsx
2026-05-24 13:08:16,671 [INFO] RENAMED  : 41a1a171-49c4-4e04-9684-a8c2a39059bf_motor_cab.xlsx -> OTTAPPALAM SRTO - KL51_motor_cab.xlsx
2026-05-24 13:08:16,689 [INFO] RENAMED  : 41f2d8d9-3d25-437f-86cf-fc1f790b96ab_motor_car.xlsx -> DANDELI ARTO - KA65_motor_car.xlsx
2026-05-24 13:08:16,705 [INFO] RENAMED  : 421b6723-eab0-49ae-b209-217ad4e225d2_motor_car.xlsx -> SRIRANGAM RTO - TN48_motor_car.xlsx
2026-05-24 13:08:16,723 [INFO] RENAMED  : 4224f406-d5a8-48ea-8019-61d01f123003_motor_car.xlsx -> ARANTHANGI UO - TN592_motor_car.xlsx
2026-05-24 13:08:16,738 [INFO] RENAMED  : 4263aa9e-71c1-406b-8055-e93f89aab756_motor_cab.xlsx -> THRISSUR RTO - KL8_motor_cab.xlsx
2026-05-24 13:08:16,754 [INFO] RENAMED  : 42736af6-c087-444c-ad2e-bd8c93f8ed75_motor_car.xlsx -> KOILANDY SRTO - KL56_motor_car.xlsx
2026-05-24 13:08:16,769 [INFO] RENAMED  : 42b147ca-d9d3-4c3d-8278-5a339f3e55e2_motor_cab.xlsx -> TIRUVERANBUR UO - TN583_motor_cab.xlsx
2026-05-24 13:08:16,787 [INFO] RENAMED  : 42c8671e-97c1-44ec-8e9d-e2a52885655a_motor_car.xlsx -> STU AND AUTORIKSHAW,  SHANTHINAGAR RTO - KA57_motor_car.xlsx
2026-05-24 13:08:16,803 [INFO] RENAMED  : 43864c02-3dd5-4f24-ad7a-7da0bcddc419_motor_car.xlsx -> GUMMIDIPOONDI UO - TN625_motor_car.xlsx
2026-05-24 13:08:16,819 [INFO] RENAMED  : 45fd8ee6-e620-40b2-be2f-788180dfde24_motor_cab.xlsx -> THALIPARAMBA SRTO - KL59_motor_cab.xlsx
2026-05-24 13:08:16,834 [INFO] RENAMED  : 468aa86e-654f-4b88-ae4e-eb88528ae0b0_motor_cab.xlsx -> MELUR UO - TN600_motor_cab.xlsx
2026-05-24 13:08:16,852 [INFO] RENAMED  : 46f9f9e6-af0a-4af1-8b92-b69f8aec93f9_motor_car.xlsx -> SAGAR  ARTO - KA15_motor_car.xlsx
2026-05-24 13:08:16,869 [INFO] RENAMED  : 47ccc99e-2b6c-4a26-8df0-9b23e9df3d1a_motor_car.xlsx -> ODDANCHATRAM  UO - TN595_motor_car.xlsx
2026-05-24 13:08:16,884 [INFO] RENAMED  : 48c4d257-eafe-4f29-b4d5-dfa833c88bed_motor_cab.xlsx -> VALPARAI UO - TN633_motor_cab.xlsx
2026-05-24 13:08:16,901 [INFO] RENAMED  : 4907f57b-8b9f-43ae-84cc-f144db9303ae_motor_cab.xlsx -> ULUNDURPET RTO - TN577_motor_cab.xlsx
2026-05-24 13:08:16,918 [INFO] RENAMED  : 49fc1854-2b42-4668-bcfb-b9e6b0074e4e_motor_car.xlsx -> CHALAKKUDY SRTO - KL64_motor_car.xlsx
2026-05-24 13:08:16,933 [INFO] RENAMED  : 4a360aef-023b-462d-afe3-1c70b2adbf22_motor_cab.xlsx -> DHARMAPURI RTO - TN29_motor_cab.xlsx
2026-05-24 13:08:16,949 [INFO] RENAMED  : 4b2cd8f4-3049-4402-b402-f4371991b663_motor_cab.xlsx -> HUNSUR  ARTO - KA45_motor_cab.xlsx
2026-05-24 13:08:16,967 [INFO] RENAMED  : 4b68d112-773f-4552-a44d-8d0433c06e6c_motor_car.xlsx -> BENGALURU EAST  RTO - KA3_motor_car.xlsx
2026-05-24 13:08:16,982 [INFO] RENAMED  : 4c16565e-63d6-4bb0-ba9b-4e1a108b52f7_motor_cab.xlsx -> CHIKAMANGLUR RTO - KA18_motor_cab.xlsx
2026-05-24 13:08:17,000 [INFO] RENAMED  : 4c4b5a89-305e-44fd-894b-7ebc5990fc63_motor_car.xlsx -> THIRUMANGALAM  UO - TN598_motor_car.xlsx
2026-05-24 13:08:17,017 [INFO] RENAMED  : 4cba1429-d1a7-4cd7-86ac-f2627c875634_motor_car.xlsx -> ALANGULAM UO - TN644_motor_car.xlsx
2026-05-24 13:08:17,033 [INFO] RENAMED  : 4d08fda1-3cfb-49a8-883d-4a64a00dde77_motor_car.xlsx -> KODUNGALLUR SRTO - KL47_motor_car.xlsx
2026-05-24 13:08:17,052 [INFO] RENAMED  : 4e23adf2-98d0-400a-9d34-598331768bc7_motor_car.xlsx -> PARAMAKUDI UO - TN603_motor_car.xlsx
2026-05-24 13:08:17,067 [INFO] RENAMED  : 4f4aa184-2759-4097-8afa-3ddb1b266545_motor_car.xlsx -> MADURAI (CENTRAL) RTO - TN64_motor_car.xlsx
2026-05-24 13:08:17,084 [INFO] RENAMED  : 4fcc7745-4ebe-48f8-b6cf-b435d8d3998a_motor_cab.xlsx -> PERUMBAVUR SRTO - KL40_motor_cab.xlsx
2026-05-24 13:08:17,101 [INFO] RENAMED  : 50024cac-a4e7-461b-9b63-77dd86a2c107_motor_car.xlsx -> CHENNAI (EAST) RTO - TN4_motor_car.xlsx
2026-05-24 13:08:17,116 [INFO] RENAMED  : 50d49b60-9874-42d5-bba3-ab4e05ecc6b6_motor_cab.xlsx -> TRIVANDRUM RTO - KL1_motor_cab.xlsx
2026-05-24 13:08:17,133 [INFO] RENAMED  : 510be7a1-83ae-47c3-b363-5097d41921ac_motor_car.xlsx -> CUDDALORE RTO - TN31_motor_car.xlsx
2026-05-24 13:08:17,149 [INFO] RENAMED  : 524c4e2f-774f-4f35-a8b2-4dec79bb66ce_motor_cab.xlsx -> K G F  ARTO - KA8_motor_cab.xlsx
2026-05-24 13:08:17,164 [INFO] RENAMED  : 54b64ac4-600e-45a4-9e87-385dfad31aaa_motor_cab.xlsx -> THIRURANGADI SRTO - KL65_motor_cab.xlsx
2026-05-24 13:08:17,179 [INFO] RENAMED  : 54bd5122-9727-4fe8-8500-ea98ae339e3b_motor_cab.xlsx -> MANNARGHAT SRTO - KL50_motor_cab.xlsx
2026-05-24 13:08:17,198 [INFO] RENAMED  : 55207f0e-58b7-4e1a-a066-a1cde838310e_motor_car.xlsx -> KASARGODE RTO - KL14_motor_car.xlsx
2026-05-24 13:08:17,215 [INFO] RENAMED  : 55a7a30f-1435-478f-8d99-f2824293d2c7_motor_car.xlsx -> KUMBAKONAM RTO - TN68_motor_car.xlsx
2026-05-24 13:08:17,232 [INFO] RENAMED  : 563d6c40-cde9-4bcd-895a-bd7894c94015_motor_car.xlsx -> TIRUCHENGODE RTO - TN34_motor_car.xlsx
2026-05-24 13:08:17,295 [INFO] RENAMED  : 57458124-bdcd-4700-9f40-7ac5db66a7bb_motor_car.xlsx -> NEDUMANGADU SRTO - KL21_motor_car.xlsx
2026-05-24 13:08:17,310 [INFO] RENAMED  : 575872f5-cac0-4cf4-b404-0d5261767169_motor_cab.xlsx -> USILAMPATTI UO - TN636_motor_cab.xlsx
2026-05-24 13:08:17,326 [INFO] RENAMED  : 57ad0701-0b67-48a8-9728-7cf07fdc5124_motor_car.xlsx -> PATHANAPURAM SRTO - KL80_motor_car.xlsx
2026-05-24 13:08:17,343 [INFO] RENAMED  : 57c0edfa-2ef7-48d8-9490-b9196e8072b5_motor_car.xlsx -> THOOTHUKUDI RTO - TN69_motor_car.xlsx
2026-05-24 13:08:17,359 [INFO] RENAMED  : 57f2ee2a-db50-4dbf-af14-2c6744081f63_motor_cab.xlsx -> MADURAI (NORTH) RTO - TN59_motor_cab.xlsx
2026-05-24 13:08:17,375 [INFO] RENAMED  : 58bf9fd8-54ad-4e34-b7cc-8b21627e2aa3_motor_cab.xlsx -> KALABURAGI  RTO - KA32_motor_cab.xlsx
2026-05-24 13:08:17,390 [INFO] RENAMED  : 592c31f5-b792-44a2-abc0-96ee5560d8f8_motor_cab.xlsx -> NELAMANGALA  RTO - KA52_motor_cab.xlsx
2026-05-24 13:08:17,406 [INFO] RENAMED  : 59637b73-29ed-4cf3-8922-fcdf5af54dae_motor_cab.xlsx -> IRINJALAKUDA SRTO - KL45_motor_cab.xlsx
2026-05-24 13:08:17,420 [INFO] RENAMED  : 599bc9c8-ad60-4a6f-b2a9-ee14ae9a07f9_motor_cab.xlsx -> KULITHALI UO - TN585_motor_cab.xlsx
2026-05-24 13:08:17,437 [INFO] RENAMED  : 5a469ad9-4ea3-41f0-8b29-ec45074daa0f_motor_car.xlsx -> PUTTUR  RTO - KA21_motor_car.xlsx
2026-05-24 13:08:17,452 [INFO] RENAMED  : 5b1bb7ac-1108-4382-b0c2-bc5ff07eadbb_motor_cab.xlsx -> GUDIYATHAM UO - TN514_motor_cab.xlsx
2026-05-24 13:08:17,468 [INFO] RENAMED  : 5b4ec2d7-2459-456d-89c6-17744e96e01d_motor_cab.xlsx -> PERAMBRA SRTO - KL77_motor_cab.xlsx
2026-05-24 13:08:17,483 [INFO] RENAMED  : 5caa7f9b-609c-4d57-bb43-19cdcea33469_motor_cab.xlsx -> PERUNDURAI RTO - TN56_motor_cab.xlsx
2026-05-24 13:08:17,498 [INFO] RENAMED  : 5cdfac0b-185a-4fbb-b175-a17334e75e21_motor_cab.xlsx -> SALEM (WEST) RTO - TN30_motor_cab.xlsx
2026-05-24 13:08:17,516 [INFO] RENAMED  : 5d42c334-b240-41ae-8f47-e6a9c96cce4c_motor_car.xlsx -> COIMBATORE (SOUTH) RTO - TN37_motor_car.xlsx
2026-05-24 13:08:17,531 [INFO] RENAMED  : 5ecc216a-9a9a-4fdf-b025-9275c31d4c4b_motor_cab.xlsx -> THIRUTTANI UO - TN634_motor_cab.xlsx
2026-05-24 13:08:17,549 [INFO] RENAMED  : 5ef56e33-da34-4ee1-8bf5-a681d849d4eb_motor_car.xlsx -> CHADAYAMANGALA SRTO - KL82_motor_car.xlsx
2026-05-24 13:08:17,564 [INFO] RENAMED  : 5f0cdb21-085d-4fb3-aafe-b6f9b325b3e6_motor_cab.xlsx -> PATHANAPURAM SRTO - KL80_motor_cab.xlsx
2026-05-24 13:08:17,580 [INFO] RENAMED  : 5f1d5369-2bca-4140-8447-c5377227a7d4_motor_cab.xlsx -> DHARWAD WEST RTO - KA25_motor_cab.xlsx
2026-05-24 13:08:17,596 [INFO] RENAMED  : 5f37d563-effc-43fe-ac33-83b2bce7887c_motor_cab.xlsx -> RANIBENNUR ARTO - KA68_motor_cab.xlsx
2026-05-24 13:08:17,611 [INFO] RENAMED  : 6024f354-460f-44c2-a108-4db8bcb8ad22_motor_cab.xlsx -> KOVILPATTI RTO - TN607_motor_cab.xlsx
2026-05-24 13:08:17,626 [INFO] RENAMED  : 60751b0b-37e5-427e-ab2f-2abf1ab9c791_motor_cab.xlsx -> CHAMARAJANAGAR  RTO - KA10_motor_cab.xlsx
2026-05-24 13:08:17,646 [INFO] RENAMED  : 619c686f-8e4a-4ba3-880f-83fadd9f64d3_motor_car.xlsx -> KARUR RTO - TN47_motor_car.xlsx
2026-05-24 13:08:17,661 [INFO] RENAMED  : 61f6818a-51a2-4999-bf1c-6af521243b3f_motor_cab.xlsx -> PALANI RTO - TN597_motor_cab.xlsx
2026-05-24 13:08:17,679 [INFO] RENAMED  : 6203d71d-84b6-4973-abf6-230fb7f2f56f_motor_car.xlsx -> DEVIKULAM SRTO - KL68_motor_car.xlsx
2026-05-24 13:08:17,695 [INFO] RENAMED  : 6263759a-18dd-436d-b387-b2e195ac7937_motor_car.xlsx -> ELECTRONIC CITY  RTO - KA51_motor_car.xlsx
2026-05-24 13:08:17,712 [INFO] RENAMED  : 62699f08-a8af-4631-af67-178b634bace1_motor_car.xlsx -> PERUMBAVUR SRTO - KL40_motor_car.xlsx
2026-05-24 13:08:17,729 [INFO] RENAMED  : 640a5968-f7e9-407f-9a91-3c6b78faddcd_motor_car.xlsx -> TENKASI RTO - TN76_motor_car.xlsx
2026-05-24 13:08:17,744 [INFO] RENAMED  : 64240004-ea75-4522-a355-3d6d4cff9d3f_motor_cab.xlsx -> YALAHANKA  RTO - KA50_motor_cab.xlsx
2026-05-24 13:08:17,760 [INFO] RENAMED  : 643bb309-fa50-4d1b-9965-20be0c20db08_motor_car.xlsx -> CHENNAI (WEST) RTO - TN9_motor_car.xlsx
2026-05-24 13:08:17,778 [INFO] RENAMED  : 644658ed-37c5-4643-82ae-7c8bd9d9a0fa_motor_car.xlsx -> THIRUTHURAIPOONDI UO - TN630_motor_car.xlsx
2026-05-24 13:08:17,795 [INFO] RENAMED  : 64804614-4072-4d2b-ab31-7f6fdc02c231_motor_cab.xlsx -> RTO CHENNAI (NORTH WEST) - TN2_motor_cab.xlsx
2026-05-24 13:08:17,812 [INFO] RENAMED  : 64ae280c-e954-4ee5-958b-f4d890228c9a_motor_cab.xlsx -> HONNAVAR  ARTO - KA47_motor_cab.xlsx
2026-05-24 13:08:17,830 [INFO] RENAMED  : 6516be94-97b3-419f-b859-88d20ae005ea_motor_car.xlsx -> KARAIKUDI UO - TN602_motor_car.xlsx
2026-05-24 13:08:17,846 [INFO] RENAMED  : 6598dbf3-0088-4d64-9484-d8e41a287cff_motor_car.xlsx -> RAMANAGAR  RTO - KA42_motor_car.xlsx
2026-05-24 13:08:17,864 [INFO] RENAMED  : 665d5b52-149e-456d-b122-14f53e1cfbbf_motor_car.xlsx -> SRIPERUMBUDUR RTO - TN614_motor_car.xlsx
2026-05-24 13:08:17,881 [INFO] RENAMED  : 66cb72e7-3eb6-470f-91b8-3bbb48fb3abb_motor_car.xlsx -> ARAVAKURICHI UO - TN632_motor_car.xlsx
2026-05-24 13:08:17,898 [INFO] RENAMED  : 675f685c-5d1c-4893-9182-2c039995add1_motor_car.xlsx -> YALAHANKA  RTO - KA50_motor_car.xlsx
2026-05-24 13:08:17,915 [INFO] RENAMED  : 67a4340a-09f2-47f1-90a2-8facd98ee466_motor_car.xlsx -> KOPPAL  RTO - KA37_motor_car.xlsx
2026-05-24 13:08:17,930 [INFO] RENAMED  : 68b8e6b2-715e-41d9-8eb8-e0dca20ce44f_motor_car.xlsx -> VALAPPADI UO - TN613_motor_car.xlsx
2026-05-24 13:08:17,948 [INFO] RENAMED  : 68fc7024-fafc-4f4f-a1e2-45b4cf756791_motor_car.xlsx -> REDHILLS RTO - TN18_motor_car.xlsx
2026-05-24 13:08:17,964 [INFO] RENAMED  : 69f1f75b-c522-4396-a76c-40a83dd2ee07_motor_car.xlsx -> NILAMBUR SRTO - KL71_motor_car.xlsx
2026-05-24 13:08:17,982 [INFO] RENAMED  : 6a7fa5de-b40c-4841-944b-69fa6ee17939_motor_car.xlsx -> MADURAI (SOUTH) RTO - TN58_motor_car.xlsx
2026-05-24 13:08:17,997 [INFO] RENAMED  : 6a8007eb-430a-4133-9ff6-f1bec5c4c662_motor_cab.xlsx -> GOKAK  ARTO - KA49_motor_cab.xlsx
2026-05-24 13:08:18,014 [INFO] RENAMED  : 6aa06488-2361-4d96-b35a-123d7c08940e_motor_car.xlsx -> PERUNDURAI RTO - TN56_motor_car.xlsx
2026-05-24 13:08:18,032 [INFO] RENAMED  : 6b34dcec-536e-43a5-9738-df06e5fc44b3_motor_car.xlsx -> GADAG  RTO - KA26_motor_car.xlsx
2026-05-24 13:08:18,048 [INFO] RENAMED  : 6cf28487-8291-4684-95a5-3b8c62179271_motor_car.xlsx -> RAICHUR  RTO - KA36_motor_car.xlsx
2026-05-24 13:08:18,063 [INFO] RENAMED  : 6d1c1c6a-b643-4d84-a19e-0c8aff624d50_motor_cab.xlsx -> SIRSI  RTO - KA31_motor_cab.xlsx
2026-05-24 13:08:18,080 [INFO] RENAMED  : 6d85e166-d9ec-447f-978b-9033d0c08a16_motor_car.xlsx -> ULUNDURPET RTO - TN577_motor_car.xlsx
2026-05-24 13:08:18,095 [INFO] RENAMED  : 6d8aaf27-68a8-4f58-a2d8-21e39103e004_motor_cab.xlsx -> THODUPUZHA SRTO - KL38_motor_cab.xlsx
2026-05-24 13:08:18,112 [INFO] RENAMED  : 6d8bf31f-bc4f-403b-897e-20bd945bc9a9_motor_car.xlsx -> TIRUCHI(EAST) RTO - TN81_motor_car.xlsx
2026-05-24 13:08:18,177 [INFO] RENAMED  : 6db29faf-aabe-4761-8966-c146e4932e32_motor_cab.xlsx -> COIMBATORE (NORTH) RTO - TN38_motor_cab.xlsx
2026-05-24 13:08:18,193 [INFO] RENAMED  : 6dc5f227-f09b-462e-9f59-a02c77cdc5c5_motor_cab.xlsx -> KALLAKURICHI RTO - TN615_motor_cab.xlsx
2026-05-24 13:08:18,211 [INFO] RENAMED  : 6dd8ccf2-a3de-4164-8631-54398dc0e03a_motor_car.xlsx -> PAYYANNUR SRTO - KL86_motor_car.xlsx
2026-05-24 13:08:18,227 [INFO] RENAMED  : 6e4dd430-0d08-4b08-9d15-29e262b0f09a_motor_car.xlsx -> THANJAVUR RTO - TN49_motor_car.xlsx
2026-05-24 13:08:18,243 [INFO] RENAMED  : 6e7a5d0c-e1f0-4260-8d61-e4f87565a34d_motor_car.xlsx -> PERINTHALMANNA SRTO - KL53_motor_car.xlsx
2026-05-24 13:08:18,258 [INFO] RENAMED  : 6e98a528-17a8-409c-acc8-e5ca90a7d773_motor_cab.xlsx -> KONDOTTY SRTO - KL84_motor_cab.xlsx
2026-05-24 13:08:18,273 [INFO] RENAMED  : 6ef8ba3b-f1a1-4c1d-9bdd-469cf71f9d02_motor_cab.xlsx -> MUSURI UO - TN621_motor_cab.xlsx
2026-05-24 13:08:18,292 [INFO] RENAMED  : 6f23f928-c04a-4ebf-8b43-10c1ee63930b_motor_car.xlsx -> BENGALURU SOUTH  RTO - KA5_motor_car.xlsx
2026-05-24 13:08:18,305 [INFO] RENAMED  : 6f335bc2-0b46-4b8b-b864-af9bf5cb8751_motor_car.xlsx -> TC OFFICE - STA OFFICE - KL99_motor_car.xlsx
2026-05-24 13:08:18,321 [INFO] RENAMED  : 6f7a5eae-8fe8-4c89-b0ec-17b9f007d812_motor_cab.xlsx -> RAJAPALAYAM UO - TN643_motor_cab.xlsx
2026-05-24 13:08:18,336 [INFO] RENAMED  : 701691df-238c-4686-a921-ac456dbc4db1_motor_cab.xlsx -> STATE TRANSPORT AUTHORITY - TN999_motor_cab.xlsx
2026-05-24 13:08:18,354 [INFO] RENAMED  : 7068bf50-23e7-4146-ad6b-b956a6531512_motor_car.xlsx -> PUDUCHERRY - PY1_motor_car.xlsx
2026-05-24 13:08:18,369 [INFO] RENAMED  : 7101fc8f-3d21-4f09-95c1-8d22cb09920f_motor_cab.xlsx -> BHAVANI UO - TN578_motor_cab.xlsx
2026-05-24 13:08:18,387 [INFO] RENAMED  : 7136dc92-1aaf-48f6-a0de-f7af7d2ef001_motor_car.xlsx -> BENGALURU NORTH  RTO - KA4_motor_car.xlsx
2026-05-24 13:08:18,403 [INFO] RENAMED  : 714f8c75-3fd8-4b31-8312-b38d77fb292c_motor_cab.xlsx -> ARIYALUR RTO - TN61_motor_cab.xlsx
2026-05-24 13:08:18,421 [INFO] RENAMED  : 715e95aa-c438-4003-b275-d2b1e30032e6_motor_car.xlsx -> AMBATTUR RTO - TN612_motor_car.xlsx
2026-05-24 13:08:18,436 [INFO] RENAMED  : 72108695-a346-4289-8b14-001562204913_motor_cab.xlsx -> OOTY RTO - TN43_motor_cab.xlsx
2026-05-24 13:08:18,453 [INFO] RENAMED  : 723cf0a9-bb98-459a-a5cb-435c2c371d1a_motor_car.xlsx -> AVINASHI UO - TN580_motor_car.xlsx
2026-05-24 13:08:18,469 [INFO] RENAMED  : 726156bf-15aa-41c9-b1ad-56d8a0b85c88_motor_cab.xlsx -> GUDALORE UO - TN582_motor_cab.xlsx
2026-05-24 13:08:18,485 [INFO] RENAMED  : 72f1f119-bb8d-440d-860a-6c60746f985c_motor_car.xlsx -> NATHAM UO - TN640_motor_car.xlsx
2026-05-24 13:08:18,504 [INFO] RENAMED  : 7420e5c2-c3bc-45d4-a1d2-bc60d1240190_motor_car.xlsx -> KANJIRAPPALLY SRTO - KL34_motor_car.xlsx
2026-05-24 13:08:18,521 [INFO] RENAMED  : 74292500-3881-4097-bce2-95c107fd7c41_motor_car.xlsx -> KULITHALI UO - TN585_motor_car.xlsx
2026-05-24 13:08:18,536 [INFO] RENAMED  : 745a9077-a3aa-4479-8e76-72621e58706b_motor_cab.xlsx -> THIRUVALLA SRTO - KL27_motor_cab.xlsx
2026-05-24 13:08:18,553 [INFO] RENAMED  : 749401b2-133c-4b7b-ac5b-04cd8badf0d6_motor_car.xlsx -> NEYYATTINKARA SRTO - KL20_motor_car.xlsx
2026-05-24 13:08:18,570 [INFO] RENAMED  : 753eafb7-1785-4cd0-8c4f-71b3bd423e74_motor_car.xlsx -> CHIDAMBARAM RTO - TN544_motor_car.xlsx
2026-05-24 13:08:18,585 [INFO] RENAMED  : 7628c442-431c-458f-82c6-25880a65edb3_motor_car.xlsx -> MANNARGHAT SRTO - KL50_motor_car.xlsx
2026-05-24 13:08:18,604 [INFO] RENAMED  : 767eb736-17c4-4570-8d38-726b7dc82255_motor_car.xlsx -> KARAIKAL - PY2_motor_car.xlsx
2026-05-24 13:08:18,620 [INFO] RENAMED  : 76e83601-c13f-428a-b275-04b632230f0a_motor_cab.xlsx -> CHENNAI (CENTRAL) RTO - TN1_motor_cab.xlsx
2026-05-24 13:08:18,636 [INFO] RENAMED  : 77937dda-e75b-4502-a716-b57d5cdadec0_motor_car.xlsx -> WAYANAD RTO - KL12_motor_car.xlsx
2026-05-24 13:08:18,653 [INFO] RENAMED  : 77bec184-1533-4a39-9b33-a2e0352c120e_motor_car.xlsx -> NELAMANGALA  RTO - KA52_motor_car.xlsx
2026-05-24 13:08:18,668 [INFO] RENAMED  : 77f031a2-ebd8-4832-b498-c7fc7c436931_motor_cab.xlsx -> NEYYATTINKARA SRTO - KL20_motor_cab.xlsx
2026-05-24 13:08:18,686 [INFO] RENAMED  : 79215ecd-91a8-4bb6-8c4d-7254e2544551_motor_car.xlsx -> TRIVANDRUM RTO - KL1_motor_car.xlsx
2026-05-24 13:08:18,701 [INFO] RENAMED  : 796b09ff-7b51-4fce-878b-851b2ff4da3b_motor_cab.xlsx -> PATTUKOTTAI UNIT OFFICE - TN587_motor_cab.xlsx
2026-05-24 13:08:18,718 [INFO] RENAMED  : 7a23bf1e-d49d-4258-b128-07634de336bb_motor_car.xlsx -> CHITTUR SRTO - KL70_motor_car.xlsx
2026-05-24 13:08:18,732 [INFO] RENAMED  : 7a5f19ab-7c76-41f8-a61f-70acdb031686_motor_cab.xlsx -> LALKUDI UO - TN631_motor_cab.xlsx
2026-05-24 13:08:18,750 [INFO] RENAMED  : 7bbb1c39-c654-419b-9eeb-a8e90cf9ecbf_motor_car.xlsx -> THIRUKALUKUNTRAM UO - TN639_motor_car.xlsx
2026-05-24 13:08:18,764 [INFO] RENAMED  : 7c1861ba-f0c0-47e9-8372-2c725c8c46d5_motor_car.xlsx -> STATE TRANSPORT AUTHORITY - TN999_motor_car.xlsx
2026-05-24 13:08:18,781 [INFO] RENAMED  : 7c25b53c-86c3-441d-a226-8f036c727590_motor_car.xlsx -> DEVANAHALLI  ARTO - KA43_motor_car.xlsx
2026-05-24 13:08:18,797 [INFO] RENAMED  : 7c53cb9b-fe8b-429d-87aa-c7eb441e5328_motor_cab.xlsx -> THIRUBUVANAI(VILLIANUR) - PY51_motor_cab.xlsx
2026-05-24 13:08:18,812 [INFO] RENAMED  : 7c83be4b-213f-40c2-8289-69834f98b552_motor_car.xlsx -> MANNARGUDI UO - TN588_motor_car.xlsx
2026-05-24 13:08:18,826 [INFO] RENAMED  : 7c8819b2-9073-4b9e-b2fe-44dc279ec5b2_motor_cab.xlsx -> PALAI SRTO - KL35_motor_cab.xlsx
2026-05-24 13:08:18,841 [INFO] RENAMED  : 7c997bfe-7594-458d-ab4c-f6a74ab99645_motor_cab.xlsx -> ODDANCHATRAM  UO - TN595_motor_cab.xlsx
2026-05-24 13:08:18,862 [INFO] RENAMED  : 7ced60de-fa48-4cb2-91ff-4706817d9188_motor_car.xlsx -> CHIKAMANGLUR RTO - KA18_motor_car.xlsx
2026-05-24 13:08:18,877 [INFO] RENAMED  : 7da6ab4f-30c9-4256-9b56-23ca7349c26c_motor_cab.xlsx -> CHITTUR SRTO - KL70_motor_cab.xlsx
2026-05-24 13:08:18,894 [INFO] RENAMED  : 7dee4fdc-4569-4a69-9e31-54136f2f8ce6_motor_car.xlsx -> KONNI SRTO - KL83_motor_car.xlsx
2026-05-24 13:08:18,910 [INFO] RENAMED  : 7edc3148-757a-4639-84d1-354f47b2aaec_motor_cab.xlsx -> TENKASI RTO - TN76_motor_cab.xlsx
2026-05-24 13:08:18,924 [INFO] RENAMED  : 7f140b98-6cc2-4a48-9587-d3ab75d2004d_motor_cab.xlsx -> MAVELIKKARA SRTO - KL31_motor_cab.xlsx
2026-05-24 13:08:18,940 [INFO] RENAMED  : 7ff3680c-1555-453b-918f-c8f177addd0a_motor_cab.xlsx -> TIRUCHI RTO - TN45_motor_cab.xlsx
2026-05-24 13:08:18,956 [INFO] RENAMED  : 80213fee-02ba-44dc-9f67-4ad69bce5124_motor_car.xlsx -> MALAPPURAM RTO - KL10_motor_car.xlsx
2026-05-24 13:08:18,974 [INFO] RENAMED  : 80266235-b466-418b-b74c-2c21245bae86_motor_car.xlsx -> MADURAI (NORTH) RTO - TN59_motor_car.xlsx
2026-05-24 13:08:18,992 [INFO] RENAMED  : 80361ef1-6b97-41cc-8d4e-e47145dd865d_motor_car.xlsx -> CHENNAI (CENTRAL) RTO - TN1_motor_car.xlsx
2026-05-24 13:08:19,009 [INFO] RENAMED  : 80477348-85c5-486f-858b-0473b957507f_motor_car.xlsx -> KRISHNARAJAPURAM  RTO - KA53_motor_car.xlsx
2026-05-24 13:08:19,024 [INFO] RENAMED  : 8053186b-3e4d-438b-8657-9969642dd60a_motor_cab.xlsx -> CHENNAI (SOUTH-WEST) RTO - TN10_motor_cab.xlsx
2026-05-24 13:08:19,041 [INFO] RENAMED  : 829ca721-a5f7-4c26-bc83-a35ebab88906_motor_cab.xlsx -> THRIPRAYAR SRTO - KL75_motor_cab.xlsx
2026-05-24 13:08:19,103 [INFO] RENAMED  : 82c20e2f-2528-456c-8376-0fa995dcef95_motor_car.xlsx -> SALEM (WEST) RTO - TN30_motor_car.xlsx
2026-05-24 13:08:19,118 [INFO] RENAMED  : 830c61b1-75a0-4bd9-86a8-844c2ad9cde0_motor_cab.xlsx -> UZHAVOOR SRTO - KL67_motor_cab.xlsx
2026-05-24 13:08:19,133 [INFO] RENAMED  : 8312ac84-0eff-4626-99e8-9847ec7f0940_motor_cab.xlsx -> RAICHUR  RTO - KA36_motor_cab.xlsx
2026-05-24 13:08:19,148 [INFO] RENAMED  : 83133931-72bc-4b54-9fe7-0cd0a8430aa4_motor_cab.xlsx -> MANANTHAVADY SRTO - KL72_motor_cab.xlsx
2026-05-24 13:08:19,163 [INFO] RENAMED  : 847f16fc-53ec-4bea-a696-64af19370e58_motor_cab.xlsx -> STU AND AUTORIKSHAW,  SHANTHINAGAR RTO - KA57_motor_cab.xlsx
2026-05-24 13:08:19,180 [INFO] RENAMED  : 86220e05-9422-4935-9980-45d931949fef_motor_car.xlsx -> MEENAMBAKKAM RTO - TN22_motor_car.xlsx
2026-05-24 13:08:19,198 [INFO] RENAMED  : 86c0c519-a127-49e0-ab62-23933817ed61_motor_car.xlsx -> ATHANI ARTO - KA71_motor_car.xlsx
2026-05-24 13:08:19,216 [INFO] RENAMED  : 86c1f9ef-8263-4aaa-89c0-15fc152d5192_motor_car.xlsx -> SULUR UO - TN620_motor_car.xlsx
2026-05-24 13:08:19,232 [INFO] RENAMED  : 86ee029a-d84f-435d-8763-9d332ce607d5_motor_car.xlsx -> VADAKARA RTO - KL18_motor_car.xlsx
2026-05-24 13:08:19,249 [INFO] RENAMED  : 870a4935-7928-4339-bb7d-b884a6d247e4_motor_car.xlsx -> TIRUVALLUR RTO - TN20_motor_car.xlsx
2026-05-24 13:08:19,268 [INFO] RENAMED  : 87973bdd-699c-401f-b48c-f1ceca753e5f_motor_car.xlsx -> IRITTY SRTO - KL78_motor_car.xlsx
2026-05-24 13:08:19,284 [INFO] RENAMED  : 87f7d293-6815-47d9-9490-65638c482956_motor_car.xlsx -> VALLIYUR UO - TN608_motor_car.xlsx
2026-05-24 13:08:19,299 [INFO] RENAMED  : 88428b46-341e-4ea1-980b-a03f7a81bc2c_motor_car.xlsx -> NATIONALISED SECTOR(TVPM) RTO - KL15_motor_car.xlsx
2026-05-24 13:08:19,316 [INFO] RENAMED  : 890c5e43-153d-4865-924c-d5bb3ca0c727_motor_car.xlsx -> OTTAPPALAM SRTO - KL51_motor_car.xlsx
2026-05-24 13:08:19,332 [INFO] RENAMED  : 890cd9ca-6791-4872-864c-ef8256daa262_motor_cab.xlsx -> MADURAI (SOUTH) RTO - TN58_motor_cab.xlsx
2026-05-24 13:08:19,348 [INFO] RENAMED  : 8a1a8ce4-4293-4088-8cab-567d24082700_motor_car.xlsx -> MATTANCHERRY SRTO - KL43_motor_car.xlsx
2026-05-24 13:08:19,366 [INFO] RENAMED  : 8a227fa4-fca5-429b-8a06-32b9ebf69344_motor_car.xlsx -> CHERTHALA SRTO - KL32_motor_car.xlsx
2026-05-24 13:08:19,383 [INFO] RENAMED  : 8aee58d7-5251-4a2a-8d6b-28ce78139783_motor_car.xlsx -> PARAMATHI VELLURE UO - TN517_motor_car.xlsx
2026-05-24 13:08:19,399 [INFO] RENAMED  : 8b809727-2921-4dca-a0d7-a7aa613788e9_motor_car.xlsx -> RANNI SRTO - KL62_motor_car.xlsx
2026-05-24 13:08:19,416 [INFO] RENAMED  : 8c141505-2a30-49c9-ae50-8822c10aefa6_motor_car.xlsx -> UZHAVOOR SRTO - KL67_motor_car.xlsx
2026-05-24 13:08:19,431 [INFO] RENAMED  : 8c4bb6f9-1ceb-4e25-ba0b-862ab466ac03_motor_cab.xlsx -> PUNALUR SRTO - KL25_motor_cab.xlsx
2026-05-24 13:08:19,449 [INFO] RENAMED  : 8c8d43b3-5486-4199-aee3-0bb9c62ca92e_motor_car.xlsx -> VEDACHANDUR UO - TN617_motor_car.xlsx
2026-05-24 13:08:19,465 [INFO] RENAMED  : 8cc89223-a802-4a5c-b3e0-37ac0b1218fa_motor_car.xlsx -> VIRUDHUNAGAR RTO - TN67_motor_car.xlsx
2026-05-24 13:08:19,482 [INFO] RENAMED  : 8d3fec2c-6a50-4d5f-a4ee-9a9c2d2b5f64_motor_car.xlsx -> POLLACHI RTO - TN41_motor_car.xlsx
2026-05-24 13:08:19,497 [INFO] RENAMED  : 8d98340c-a642-4d81-9e90-6e52d750193a_motor_cab.xlsx -> RANIPET RTO - TN73_motor_cab.xlsx
2026-05-24 13:08:19,514 [INFO] RENAMED  : 8db82848-e016-4f7c-932f-30a56800c747_motor_car.xlsx -> SRIVILLIPUTHUR RTO - TN605_motor_car.xlsx
2026-05-24 13:08:19,532 [INFO] RENAMED  : 8dba1ae3-220c-4f93-924f-11c3205334d6_motor_car.xlsx -> RANIBENNUR ARTO - KA68_motor_car.xlsx
2026-05-24 13:08:19,547 [INFO] RENAMED  : 8e955398-044a-470a-bc5b-ba676f864cb1_motor_cab.xlsx -> HAVERI  RTO - KA27_motor_cab.xlsx
2026-05-24 13:08:19,561 [INFO] RENAMED  : 8ec08372-fdef-476d-9270-6d5978afd29f_motor_cab.xlsx -> KANCHEEPURAM RTO - TN21_motor_cab.xlsx
2026-05-24 13:08:19,578 [INFO] RENAMED  : 8f8d1b1b-bf09-49d4-9e24-03ec9839a6ff_motor_car.xlsx -> ARIYALUR RTO - TN61_motor_car.xlsx
2026-05-24 13:08:19,595 [INFO] RENAMED  : 90571ca4-4af3-43cc-8fc2-76323ba41274_motor_cab.xlsx -> KARUNAGAPPALLY SRTO - KL23_motor_cab.xlsx
2026-05-24 13:08:19,611 [INFO] RENAMED  : 908b9f82-060b-4679-b203-a64855bc7f80_motor_car.xlsx -> PUNALUR SRTO - KL25_motor_car.xlsx
2026-05-24 13:08:19,628 [INFO] RENAMED  : 90fe66f4-0f3b-4dd8-850f-fe3108037d99_motor_cab.xlsx -> REDHILLS RTO - TN18_motor_cab.xlsx
2026-05-24 13:08:19,644 [INFO] RENAMED  : 9114ab70-a440-42fe-9397-491033afb4e7_motor_cab.xlsx -> PALACODE UO - TN616_motor_cab.xlsx
2026-05-24 13:08:19,659 [INFO] RENAMED  : 913ba189-9139-4505-b3e8-5a502b0f94b0_motor_cab.xlsx -> MYSURU  EAST  RTO - KA55_motor_cab.xlsx
2026-05-24 13:08:19,674 [INFO] RENAMED  : 9283c065-23e0-4301-b6c1-bb93cf93f254_motor_cab.xlsx -> ARAKKONAM UO - TN609_motor_cab.xlsx
2026-05-24 13:08:19,691 [INFO] RENAMED  : 9435effd-4eae-4b48-bf13-09e44f5e1bc1_motor_car.xlsx -> GUDIYATHAM UO - TN514_motor_car.xlsx
2026-05-24 13:08:19,708 [INFO] RENAMED  : 9493911d-7994-4f57-b2b3-bd199b1dc1ae_motor_cab.xlsx -> THOOTHUKUDI RTO - TN69_motor_cab.xlsx
2026-05-24 13:08:19,724 [INFO] RENAMED  : 94a03f1f-f6a3-4676-a576-8ac33587174a_motor_car.xlsx -> MAHE - PY3_motor_car.xlsx
2026-05-24 13:08:19,742 [INFO] RENAMED  : 9536897b-5132-4eea-8365-485306d3c710_motor_car.xlsx -> CHANGANACHERRY SRTO - KL33_motor_car.xlsx
2026-05-24 13:08:19,758 [INFO] RENAMED  : 95dd602a-1942-4c3d-bb6d-13e240fca86b_motor_cab.xlsx -> UDUMALPET RTO - TN581_motor_cab.xlsx
2026-05-24 13:08:19,773 [INFO] RENAMED  : 95e434c5-6df2-4706-a4fa-afc153a2d5db_motor_car.xlsx -> SULTHANBATHERY SRTO - KL73_motor_car.xlsx
2026-05-24 13:08:19,790 [INFO] RENAMED  : 960413b2-0271-435b-b6c7-3a6326c97d6d_motor_car.xlsx -> SANKARANKOVIL RTO - TN610_motor_car.xlsx
2026-05-24 13:08:19,805 [INFO] RENAMED  : 960734f5-0229-4445-8a10-dcf8babeb484_motor_car.xlsx -> ARANI RTO - TN516_motor_car.xlsx
2026-05-24 13:08:19,821 [INFO] RENAMED  : 9637be03-dde0-4d33-b443-1f6d7cdba5bf_motor_cab.xlsx -> AMBASAMUTHIRAM UO - TN611_motor_cab.xlsx
2026-05-24 13:08:19,837 [INFO] RENAMED  : 964e7c79-570a-49cc-9289-76461cd5910f_motor_cab.xlsx -> MANDYA  RTO - KA11_motor_cab.xlsx
2026-05-24 13:08:19,853 [INFO] RENAMED  : 97d5ab06-60b3-4aaf-a27c-856c41b6a5c7_motor_car.xlsx -> TIRUVARUR RTO - TN50_motor_car.xlsx
2026-05-24 13:08:19,869 [INFO] RENAMED  : 97dfc895-ea16-4045-96ec-6c10f849a333_motor_cab.xlsx -> POONAMALLEE RTO - TN511_motor_cab.xlsx
2026-05-24 13:08:19,884 [INFO] RENAMED  : 97e9634f-49db-4ec0-81f8-950171f9107f_motor_cab.xlsx -> MAHE - PY3_motor_cab.xlsx
2026-05-24 13:08:19,899 [INFO] RENAMED  : 9817d306-6029-425b-9f9e-d0a223e9f31f_motor_car.xlsx -> MUSURI UO - TN621_motor_car.xlsx
2026-05-24 13:08:19,916 [INFO] RENAMED  : 983114a4-e24b-4f46-a93c-2e7455304428_motor_car.xlsx -> CHENNAI (SOUTH-EAST) RTO - TN6_motor_car.xlsx
2026-05-24 13:08:19,935 [INFO] RENAMED  : 98bd975e-fb7d-43f3-91ba-cd0d6ba86ae5_motor_car.xlsx -> MADURANTAGAM UO - TN508_motor_car.xlsx
2026-05-24 13:08:19,951 [INFO] RENAMED  : 98ea3a8c-7ab1-438f-8945-730c39123ee3_motor_cab.xlsx -> ATTINGAL RTO - KL16_motor_cab.xlsx
2026-05-24 13:08:19,967 [INFO] RENAMED  : 99b0bb9d-ae10-4a82-80df-8d9a7cd9a061_motor_car.xlsx -> PATHANAMTHITTA RTO - KL3_motor_car.xlsx
2026-05-24 13:08:20,032 [INFO] RENAMED  : 99edfaef-2814-46dd-b163-61ad7d4f31fb_motor_car.xlsx -> PONNANI SRTO - KL54_motor_car.xlsx
2026-05-24 13:08:20,046 [INFO] RENAMED  : 9a00c3f1-b8ae-4ccd-a2b5-b7556680cd5c_motor_cab.xlsx -> SANKAGIRI RTO - TN52_motor_cab.xlsx
2026-05-24 13:08:20,061 [INFO] RENAMED  : 9b2680b3-1628-4f59-8256-229056bbb221_motor_cab.xlsx -> KANGEYAM UO - TN593_motor_cab.xlsx
2026-05-24 13:08:20,077 [INFO] RENAMED  : 9b663f97-f371-45a2-b660-c54fae019af1_motor_cab.xlsx -> TIPTUR  ARTO - KA44_motor_cab.xlsx
2026-05-24 13:08:20,092 [INFO] RENAMED  : 9be1fdaa-e9ca-4f59-8e57-701a3700a8bb_motor_cab.xlsx -> BHALKI  ARTO - KA39_motor_cab.xlsx
2026-05-24 13:08:20,108 [INFO] RENAMED  : 9cdfad4e-c0b6-4de6-bb80-b128762d59d0_motor_cab.xlsx -> UDUMBANCHOLA SRTO - KL69_motor_cab.xlsx
2026-05-24 13:08:20,124 [INFO] RENAMED  : 9cf5f87e-8682-461b-a887-2b68a1467099_motor_car.xlsx -> COIMBATORE (CENTRAL) RTO - TN66_motor_car.xlsx
2026-05-24 13:08:20,141 [INFO] RENAMED  : 9cf8cec3-dd01-4623-a49b-3b364116a91a_motor_car.xlsx -> MELUR UO - TN600_motor_car.xlsx
2026-05-24 13:08:20,157 [INFO] RENAMED  : 9d442db3-8316-45f7-be15-e9399d0335d0_motor_cab.xlsx -> TRIPUNITHURA SRTO - KL39_motor_cab.xlsx
2026-05-24 13:08:20,172 [INFO] RENAMED  : 9de36b28-b2a1-467d-9640-e51d8f8fca15_motor_cab.xlsx -> SANKARANKOVIL RTO - TN610_motor_cab.xlsx
2026-05-24 13:08:20,188 [INFO] RENAMED  : 9e47e711-d6c5-4ccc-9bb8-02812a0f304f_motor_cab.xlsx -> CHENNAI (SOUTH-EAST) RTO - TN6_motor_cab.xlsx
2026-05-24 13:08:20,206 [INFO] RENAMED  : 9e484e6d-733b-46df-bd5f-688bfeb7022a_motor_car.xlsx -> BANTWALA ARTO - KA70_motor_car.xlsx
2026-05-24 13:08:20,221 [INFO] RENAMED  : 9e4b60af-e013-42ec-bfdc-4ecb01daa5aa_motor_car.xlsx -> VANDIPERIYAR SRTO - KL37_motor_car.xlsx
2026-05-24 13:08:20,236 [INFO] RENAMED  : 9eac50f8-4ac4-40ff-91a8-99fdef45c398_motor_cab.xlsx -> TC OFFICE - STA OFFICE - KL99_motor_cab.xlsx
2026-05-24 13:08:20,251 [INFO] RENAMED  : 9ed0ac7b-7ba8-43a8-b12d-15364fe605dc_motor_cab.xlsx -> TARIKERE, CHIKKAMAGALURU ARTO - KA66_motor_cab.xlsx
2026-05-24 13:08:20,267 [INFO] RENAMED  : 9edb2eab-77c3-441b-a10d-3d49e8b1924c_motor_cab.xlsx -> RAMANATHAPURAM RTO - TN65_motor_cab.xlsx
2026-05-24 13:08:20,285 [INFO] RENAMED  : 9ef93ae2-656b-4fa0-85dd-253b3cc95f4f_motor_car.xlsx -> DHARWAD WEST RTO - KA25_motor_car.xlsx
2026-05-24 13:08:20,301 [INFO] RENAMED  : 9f2e9554-e936-4f96-808e-e482c987f890_motor_car.xlsx -> REGIONAL TRANSPORT OFFICE BELAGAVI - KA22_motor_car.xlsx
2026-05-24 13:08:20,318 [INFO] RENAMED  : 9fb0bba3-6ed2-4044-833e-efa2035c8f62_motor_cab.xlsx -> TIRUNELVELI RTO - TN72_motor_cab.xlsx
2026-05-24 13:08:20,334 [INFO] RENAMED  : 9fd2ea41-070a-418b-bb6b-57e17ce9ffa8_motor_car.xlsx -> MYSURU  EAST  RTO - KA55_motor_car.xlsx
2026-05-24 13:08:20,351 [INFO] RENAMED  : a04d8bd4-3637-4c82-b560-b9c7ede4599f_motor_car.xlsx -> KANNUR RTO - KL13_motor_car.xlsx
2026-05-24 13:08:20,368 [INFO] RENAMED  : a0bf2ed6-0ef4-4dea-926f-8eca70e217c7_motor_car.xlsx -> SHIMOGA  RTO - KA14_motor_car.xlsx
2026-05-24 13:08:20,385 [INFO] RENAMED  : a1b79ce7-bde6-4ad9-a0e7-2435902ce7dc_motor_car.xlsx -> CHEYYAR UO - TN635_motor_car.xlsx
2026-05-24 13:08:20,400 [INFO] RENAMED  : a2539f1f-d7bc-44a5-82a2-9e5673dadbcf_motor_cab.xlsx -> THANJAVUR RTO - TN49_motor_cab.xlsx
2026-05-24 13:08:20,415 [INFO] RENAMED  : a2b521c6-20c9-47bd-9726-2a5978af8785_motor_cab.xlsx -> HASSAN  RTO - KA13_motor_cab.xlsx
2026-05-24 13:08:20,431 [INFO] RENAMED  : a2b8fede-de79-4c08-8755-82b77bbc7b8a_motor_cab.xlsx -> TIRUCHENGODE RTO - TN34_motor_cab.xlsx
2026-05-24 13:08:20,449 [INFO] RENAMED  : a3cabb1d-269e-488f-9daa-3372bfd06df6_motor_car.xlsx -> VIRUDHACHALAM UO - TN553_motor_car.xlsx
2026-05-24 13:08:20,463 [INFO] RENAMED  : a3e08713-5050-412d-bdcc-3f9526f97fa2_motor_cab.xlsx -> JAMKHANDI  ARTO - KA48_motor_cab.xlsx
2026-05-24 13:08:20,480 [INFO] RENAMED  : a4252bea-7379-433e-884f-80b97f8b8a88_motor_car.xlsx -> YANAM - PY4_motor_car.xlsx
2026-05-24 13:08:20,495 [INFO] RENAMED  : a4d312b7-1553-4125-ac1b-366806a5afea_motor_cab.xlsx -> PARASSALA SRTO - KL19_motor_cab.xlsx
2026-05-24 13:08:20,513 [INFO] RENAMED  : a4e61501-c5e8-44f8-9275-68a6094b8a10_motor_car.xlsx -> MANANTHAVADY SRTO - KL72_motor_car.xlsx
2026-05-24 13:08:20,530 [INFO] RENAMED  : a4f733c6-82f4-46a1-ad0e-2cd097a710ee_motor_car.xlsx -> GOPICHETTIPALAYAM RTO - TN36_motor_car.xlsx
2026-05-24 13:08:20,545 [INFO] RENAMED  : a50834ed-6318-4379-b16a-5663c9f3590a_motor_cab.xlsx -> KARWAR  RTO - KA30_motor_cab.xlsx
2026-05-24 13:08:20,562 [INFO] RENAMED  : a589bb0d-c6b9-4093-9f56-518237556c98_motor_car.xlsx -> VELLARIKUNDU SRTO - KL79_motor_car.xlsx
2026-05-24 13:08:20,578 [INFO] RENAMED  : a5a9abd8-63b6-4359-a75e-1c535f5af930_motor_cab.xlsx -> CHEYYAR UO - TN635_motor_cab.xlsx
2026-05-24 13:08:20,594 [INFO] RENAMED  : a6024421-7f42-4005-814e-aedba7282bc8_motor_car.xlsx -> UTHAMAPALAYAM UO - TN601_motor_car.xlsx
2026-05-24 13:08:20,611 [INFO] RENAMED  : a6984949-b1cd-45fe-a97c-6cc56584faaa_motor_car.xlsx -> ERODE RTO - TN33_motor_car.xlsx
2026-05-24 13:08:20,628 [INFO] RENAMED  : a6c77524-3cd4-4f27-8e12-bab354345fb3_motor_car.xlsx -> SHOLINGANALLUR RTO - TN512_motor_car.xlsx
2026-05-24 13:08:20,644 [INFO] RENAMED  : a71ebae2-6746-4124-819c-bfd3748c9ef9_motor_cab.xlsx -> METTUPALAYAM RTO - TN40_motor_cab.xlsx
2026-05-24 13:08:20,659 [INFO] RENAMED  : a72bfdf5-ec51-481b-ad49-8bcc1fa5ec53_motor_cab.xlsx -> KRISHNAGIRI RTO - TN24_motor_cab.xlsx
2026-05-24 13:08:20,676 [INFO] RENAMED  : a737ddcd-ddbb-4048-a689-4b1c25ad3291_motor_cab.xlsx -> BANTWALA ARTO - KA70_motor_cab.xlsx
2026-05-24 13:08:20,691 [INFO] RENAMED  : a7acc104-8edd-4ee1-8a9b-4d48a848cab7_motor_cab.xlsx -> UTHAMAPALAYAM UO - TN601_motor_cab.xlsx
2026-05-24 13:08:20,709 [INFO] RENAMED  : a7d75ad2-4b96-4a19-9774-f066dbd90bed_motor_car.xlsx -> MANGALORE  RTO - KA19_motor_car.xlsx
2026-05-24 13:08:20,724 [INFO] RENAMED  : a7e63dc7-6bc5-42ef-9c05-879eaa40b65a_motor_cab.xlsx -> DANDELI ARTO - KA65_motor_cab.xlsx
2026-05-24 13:08:20,739 [INFO] RENAMED  : a8976c0d-b049-4679-8f63-a22f79f8ac6b_motor_cab.xlsx -> VADIPATTI UO - TN599_motor_cab.xlsx
2026-05-24 13:08:20,756 [INFO] RENAMED  : a91b21a3-6319-4597-a329-08e8c404e14a_motor_car.xlsx -> BAGALKOT  RTO - KA29_motor_car.xlsx
2026-05-24 13:08:20,773 [INFO] RENAMED  : a92d96f3-ecd3-4fb8-8fa9-c6b3225319d4_motor_cab.xlsx -> MADURAI (CENTRAL) RTO - TN64_motor_cab.xlsx
2026-05-24 13:08:20,789 [INFO] RENAMED  : aad99d13-6577-48fb-a1fe-bbcd4623c2ba_motor_car.xlsx -> KUTTANADU SRTO - KL66_motor_car.xlsx
2026-05-24 13:08:20,804 [INFO] RENAMED  : abe4981b-6c91-42c0-a58c-5a11a76c795d_motor_cab.xlsx -> SIRKALI UO - TN623_motor_cab.xlsx
2026-05-24 13:08:20,820 [INFO] RENAMED  : ae557fb8-3ec3-4d1c-bd30-3712aac1b19b_motor_cab.xlsx -> CHENNAI (EAST) RTO - TN4_motor_cab.xlsx
2026-05-24 13:08:20,838 [INFO] RENAMED  : ae92c428-d856-418a-827c-ab59a8604da6_motor_car.xlsx -> BIJAPUR  RTO - KA28_motor_car.xlsx
2026-05-24 13:08:20,852 [INFO] RENAMED  : af476752-40eb-4858-a430-51e53da50cef_motor_cab.xlsx -> KOZHIKODE RTO - KL11_motor_cab.xlsx
2026-05-24 13:08:20,868 [INFO] RENAMED  : af7e3c8b-777f-4e29-948b-5acbc301f045_motor_car.xlsx -> UDUMALPET RTO - TN581_motor_car.xlsx
2026-05-24 13:08:20,884 [INFO] RENAMED  : b074ed0e-40cb-494a-ab13-019419cdb38d_motor_car.xlsx -> NANMANDA SRTO - KL76_motor_car.xlsx
2026-05-24 13:08:20,898 [INFO] RENAMED  : b0aa18d6-f255-444b-9342-505167f0819c_motor_cab.xlsx -> STATE TRANSPORT AUTHORITY - KA99_motor_cab.xlsx
2026-05-24 13:08:20,914 [INFO] RENAMED  : b0eab17b-edf7-42f5-9143-9fd1a65aa0d6_motor_cab.xlsx -> MADURANTAGAM UO - TN508_motor_cab.xlsx
2026-05-24 13:08:20,974 [INFO] RENAMED  : b1aed78a-f987-4d43-85d1-38f9b2b1f10a_motor_car.xlsx -> SALEM (SOUTH) RTO - TN90_motor_car.xlsx
2026-05-24 13:08:20,991 [INFO] RENAMED  : b20747f6-a30b-4c87-8dad-5189e8fa599a_motor_cab.xlsx -> RAMDURGA ARTO - KA69_motor_cab.xlsx
2026-05-24 13:08:21,008 [INFO] RENAMED  : b24bb1be-973c-4b33-852b-830cdd1f17ab_motor_car.xlsx -> THRISSUR RTO - KL8_motor_car.xlsx
2026-05-24 13:08:21,025 [INFO] RENAMED  : b29d36d9-c369-457d-9b76-dcadc92400fc_motor_car.xlsx -> K G F  ARTO - KA8_motor_car.xlsx
2026-05-24 13:08:21,041 [INFO] RENAMED  : b2aaf6cf-4b43-46f1-a416-6a7e0484c1b0_motor_cab.xlsx -> CHANGANACHERRY SRTO - KL33_motor_cab.xlsx
2026-05-24 13:08:21,059 [INFO] RENAMED  : b333107f-d0c4-4463-9962-12435a41952e_motor_car.xlsx -> PARASSALA SRTO - KL19_motor_car.xlsx
2026-05-24 13:08:21,076 [INFO] RENAMED  : b393ed9f-008d-403b-83e9-4bbb89a6bbf8_motor_car.xlsx -> KOTTARAKKARA SRTO - KL24_motor_car.xlsx
2026-05-24 13:08:21,091 [INFO] RENAMED  : b39d7fcb-719c-47eb-9a26-a32b8387cefa_motor_cab.xlsx -> KODUVALLY SRTO - KL57_motor_cab.xlsx
2026-05-24 13:08:21,108 [INFO] RENAMED  : b3f63ace-ee9f-42cc-948d-a0d1917bcb65_motor_car.xlsx -> HOSPET  RTO - KA35_motor_car.xlsx
2026-05-24 13:08:21,124 [INFO] RENAMED  : b41c8274-3f37-420b-8996-dde628ba3bc9_motor_car.xlsx -> BAILHONGAL  RTO - KA24_motor_car.xlsx
2026-05-24 13:08:21,140 [INFO] RENAMED  : b482fae3-8d52-4762-97b2-fdaf5799b95f_motor_car.xlsx -> SIRSI  RTO - KA31_motor_car.xlsx
2026-05-24 13:08:21,157 [INFO] RENAMED  : b4981885-ea9f-4e32-9a19-2b187036483e_motor_car.xlsx -> PALAKKAD RTO - KL9_motor_car.xlsx
2026-05-24 13:08:21,172 [INFO] RENAMED  : b4fc8f94-6802-4a34-9e12-b96cae2ae459_motor_cab.xlsx -> ERODE RTO - TN33_motor_cab.xlsx
2026-05-24 13:08:21,188 [INFO] RENAMED  : b61e6378-e485-4519-b1ff-17c20cc7da6f_motor_cab.xlsx -> TUMKUR  RTO - KA6_motor_cab.xlsx
2026-05-24 13:08:21,205 [INFO] RENAMED  : b6760c81-1049-4417-bede-f7e4588874ee_motor_cab.xlsx -> ARANI RTO - TN516_motor_cab.xlsx
2026-05-24 13:08:21,221 [INFO] RENAMED  : b7779870-ded0-4dc0-a572-6f7009f287e9_motor_car.xlsx -> VILUPPURAM RTO - TN32_motor_car.xlsx
2026-05-24 13:08:21,238 [INFO] RENAMED  : b7a97941-eabe-43ef-b226-7f4131e73a34_motor_car.xlsx -> METTUR RTO - TN590_motor_car.xlsx
2026-05-24 13:08:21,255 [INFO] RENAMED  : b8a9bd9f-c526-4f61-b32f-1047b52278dc_motor_cab.xlsx -> THIRUCHENDUR RTO - TN606_motor_cab.xlsx
2026-05-24 13:08:21,271 [INFO] RENAMED  : b8bb613c-a681-4a25-a7e7-fa4779c9c6fd_motor_car.xlsx -> THURAIYUR UO - TN586_motor_car.xlsx
2026-05-24 13:08:21,290 [INFO] RENAMED  : b8dc2ae9-448c-4b5a-a377-6abeb0417f7e_motor_car.xlsx -> OULGARET - PY5_motor_car.xlsx
2026-05-24 13:08:21,305 [INFO] RENAMED  : b9162033-c05e-45e9-af62-39e15ee0785b_motor_cab.xlsx -> SAGAR  ARTO - KA15_motor_cab.xlsx
2026-05-24 13:08:21,321 [INFO] RENAMED  : b957842e-2215-4952-8017-89d5110a9451_motor_car.xlsx -> RASIPURAM UO - TN526_motor_car.xlsx
2026-05-24 13:08:21,336 [INFO] RENAMED  : b99cafe7-5cd1-44c7-8ef5-1ae2ee4d79a9_motor_cab.xlsx -> PUTTUR  RTO - KA21_motor_cab.xlsx
2026-05-24 13:08:21,353 [INFO] RENAMED  : b9a4e33c-2644-4ab2-be49-32ed3f6c15e8_motor_car.xlsx -> KRISHNAGIRI RTO - TN24_motor_car.xlsx
2026-05-24 13:08:21,369 [INFO] RENAMED  : ba2a6afc-ace5-4e7a-88eb-48acda634c85_motor_car.xlsx -> PALANI RTO - TN597_motor_car.xlsx
2026-05-24 13:08:21,386 [INFO] RENAMED  : ba78477a-d108-4c98-9855-2ca874ccc71b_motor_car.xlsx -> OMALURE UO - TN535_motor_car.xlsx
2026-05-24 13:08:21,402 [INFO] RENAMED  : baafc7f6-93af-4d57-8d91-0cc97a800c84_motor_cab.xlsx -> REGIONAL TRANSPORT OFFICE BELAGAVI - KA22_motor_cab.xlsx
2026-05-24 13:08:21,421 [INFO] RENAMED  : bad20d6c-dc64-433d-bc95-33e1a54adde2_motor_car.xlsx -> CHENNAI (SOUTH) RTO - TN7_motor_car.xlsx
2026-05-24 13:08:21,438 [INFO] RENAMED  : bae279c7-64c3-46a4-8669-953c9e43245c_motor_car.xlsx -> POONAMALLEE RTO - TN511_motor_car.xlsx
2026-05-24 13:08:21,454 [INFO] RENAMED  : baf3d52c-bb7d-4105-b775-7fba6ebb8c4b_motor_cab.xlsx -> TAMBARAM RTO - TN513_motor_cab.xlsx
2026-05-24 13:08:21,472 [INFO] RENAMED  : bb2c4e3c-d48e-4efc-92ea-66632da23396_motor_car.xlsx -> CHICKABALLAPUR  RTO - KA40_motor_car.xlsx
2026-05-24 13:08:21,488 [INFO] RENAMED  : bb8014c9-3595-49b3-beca-4f32d91fd3d4_motor_car.xlsx -> COIMBATORE (NORTH) RTO - TN38_motor_car.xlsx
2026-05-24 13:08:21,504 [INFO] RENAMED  : bbdc6e51-6028-4de9-ac8f-1dbfcfdc885d_motor_cab.xlsx -> TIRUVALLUR RTO - TN20_motor_cab.xlsx
2026-05-24 13:08:21,520 [INFO] RENAMED  : bbe53a9a-4cb5-4593-8dd4-8af2e75f19a5_motor_cab.xlsx -> MATTANCHERRY SRTO - KL43_motor_cab.xlsx
2026-05-24 13:08:21,537 [INFO] RENAMED  : bca657ab-302e-4116-9f3f-3939eecd7108_motor_car.xlsx -> KOLAR  RTO - KA7_motor_car.xlsx
2026-05-24 13:08:21,553 [INFO] RENAMED  : bea694b9-bf24-4b54-8aaf-2929b1736f3b_motor_cab.xlsx -> MANAPARAI UO - TN584_motor_cab.xlsx
2026-05-24 13:08:21,570 [INFO] RENAMED  : bea9654a-412f-4f0b-bea0-bd9e91665ff2_motor_car.xlsx -> RAMANATTUKARA (FEROKE) SRTO - KL85_motor_car.xlsx
2026-05-24 13:08:21,586 [INFO] RENAMED  : beac087f-15a2-4208-99fd-0f5bad592e29_motor_car.xlsx -> GUDALORE UO - TN582_motor_car.xlsx
2026-05-24 13:08:21,603 [INFO] RENAMED  : beb6bd58-ebd8-49b6-9686-1bcb3d55d31a_motor_cab.xlsx -> TIRUVANNAMALAI RTO - TN25_motor_cab.xlsx
2026-05-24 13:08:21,619 [INFO] RENAMED  : bf184fc5-30cc-4d72-b6b9-876d7e18ab32_motor_cab.xlsx -> MANNARGUDI UO - TN588_motor_cab.xlsx
2026-05-24 13:08:21,634 [INFO] RENAMED  : bf20e7cc-14b5-4f07-8479-a4f704ed05c1_motor_cab.xlsx -> DEVANAHALLI  ARTO - KA43_motor_cab.xlsx
2026-05-24 13:08:21,652 [INFO] RENAMED  : bf38fa6c-ed33-4838-ba5d-4950055c5e72_motor_car.xlsx -> DAVANAGERE  RTO - KA17_motor_car.xlsx
2026-05-24 13:08:21,667 [INFO] RENAMED  : c0457861-b305-409f-94db-6bb3307ee343_motor_cab.xlsx -> THALASSERY SRTO - KL58_motor_cab.xlsx
2026-05-24 13:08:21,685 [INFO] RENAMED  : c117ebca-d856-4c38-8b41-98ab3136a853_motor_car.xlsx -> THIRUBUVANAI(VILLIANUR) - PY51_motor_car.xlsx
2026-05-24 13:08:21,701 [INFO] RENAMED  : c128d7d1-939f-49b8-a601-38f79bc911b3_motor_cab.xlsx -> SRIVILLIPUTHUR RTO - TN605_motor_cab.xlsx
2026-05-24 13:08:21,716 [INFO] RENAMED  : c14dc042-3034-46ee-927a-401fb32710e5_motor_cab.xlsx -> KUNNATHUR SRTO - KL61_motor_cab.xlsx
2026-05-24 13:08:21,733 [INFO] RENAMED  : c24a61d2-6322-4789-8ce5-644cc55a2fbf_motor_car.xlsx -> THALASSERY SRTO - KL58_motor_car.xlsx
2026-05-24 13:08:21,750 [INFO] RENAMED  : c2b96d21-6582-4ab5-b61a-38dbc61216cd_motor_car.xlsx -> NAGAPATTINAM RTO - TN51_motor_car.xlsx
2026-05-24 13:08:21,765 [INFO] RENAMED  : c2efa888-a558-43e6-9389-335defa9222d_motor_cab.xlsx -> GUMMIDIPOONDI UO - TN625_motor_cab.xlsx
2026-05-24 13:08:21,780 [INFO] RENAMED  : c303a486-0f86-42e2-a7f2-fc1de6ae66a0_motor_cab.xlsx -> TINDIVANAM RTO - TN571_motor_cab.xlsx
2026-05-24 13:08:21,795 [INFO] RENAMED  : c34b93a9-ef1b-4c4c-9ff1-ba32646bc118_motor_cab.xlsx -> NEDUMANGADU SRTO - KL21_motor_cab.xlsx
2026-05-24 13:08:21,810 [INFO] RENAMED  : c3e7edba-a9c8-4e48-8412-6ebd5a359078_motor_cab.xlsx -> ATTUR RTO - TN591_motor_cab.xlsx
2026-05-24 13:08:21,875 [INFO] RENAMED  : c44ac078-e953-4432-a053-649d293137bd_motor_car.xlsx -> THENI RTO - TN60_motor_car.xlsx
2026-05-24 13:08:21,889 [INFO] RENAMED  : c48b3fad-9e5a-43c6-b532-dbf67ff14951_motor_cab.xlsx -> BELLARY  RTO - KA34_motor_cab.xlsx
2026-05-24 13:08:21,907 [INFO] RENAMED  : c527b70f-331a-4922-b190-31285a9859ab_motor_car.xlsx -> CHENNAI (SOUTH-WEST) RTO - TN10_motor_car.xlsx
2026-05-24 13:08:21,923 [INFO] RENAMED  : c6333324-b24b-43d1-96a3-a8e6c5312216_motor_car.xlsx -> SIRKALI UO - TN623_motor_car.xlsx
2026-05-24 13:08:21,937 [INFO] RENAMED  : c6cabb9e-b752-44be-a99b-963a9ec84f89_motor_cab.xlsx -> KONNI SRTO - KL83_motor_cab.xlsx
2026-05-24 13:08:21,952 [INFO] RENAMED  : c708babe-fc78-4e41-8e1e-ffdcd0f21420_motor_cab.xlsx -> KASARGODE RTO - KL14_motor_cab.xlsx
2026-05-24 13:08:21,968 [INFO] RENAMED  : c718b90f-1e0a-4bda-aa00-516b115a9cfb_motor_cab.xlsx -> CHERTHALA SRTO - KL32_motor_cab.xlsx
2026-05-24 13:08:21,984 [INFO] RENAMED  : c78553e7-fb25-472f-ae5b-2ee6acddb0f4_motor_car.xlsx -> VAIKOM SRTO - KL36_motor_car.xlsx
2026-05-24 13:08:22,149 [INFO] RENAMED  : c7ce78db-6e1b-4605-b928-5b91fa105340_motor_car.xlsx -> HOSUR RTO - TN70_motor_car.xlsx
2026-05-24 13:08:22,193 [INFO] RENAMED  : c7edf616-8ee3-4958-8dcb-bc7082669de9_motor_car.xlsx -> CHITRADURGA  RTO - KA16_motor_car.xlsx
2026-05-24 13:08:22,210 [INFO] RENAMED  : c898d093-813b-4145-9769-4ad2955ed99e_motor_car.xlsx -> BENGALURU WEST  RTO - KA2_motor_car.xlsx
2026-05-24 13:08:22,226 [INFO] RENAMED  : c89ff53c-c7e0-4c60-977e-d420ebf9acb8_motor_cab.xlsx -> MEENAMBAKKAM RTO - TN22_motor_cab.xlsx
2026-05-24 13:08:22,244 [INFO] RENAMED  : c925e576-5777-4b02-adfa-a397a8de4ef6_motor_car.xlsx -> IDUKKI RTO - KL6_motor_car.xlsx
2026-05-24 13:08:22,261 [INFO] RENAMED  : c951b6a9-a2b3-4a22-8c25-d2cf52076fad_motor_cab.xlsx -> ELECTRONIC CITY  RTO - KA51_motor_cab.xlsx
2026-05-24 13:08:22,276 [INFO] RENAMED  : c967e6af-dfef-4e2d-9cbb-ff24e7eaffed_motor_cab.xlsx -> THIRUTHURAIPOONDI UO - TN630_motor_cab.xlsx
2026-05-24 13:08:22,291 [INFO] RENAMED  : ca54b549-28ad-4da9-8442-4e5161ad2918_motor_cab.xlsx -> PARAMATHI VELLURE UO - TN517_motor_cab.xlsx
2026-05-24 13:08:22,307 [INFO] RENAMED  : ca6700a0-3dbb-43bf-8755-d7ebcac307b8_motor_car.xlsx -> THIRUPATTUR RTO - TN624_motor_car.xlsx
2026-05-24 13:08:22,325 [INFO] RENAMED  : cb6f1c85-32bf-44d1-a310-5d5fcb1c00f5_motor_cab.xlsx -> TIRUPPUR (NORTH) RTO - TN39_motor_cab.xlsx
2026-05-24 13:08:22,341 [INFO] RENAMED  : cbe70644-daf1-4633-80ef-ebbdf75c8d4b_motor_car.xlsx -> UDUPI  RTO - KA20_motor_car.xlsx
2026-05-24 13:08:22,356 [INFO] RENAMED  : cbfaa344-356d-46e3-94c5-1ccf2e9a374c_motor_cab.xlsx -> PANRUTI UO - TN626_motor_cab.xlsx
2026-05-24 13:08:22,375 [INFO] RENAMED  : cc0356b0-20ae-40a7-a708-be14081879a7_motor_car.xlsx -> TIRUCHI RTO - TN45_motor_car.xlsx
2026-05-24 13:08:22,392 [INFO] RENAMED  : cc6c4df6-06ae-4a01-96b6-91b9fb536b4a_motor_car.xlsx -> ERODE (WEST) RTO - TN86_motor_car.xlsx
2026-05-24 13:08:22,410 [INFO] RENAMED  : cce07aed-ba87-412a-9b49-4b0fe0acfbdc_motor_car.xlsx -> ARAKKONAM UO - TN609_motor_car.xlsx
2026-05-24 13:08:22,426 [INFO] RENAMED  : cd9f0c65-b0c6-44e1-b193-c45875853ac9_motor_car.xlsx -> HAVERI  RTO - KA27_motor_car.xlsx
2026-05-24 13:08:22,442 [INFO] RENAMED  : ce676c03-793f-4ad5-9efa-af0841d8c6e8_motor_cab.xlsx -> NILAMBUR SRTO - KL71_motor_cab.xlsx
2026-05-24 13:08:22,459 [INFO] RENAMED  : cf1a3bd9-9f17-4062-b1a2-671a7f5c3536_motor_cab.xlsx -> JNANABHARATHI  RTO - KA41_motor_cab.xlsx
2026-05-24 13:08:22,474 [INFO] RENAMED  : cf3055c9-09fa-4775-8501-30cfdd1f54b9_motor_cab.xlsx -> MADHUGIRI, TUMAKURU ARTO - KA64_motor_cab.xlsx
2026-05-24 13:08:22,490 [INFO] RENAMED  : cf789cb2-68e4-4aab-9148-ccb2d96bb9e2_motor_cab.xlsx -> CHICKABALLAPUR  RTO - KA40_motor_cab.xlsx
2026-05-24 13:08:22,506 [INFO] RENAMED  : cfab44d5-462c-4346-a718-43b5a239e731_motor_cab.xlsx -> CHIDAMBARAM RTO - TN544_motor_cab.xlsx
2026-05-24 13:08:22,521 [INFO] RENAMED  : cfe0a10f-1ecb-46d9-81c1-2818276654fb_motor_cab.xlsx -> VALLIYUR UO - TN608_motor_cab.xlsx
2026-05-24 13:08:22,539 [INFO] RENAMED  : d020f89c-bcae-4696-860f-75c329768541_motor_car.xlsx -> BASAVAKALYAN ARTO - KA56_motor_car.xlsx
2026-05-24 13:08:22,554 [INFO] RENAMED  : d04d4941-5afb-447c-8a05-55d2e92ba541_motor_cab.xlsx -> KANNUR RTO - KL13_motor_cab.xlsx
2026-05-24 13:08:22,572 [INFO] RENAMED  : d1c9cbaf-7e1c-4747-b7dc-7fe98f27bcfa_motor_car.xlsx -> AMBASAMUTHIRAM UO - TN611_motor_car.xlsx
2026-05-24 13:08:22,587 [INFO] RENAMED  : d20970fe-ed80-41ec-8b74-985aa4c20c87_motor_car.xlsx -> CHECK POST - PY99_motor_car.xlsx
2026-05-24 13:08:22,604 [INFO] RENAMED  : d26b73fc-f2bd-4690-ba15-55ca2a1addb5_motor_car.xlsx -> MANDYA  RTO - KA11_motor_car.xlsx
2026-05-24 13:08:22,620 [INFO] RENAMED  : d2ab02fc-d383-412e-9eb8-7e1df211310d_motor_cab.xlsx -> NEYVELI UO - TN562_motor_cab.xlsx
2026-05-24 13:08:22,635 [INFO] RENAMED  : d30fc6ef-c65c-40f7-9f22-cc88ea782e11_motor_cab.xlsx -> KAYAMKULAM SRTO - KL29_motor_cab.xlsx
2026-05-24 13:08:22,652 [INFO] RENAMED  : d3ece2bd-f207-43d1-a0e8-4ee4c29e6142_motor_car.xlsx -> CHANDAPURA, BENGALURU RTO - KA59_motor_car.xlsx
2026-05-24 13:08:22,669 [INFO] RENAMED  : d3fc0972-b929-46d4-997f-47e4237ea3ec_motor_cab.xlsx -> BAGALKOT  RTO - KA29_motor_cab.xlsx
2026-05-24 13:08:22,686 [INFO] RENAMED  : d4153a81-2646-4c35-8cec-466ac9780a86_motor_car.xlsx -> THIRURANGADI SRTO - KL65_motor_car.xlsx
2026-05-24 13:08:22,701 [INFO] RENAMED  : d44c3dc7-751e-4970-b7b7-a61fbc398635_motor_cab.xlsx -> GOPICHETTIPALAYAM RTO - TN36_motor_cab.xlsx
2026-05-24 13:08:22,717 [INFO] RENAMED  : d49cf1ea-bce9-4a4b-b2c2-311afa137652_motor_cab.xlsx -> KOTHAMANGALAM SRTO - KL44_motor_cab.xlsx
2026-05-24 13:08:22,732 [INFO] RENAMED  : d507328f-e3cd-4c73-92f8-8b65248a2bb7_motor_cab.xlsx -> CHALAKKUDY SRTO - KL64_motor_cab.xlsx
2026-05-24 13:08:22,748 [INFO] RENAMED  : d552408d-49c3-49d1-9777-b400af565956_motor_car.xlsx -> KUMARAPALAYAM RTO - TN638_motor_car.xlsx
2026-05-24 13:08:22,763 [INFO] RENAMED  : d561fd46-4fef-4ab9-9936-451e9cdc5917_motor_cab.xlsx -> MANMANGALAM UO - TN637_motor_cab.xlsx
2026-05-24 13:08:22,780 [INFO] RENAMED  : d57fa240-0437-4a90-a2b0-5b5128fe150d_motor_car.xlsx -> VALPARAI UO - TN633_motor_car.xlsx
2026-05-24 13:08:22,797 [INFO] RENAMED  : d61301ba-8d3e-4249-93f4-b5f579782ce0_motor_car.xlsx -> RANIPET RTO - TN73_motor_car.xlsx
2026-05-24 13:08:22,811 [INFO] RENAMED  : d613ce91-84d1-4761-be18-3af4ce849d98_motor_cab.xlsx -> THIRUPATTUR RTO - TN624_motor_cab.xlsx
2026-05-24 13:08:22,828 [INFO] RENAMED  : d6739b6d-2b62-4d41-9dbd-7893e1b2025f_motor_car.xlsx -> YADGIRI  RTO - KA33_motor_car.xlsx
2026-05-24 13:08:22,845 [INFO] RENAMED  : d67edf79-4a09-48d5-9677-faa6b4755104_motor_car.xlsx -> PALACODE UO - TN616_motor_car.xlsx
2026-05-24 13:08:22,863 [INFO] RENAMED  : d6bcb8d8-8c79-4aeb-b24a-097669dad001_motor_car.xlsx -> ALANGUDI UO - TN641_motor_car.xlsx
2026-05-24 13:08:22,880 [INFO] RENAMED  : d6c0979a-c27b-43c5-9bfd-676f6f36938b_motor_car.xlsx -> CHENNAI (NORTH-EAST) RTO - TN3_motor_car.xlsx
2026-05-24 13:08:22,894 [INFO] RENAMED  : d6cf61cf-00ed-48ff-93bd-0d77ac2fe914_motor_cab.xlsx -> KUMARAPALAYAM RTO - TN638_motor_cab.xlsx
2026-05-24 13:08:22,911 [INFO] RENAMED  : d7461382-0c40-4d80-8016-b373e2de15fd_motor_car.xlsx -> CHIKKODI  RTO - KA23_motor_car.xlsx
2026-05-24 13:08:22,928 [INFO] RENAMED  : d750ff5c-e343-44a2-af02-9e1fb848f528_motor_cab.xlsx -> SULTHANBATHERY SRTO - KL73_motor_cab.xlsx
2026-05-24 13:08:22,942 [INFO] RENAMED  : d839065f-0cc0-42a9-9c0a-7e32af43d077_motor_cab.xlsx -> SRIPERUMBUDUR RTO - TN614_motor_cab.xlsx
2026-05-24 13:08:22,958 [INFO] RENAMED  : d8a4dc66-6e15-4290-92c0-d36299a3d712_motor_car.xlsx -> NAMAKKAL (NORTH) RTO - TN28_motor_car.xlsx
2026-05-24 13:08:22,973 [INFO] RENAMED  : da789031-ba8b-43d7-ba61-8a527f6bf0cb_motor_cab.xlsx -> ARANTHANGI UO - TN592_motor_cab.xlsx
2026-05-24 13:08:22,989 [INFO] RENAMED  : daad0f63-3c81-4ab5-9178-208f13e4c5c4_motor_cab.xlsx -> KARAIKUDI UO - TN602_motor_cab.xlsx
2026-05-24 13:08:23,006 [INFO] RENAMED  : db0b62dd-0123-4bae-85dc-661ae7117bc1_motor_car.xlsx -> MANAPARAI UO - TN584_motor_car.xlsx
2026-05-24 13:08:23,023 [INFO] RENAMED  : db6df423-7329-4988-a144-a39745ce82d1_motor_car.xlsx -> TUMKUR  RTO - KA6_motor_car.xlsx
2026-05-24 13:08:23,038 [INFO] RENAMED  : dc1d1abc-686c-4275-b30e-b87a1b3fe7e4_motor_cab.xlsx -> CHIKKODI  RTO - KA23_motor_cab.xlsx
2026-05-24 13:08:23,053 [INFO] RENAMED  : dc4f497a-a4e7-4497-b192-935faa75bca4_motor_car.xlsx -> TAMBARAM RTO - TN513_motor_car.xlsx
2026-05-24 13:08:23,070 [INFO] RENAMED  : dcc39e75-b423-48db-b077-ada9158726cd_motor_car.xlsx -> HONNAVAR  ARTO - KA47_motor_car.xlsx
2026-05-24 13:08:23,085 [INFO] RENAMED  : dd7430d7-eb28-4900-9e8b-43ac0c767c1f_motor_cab.xlsx -> BENGALURU NORTH  RTO - KA4_motor_cab.xlsx
2026-05-24 13:08:23,101 [INFO] RENAMED  : dd834c64-a71a-4122-8945-b7e9faf34191_motor_car.xlsx -> KANCHEEPURAM RTO - TN21_motor_car.xlsx
2026-05-24 13:08:23,161 [INFO] RENAMED  : de02a558-a677-44d4-b598-72ae19ca30a9_motor_cab.xlsx -> NAGAMANGALA  RTO - KA54_motor_cab.xlsx
2026-05-24 13:08:23,177 [INFO] RENAMED  : de5cb833-c95a-4deb-a4f6-9fe2f5462374_motor_cab.xlsx -> VANIYAMBADI RTO - TN515_motor_cab.xlsx
2026-05-24 13:08:23,193 [INFO] RENAMED  : de951455-0653-44a6-9f50-6e17483c0ae4_motor_cab.xlsx -> ILLUPPUR UO - TN629_motor_cab.xlsx
2026-05-24 13:08:23,208 [INFO] RENAMED  : df854272-46e4-46d5-ade4-e350065dae58_motor_cab.xlsx -> SRIRANGAM RTO - TN48_motor_cab.xlsx
2026-05-24 13:08:23,225 [INFO] RENAMED  : dfa292d8-c499-4c18-8af2-ea3fba0564a3_motor_cab.xlsx -> GADAG  RTO - KA26_motor_cab.xlsx
2026-05-24 13:08:23,240 [INFO] RENAMED  : e0c5041c-892d-49a2-913c-6b8b496f39c0_motor_cab.xlsx -> CHINTAMANI ARTO - KA67_motor_cab.xlsx
2026-05-24 13:08:23,255 [INFO] RENAMED  : e0f2bb2e-3ed5-473f-becf-0c19c2b63bcb_motor_cab.xlsx -> AMBATTUR RTO - TN612_motor_cab.xlsx
2026-05-24 13:08:23,272 [INFO] RENAMED  : e15908c7-3720-416c-a934-51a6af105c51_motor_car.xlsx -> NAMAKKAL (SOUTH) RTO - TN88_motor_car.xlsx
2026-05-24 13:08:23,288 [INFO] RENAMED  : e163ed48-bd57-4597-b5d3-5ac54bf2914f_motor_cab.xlsx -> CHENGANNUR SRTO - KL30_motor_cab.xlsx
2026-05-24 13:08:23,303 [INFO] RENAMED  : e1ff6300-5565-44e1-bddb-c644abfa12b8_motor_cab.xlsx -> VARKALA SRTO - KL81_motor_cab.xlsx
2026-05-24 13:08:23,319 [INFO] RENAMED  : e244fdc6-ef16-4ebd-9d65-a1bc8bc6d041_motor_cab.xlsx -> KOPPAL  RTO - KA37_motor_cab.xlsx
2026-05-24 13:08:23,334 [INFO] RENAMED  : e27b8ff2-3b48-4633-8abb-27874d285f00_motor_cab.xlsx -> CHENNAI (WEST) RTO - TN9_motor_cab.xlsx
2026-05-24 13:08:23,353 [INFO] RENAMED  : e36963d2-c68f-4cd8-a101-a772ccf7d1cf_motor_car.xlsx -> KAYAMKULAM SRTO - KL29_motor_car.xlsx
2026-05-24 13:08:23,368 [INFO] RENAMED  : e3c95123-fc47-4b53-99bf-0da392b0f156_motor_cab.xlsx -> AVINASHI UO - TN580_motor_cab.xlsx
2026-05-24 13:08:23,382 [INFO] RENAMED  : e4ad621f-6376-4c4f-9216-d6ce1ac5617f_motor_cab.xlsx -> CHADAYAMANGALA SRTO - KL82_motor_cab.xlsx
2026-05-24 13:08:23,398 [INFO] RENAMED  : e6252690-f211-4935-9317-a1e997a573fd_motor_cab.xlsx -> SALEM (SOUTH) RTO - TN90_motor_cab.xlsx
2026-05-24 13:08:23,413 [INFO] RENAMED  : e639366d-eb22-484d-be76-f86e34963f0b_motor_cab.xlsx -> NAMAKKAL (SOUTH) RTO - TN88_motor_cab.xlsx
2026-05-24 13:08:23,429 [INFO] RENAMED  : e6bffac8-9d91-4f0e-94b7-76f2f3532697_motor_cab.xlsx -> MALAPPURAM RTO - KL10_motor_cab.xlsx
2026-05-24 13:08:23,444 [INFO] RENAMED  : e6cb87d7-5c33-4245-9970-8bafcf01ef05_motor_cab.xlsx -> SATHYAMANGALAM UO - TN579_motor_cab.xlsx
2026-05-24 13:08:23,458 [INFO] RENAMED  : e74719b9-3c98-4d1e-bf12-8cbb240da417_motor_cab.xlsx -> BAILHONGAL  RTO - KA24_motor_cab.xlsx
2026-05-24 13:08:23,475 [INFO] RENAMED  : e76e34f1-a99a-4f4d-93c4-df4dbc51ad00_motor_car.xlsx -> VELLORE RTO - TN23_motor_car.xlsx
2026-05-24 13:08:23,492 [INFO] RENAMED  : e7f6d636-bb78-48ca-8180-dfe2f872c2fc_motor_cab.xlsx -> CHENNAI (NORTH) RTO - TN5_motor_cab.xlsx
2026-05-24 13:08:23,511 [INFO] RENAMED  : e835f5fb-d715-46d8-8f91-064f13c79b26_motor_cab.xlsx -> OULGARET - PY5_motor_cab.xlsx
2026-05-24 13:08:23,527 [INFO] RENAMED  : e8556dd1-9015-49d1-9a54-f1013c32e4ac_motor_car.xlsx -> NEYVELI UO - TN562_motor_car.xlsx
2026-05-24 13:08:23,543 [INFO] RENAMED  : e86f1ba0-c717-4059-9885-faaa6a59789b_motor_cab.xlsx -> KOLLAM RTO - KL2_motor_cab.xlsx
2026-05-24 13:08:23,560 [INFO] RENAMED  : e9404b6b-4c97-4d5d-af0f-2d36bd8a61fe_motor_car.xlsx -> JAMKHANDI  ARTO - KA48_motor_car.xlsx
2026-05-24 13:08:23,575 [INFO] RENAMED  : e9571564-2125-4c5b-a0b8-72e6705ef2e6_motor_car.xlsx -> KUNNATHUR SRTO - KL61_motor_car.xlsx
2026-05-24 13:08:23,593 [INFO] RENAMED  : e97b7d4d-1c03-4371-a135-793a72bb107c_motor_car.xlsx -> KOZHIKODE RTO - KL11_motor_car.xlsx
2026-05-24 13:08:23,609 [INFO] RENAMED  : e983861e-7024-4bd3-9303-183fd18d9526_motor_car.xlsx -> COIMBATORE (WEST) RTO - TN99_motor_car.xlsx
2026-05-24 13:08:23,627 [INFO] RENAMED  : e98390c4-13c7-4124-9605-e92c63fa33e6_motor_car.xlsx -> THIRUVALLA SRTO - KL27_motor_car.xlsx
2026-05-24 13:08:23,643 [INFO] RENAMED  : e99476b0-686d-41d8-a397-3ee251d28cf3_motor_car.xlsx -> MUVATTUPUZHA RTO - KL17_motor_car.xlsx
2026-05-24 13:08:23,670 [INFO] RENAMED  : e9dee436-e2f3-4766-b349-15ae92821c3c_motor_car.xlsx -> TIPTUR  ARTO - KA44_motor_car.xlsx
2026-05-24 13:08:23,698 [INFO] RENAMED  : ea3c7a38-849c-4e49-9583-130078788786_motor_car.xlsx -> RAMDURGA ARTO - KA69_motor_car.xlsx
2026-05-24 13:08:23,720 [INFO] RENAMED  : eb04e8ad-dcb8-47dd-b29e-93bce2bc3c56_motor_car.xlsx -> CHINTAMANI ARTO - KA67_motor_car.xlsx
2026-05-24 13:08:23,740 [INFO] RENAMED  : eb1b863f-ba05-44c3-af0e-41024fa6ea27_motor_cab.xlsx -> HOSUR RTO - TN70_motor_cab.xlsx
2026-05-24 13:08:23,764 [INFO] RENAMED  : eb404db7-e5d5-4ef6-a0ff-9b9439551984_motor_car.xlsx -> NORTH PARUR SRTO - KL42_motor_car.xlsx
2026-05-24 13:08:23,785 [INFO] RENAMED  : eb48e11b-56e7-44f9-8817-c98f2fbdd426_motor_cab.xlsx -> THIRUMANGALAM  UO - TN598_motor_cab.xlsx
2026-05-24 13:08:23,803 [INFO] RENAMED  : eb61bd55-e47e-441a-9c0a-ce71fc921f19_motor_cab.xlsx -> NAMAKKAL (NORTH) RTO - TN28_motor_cab.xlsx
2026-05-24 13:08:23,820 [INFO] RENAMED  : ebe30cf3-9510-4aad-b1ae-f93981ab9334_motor_car.xlsx -> KAZHAKUTTOM SRTO - KL22_motor_car.xlsx
2026-05-24 13:08:23,836 [INFO] RENAMED  : eca2f3b2-2639-461b-99ed-6779399d0174_motor_car.xlsx -> VARKALA SRTO - KL81_motor_car.xlsx
2026-05-24 13:08:23,853 [INFO] RENAMED  : ecc9b52a-4ad8-42cf-97b8-7c381fee6fbb_motor_car.xlsx -> THODUPUZHA SRTO - KL38_motor_car.xlsx
2026-05-24 13:08:23,869 [INFO] RENAMED  : ed4c28ac-227a-4982-a0c3-8b648564d668_motor_car.xlsx -> RAJAPALAYAM UO - TN643_motor_car.xlsx
2026-05-24 13:08:23,886 [INFO] RENAMED  : ed7ad231-0915-4334-9a71-6defad1d447c_motor_car.xlsx -> KUNDRATHUR RTO - TN85_motor_car.xlsx
2026-05-24 13:08:23,902 [INFO] RENAMED  : ed9f13ee-bbd2-4ccb-be6e-ca139e0f41d3_motor_cab.xlsx -> NANMANDA SRTO - KL76_motor_cab.xlsx
2026-05-24 13:08:23,917 [INFO] RENAMED  : edf7c8d4-406e-4f9e-a068-021e1971f6a7_motor_cab.xlsx -> KRISHNARAJAPURAM  RTO - KA53_motor_cab.xlsx
2026-05-24 13:08:23,932 [INFO] RENAMED  : ee36a6d6-859a-4d93-84f8-a1efc4902fa7_motor_cab.xlsx -> BAHOUR - PY11_motor_cab.xlsx
2026-05-24 13:08:23,946 [INFO] RENAMED  : ee652522-996f-4875-af8e-6fbbcf61b1b1_motor_cab.xlsx -> ARAVAKURICHI UO - TN632_motor_cab.xlsx
2026-05-24 13:08:23,964 [INFO] RENAMED  : ee974df4-5062-4209-b8a7-4e814e15dd01_motor_car.xlsx -> KALABURAGI  RTO - KA32_motor_car.xlsx
2026-05-24 13:08:23,980 [INFO] RENAMED  : eee2d3a0-058c-4aba-b462-00f664d352a6_motor_car.xlsx -> DHARMAPURI RTO - TN29_motor_car.xlsx
2026-05-24 13:08:23,998 [INFO] RENAMED  : eef67f4c-31fd-4a9f-975a-f8c113b6877b_motor_car.xlsx -> THIRUCHENDUR RTO - TN606_motor_car.xlsx
2026-05-24 13:08:24,015 [INFO] RENAMED  : ef698a35-f903-4e62-b105-7d3b7d93e0bd_motor_car.xlsx -> MADIKERI  RTO - KA12_motor_car.xlsx
2026-05-24 13:08:24,031 [INFO] RENAMED  : efbd8da7-6bef-494a-8a14-8e8d70c64b36_motor_cab.xlsx -> PUDUCHERRY - PY1_motor_cab.xlsx
2026-05-24 13:08:24,048 [INFO] RENAMED  : efe6bdeb-69e6-45fa-9f35-3b6acfb6b226_motor_car.xlsx -> UDUMBANCHOLA SRTO - KL69_motor_car.xlsx
2026-05-24 13:08:24,066 [INFO] RENAMED  : f134ea91-96fa-4375-91d8-d573498e7402_motor_car.xlsx -> DHARWAD EAST RTO - KA63_motor_car.xlsx
2026-05-24 13:08:24,082 [INFO] RENAMED  : f14a6331-2ac7-4de9-959f-3e0e0f3460fe_motor_car.xlsx -> OOTY RTO - TN43_motor_car.xlsx
2026-05-24 13:08:24,098 [INFO] RENAMED  : f172fd64-11f2-49e2-8c98-aed33ff45fa8_motor_cab.xlsx -> GURUVAYUR SRTO - KL46_motor_cab.xlsx
2026-05-24 13:08:24,115 [INFO] RENAMED  : f173fd85-e15c-4a03-ab62-23d62b1dcbd7_motor_car.xlsx -> KANHANGAD SRTO - KL60_motor_car.xlsx
2026-05-24 13:08:24,134 [INFO] RENAMED  : f1a09b2f-6af3-463f-aed8-167a8476caf8_motor_car.xlsx -> KATTAKADA SRTO - KL74_motor_car.xlsx
2026-05-24 13:08:24,150 [INFO] RENAMED  : f1c0cd4e-83cd-4b6f-af94-8a6fc5e0c885_motor_car.xlsx -> TIRUPPUR (SOUTH) RTO - TN42_motor_car.xlsx
2026-05-24 13:08:24,215 [INFO] RENAMED  : f1d2e30b-fc6b-4fb9-bdd5-f064bea11ccb_motor_car.xlsx -> KARWAR  RTO - KA30_motor_car.xlsx
2026-05-24 13:08:24,231 [INFO] RENAMED  : f21b3d10-db94-4418-9934-592a44f117ff_motor_cab.xlsx -> THIRUKALUKUNTRAM UO - TN639_motor_cab.xlsx
2026-05-24 13:08:24,246 [INFO] RENAMED  : f2773980-c5ef-4b63-8836-6a5534f767be_motor_cab.xlsx -> KOTTAYAM RTO - KL5_motor_cab.xlsx
2026-05-24 13:08:24,262 [INFO] RENAMED  : f43f5ab0-7229-4a89-81c5-609389abf81e_motor_car.xlsx -> SIVAGANGAI RTO - TN63_motor_car.xlsx
2026-05-24 13:08:24,278 [INFO] RENAMED  : f4eb3357-1d03-43bc-8caf-cb4873fb11b9_motor_cab.xlsx -> KUNDRATHUR RTO - TN85_motor_cab.xlsx
2026-05-24 13:08:24,295 [INFO] RENAMED  : f4fe6a9d-6b72-402d-9d21-1eaf2ec5eae9_motor_car.xlsx -> RTO CHENNAI (NORTH WEST) - TN2_motor_car.xlsx
2026-05-24 13:08:24,311 [INFO] RENAMED  : f59bf61b-8251-4421-b86b-8e10c1ec6f07_motor_car.xlsx -> ARUPPUKOTTAI UO - TN622_motor_car.xlsx
2026-05-24 13:08:24,327 [INFO] RENAMED  : f680c069-a8ee-42ed-a349-fe7434b0ce1a_motor_car.xlsx -> PERAMBALUR RTO - TN46_motor_car.xlsx
2026-05-24 13:08:24,344 [INFO] RENAMED  : f6a1a266-5f82-4307-bae1-f66d293f644c_motor_car.xlsx -> SIVAKASI RTO - TN604_motor_car.xlsx
2026-05-24 13:08:24,360 [INFO] RENAMED  : f6ed81fa-49ad-41b1-b8b4-6a93a6ad88ff_motor_cab.xlsx -> NATHAM UO - TN640_motor_cab.xlsx
2026-05-24 13:08:24,374 [INFO] RENAMED  : f72a9797-a708-48e1-aaae-58492e6b6223_motor_cab.xlsx -> DHARAPURAM RTO - TN594_motor_cab.xlsx
2026-05-24 13:08:24,390 [INFO] RENAMED  : f7346393-33d8-491b-8ae8-c23583a9f7eb_motor_cab.xlsx -> WADAKKANCHERRY SRTO - KL48_motor_cab.xlsx
2026-05-24 13:08:24,407 [INFO] RENAMED  : f7d362a2-9f5a-4f76-a592-1de7b9efac93_motor_car.xlsx -> PANRUTI UO - TN626_motor_car.xlsx
2026-05-24 13:08:24,422 [INFO] RENAMED  : f8d7c784-615a-4d3e-8807-59ad1aaa9da7_motor_cab.xlsx -> KARUR RTO - TN47_motor_cab.xlsx
2026-05-24 13:08:24,438 [INFO] RENAMED  : f8f4f193-33bf-47da-8b80-34b915e5d9dd_motor_car.xlsx -> MALLAPPALLY SRTO - KL28_motor_car.xlsx
2026-05-24 13:08:24,454 [INFO] RENAMED  : f941b7c8-11ec-496e-b3eb-2c8164717815_motor_cab.xlsx -> BENGALURU WEST  RTO - KA2_motor_cab.xlsx
2026-05-24 13:08:24,470 [INFO] RENAMED  : f95e532f-ca0b-4e9f-b6c2-2ba9af77347f_motor_cab.xlsx -> KAZHAKUTTOM SRTO - KL22_motor_cab.xlsx
2026-05-24 13:08:24,487 [INFO] RENAMED  : f9fbc0a8-af55-4613-bd06-ffd0193a029b_motor_car.xlsx -> BHALKI  ARTO - KA39_motor_car.xlsx
2026-05-24 13:08:24,502 [INFO] RENAMED  : fb042269-a0cc-4c4f-aaf3-f57d4da7a933_motor_cab.xlsx -> PERAMBALUR RTO - TN46_motor_cab.xlsx
2026-05-24 13:08:24,518 [INFO] RENAMED  : fb516489-2119-4114-877f-152d97879040_motor_cab.xlsx -> VALAPPADI UO - TN613_motor_cab.xlsx
2026-05-24 13:08:24,533 [INFO] RENAMED  : fc09807a-ecaf-471c-95f1-e9f12df7fd9b_motor_cab.xlsx -> VADAKARA RTO - KL18_motor_cab.xlsx
2026-05-24 13:08:24,549 [INFO] RENAMED  : fc52554c-72a1-4735-bc24-dcbe51e605aa_motor_cab.xlsx -> DEVIKULAM SRTO - KL68_motor_cab.xlsx
2026-05-24 13:08:24,564 [INFO] RENAMED  : fd5f8536-e475-421e-b407-155e9fd40bfa_motor_cab.xlsx -> CHECK POST - PY99_motor_cab.xlsx
2026-05-24 13:08:24,582 [INFO] RENAMED  : fdb14504-1a5e-412b-b0b8-827ff90c19e9_motor_car.xlsx -> CHENGALPATTU RTO - TN19_motor_car.xlsx
2026-05-24 13:08:24,597 [INFO] RENAMED  : ff28e0c7-0c3c-42be-a146-b95f9b8e693e_motor_cab.xlsx -> KANHANGAD SRTO - KL60_motor_cab.xlsx
2026-05-24 13:08:24,613 [INFO] RENAMED  : ff4224ab-cbf0-4d50-8957-ede3c2d7b06c_motor_cab.xlsx -> UDUPI  RTO - KA20_motor_cab.xlsx
2026-05-24 13:08:24,614 [INFO] Done. ok=0 mismatch=0 renamed=622 no_header=0
