2026-05-28 08:03:07,255 [INFO] RENAMED  : 00030a71-1409-43dc-905d-fedf3e36bb47_motor_cab.xlsx -> KUMBAKONAM RTO - TN68_motor_cab.xlsx
2026-05-28 08:03:07,272 [INFO] RENAMED  : 00671d88-4b13-43cc-b9f9-c6dff9d02bfa_motor_cab.xlsx -> KAZHAKUTTOM SRTO - KL22_motor_cab.xlsx
2026-05-28 08:03:07,290 [INFO] RENAMED  : 0127501c-89b7-4b60-90e7-e24c264dd593_motor_car.xlsx -> VELLORE RTO - TN23_motor_car.xlsx
2026-05-28 08:03:07,306 [INFO] RENAMED  : 013739dc-959b-4c0e-b27c-bd93b86351f6_motor_cab.xlsx -> GINGEE UO - TN627_motor_cab.xlsx
2026-05-28 08:03:07,321 [INFO] RENAMED  : 01565bc1-e62f-4346-a502-9a226ac4a0e9_motor_cab.xlsx -> THALASSERY SRTO - KL58_motor_cab.xlsx
2026-05-28 08:03:07,338 [INFO] RENAMED  : 0159346b-d4b2-4eda-8637-d24f99f3912b_motor_car.xlsx -> VEDACHANDUR UO - TN617_motor_car.xlsx
2026-05-28 08:03:07,354 [INFO] RENAMED  : 01f76ec1-f71e-4b3f-8cfe-b2e56554d5db_motor_cab.xlsx -> DAVANAGERE  RTO - KA17_motor_cab.xlsx
2026-05-28 08:03:07,371 [INFO] RENAMED  : 022ae7fa-4bf2-45ff-a48c-95436bfc014e_motor_car.xlsx -> PUDUKOTTAI RTO - TN55_motor_car.xlsx
2026-05-28 08:03:07,386 [INFO] RENAMED  : 038e688e-7266-4dbd-ac48-b0e698aab864_motor_car.xlsx -> MARTHANDAM RTO - TN75_motor_car.xlsx
2026-05-28 08:03:07,401 [INFO] RENAMED  : 03c89674-cde5-4dc3-a1b7-f1f77e182d9c_motor_cab.xlsx -> PARASSALA SRTO - KL19_motor_cab.xlsx
2026-05-28 08:03:07,418 [INFO] RENAMED  : 0408257a-e673-41a5-beb5-f7b608405b91_motor_car.xlsx -> SHOLINGANALLUR RTO - TN512_motor_car.xlsx
2026-05-28 08:03:07,433 [INFO] RENAMED  : 040bdc41-6056-4a52-bb80-43045073e446_motor_cab.xlsx -> MUSURI UO - TN621_motor_cab.xlsx
2026-05-28 08:03:07,448 [INFO] RENAMED  : 041bade9-db54-4212-b241-449b3e8a8b49_motor_car.xlsx -> KOTTARAKKARA SRTO - KL24_motor_car.xlsx
2026-05-28 08:03:07,465 [INFO] RENAMED  : 04bebbe2-51ad-42f6-94af-5f612cc15641_motor_cab.xlsx -> GOPICHETTIPALAYAM RTO - TN36_motor_cab.xlsx
2026-05-28 08:03:07,479 [INFO] RENAMED  : 04e4bbf1-009f-4113-9ddb-0a675f0fa09b_motor_cab.xlsx -> TARIKERE, CHIKKAMAGALURU ARTO - KA66_motor_cab.xlsx
2026-05-28 08:03:07,495 [INFO] RENAMED  : 050f878d-2efa-47a9-8cb7-583b2d1f157d_motor_car.xlsx -> ERODE RTO - TN33_motor_car.xlsx
2026-05-28 08:03:07,512 [INFO] RENAMED  : 05b7bc27-3e64-481b-be46-153dd40ba75f_motor_car.xlsx -> CHIKAMANGLUR RTO - KA18_motor_car.xlsx
2026-05-28 08:03:07,528 [INFO] RENAMED  : 05fbf4ee-e85d-48e7-9709-f62cb25b3e69_motor_car.xlsx -> KONNI SRTO - KL83_motor_car.xlsx
2026-05-28 08:03:07,544 [INFO] RENAMED  : 06011404-9255-4455-98e9-5e7a09b436c2_motor_cab.xlsx -> PATTUKOTTAI UNIT OFFICE - TN587_motor_cab.xlsx
2026-05-28 08:03:07,562 [INFO] RENAMED  : 0627d46b-ce7c-4850-a626-3c2604b706bf_motor_car.xlsx -> NELAMANGALA  RTO - KA52_motor_car.xlsx
2026-05-28 08:03:07,578 [INFO] RENAMED  : 06e88ce3-c2cf-4b66-bc1a-5c845e8845d1_motor_cab.xlsx -> ALANGUDI UO - TN641_motor_cab.xlsx
2026-05-28 08:03:07,595 [INFO] RENAMED  : 075de85e-bf55-4b62-813a-eddfdaf2c128_motor_car.xlsx -> METTUPALAYAM RTO - TN40_motor_car.xlsx
2026-05-28 08:03:07,653 [INFO] RENAMED  : 0781e87a-e836-4495-92f2-aaa495a3d21b_motor_car.xlsx -> CHERTHALA SRTO - KL32_motor_car.xlsx
2026-05-28 08:03:07,669 [INFO] RENAMED  : 078f5312-3c58-4d2c-8f06-93067a33e11f_motor_cab.xlsx -> KANNUR RTO - KL13_motor_cab.xlsx
2026-05-28 08:03:07,685 [INFO] RENAMED  : 07b5d1fa-7994-486b-b23c-00f694a7864f_motor_car.xlsx -> OULGARET - PY5_motor_car.xlsx
2026-05-28 08:03:07,702 [INFO] RENAMED  : 07f7b96e-4233-4e61-be17-3ef6b6986086_motor_cab.xlsx -> KOVILPATTI RTO - TN607_motor_cab.xlsx
2026-05-28 08:03:07,718 [INFO] RENAMED  : 08030f78-ac5c-4f12-b385-c0378a840e62_motor_car.xlsx -> CHENNAI (SOUTH-WEST) RTO - TN10_motor_car.xlsx
2026-05-28 08:03:07,735 [INFO] RENAMED  : 08a2a170-b2c9-4c16-8a88-6eb35851d9bc_motor_car.xlsx -> PARAMAKUDI UO - TN603_motor_car.xlsx
2026-05-28 08:03:07,750 [INFO] RENAMED  : 08bc9e49-b5ab-4d51-a31a-b51df6fb2829_motor_cab.xlsx -> KUNNATHUR SRTO - KL61_motor_cab.xlsx
2026-05-28 08:03:07,768 [INFO] RENAMED  : 08ca5728-1220-401d-974b-9d4ee30e9327_motor_car.xlsx -> DEVANAHALLI  ARTO - KA43_motor_car.xlsx
2026-05-28 08:03:07,783 [INFO] RENAMED  : 0919dbfa-0b3e-4591-8e1c-8120a13a6537_motor_cab.xlsx -> CHEYYAR UO - TN635_motor_cab.xlsx
2026-05-28 08:03:07,801 [INFO] RENAMED  : 0a131d92-c726-45bf-a2e9-cbe8cff893b7_motor_cab.xlsx -> VALLIYUR UO - TN608_motor_cab.xlsx
2026-05-28 08:03:07,821 [INFO] RENAMED  : 0a54fcdc-b934-4240-ba73-a640eed08b4a_motor_cab.xlsx -> KALABURAGI  RTO - KA32_motor_cab.xlsx
2026-05-28 08:03:07,840 [INFO] RENAMED  : 0a9a9c16-01b4-4635-984f-f5bfe5b48c90_motor_car.xlsx -> VARKALA SRTO - KL81_motor_car.xlsx
2026-05-28 08:03:07,856 [INFO] RENAMED  : 0ad292a2-a2c7-4031-9f80-671a04f91e11_motor_cab.xlsx -> RAJAPALAYAM UO - TN643_motor_cab.xlsx
2026-05-28 08:03:07,870 [INFO] RENAMED  : 0adbb953-1b0b-44c0-8d2d-fdb3e8b3f71e_motor_car.xlsx -> STATE TRANSPORT AUTHORITY - KA99_motor_car.xlsx
2026-05-28 08:03:07,890 [INFO] RENAMED  : 0afb34c6-8641-4821-84b0-cbf0ee5aab41_motor_car.xlsx -> KOTHAMANGALAM SRTO - KL44_motor_car.xlsx
2026-05-28 08:03:07,906 [INFO] RENAMED  : 0b0c9485-ec4d-4b63-99aa-c7a1c907e845_motor_car.xlsx -> CHENNAI (EAST) RTO - TN4_motor_car.xlsx
2026-05-28 08:03:07,922 [INFO] RENAMED  : 0bc92841-8560-4536-a0f9-66325a14cfec_motor_cab.xlsx -> VIRUDHUNAGAR RTO - TN67_motor_cab.xlsx
2026-05-28 08:03:07,937 [INFO] RENAMED  : 0bfdf466-2c76-44ab-80df-8181cd1f2626_motor_cab.xlsx -> TIRUVERANBUR UO - TN583_motor_cab.xlsx
2026-05-28 08:03:07,956 [INFO] RENAMED  : 0c10bf3d-982a-4091-93ce-007839f38801_motor_cab.xlsx -> COIMBATORE (NORTH) RTO - TN38_motor_cab.xlsx
2026-05-28 08:03:07,972 [INFO] RENAMED  : 0c1ca4c4-e4bc-4342-b9a1-3bb6856d834d_motor_car.xlsx -> TAMBARAM RTO - TN513_motor_car.xlsx
2026-05-28 08:03:07,989 [INFO] RENAMED  : 0c6e42eb-f08d-4db4-8952-92e8e00f0f39_motor_car.xlsx -> TIRUNELVELI RTO - TN72_motor_car.xlsx
2026-05-28 08:03:08,004 [INFO] RENAMED  : 0ccda6d0-cd82-469e-bcb4-13bfcd101674_motor_car.xlsx -> ARANTHANGI UO - TN592_motor_car.xlsx
2026-05-28 08:03:08,021 [INFO] RENAMED  : 0d54133d-da59-4159-b5d0-e99bb8f4a2d2_motor_car.xlsx -> MYSURU  EAST  RTO - KA55_motor_car.xlsx
2026-05-28 08:03:08,036 [INFO] RENAMED  : 0d541b77-a872-4cb8-9f2b-2df0a8db7a3a_motor_cab.xlsx -> VALAPPADI UO - TN613_motor_cab.xlsx
2026-05-28 08:03:08,052 [INFO] RENAMED  : 0e456979-705f-49bb-bdec-969c1a007691_motor_cab.xlsx -> BENGALURU CENTRAL  RTO - KA1_motor_cab.xlsx
2026-05-28 08:03:08,066 [INFO] RENAMED  : 0e6848f9-d5c6-46bf-90c8-9901d4a43118_motor_cab.xlsx -> SAKALESHPURA  ARTO - KA46_motor_cab.xlsx
2026-05-28 08:03:08,082 [INFO] RENAMED  : 0f4374ce-c209-4ea1-a7c8-a3f35d5a7e68_motor_car.xlsx -> PALAI SRTO - KL35_motor_car.xlsx
2026-05-28 08:03:08,098 [INFO] RENAMED  : 0f8c0367-9264-473c-bc81-6a03d0dc3c9b_motor_car.xlsx -> ALATHUR SRTO - KL49_motor_car.xlsx
2026-05-28 08:03:08,113 [INFO] RENAMED  : 1015e121-995a-4324-8307-3000d3da2c48_motor_cab.xlsx -> PATTAMBI SRTO - KL52_motor_cab.xlsx
2026-05-28 08:03:08,129 [INFO] RENAMED  : 109c9beb-ed0f-4286-b3c0-2e5b6637ad24_motor_car.xlsx -> THIRURANGADI SRTO - KL65_motor_car.xlsx
2026-05-28 08:03:08,145 [INFO] RENAMED  : 10b2163a-3816-49a9-b01d-db67c3de8614_motor_cab.xlsx -> KARAIKAL - PY2_motor_cab.xlsx
2026-05-28 08:03:08,161 [INFO] RENAMED  : 11515ecb-6fc5-49a6-8b9f-8c654d322c57_motor_car.xlsx -> PAYYANNUR SRTO - KL86_motor_car.xlsx
2026-05-28 08:03:08,176 [INFO] RENAMED  : 1158dfb0-f5ab-4caf-bb77-9df724dff698_motor_cab.xlsx -> GUDIYATHAM UO - TN514_motor_cab.xlsx
2026-05-28 08:03:08,193 [INFO] RENAMED  : 117b5053-1b93-49d9-bd60-822877564ccb_motor_car.xlsx -> MAVELIKKARA SRTO - KL31_motor_car.xlsx
2026-05-28 08:03:08,207 [INFO] RENAMED  : 11f557cd-2ba2-457d-97d4-ef47e5d2d370_motor_cab.xlsx -> BAILHONGAL  RTO - KA24_motor_cab.xlsx
2026-05-28 08:03:08,230 [INFO] RENAMED  : 1245fc8f-68cf-4f91-ba7f-99ca00921dcc_motor_car.xlsx -> CHENNAI (SOUTH) RTO - TN7_motor_car.xlsx
2026-05-28 08:03:08,261 [INFO] RENAMED  : 12c0b47d-d811-4888-a001-d78bb8776d42_motor_car.xlsx -> PATHANAMTHITTA RTO - KL3_motor_car.xlsx
2026-05-28 08:03:08,278 [INFO] RENAMED  : 12ce7701-df14-4f1d-96a9-5baa96014806_motor_cab.xlsx -> WAYANAD RTO - KL12_motor_cab.xlsx
2026-05-28 08:03:08,296 [INFO] RENAMED  : 12e5ff92-5da9-47ed-9ac3-3b806b4926ff_motor_car.xlsx -> BANTWALA ARTO - KA70_motor_car.xlsx
2026-05-28 08:03:08,313 [INFO] RENAMED  : 13a3a51e-d808-49a3-8bc9-ac732420152c_motor_car.xlsx -> MYSURU WEST  RTO - KA9_motor_car.xlsx
2026-05-28 08:03:08,342 [INFO] RENAMED  : 13eb0566-4683-4c02-bcc3-13299c2d09e0_motor_car.xlsx -> CHEYYAR UO - TN635_motor_car.xlsx
2026-05-28 08:03:08,368 [INFO] RENAMED  : 14f40ef7-5dfd-42e1-9deb-c189bbe8214a_motor_car.xlsx -> COIMBATORE (SOUTH) RTO - TN37_motor_car.xlsx
2026-05-28 08:03:08,388 [INFO] RENAMED  : 1564cdd8-7fd0-4966-8cfc-d0f937abf06f_motor_car.xlsx -> KOPPAL  RTO - KA37_motor_car.xlsx
2026-05-28 08:03:08,407 [INFO] RENAMED  : 156b9dc5-9ec8-425b-a235-7fa83733ca7b_motor_car.xlsx -> PATTAMBI SRTO - KL52_motor_car.xlsx
2026-05-28 08:03:08,423 [INFO] RENAMED  : 156f7e3d-e03f-49c6-b590-546b07fef5f0_motor_cab.xlsx -> KOTTARAKKARA SRTO - KL24_motor_cab.xlsx
2026-05-28 08:03:08,460 [INFO] RENAMED  : 15833cf1-caba-401b-909e-500d4bbf0782_motor_car.xlsx -> SRIRANGAM RTO - TN48_motor_car.xlsx
2026-05-28 08:03:08,477 [INFO] RENAMED  : 15fcd24a-d9e7-44f4-aa98-2eebabbe7fa0_motor_car.xlsx -> DANDELI ARTO - KA65_motor_car.xlsx
2026-05-28 08:03:08,494 [INFO] RENAMED  : 1638e638-c8b8-4c02-a9b9-1c92646db774_motor_car.xlsx -> MUVATTUPUZHA RTO - KL17_motor_car.xlsx
2026-05-28 08:03:08,513 [INFO] RENAMED  : 16f1b2c6-3126-42bd-949a-4559b1cdd423_motor_car.xlsx -> NAGAPATTINAM RTO - TN51_motor_car.xlsx
2026-05-28 08:03:08,531 [INFO] RENAMED  : 17a1fa62-3f84-471f-86cb-651d96142554_motor_car.xlsx -> KANHANGAD SRTO - KL60_motor_car.xlsx
2026-05-28 08:03:08,644 [INFO] RENAMED  : 182b2f51-a7da-4651-871b-79df3ec59a11_motor_cab.xlsx -> NATIONALISED SECTOR(TVPM) RTO - KL15_motor_cab.xlsx
2026-05-28 08:03:08,663 [INFO] RENAMED  : 188b2725-bad5-4788-a6ae-3f2af66e2187_motor_car.xlsx -> PUTTUR  RTO - KA21_motor_car.xlsx
2026-05-28 08:03:08,683 [INFO] RENAMED  : 18d21923-d2b4-4b3f-b386-c0efd7544cee_motor_car.xlsx -> NAGAMANGALA  RTO - KA54_motor_car.xlsx
2026-05-28 08:03:08,704 [INFO] RENAMED  : 19f686d3-aa4c-415c-84fc-cf1c0cc807ec_motor_car.xlsx -> KALLAKURICHI RTO - TN615_motor_car.xlsx
2026-05-28 08:03:08,777 [INFO] RENAMED  : 1a328c26-ae69-4f16-9f18-a8b0a2838052_motor_car.xlsx -> THENI RTO - TN60_motor_car.xlsx
2026-05-28 08:03:08,793 [INFO] RENAMED  : 1a972b1c-8870-4ef9-87c0-1fec69b1ee87_motor_cab.xlsx -> HASSAN  RTO - KA13_motor_cab.xlsx
2026-05-28 08:03:08,814 [INFO] RENAMED  : 1ab8396e-2ac3-40e1-af2c-0d6ddfb5f63a_motor_car.xlsx -> ERNAKULAM RTO - KL7_motor_car.xlsx
2026-05-28 08:03:08,855 [INFO] RENAMED  : 1b6f095c-861f-481e-8d2f-3d0f1daeb8dc_motor_cab.xlsx -> IDUKKI RTO - KL6_motor_cab.xlsx
2026-05-28 08:03:08,873 [INFO] RENAMED  : 1b7c82be-eee2-43bd-9026-fc1e9f462111_motor_cab.xlsx -> NAGERCOIL RTO - TN74_motor_cab.xlsx
2026-05-28 08:03:08,891 [INFO] RENAMED  : 1baf55e2-cb2b-422d-8b81-dbcf2fb81275_motor_car.xlsx -> VALAPPADI UO - TN613_motor_car.xlsx
2026-05-28 08:03:08,908 [INFO] RENAMED  : 1c4a1b4b-d0d2-49b1-8564-3883c2cf342c_motor_cab.xlsx -> SIRSI  RTO - KA31_motor_cab.xlsx
2026-05-28 08:03:08,927 [INFO] RENAMED  : 1c9a98e0-01d8-4f98-8378-b80bab8e0051_motor_car.xlsx -> TIRUCHENGODE RTO - TN34_motor_car.xlsx
2026-05-28 08:03:08,944 [INFO] RENAMED  : 1cd8daa4-ddac-441a-b826-bf0fb9560991_motor_cab.xlsx -> THANJAVUR RTO - TN49_motor_cab.xlsx
2026-05-28 08:03:08,962 [INFO] RENAMED  : 1d7fd03c-8545-4d78-b978-b3288222ff62_motor_car.xlsx -> VIRUDHUNAGAR RTO - TN67_motor_car.xlsx
2026-05-28 08:03:08,979 [INFO] RENAMED  : 1d92800c-4fc4-44ec-9423-690b8546369c_motor_cab.xlsx -> KUMARAPALAYAM RTO - TN638_motor_cab.xlsx
2026-05-28 08:03:08,998 [INFO] RENAMED  : 1dcc75b3-43eb-4773-a18d-ed2aaf95a530_motor_car.xlsx -> PONNANI SRTO - KL54_motor_car.xlsx
2026-05-28 08:03:09,015 [INFO] RENAMED  : 1e2bbefa-0556-406c-96bd-7551f91916a6_motor_car.xlsx -> CHITRADURGA  RTO - KA16_motor_car.xlsx
2026-05-28 08:03:09,035 [INFO] RENAMED  : 1ef2bbe4-c68f-40a0-9d04-f92fe23b38ab_motor_car.xlsx -> GOPICHETTIPALAYAM RTO - TN36_motor_car.xlsx
2026-05-28 08:03:09,056 [INFO] RENAMED  : 1ef5e80a-bab7-4fa2-a99a-88bf32258de1_motor_car.xlsx -> MAYILADUTHURAI RTO - TN589_motor_car.xlsx
2026-05-28 08:03:09,075 [INFO] RENAMED  : 201954cc-0c5b-45b6-ae32-0128a87e9899_motor_car.xlsx -> ADOOR SRTO - KL26_motor_car.xlsx
2026-05-28 08:03:09,093 [INFO] RENAMED  : 20785fc9-42bf-49dd-83e3-cfcb4f0a499a_motor_car.xlsx -> POONAMALLEE RTO - TN511_motor_car.xlsx
2026-05-28 08:03:09,113 [INFO] RENAMED  : 20d3b4c3-9d03-49e6-8d5a-20849839f51e_motor_car.xlsx -> GUDIYATHAM UO - TN514_motor_car.xlsx
2026-05-28 08:03:09,131 [INFO] RENAMED  : 220f946d-b70e-4d02-ba60-176f75877bad_motor_car.xlsx -> PATTUKOTTAI UNIT OFFICE - TN587_motor_car.xlsx
2026-05-28 08:03:09,148 [INFO] RENAMED  : 225a1921-4490-4f2b-b53c-c1eaa20a67f7_motor_cab.xlsx -> SIRKALI UO - TN623_motor_cab.xlsx
2026-05-28 08:03:09,167 [INFO] RENAMED  : 2283e854-8fde-4b86-9dae-72962aba346b_motor_car.xlsx -> ARANI RTO - TN516_motor_car.xlsx
2026-05-28 08:03:09,185 [INFO] RENAMED  : 228b2ab4-6227-40a1-9a8d-ef10a65bff44_motor_car.xlsx -> RANNI SRTO - KL62_motor_car.xlsx
2026-05-28 08:03:09,204 [INFO] RENAMED  : 22ea2aa8-3b43-41e3-b9e2-7d58135fbea1_motor_car.xlsx -> VADAKARA RTO - KL18_motor_car.xlsx
2026-05-28 08:03:09,219 [INFO] RENAMED  : 22fbe060-f78f-402f-bab0-8a90ee595ec5_motor_cab.xlsx -> PALANI RTO - TN597_motor_cab.xlsx
2026-05-28 08:03:09,240 [INFO] RENAMED  : 230be752-5176-4946-8f68-1ae36af34831_motor_cab.xlsx -> KODUNGALLUR SRTO - KL47_motor_cab.xlsx
2026-05-28 08:03:09,256 [INFO] RENAMED  : 2335e042-c191-445c-84db-478af5797a71_motor_cab.xlsx -> KUTTANADU SRTO - KL66_motor_cab.xlsx
2026-05-28 08:03:09,276 [INFO] RENAMED  : 23a32f2a-6c21-4105-a2bd-e6af3acb5517_motor_cab.xlsx -> SANKARANKOVIL RTO - TN610_motor_cab.xlsx
2026-05-28 08:03:09,294 [INFO] RENAMED  : 24601f68-08c2-4f25-a47d-43bc8d4ebda4_motor_cab.xlsx -> KALLAKURICHI RTO - TN615_motor_cab.xlsx
2026-05-28 08:03:09,311 [INFO] RENAMED  : 24a5a9c5-b113-41c4-901e-8408e8017710_motor_cab.xlsx -> PANRUTI UO - TN626_motor_cab.xlsx
2026-05-28 08:03:09,328 [INFO] RENAMED  : 255bc8a8-1c04-49c6-bab1-c97d55531388_motor_cab.xlsx -> KARUNAGAPPALLY SRTO - KL23_motor_cab.xlsx
2026-05-28 08:03:09,345 [INFO] RENAMED  : 26152c1d-de2f-4834-9993-516946a342c7_motor_car.xlsx -> PERUMBAVUR SRTO - KL40_motor_car.xlsx
2026-05-28 08:03:09,364 [INFO] RENAMED  : 2673c7d2-af7a-497e-bc22-360154af1c46_motor_car.xlsx -> CHENNAI (CENTRAL) RTO - TN1_motor_car.xlsx
2026-05-28 08:03:09,382 [INFO] RENAMED  : 268c07c1-5194-467c-bbd8-1c2d8102eadd_motor_car.xlsx -> BIJAPUR  RTO - KA28_motor_car.xlsx
2026-05-28 08:03:09,400 [INFO] RENAMED  : 26932c23-f9c5-4d75-98b1-4d6fa2d7284c_motor_cab.xlsx -> THURAIYUR UO - TN586_motor_cab.xlsx
2026-05-28 08:03:09,417 [INFO] RENAMED  : 27c48aa5-44c4-4a2a-a16d-353454542519_motor_car.xlsx -> VIRUDHACHALAM UO - TN553_motor_car.xlsx
2026-05-28 08:03:09,434 [INFO] RENAMED  : 281ed665-ae2d-4b57-acfa-cc9d1ceaa3ad_motor_cab.xlsx -> ARIYALUR RTO - TN61_motor_cab.xlsx
2026-05-28 08:03:09,452 [INFO] RENAMED  : 284e9c28-2d24-4e51-9177-0a52321a3b38_motor_cab.xlsx -> VANDIPERIYAR SRTO - KL37_motor_cab.xlsx
2026-05-28 08:03:09,469 [INFO] RENAMED  : 28b59874-08a6-4d5d-8fa5-9be9656cc9bb_motor_car.xlsx -> ATTUR RTO - TN591_motor_car.xlsx
2026-05-28 08:03:09,488 [INFO] RENAMED  : 28fe3d87-ebf4-47e9-b432-790f69fe4336_motor_car.xlsx -> YADGIRI  RTO - KA33_motor_car.xlsx
2026-05-28 08:03:09,505 [INFO] RENAMED  : 298e3d66-3170-4942-8f16-f263d75c48de_motor_car.xlsx -> SRIVILLIPUTHUR RTO - TN605_motor_car.xlsx
2026-05-28 08:03:09,522 [INFO] RENAMED  : 2a1519ef-58fc-4f95-9f5d-1cf3c4130ee1_motor_cab.xlsx -> SULTHANBATHERY SRTO - KL73_motor_cab.xlsx
2026-05-28 08:03:09,539 [INFO] RENAMED  : 2a25a769-a3c9-4832-a2aa-c5283398180b_motor_cab.xlsx -> ALAPPUZHA RTO - KL4_motor_cab.xlsx
2026-05-28 08:03:09,557 [INFO] RENAMED  : 2ab64374-9eb6-45de-9937-4557f8af1066_motor_cab.xlsx -> ODDANCHATRAM  UO - TN595_motor_cab.xlsx
2026-05-28 08:03:09,573 [INFO] RENAMED  : 2c94f31a-bed6-4446-866e-ba89d9c86eff_motor_cab.xlsx -> TC OFFICE - STA OFFICE - KL99_motor_cab.xlsx
2026-05-28 08:03:09,590 [INFO] RENAMED  : 2ccb7edd-82d5-4849-a5e1-f76bab4801ea_motor_car.xlsx -> DHARMAPURI RTO - TN29_motor_car.xlsx
2026-05-28 08:03:09,607 [INFO] RENAMED  : 2d1f1833-a86c-4954-961e-28cac9b014ac_motor_cab.xlsx -> NEYVELI UO - TN562_motor_cab.xlsx
2026-05-28 08:03:09,622 [INFO] RENAMED  : 2df22df7-ebb8-4905-a3d3-58483d9b1f96_motor_cab.xlsx -> PERAMBALUR RTO - TN46_motor_cab.xlsx
2026-05-28 08:03:09,642 [INFO] RENAMED  : 2ea1127d-174e-4947-8e54-f3a7a0439703_motor_car.xlsx -> ATTINGAL RTO - KL16_motor_car.xlsx
2026-05-28 08:03:09,658 [INFO] RENAMED  : 30cd4765-d70a-4aa5-afc1-817d62bd0942_motor_cab.xlsx -> CHIKAMANGLUR RTO - KA18_motor_cab.xlsx
2026-05-28 08:03:09,675 [INFO] RENAMED  : 31062916-7d6e-4196-96b3-4e6bf62fac85_motor_cab.xlsx -> THIRUTHURAIPOONDI UO - TN630_motor_cab.xlsx
2026-05-28 08:03:09,694 [INFO] RENAMED  : 31eb2055-192c-4c92-8000-096a7af81fb5_motor_car.xlsx -> ODDANCHATRAM  UO - TN595_motor_car.xlsx
2026-05-28 08:03:09,711 [INFO] RENAMED  : 328f65f5-3fab-4808-a5d6-580684dca499_motor_car.xlsx -> ILLUPPUR UO - TN629_motor_car.xlsx
2026-05-28 08:03:09,730 [INFO] RENAMED  : 32e25e74-3bc1-4878-ae39-91dd13dd42ca_motor_cab.xlsx -> TRIVANDRUM RTO - KL1_motor_cab.xlsx
2026-05-28 08:03:09,747 [INFO] RENAMED  : 3318ec03-092c-47c0-8e8d-926b892d8fa0_motor_car.xlsx -> NAGERCOIL RTO - TN74_motor_car.xlsx
2026-05-28 08:03:09,765 [INFO] RENAMED  : 3398255a-cfa2-4901-8443-1d0731e69052_motor_car.xlsx -> TC OFFICE - STA OFFICE - KL99_motor_car.xlsx
2026-05-28 08:03:09,780 [INFO] RENAMED  : 3404a982-8005-4939-8f4e-81987912bb02_motor_cab.xlsx -> STATE TRANSPORT AUTHORITY - KA99_motor_cab.xlsx
2026-05-28 08:03:09,797 [INFO] RENAMED  : 34db7e75-2c31-4166-be9e-079fba742860_motor_cab.xlsx -> MATTANCHERRY SRTO - KL43_motor_cab.xlsx
2026-05-28 08:03:09,814 [INFO] RENAMED  : 351901b3-bd09-4a00-b0f1-d335d569de8a_motor_cab.xlsx -> SRIRANGAM RTO - TN48_motor_cab.xlsx
2026-05-28 08:03:09,839 [INFO] RENAMED  : 35756bfb-9178-40f3-b191-9ce352c37ac7_motor_car.xlsx -> REGIONAL TRANSPORT OFFICE BELAGAVI - KA22_motor_car.xlsx
2026-05-28 08:03:09,905 [INFO] RENAMED  : 3588ab39-95d2-41a8-949a-e7ff14b580a5_motor_car.xlsx -> THOOTHUKUDI RTO - TN69_motor_car.xlsx
2026-05-28 08:03:09,922 [INFO] RENAMED  : 35a09179-7799-4f6e-bc4d-5a5655707cdf_motor_cab.xlsx -> DINDIGUL RTO - TN57_motor_cab.xlsx
2026-05-28 08:03:09,940 [INFO] RENAMED  : 35dd8de1-dff3-4027-a2ac-103014edb0d7_motor_car.xlsx -> NANMANDA SRTO - KL76_motor_car.xlsx
2026-05-28 08:03:09,956 [INFO] RENAMED  : 3660b60a-d8b2-4768-8a14-bc7322e6c2c3_motor_cab.xlsx -> UDUMALPET RTO - TN581_motor_cab.xlsx
2026-05-28 08:03:09,972 [INFO] RENAMED  : 3721dea5-52e8-4e09-ae16-2e9241ea7bcd_motor_cab.xlsx -> ALATHUR SRTO - KL49_motor_cab.xlsx
2026-05-28 08:03:09,988 [INFO] RENAMED  : 374e994a-7291-43d7-9a2b-cd026dbedf8b_motor_cab.xlsx -> THIRUTTANI UO - TN634_motor_cab.xlsx
2026-05-28 08:03:10,004 [INFO] RENAMED  : 389c8bcd-e620-4745-baac-f0dca8541e9f_motor_cab.xlsx -> HONNAVAR  ARTO - KA47_motor_cab.xlsx
2026-05-28 08:03:10,021 [INFO] RENAMED  : 38e7e468-91b1-48e7-8bc9-ba8679785268_motor_cab.xlsx -> BAGALKOT  RTO - KA29_motor_cab.xlsx
2026-05-28 08:03:10,041 [INFO] RENAMED  : 3918dfc8-ba8b-4f96-85b8-7696645eea8b_motor_car.xlsx -> TIRUCHI RTO - TN45_motor_car.xlsx
2026-05-28 08:03:10,058 [INFO] RENAMED  : 3a2c2fdf-866c-4a2e-8502-37c699f653cf_motor_car.xlsx -> KOLAR  RTO - KA7_motor_car.xlsx
2026-05-28 08:03:10,075 [INFO] RENAMED  : 3b0c7a21-6b65-4af9-b4d1-08ffeb699182_motor_cab.xlsx -> PERAMBRA SRTO - KL77_motor_cab.xlsx
2026-05-28 08:03:10,090 [INFO] RENAMED  : 3b43cda9-ebe6-4005-b435-33cda5f54fad_motor_car.xlsx -> CHECK POST - PY99_motor_car.xlsx
2026-05-28 08:03:10,107 [INFO] RENAMED  : 3b4ccd7e-8a33-4a96-975a-0c7c8e5306de_motor_car.xlsx -> KOZHIKODE RTO - KL11_motor_car.xlsx
2026-05-28 08:03:10,122 [INFO] RENAMED  : 3b50cb9c-ca87-4221-9ac6-e6795b04baed_motor_cab.xlsx -> MANNARGHAT SRTO - KL50_motor_cab.xlsx
2026-05-28 08:03:10,142 [INFO] RENAMED  : 3b576a4a-8183-45f9-a479-50c45f1c189f_motor_car.xlsx -> ALANGULAM UO - TN644_motor_car.xlsx
2026-05-28 08:03:10,160 [INFO] RENAMED  : 3b98c0e5-e3b2-491a-bfc9-15f3aaeb77b4_motor_car.xlsx -> K G F  ARTO - KA8_motor_car.xlsx
2026-05-28 08:03:10,177 [INFO] RENAMED  : 3bd0ee7d-aa06-4cae-a274-736ba56594ff_motor_cab.xlsx -> DEVANAHALLI  ARTO - KA43_motor_cab.xlsx
2026-05-28 08:03:10,195 [INFO] RENAMED  : 3cd2acb4-cf58-45b8-9a9e-2c53163aa2e5_motor_cab.xlsx -> CHENGANNUR SRTO - KL30_motor_cab.xlsx
2026-05-28 08:03:10,214 [INFO] RENAMED  : 3ce09245-bbdc-40f2-813a-0748828e8011_motor_car.xlsx -> KOTTAYAM RTO - KL5_motor_car.xlsx
2026-05-28 08:03:10,231 [INFO] RENAMED  : 3cf58834-cbda-4954-8f7a-bf3d578240a5_motor_cab.xlsx -> TIRUPPUR (SOUTH) RTO - TN42_motor_cab.xlsx
2026-05-28 08:03:10,250 [INFO] RENAMED  : 3d15b2c3-0bbc-47aa-a8b7-c5fa2315db74_motor_car.xlsx -> UTHAMAPALAYAM UO - TN601_motor_car.xlsx
2026-05-28 08:03:10,269 [INFO] RENAMED  : 3d38ded4-1af7-4923-a285-f05e9c99ce9a_motor_car.xlsx -> MAHE - PY3_motor_car.xlsx
2026-05-28 08:03:10,288 [INFO] RENAMED  : 3d7c7323-39a2-4ef0-8ace-be6ebe709fd0_motor_car.xlsx -> NAMAKKAL (SOUTH) RTO - TN88_motor_car.xlsx
2026-05-28 08:03:10,304 [INFO] RENAMED  : 3e90cfb0-6ffc-447d-9e8c-fdce6b7fee4b_motor_cab.xlsx -> BENGALURU NORTH  RTO - KA4_motor_cab.xlsx
2026-05-28 08:03:10,322 [INFO] RENAMED  : 3f4ea290-bdbb-4590-92a7-7bdd444b54cf_motor_car.xlsx -> REDHILLS RTO - TN18_motor_car.xlsx
2026-05-28 08:03:10,338 [INFO] RENAMED  : 3ff4e6bb-7f37-47a4-85ce-2902575db1ec_motor_cab.xlsx -> IRITTY SRTO - KL78_motor_cab.xlsx
2026-05-28 08:03:10,356 [INFO] RENAMED  : 40ebda6f-8b97-4318-9f1f-7709d6b07314_motor_cab.xlsx -> COIMBATORE (SOUTH) RTO - TN37_motor_cab.xlsx
2026-05-28 08:03:10,371 [INFO] RENAMED  : 41a064ff-e8cd-46e4-b583-bfe8a39ac1db_motor_cab.xlsx -> VALPARAI UO - TN633_motor_cab.xlsx
2026-05-28 08:03:10,387 [INFO] RENAMED  : 41f4c732-14ae-44b3-ab45-cb87d511ef55_motor_cab.xlsx -> BIDAR  RTO - KA38_motor_cab.xlsx
2026-05-28 08:03:10,404 [INFO] RENAMED  : 41f69520-c01a-443c-bd2d-97c59bd1a5c4_motor_cab.xlsx -> MADIKERI  RTO - KA12_motor_cab.xlsx
2026-05-28 08:03:10,421 [INFO] RENAMED  : 420dbdb4-f456-4a64-861f-46dd835371e7_motor_cab.xlsx -> MANANTHAVADY SRTO - KL72_motor_cab.xlsx
2026-05-28 08:03:10,438 [INFO] RENAMED  : 42b335db-2681-4538-861a-e84ec76636d1_motor_car.xlsx -> PERAMBRA SRTO - KL77_motor_car.xlsx
2026-05-28 08:03:10,455 [INFO] RENAMED  : 430b1771-3477-4777-8808-21776a80a6f2_motor_cab.xlsx -> ERNAKULAM RTO - KL7_motor_cab.xlsx
2026-05-28 08:03:10,474 [INFO] RENAMED  : 43409c6a-42fb-4fbf-89ab-f586f23fa3e2_motor_car.xlsx -> BIDAR  RTO - KA38_motor_car.xlsx
2026-05-28 08:03:10,490 [INFO] RENAMED  : 43585ac6-1fc0-413d-bc27-99ae4fb46503_motor_cab.xlsx -> ERODE RTO - TN33_motor_cab.xlsx
2026-05-28 08:03:10,506 [INFO] RENAMED  : 437e980a-70ad-4d10-b634-82bbad9d1b4e_motor_cab.xlsx -> PATHANAPURAM SRTO - KL80_motor_cab.xlsx
2026-05-28 08:03:10,522 [INFO] RENAMED  : 440a8579-2787-4c92-9e1e-9a658473f513_motor_cab.xlsx -> PALAKKAD RTO - KL9_motor_cab.xlsx
2026-05-28 08:03:10,540 [INFO] RENAMED  : 442167d9-e9df-4d2b-a86e-6c16e3a8ab7f_motor_car.xlsx -> PALANI RTO - TN597_motor_car.xlsx
2026-05-28 08:03:10,557 [INFO] RENAMED  : 445966f2-5826-4d3a-9cc8-8bb2dad3bd6f_motor_cab.xlsx -> SHIMOGA  RTO - KA14_motor_cab.xlsx
2026-05-28 08:03:10,573 [INFO] RENAMED  : 45190d09-a82c-43cc-a8d4-331941df9a73_motor_cab.xlsx -> AMBUR UO - TN628_motor_cab.xlsx
2026-05-28 08:03:10,595 [INFO] RENAMED  : 458234b8-d119-46cd-81b2-5eba0f74f478_motor_car.xlsx -> TIRUPPUR (NORTH) RTO - TN39_motor_car.xlsx
2026-05-28 08:03:10,612 [INFO] RENAMED  : 45fc211f-a7cb-4e7f-aa48-f7720effcbea_motor_car.xlsx -> THIRUR SRTO - KL55_motor_car.xlsx
2026-05-28 08:03:10,628 [INFO] RENAMED  : 469ed647-65da-4ca2-831c-43eec71027f0_motor_cab.xlsx -> CHENNAI (SOUTH-EAST) RTO - TN6_motor_cab.xlsx
2026-05-28 08:03:10,646 [INFO] RENAMED  : 47309ce1-253b-4533-a7e3-1c2becd932e6_motor_car.xlsx -> MATTANCHERRY SRTO - KL43_motor_car.xlsx
2026-05-28 08:03:10,664 [INFO] RENAMED  : 473bf0ea-4583-49bc-a57c-8bd54c500e22_motor_cab.xlsx -> PUDUKOTTAI RTO - TN55_motor_cab.xlsx
2026-05-28 08:03:10,679 [INFO] RENAMED  : 47a1d9b2-7773-4b60-b00d-0d0568015d29_motor_cab.xlsx -> NILAMBUR SRTO - KL71_motor_cab.xlsx
2026-05-28 08:03:10,695 [INFO] RENAMED  : 47d2cc16-ff64-4707-b879-0f350d7c8566_motor_cab.xlsx -> THODUPUZHA SRTO - KL38_motor_cab.xlsx
2026-05-28 08:03:10,712 [INFO] RENAMED  : 495eb2ef-6ddd-4b3b-b646-e98e670ab3f4_motor_cab.xlsx -> NELAMANGALA  RTO - KA52_motor_cab.xlsx
2026-05-28 08:03:10,730 [INFO] RENAMED  : 4974df23-200f-4aaf-a50e-7e036d7f1ac6_motor_cab.xlsx -> TIRUVANNAMALAI RTO - TN25_motor_cab.xlsx
2026-05-28 08:03:10,747 [INFO] RENAMED  : 49931f34-d40d-4bb6-9695-58a65c9b4bf4_motor_car.xlsx -> MALLAPPALLY SRTO - KL28_motor_car.xlsx
2026-05-28 08:03:10,767 [INFO] RENAMED  : 4a05e02f-ecf4-4b6d-b7b9-ecb7ab2c0cb3_motor_cab.xlsx -> KASARGODE RTO - KL14_motor_cab.xlsx
2026-05-28 08:03:10,784 [INFO] RENAMED  : 4a1b6d23-1008-464f-9033-04804cbed302_motor_car.xlsx -> THIRUMANGALAM  UO - TN598_motor_car.xlsx
2026-05-28 08:03:10,803 [INFO] RENAMED  : 4a914f83-2365-495d-8ea9-1485ddf93f84_motor_car.xlsx -> DINDIGUL RTO - TN57_motor_car.xlsx
2026-05-28 08:03:10,819 [INFO] RENAMED  : 4bbe7321-06b5-4b5c-9f95-8a5855ff48d9_motor_car.xlsx -> MADHUGIRI, TUMAKURU ARTO - KA64_motor_car.xlsx
2026-05-28 08:03:10,835 [INFO] RENAMED  : 4bc9d22a-5868-4193-a64b-21696d46bf64_motor_cab.xlsx -> TIPTUR  ARTO - KA44_motor_cab.xlsx
2026-05-28 08:03:10,851 [INFO] RENAMED  : 4c8ebd34-1eab-43b0-8e04-ab2f2d0eb98d_motor_car.xlsx -> RANIPET RTO - TN73_motor_car.xlsx
2026-05-28 08:03:10,869 [INFO] RENAMED  : 4d416488-b1fe-4020-aa10-56f1c670c5aa_motor_car.xlsx -> KALABURAGI  RTO - KA32_motor_car.xlsx
2026-05-28 08:03:10,885 [INFO] RENAMED  : 4e6c112f-8374-4f5a-93d5-0d3ae0b085ec_motor_cab.xlsx -> KRISHNARAJAPURAM  RTO - KA53_motor_cab.xlsx
2026-05-28 08:03:10,900 [INFO] RENAMED  : 4e9424b7-88dd-48f5-b865-d5f83f3d45df_motor_cab.xlsx -> MUVATTUPUZHA RTO - KL17_motor_cab.xlsx
2026-05-28 08:03:10,918 [INFO] RENAMED  : 4ed21f02-78f1-4ba6-9011-03827b8d0eff_motor_car.xlsx -> ELECTRONIC CITY  RTO - KA51_motor_car.xlsx
2026-05-28 08:03:10,980 [INFO] RENAMED  : 4f7a888a-c358-432d-b210-997d5ea81e61_motor_car.xlsx -> ULUNDURPET RTO - TN577_motor_car.xlsx
2026-05-28 08:03:10,998 [INFO] RENAMED  : 4f9cc721-cf4f-43ad-833f-ef836f25034d_motor_car.xlsx -> MANANTHAVADY SRTO - KL72_motor_car.xlsx
2026-05-28 08:03:11,013 [INFO] RENAMED  : 4fa1dd35-7c47-483d-a7e7-96e4128fc65c_motor_car.xlsx -> CHINTAMANI ARTO - KA67_motor_car.xlsx
2026-05-28 08:03:11,030 [INFO] RENAMED  : 5033b64b-0012-4194-8671-2872058653e9_motor_car.xlsx -> THRISSUR RTO - KL8_motor_car.xlsx
2026-05-28 08:03:11,049 [INFO] RENAMED  : 50b9b00f-9dc8-4349-8127-0774048b1170_motor_car.xlsx -> TRIVANDRUM RTO - KL1_motor_car.xlsx
2026-05-28 08:03:11,063 [INFO] RENAMED  : 510c0be8-2159-4d97-9470-3f82fad13392_motor_cab.xlsx -> RANIBENNUR ARTO - KA68_motor_cab.xlsx
2026-05-28 08:03:11,079 [INFO] RENAMED  : 51761dc9-6ae8-460c-a365-ba1a18b6ee71_motor_car.xlsx -> GOKAK  ARTO - KA49_motor_car.xlsx
2026-05-28 08:03:11,095 [INFO] RENAMED  : 518d2587-236a-40b0-9890-15544864b2c6_motor_car.xlsx -> STU AND AUTORIKSHAW,  SHANTHINAGAR RTO - KA57_motor_car.xlsx
2026-05-28 08:03:11,113 [INFO] RENAMED  : 51be323d-e6c3-439f-b075-2b54d2e030dd_motor_car.xlsx -> BENGALURU WEST  RTO - KA2_motor_car.xlsx
2026-05-28 08:03:11,129 [INFO] RENAMED  : 51be5700-a1db-46eb-9f2f-b4420b8c57fb_motor_car.xlsx -> NORTH PARUR SRTO - KL42_motor_car.xlsx
2026-05-28 08:03:11,145 [INFO] RENAMED  : 51d1cb3f-dd16-47f6-bab0-bd1562eb9c77_motor_cab.xlsx -> HOSPET  RTO - KA35_motor_cab.xlsx
2026-05-28 08:03:11,163 [INFO] RENAMED  : 5290084d-48f5-4932-8690-63a28bdd0e1c_motor_car.xlsx -> SALEM (WEST) RTO - TN30_motor_car.xlsx
2026-05-28 08:03:11,181 [INFO] RENAMED  : 53d08377-168c-44c4-a4d7-1ccee0bc1c9b_motor_car.xlsx -> ALANGUDI UO - TN641_motor_car.xlsx
2026-05-28 08:03:11,197 [INFO] RENAMED  : 54b85104-1f37-4955-bb72-3ea8078b8743_motor_car.xlsx -> ARIYALUR RTO - TN61_motor_car.xlsx
2026-05-28 08:03:11,213 [INFO] RENAMED  : 54c39e4a-4b2e-4810-b977-abc2f914939b_motor_cab.xlsx -> TIRUVARUR RTO - TN50_motor_cab.xlsx
2026-05-28 08:03:11,231 [INFO] RENAMED  : 54d38d71-251f-4aa4-83dd-52e50c4bb35d_motor_cab.xlsx -> CHENNAI (NORTH) RTO - TN5_motor_cab.xlsx
2026-05-28 08:03:11,246 [INFO] RENAMED  : 5515a1b7-aa06-43eb-b7a7-7be5f3687b5f_motor_cab.xlsx -> CHANGANACHERRY SRTO - KL33_motor_cab.xlsx
2026-05-28 08:03:11,264 [INFO] RENAMED  : 55cd5b68-4935-4e08-b39f-6c1a507a63aa_motor_car.xlsx -> PALACODE UO - TN616_motor_car.xlsx
2026-05-28 08:03:11,282 [INFO] RENAMED  : 56d258f5-a3af-48d1-a9a9-8dfffa8b1ccf_motor_cab.xlsx -> SIVAGANGAI RTO - TN63_motor_cab.xlsx
2026-05-28 08:03:11,298 [INFO] RENAMED  : 56f38f1c-0203-414d-b2f2-09f06d395d6e_motor_car.xlsx -> BENGALURU NORTH  RTO - KA4_motor_car.xlsx
2026-05-28 08:03:11,314 [INFO] RENAMED  : 56fbcedb-ab52-4909-8292-e058ba16b632_motor_cab.xlsx -> ATTUR RTO - TN591_motor_cab.xlsx
2026-05-28 08:03:11,331 [INFO] RENAMED  : 57be0f6b-0963-4bb3-856c-c7a47184d6f6_motor_car.xlsx -> TINDIVANAM RTO - TN571_motor_car.xlsx
2026-05-28 08:03:11,347 [INFO] RENAMED  : 57e56ec9-0726-45c3-b3bf-076fb23f32c3_motor_car.xlsx -> PUDUCHERRY - PY1_motor_car.xlsx
2026-05-28 08:03:11,366 [INFO] RENAMED  : 581db92d-7c39-48a2-9b18-dd92db911ab7_motor_car.xlsx -> SATHYAMANGALAM UO - TN579_motor_car.xlsx
2026-05-28 08:03:11,384 [INFO] RENAMED  : 5838be05-0046-4443-826e-2d65823027ca_motor_car.xlsx -> THIRUPATTUR RTO - TN624_motor_car.xlsx
2026-05-28 08:03:11,401 [INFO] RENAMED  : 59355732-4af3-4e6e-bfac-3a165e152375_motor_car.xlsx -> RAICHUR  RTO - KA36_motor_car.xlsx
2026-05-28 08:03:11,416 [INFO] RENAMED  : 59b37e44-14fd-434d-94d7-4673cb37ce56_motor_cab.xlsx -> TIRUCHENGODE RTO - TN34_motor_cab.xlsx
2026-05-28 08:03:11,432 [INFO] RENAMED  : 5a120f3b-2d90-4c48-8b6d-018d3744c0d7_motor_cab.xlsx -> ULUNDURPET RTO - TN577_motor_cab.xlsx
2026-05-28 08:03:11,447 [INFO] RENAMED  : 5ab1a06a-7649-4915-897d-4a428e53a063_motor_cab.xlsx -> THALIPARAMBA SRTO - KL59_motor_cab.xlsx
2026-05-28 08:03:11,467 [INFO] RENAMED  : 5b4bbc61-fd45-47ad-af2d-4898d1fa6a8e_motor_car.xlsx -> KRISHNARAJAPURAM  RTO - KA53_motor_car.xlsx
2026-05-28 08:03:11,482 [INFO] RENAMED  : 5bb46380-5b40-46f0-b3bc-232654404204_motor_cab.xlsx -> PATHANAMTHITTA RTO - KL3_motor_cab.xlsx
2026-05-28 08:03:11,498 [INFO] RENAMED  : 5cad2520-2e20-4a29-8962-80165d6cd3f4_motor_cab.xlsx -> CHALAKKUDY SRTO - KL64_motor_cab.xlsx
2026-05-28 08:03:11,512 [INFO] RENAMED  : 5d13cb76-e3fe-4559-b4b4-ce0f0a389626_motor_car.xlsx -> NATIONALISED SECTOR(TVPM) RTO - KL15_motor_car.xlsx
2026-05-28 08:03:11,532 [INFO] RENAMED  : 5d910361-fda3-4772-a3da-6e39be2592e8_motor_car.xlsx -> CHANDAPURA, BENGALURU RTO - KA59_motor_car.xlsx
2026-05-28 08:03:11,548 [INFO] RENAMED  : 5dd36e5c-c5c7-4a1d-8de5-eed541c3bdb3_motor_car.xlsx -> HONNAVAR  ARTO - KA47_motor_car.xlsx
2026-05-28 08:03:11,563 [INFO] RENAMED  : 5e349e82-7348-4f34-b807-2d488b143a83_motor_cab.xlsx -> RAICHUR  RTO - KA36_motor_cab.xlsx
2026-05-28 08:03:11,581 [INFO] RENAMED  : 5e6eb572-2086-4a3c-aad2-12ff66a88006_motor_car.xlsx -> VANIYAMBADI RTO - TN515_motor_car.xlsx
2026-05-28 08:03:11,598 [INFO] RENAMED  : 5e7891e2-5818-40c4-9b55-08fb4720c0e9_motor_car.xlsx -> DHARWAD EAST RTO - KA63_motor_car.xlsx
2026-05-28 08:03:11,615 [INFO] RENAMED  : 5e80a86d-46fe-45b8-949d-4d63094a7302_motor_cab.xlsx -> VELLORE RTO - TN23_motor_cab.xlsx
2026-05-28 08:03:11,632 [INFO] RENAMED  : 5e974478-637c-47f8-a81b-3d2d18e06ff9_motor_car.xlsx -> KONDOTTY SRTO - KL84_motor_car.xlsx
2026-05-28 08:03:11,647 [INFO] RENAMED  : 5f56b0b9-689e-4743-811a-c31e68909913_motor_cab.xlsx -> CHICKABALLAPUR  RTO - KA40_motor_cab.xlsx
2026-05-28 08:03:11,665 [INFO] RENAMED  : 5f69340a-1e4e-4600-8286-5fb620a66eb2_motor_car.xlsx -> NILAMBUR SRTO - KL71_motor_car.xlsx
2026-05-28 08:03:11,681 [INFO] RENAMED  : 5f7bc6bd-6c02-41de-8f91-d3a85fc6b6d0_motor_cab.xlsx -> RAMANAGAR  RTO - KA42_motor_cab.xlsx
2026-05-28 08:03:11,696 [INFO] RENAMED  : 60236f94-268e-4791-ab7c-7f0ca065beab_motor_cab.xlsx -> ANGAMALI SRTO - KL63_motor_cab.xlsx
2026-05-28 08:03:11,715 [INFO] RENAMED  : 6050ea1e-e60b-49f8-b800-554b0467a16d_motor_car.xlsx -> CHADAYAMANGALA SRTO - KL82_motor_car.xlsx
2026-05-28 08:03:11,732 [INFO] RENAMED  : 60839db4-de0b-4c10-ade0-8d8667d5db5b_motor_cab.xlsx -> THRIPRAYAR SRTO - KL75_motor_cab.xlsx
2026-05-28 08:03:11,749 [INFO] RENAMED  : 611d72f8-4a31-4f87-a101-67325617b3b5_motor_car.xlsx -> RAMANATTUKARA (FEROKE) SRTO - KL85_motor_car.xlsx
2026-05-28 08:03:11,766 [INFO] RENAMED  : 61707339-4a87-465c-b980-7fd6d6ed4e79_motor_car.xlsx -> MUSURI UO - TN621_motor_car.xlsx
2026-05-28 08:03:11,783 [INFO] RENAMED  : 628f599a-0657-40a9-b22a-99215368b11f_motor_car.xlsx -> CHENNAI (NORTH) RTO - TN5_motor_car.xlsx
2026-05-28 08:03:11,800 [INFO] RENAMED  : 62c82ba7-b5d9-4c3b-a5a6-01a945d93a82_motor_car.xlsx -> SULUR UO - TN620_motor_car.xlsx
2026-05-28 08:03:11,816 [INFO] RENAMED  : 63684a17-0c1f-4540-937a-31220f863cfa_motor_cab.xlsx -> MALAPPURAM RTO - KL10_motor_cab.xlsx
2026-05-28 08:03:11,833 [INFO] RENAMED  : 63f374b8-fc27-41b9-9321-fcf96e00a6c2_motor_cab.xlsx -> KOPPAL  RTO - KA37_motor_cab.xlsx
2026-05-28 08:03:11,854 [INFO] RENAMED  : 6431dae8-44e8-4403-ac61-06ce6b07f513_motor_car.xlsx -> KUNDRATHUR RTO - TN85_motor_car.xlsx
2026-05-28 08:03:11,873 [INFO] RENAMED  : 64c1d662-3c15-4718-a6b3-6881c142cb4e_motor_cab.xlsx -> THIRUR SRTO - KL55_motor_cab.xlsx
2026-05-28 08:03:11,966 [INFO] RENAMED  : 653978a7-d896-4040-981a-32ec2ed6f3f2_motor_cab.xlsx -> DHARMAPURI RTO - TN29_motor_cab.xlsx
2026-05-28 08:03:11,994 [INFO] RENAMED  : 6545e0eb-9dec-473b-bd57-84e9c575cfdc_motor_cab.xlsx -> CHENNAI (WEST) RTO - TN9_motor_cab.xlsx
2026-05-28 08:03:12,015 [INFO] RENAMED  : 654a7261-a45f-41a8-ada3-8c23f7dbd6ba_motor_cab.xlsx -> BATLAGUNDU UO - TN596_motor_cab.xlsx
2026-05-28 08:03:12,049 [INFO] RENAMED  : 655d94c2-1782-4b3a-9930-8150435cb02d_motor_cab.xlsx -> KANHANGAD SRTO - KL60_motor_cab.xlsx
2026-05-28 08:03:12,071 [INFO] RENAMED  : 656be848-9566-465b-a805-d2c9a67d9539_motor_cab.xlsx -> THIRUMANGALAM  UO - TN598_motor_cab.xlsx
2026-05-28 08:03:12,111 [INFO] RENAMED  : 6584fad8-4025-4e92-898e-90a765b1cd3c_motor_car.xlsx -> CHIDAMBARAM RTO - TN544_motor_car.xlsx
2026-05-28 08:03:12,150 [INFO] RENAMED  : 669dc6d9-9c2b-4eb3-8a73-aa70af30d4a7_motor_car.xlsx -> ARAKKONAM UO - TN609_motor_car.xlsx
2026-05-28 08:03:12,177 [INFO] RENAMED  : 66b50d52-06f1-46d0-aa8e-2857bbce94e0_motor_car.xlsx -> ATHANI ARTO - KA71_motor_car.xlsx
2026-05-28 08:03:12,205 [INFO] RENAMED  : 66eb2031-66a7-4df9-949c-7ac31a146d4d_motor_cab.xlsx -> ARUPPUKOTTAI UO - TN622_motor_cab.xlsx
2026-05-28 08:03:12,237 [INFO] RENAMED  : 67813bae-dc03-421c-a7a4-bd4dc9681060_motor_car.xlsx -> MADURAI (SOUTH) RTO - TN58_motor_car.xlsx
2026-05-28 08:03:12,269 [INFO] RENAMED  : 686a4313-c812-4325-a6a2-6f8545a488dd_motor_cab.xlsx -> CHECK POST - PY99_motor_cab.xlsx
2026-05-28 08:03:12,306 [INFO] RENAMED  : 6a925aa3-5b0c-42a1-ac20-44517b17a6ca_motor_car.xlsx -> HUNSUR  ARTO - KA45_motor_car.xlsx
2026-05-28 08:03:12,336 [INFO] RENAMED  : 6bc6a80a-76e6-4184-adee-3a786734cc06_motor_cab.xlsx -> KANCHEEPURAM RTO - TN21_motor_cab.xlsx
2026-05-28 08:03:12,360 [INFO] RENAMED  : 6cd86315-841f-4537-9518-d94c8328f0e0_motor_cab.xlsx -> ERODE (WEST) RTO - TN86_motor_cab.xlsx
2026-05-28 08:03:12,387 [INFO] RENAMED  : 6d431da6-b99d-422e-aab1-873e746893a2_motor_cab.xlsx -> CHENNAI (SOUTH-WEST) RTO - TN10_motor_cab.xlsx
2026-05-28 08:03:12,412 [INFO] RENAMED  : 6e291e01-6132-4be1-be1c-bc9fca237e6b_motor_car.xlsx -> TENKASI RTO - TN76_motor_car.xlsx
2026-05-28 08:03:12,430 [INFO] RENAMED  : 6ec31ce4-6e6a-42e7-a928-9007dfdee22c_motor_cab.xlsx -> PALACODE UO - TN616_motor_cab.xlsx
2026-05-28 08:03:12,460 [INFO] RENAMED  : 6ed76f1e-5c2f-4a78-8b47-c669a1f39c8b_motor_car.xlsx -> KAYAMKULAM SRTO - KL29_motor_car.xlsx
2026-05-28 08:03:12,485 [INFO] RENAMED  : 6ed97caf-f38c-4dd9-9d55-0d7aeffc6f0b_motor_car.xlsx -> KUTTANADU SRTO - KL66_motor_car.xlsx
2026-05-28 08:03:12,503 [INFO] RENAMED  : 6ee4f3b6-294b-4aa2-b965-e62f36fc9901_motor_cab.xlsx -> VADIPATTI UO - TN599_motor_cab.xlsx
2026-05-28 08:03:12,536 [INFO] RENAMED  : 6ef7b5e9-9be5-4e8b-8c70-7b55f3bef698_motor_cab.xlsx -> VADAKARA RTO - KL18_motor_cab.xlsx
2026-05-28 08:03:12,555 [INFO] RENAMED  : 70b10359-b978-4558-9535-9a3fe7f647b4_motor_cab.xlsx -> BHAVANI UO - TN578_motor_cab.xlsx
2026-05-28 08:03:12,573 [INFO] RENAMED  : 70d8fbec-99f8-420f-a89f-2a7a8bfc1213_motor_cab.xlsx -> NATHAM UO - TN640_motor_cab.xlsx
2026-05-28 08:03:12,596 [INFO] RENAMED  : 71e6e16d-9111-43d4-ba27-292d56b2183c_motor_car.xlsx -> UDUMBANCHOLA SRTO - KL69_motor_car.xlsx
2026-05-28 08:03:12,623 [INFO] RENAMED  : 7224fad5-ed52-4907-8f2e-37b40c9dd1f5_motor_car.xlsx -> POLLACHI RTO - TN41_motor_car.xlsx
2026-05-28 08:03:12,661 [INFO] RENAMED  : 7261acda-2f5b-4885-8df9-22d9746fa5ae_motor_car.xlsx -> CHICKABALLAPUR  RTO - KA40_motor_car.xlsx
2026-05-28 08:03:12,687 [INFO] RENAMED  : 7270459e-d2e7-4434-b1bd-fefe89864e74_motor_car.xlsx -> VAIKOM SRTO - KL36_motor_car.xlsx
2026-05-28 08:03:12,719 [INFO] RENAMED  : 72cb890d-6f74-4394-8506-b9298a2c52e6_motor_cab.xlsx -> MYSURU  EAST  RTO - KA55_motor_cab.xlsx
2026-05-28 08:03:13,108 [INFO] RENAMED  : 730f8b2d-a929-42c8-9e3e-0083cca9c5e0_motor_cab.xlsx -> ATHANI ARTO - KA71_motor_cab.xlsx
2026-05-28 08:03:13,146 [INFO] RENAMED  : 73d42c19-f314-4f61-a363-92b20b4bf7ce_motor_car.xlsx -> ERODE (WEST) RTO - TN86_motor_car.xlsx
2026-05-28 08:03:13,243 [INFO] RENAMED  : 74516396-b76f-4a8e-8d38-0631044c1e11_motor_cab.xlsx -> MANGALORE  RTO - KA19_motor_cab.xlsx
2026-05-28 08:03:13,286 [INFO] RENAMED  : 74ad4c68-bc3e-4178-8d68-3c0c8bf2372c_motor_car.xlsx -> OMALURE UO - TN535_motor_car.xlsx
2026-05-28 08:03:13,323 [INFO] RENAMED  : 7501f6f6-8a30-4e1a-ab81-f34737a2839a_motor_car.xlsx -> THIRUKALUKUNTRAM UO - TN639_motor_car.xlsx
2026-05-28 08:03:13,358 [INFO] RENAMED  : 75afa32a-fecf-4e73-aedb-322229d2edcc_motor_cab.xlsx -> PARAMAKUDI UO - TN603_motor_cab.xlsx
2026-05-28 08:03:13,386 [INFO] RENAMED  : 761f04f8-2dd4-45c5-ab0b-f9624c512b08_motor_cab.xlsx -> MADURANTAGAM UO - TN508_motor_cab.xlsx
2026-05-28 08:03:13,409 [INFO] RENAMED  : 7638571c-e28c-4bf0-8d34-4855efc5a14a_motor_cab.xlsx -> METTUR RTO - TN590_motor_cab.xlsx
2026-05-28 08:03:13,431 [INFO] RENAMED  : 7650a815-9685-4ac6-b4d9-acc37f2c5a98_motor_cab.xlsx -> WADAKKANCHERRY SRTO - KL48_motor_cab.xlsx
2026-05-28 08:03:13,454 [INFO] RENAMED  : 76b36d83-c42f-4264-b63d-69a44ebf1c0d_motor_cab.xlsx -> BASAVAKALYAN ARTO - KA56_motor_cab.xlsx
2026-05-28 08:03:13,487 [INFO] RENAMED  : 76ec8363-b2ab-44c8-bbe3-de51398d54d3_motor_cab.xlsx -> TAMBARAM RTO - TN513_motor_cab.xlsx
2026-05-28 08:03:13,515 [INFO] RENAMED  : 772d56e9-6d83-4958-818b-1b063cf9e5cf_motor_car.xlsx -> MANNARGHAT SRTO - KL50_motor_car.xlsx
2026-05-28 08:03:13,538 [INFO] RENAMED  : 79fa5b81-aa0c-444f-818d-0803121bd921_motor_cab.xlsx -> MAHE - PY3_motor_cab.xlsx
2026-05-28 08:03:13,560 [INFO] RENAMED  : 7a2dd01c-e6db-4878-8992-d173edea82f9_motor_car.xlsx -> GURUVAYUR SRTO - KL46_motor_car.xlsx
2026-05-28 08:03:13,689 [INFO] RENAMED  : 7a375d44-47ff-4b55-88c1-3d34529e4105_motor_cab.xlsx -> AMBATTUR RTO - TN612_motor_cab.xlsx
2026-05-28 08:03:13,714 [INFO] RENAMED  : 7a6cca60-673c-4d79-854a-6d6ac0fd2a16_motor_cab.xlsx -> SALEM (SOUTH) RTO - TN90_motor_cab.xlsx
2026-05-28 08:03:13,762 [INFO] RENAMED  : 7aa2e09c-b648-498d-9d50-08a5dc69d715_motor_car.xlsx -> BENGALURU SOUTH  RTO - KA5_motor_car.xlsx
2026-05-28 08:03:13,791 [INFO] RENAMED  : 7b6d6da0-37bb-4657-a1df-6da75f4d7cf0_motor_cab.xlsx -> ALUVA SRTO - KL41_motor_cab.xlsx
2026-05-28 08:03:13,811 [INFO] RENAMED  : 7b7d97ee-c4eb-46fe-80ed-fa2986b7f74a_motor_car.xlsx -> KARWAR  RTO - KA30_motor_car.xlsx
2026-05-28 08:03:13,834 [INFO] RENAMED  : 7bbdc966-33e0-4e49-b81a-4e58df045a47_motor_car.xlsx -> TRIPUNITHURA SRTO - KL39_motor_car.xlsx
2026-05-28 08:03:13,852 [INFO] RENAMED  : 7bc3ce7b-d49d-4903-9014-2b417e6009f1_motor_cab.xlsx -> ARAVAKURICHI UO - TN632_motor_cab.xlsx
2026-05-28 08:03:13,868 [INFO] RENAMED  : 7d308058-08a2-4d3a-935d-92bd5f1cb855_motor_cab.xlsx -> VEDACHANDUR UO - TN617_motor_cab.xlsx
2026-05-28 08:03:13,884 [INFO] RENAMED  : 7d6d3329-62bd-424b-bbed-a7263508e69e_motor_car.xlsx -> CHIKKODI  RTO - KA23_motor_car.xlsx
2026-05-28 08:03:13,904 [INFO] RENAMED  : 7de6d83f-c654-49ea-8504-87a240414ac8_motor_car.xlsx -> TUMKUR  RTO - KA6_motor_car.xlsx
2026-05-28 08:03:13,920 [INFO] RENAMED  : 7e8ec494-0fc9-4962-a863-1da087f87766_motor_cab.xlsx -> COIMBATORE (CENTRAL) RTO - TN66_motor_cab.xlsx
2026-05-28 08:03:13,935 [INFO] RENAMED  : 7f52d9ff-e1e4-48e9-bd6f-8a78f1096e4b_motor_cab.xlsx -> GADAG  RTO - KA26_motor_cab.xlsx
2026-05-28 08:03:13,953 [INFO] RENAMED  : 7f987553-c980-4cb9-ba2d-ff0b6dbf8bd4_motor_car.xlsx -> MADIKERI  RTO - KA12_motor_car.xlsx
2026-05-28 08:03:13,972 [INFO] RENAMED  : 8080b283-9354-4db5-a820-5317c3755138_motor_car.xlsx -> THIRUVALLA SRTO - KL27_motor_car.xlsx
2026-05-28 08:03:13,988 [INFO] RENAMED  : 80b6c78f-fd3e-4f1e-b162-553ddeaa2fed_motor_cab.xlsx -> MARTHANDAM RTO - TN75_motor_cab.xlsx
2026-05-28 08:03:14,015 [INFO] RENAMED  : 80da8961-b7c5-4ada-9ae3-e403ddbdaf46_motor_car.xlsx -> SRIPERUMBUDUR RTO - TN614_motor_car.xlsx
2026-05-28 08:03:14,031 [INFO] RENAMED  : 81670ad8-d6d6-406a-97eb-a89cfb5f351d_motor_car.xlsx -> CUDDALORE RTO - TN31_motor_car.xlsx
2026-05-28 08:03:14,050 [INFO] RENAMED  : 81a4ab6f-f24e-42fa-8be4-1bc41b8355f8_motor_car.xlsx -> YALAHANKA  RTO - KA50_motor_car.xlsx
2026-05-28 08:03:14,113 [INFO] RENAMED  : 81e344bd-12ad-4680-9ddd-d209b3546d1a_motor_car.xlsx -> MEENAMBAKKAM RTO - TN22_motor_car.xlsx
2026-05-28 08:03:14,128 [INFO] RENAMED  : 820de91d-16d5-4dd2-ad99-113cf19c70bb_motor_cab.xlsx -> YANAM - PY4_motor_cab.xlsx
2026-05-28 08:03:14,143 [INFO] RENAMED  : 82a4dfa1-018a-4630-a210-eb351b828728_motor_cab.xlsx -> SAGAR  ARTO - KA15_motor_cab.xlsx
2026-05-28 08:03:14,160 [INFO] RENAMED  : 8384d7e7-b958-4692-af78-fce904d81fa6_motor_car.xlsx -> MADURAI (NORTH) RTO - TN59_motor_car.xlsx
2026-05-28 08:03:14,176 [INFO] RENAMED  : 83cdd9a7-9a15-420f-a0b5-9dbaf21fd24b_motor_cab.xlsx -> RAMANATTUKARA (FEROKE) SRTO - KL85_motor_cab.xlsx
2026-05-28 08:03:14,192 [INFO] RENAMED  : 8470733d-5039-4d14-8cca-2a2caff9e518_motor_cab.xlsx -> ARAKKONAM UO - TN609_motor_cab.xlsx
2026-05-28 08:03:14,209 [INFO] RENAMED  : 848cb04f-42f2-4047-9a6b-3dca9d0ac452_motor_car.xlsx -> KARUR RTO - TN47_motor_car.xlsx
2026-05-28 08:03:14,225 [INFO] RENAMED  : 86210fca-b279-47cf-b846-c27fe30214c7_motor_car.xlsx -> KANCHEEPURAM RTO - TN21_motor_car.xlsx
2026-05-28 08:03:14,243 [INFO] RENAMED  : 865ea4d3-44cc-4d47-bc2e-918623b54089_motor_car.xlsx -> RAJAPALAYAM UO - TN643_motor_car.xlsx
2026-05-28 08:03:14,258 [INFO] RENAMED  : 8674d5b1-ef06-4425-97bc-1753b03d3148_motor_cab.xlsx -> DHARWAD EAST RTO - KA63_motor_cab.xlsx
2026-05-28 08:03:14,276 [INFO] RENAMED  : 86e740e0-d803-4953-9966-7ce9fbbd8924_motor_car.xlsx -> KUNNATHUR SRTO - KL61_motor_car.xlsx
2026-05-28 08:03:14,294 [INFO] RENAMED  : 870059ff-510e-4dbb-b82d-2f73a6b5e8d4_motor_car.xlsx -> MADURANTAGAM UO - TN508_motor_car.xlsx
2026-05-28 08:03:14,310 [INFO] RENAMED  : 8743991c-44f7-4900-967a-240bb05c5437_motor_car.xlsx -> GUMMIDIPOONDI UO - TN625_motor_car.xlsx
2026-05-28 08:03:14,329 [INFO] RENAMED  : 87b74277-a5dc-4560-97d4-1d5ff523293c_motor_car.xlsx -> TIRUCHI(EAST) RTO - TN81_motor_car.xlsx
2026-05-28 08:03:14,343 [INFO] RENAMED  : 87d1998a-548a-4196-902d-6610920e56c7_motor_cab.xlsx -> UZHAVOOR SRTO - KL67_motor_cab.xlsx
2026-05-28 08:03:14,359 [INFO] RENAMED  : 883a7209-2622-4e13-928f-5eb0dd3fede8_motor_cab.xlsx -> KARWAR  RTO - KA30_motor_cab.xlsx
2026-05-28 08:03:14,375 [INFO] RENAMED  : 8968165a-8abd-4360-95d5-d15340b47966_motor_cab.xlsx -> GUMMIDIPOONDI UO - TN625_motor_cab.xlsx
2026-05-28 08:03:14,392 [INFO] RENAMED  : 8be906f1-21f2-4995-be15-82279ca15225_motor_car.xlsx -> AVINASHI UO - TN580_motor_car.xlsx
2026-05-28 08:03:14,408 [INFO] RENAMED  : 8c835191-d03f-4118-ac01-370a223230b7_motor_cab.xlsx -> OOTY RTO - TN43_motor_cab.xlsx
2026-05-28 08:03:14,424 [INFO] RENAMED  : 8d46e96b-7059-4738-8702-cfad53712028_motor_car.xlsx -> MALAPPURAM RTO - KL10_motor_car.xlsx
2026-05-28 08:03:14,442 [INFO] RENAMED  : 8d4e877e-fff7-4f56-bf95-9612ef944a4d_motor_car.xlsx -> ALAPPUZHA RTO - KL4_motor_car.xlsx
2026-05-28 08:03:14,459 [INFO] RENAMED  : 8e3d727f-82c1-478f-9ee0-d924ecf15a78_motor_car.xlsx -> KARUNAGAPPALLY SRTO - KL23_motor_car.xlsx
2026-05-28 08:03:14,476 [INFO] RENAMED  : 8f1edc70-6a97-47b3-83a1-c284684cc827_motor_car.xlsx -> KUMBAKONAM RTO - TN68_motor_car.xlsx
2026-05-28 08:03:14,491 [INFO] RENAMED  : 8f365242-1c53-40b3-a70d-c7094a916e61_motor_cab.xlsx -> RASIPURAM UO - TN526_motor_cab.xlsx
2026-05-28 08:03:14,507 [INFO] RENAMED  : 8fe1a4eb-a38d-45e5-989c-7abbcc33b25f_motor_car.xlsx -> SIVAKASI RTO - TN604_motor_car.xlsx
2026-05-28 08:03:14,525 [INFO] RENAMED  : 8ffcc2fa-175e-426d-ad39-9c97d11695ba_motor_cab.xlsx -> KARUR RTO - TN47_motor_cab.xlsx
2026-05-28 08:03:14,539 [INFO] RENAMED  : 9047e4ea-d9b2-4119-a5d5-bd35553e5bda_motor_car.xlsx -> STATE TRANSPORT AUTHORITY - TN999_motor_car.xlsx
2026-05-28 08:03:14,556 [INFO] RENAMED  : 906d68ec-a4f5-49fe-8381-9c1f7a49ec16_motor_cab.xlsx -> NORTH PARUR SRTO - KL42_motor_cab.xlsx
2026-05-28 08:03:14,573 [INFO] RENAMED  : 90dc4a28-1507-4e0d-af75-55ad8314876e_motor_cab.xlsx -> ILLUPPUR UO - TN629_motor_cab.xlsx
2026-05-28 08:03:14,591 [INFO] RENAMED  : 91212d91-855f-45c6-a1e0-c76be39f650e_motor_car.xlsx -> CHANGANACHERRY SRTO - KL33_motor_car.xlsx
2026-05-28 08:03:14,607 [INFO] RENAMED  : 9144d7f3-5940-488f-a223-d3820d35cdda_motor_car.xlsx -> KASARGODE RTO - KL14_motor_car.xlsx
2026-05-28 08:03:14,626 [INFO] RENAMED  : 915cd96c-066a-4b93-9776-06ca253507cd_motor_car.xlsx -> CHENNAI (SOUTH-EAST) RTO - TN6_motor_car.xlsx
2026-05-28 08:03:14,642 [INFO] RENAMED  : 91bb6e5b-5978-4d3b-8f40-baa5cb0d9572_motor_car.xlsx -> TIRUVARUR RTO - TN50_motor_car.xlsx
2026-05-28 08:03:14,657 [INFO] RENAMED  : 9220ae8c-edd6-45d1-8f8d-1706290e3d0d_motor_cab.xlsx -> ATTINGAL RTO - KL16_motor_cab.xlsx
2026-05-28 08:03:14,673 [INFO] RENAMED  : 922e56f7-7d89-42c8-b7a2-4f204c5640a7_motor_cab.xlsx -> DHARAPURAM RTO - TN594_motor_cab.xlsx
2026-05-28 08:03:14,690 [INFO] RENAMED  : 92526b3e-4869-480a-8890-499c86ac9ce7_motor_car.xlsx -> BAILHONGAL  RTO - KA24_motor_car.xlsx
2026-05-28 08:03:14,706 [INFO] RENAMED  : 92b067f6-44a5-4c5e-a4f1-5a5d7b4d1e63_motor_cab.xlsx -> PARAMATHI VELLURE UO - TN517_motor_cab.xlsx
2026-05-28 08:03:14,723 [INFO] RENAMED  : 92be17e0-c423-4bea-896b-e700e96272d3_motor_car.xlsx -> DHARWAD WEST RTO - KA25_motor_car.xlsx
2026-05-28 08:03:14,741 [INFO] RENAMED  : 947fe645-269a-47a7-b18d-828de92a3a59_motor_car.xlsx -> THIRUTTANI UO - TN634_motor_car.xlsx
2026-05-28 08:03:14,758 [INFO] RENAMED  : 94b35026-fe28-48d6-a824-c3a315de8b1f_motor_car.xlsx -> NEDUMANGADU SRTO - KL21_motor_car.xlsx
2026-05-28 08:03:14,775 [INFO] RENAMED  : 94bd631d-0f9b-4582-9346-4eea3577b34b_motor_cab.xlsx -> LALKUDI UO - TN631_motor_cab.xlsx
2026-05-28 08:03:14,793 [INFO] RENAMED  : 94f18ca1-b08b-4a14-b33b-4082d4458ac6_motor_car.xlsx -> SANKARANKOVIL RTO - TN610_motor_car.xlsx
2026-05-28 08:03:14,809 [INFO] RENAMED  : 9637ee1c-9b73-4b37-b6e3-a8d2440eee71_motor_car.xlsx -> RASIPURAM UO - TN526_motor_car.xlsx
2026-05-28 08:03:14,824 [INFO] RENAMED  : 9742ff05-8c6f-402d-9f13-ae5ded760a23_motor_cab.xlsx -> KONNI SRTO - KL83_motor_cab.xlsx
2026-05-28 08:03:14,841 [INFO] RENAMED  : 978e2151-b943-4356-b0b3-9c1bbe32fc13_motor_cab.xlsx -> GOKAK  ARTO - KA49_motor_cab.xlsx
2026-05-28 08:03:14,855 [INFO] RENAMED  : 97ee3d10-4695-4959-86d1-6784b4189f95_motor_cab.xlsx -> THIRUKALUKUNTRAM UO - TN639_motor_cab.xlsx
2026-05-28 08:03:14,871 [INFO] RENAMED  : 9801a15c-6b83-413c-b603-b11e8c7fbe9f_motor_cab.xlsx -> THIRUPATTUR RTO - TN624_motor_cab.xlsx
2026-05-28 08:03:14,888 [INFO] RENAMED  : 9907ef72-b16d-47f4-8f9c-55d9dbee021b_motor_car.xlsx -> METTUR RTO - TN590_motor_car.xlsx
2026-05-28 08:03:14,905 [INFO] RENAMED  : 9991eccd-9628-4542-aa14-733243943bbc_motor_car.xlsx -> TIRUVANNAMALAI RTO - TN25_motor_car.xlsx
2026-05-28 08:03:14,921 [INFO] RENAMED  : 99f80942-ad9a-49f9-9630-3fa39e8c45a4_motor_car.xlsx -> TIPTUR  ARTO - KA44_motor_car.xlsx
2026-05-28 08:03:14,937 [INFO] RENAMED  : 9a4c51a7-7f5f-45c0-8bda-a6a7a8026f0d_motor_cab.xlsx -> JNANABHARATHI  RTO - KA41_motor_cab.xlsx
2026-05-28 08:03:15,001 [INFO] RENAMED  : 9ab36972-ec25-4a27-9c13-86f8ec753817_motor_car.xlsx -> WAYANAD RTO - KL12_motor_car.xlsx
2026-05-28 08:03:15,017 [INFO] RENAMED  : 9bbf2f98-5362-4173-add7-b5a18d4ef9b2_motor_car.xlsx -> IRITTY SRTO - KL78_motor_car.xlsx
2026-05-28 08:03:15,034 [INFO] RENAMED  : 9c83f112-9380-4800-a6ab-b012dc841394_motor_car.xlsx -> AMBUR UO - TN628_motor_car.xlsx
2026-05-28 08:03:15,050 [INFO] RENAMED  : 9cec30d7-d6b9-4f3d-8b9f-702a2cc02e9f_motor_car.xlsx -> PUNALUR SRTO - KL25_motor_car.xlsx
2026-05-28 08:03:15,066 [INFO] RENAMED  : 9d092764-7cf3-4415-8798-cb7ee258dc70_motor_cab.xlsx -> CHENNAI (SOUTH) RTO - TN7_motor_cab.xlsx
2026-05-28 08:03:15,083 [INFO] RENAMED  : 9d41f419-ba19-4ecc-9d19-044bc2ddd18c_motor_cab.xlsx -> RANNI SRTO - KL62_motor_cab.xlsx
2026-05-28 08:03:15,099 [INFO] RENAMED  : 9eb7ed56-e315-4993-b9cc-c6b7648b66bd_motor_car.xlsx -> PALAKKAD RTO - KL9_motor_car.xlsx
2026-05-28 08:03:15,117 [INFO] RENAMED  : 9ec6c88b-f171-49a0-a9d8-60154d045a3b_motor_car.xlsx -> KODUNGALLUR SRTO - KL47_motor_car.xlsx
2026-05-28 08:03:15,132 [INFO] RENAMED  : a0b3a497-f36b-4c1d-a800-1bdd4eb64ce6_motor_cab.xlsx -> KATTAKADA SRTO - KL74_motor_cab.xlsx
2026-05-28 08:03:15,148 [INFO] RENAMED  : a0c4e55a-7776-4a3e-8cc8-b51f58137870_motor_car.xlsx -> KARAIKAL - PY2_motor_car.xlsx
2026-05-28 08:03:15,165 [INFO] RENAMED  : a0c92333-5eb7-4eb2-9b75-cbc6d025adb3_motor_car.xlsx -> HAVERI  RTO - KA27_motor_car.xlsx
2026-05-28 08:03:15,183 [INFO] RENAMED  : a0cb88bf-c869-4ae4-9ead-d73f48f7350a_motor_car.xlsx -> THANJAVUR RTO - TN49_motor_car.xlsx
2026-05-28 08:03:15,201 [INFO] RENAMED  : a10418c9-b11a-4b18-82ec-db71785dde56_motor_car.xlsx -> OOTY RTO - TN43_motor_car.xlsx
2026-05-28 08:03:15,217 [INFO] RENAMED  : a110ebfd-b5f2-4089-9177-bd08d0156d11_motor_car.xlsx -> AMBATTUR RTO - TN612_motor_car.xlsx
2026-05-28 08:03:15,234 [INFO] RENAMED  : a11febb2-ef2b-4f3e-83fe-be11af1a6fa4_motor_cab.xlsx -> SIVAKASI RTO - TN604_motor_cab.xlsx
2026-05-28 08:03:15,251 [INFO] RENAMED  : a12e8ead-0aa9-4d0f-9dee-444991e2d373_motor_car.xlsx -> THIRUCHENDUR RTO - TN606_motor_car.xlsx
2026-05-28 08:03:15,268 [INFO] RENAMED  : a1850409-b32e-4fe5-998f-1e10b933d3b2_motor_car.xlsx -> ARAVAKURICHI UO - TN632_motor_car.xlsx
2026-05-28 08:03:15,285 [INFO] RENAMED  : a18edab0-99eb-4b5a-b11c-a4b2865aa6c7_motor_cab.xlsx -> TINDIVANAM RTO - TN571_motor_cab.xlsx
2026-05-28 08:03:15,300 [INFO] RENAMED  : a1925978-5e0f-44fa-baf7-36052eb2e66f_motor_cab.xlsx -> CHINTAMANI ARTO - KA67_motor_cab.xlsx
2026-05-28 08:03:15,316 [INFO] RENAMED  : a19c7837-c3da-413a-9b0a-c7d7e9e389a9_motor_car.xlsx -> OTTAPPALAM SRTO - KL51_motor_car.xlsx
2026-05-28 08:03:15,335 [INFO] RENAMED  : a1bb506b-93b9-4cd8-9026-35c191913c61_motor_car.xlsx -> PARASSALA SRTO - KL19_motor_car.xlsx
2026-05-28 08:03:15,351 [INFO] RENAMED  : a1bcde2f-3891-44f2-9a27-190b662fa764_motor_car.xlsx -> TIRUVERANBUR UO - TN583_motor_car.xlsx
2026-05-28 08:03:15,368 [INFO] RENAMED  : a1fa6f8f-b7a9-4f6d-afdd-bc0d61c3e498_motor_car.xlsx -> CHITTUR SRTO - KL70_motor_car.xlsx
2026-05-28 08:03:15,384 [INFO] RENAMED  : a21cc6e1-3f74-4944-8622-0a5fd9d85372_motor_cab.xlsx -> KUNDRATHUR RTO - TN85_motor_cab.xlsx
2026-05-28 08:03:15,400 [INFO] RENAMED  : a2b89c43-25c4-46b1-874d-5700c5b5cf03_motor_car.xlsx -> UDUMALPET RTO - TN581_motor_car.xlsx
2026-05-28 08:03:15,417 [INFO] RENAMED  : a3baabf3-3efa-4edf-b7ff-70610433a360_motor_cab.xlsx -> SANKAGIRI RTO - TN52_motor_cab.xlsx
2026-05-28 08:03:15,433 [INFO] RENAMED  : a3d4217b-9155-493a-9de4-bbb6e0379b18_motor_car.xlsx -> USILAMPATTI UO - TN636_motor_car.xlsx
2026-05-28 08:03:15,449 [INFO] RENAMED  : a40e7764-6b62-43db-bcbf-237301411e57_motor_car.xlsx -> PATHANAPURAM SRTO - KL80_motor_car.xlsx
2026-05-28 08:03:15,467 [INFO] RENAMED  : a4437876-a919-4482-887a-6d531ee85462_motor_car.xlsx -> COIMBATORE (WEST) RTO - TN99_motor_car.xlsx
2026-05-28 08:03:15,484 [INFO] RENAMED  : a49310ba-2c55-4252-9f63-bb9350caf297_motor_car.xlsx -> PANRUTI UO - TN626_motor_car.xlsx
2026-05-28 08:03:15,499 [INFO] RENAMED  : a589be02-5b73-44c7-8761-bae361fbfd96_motor_cab.xlsx -> TIRUCHI RTO - TN45_motor_cab.xlsx
2026-05-28 08:03:15,516 [INFO] RENAMED  : a5f826de-aef3-423e-892a-9936c843cd1d_motor_cab.xlsx -> CHENNAI (NORTH-EAST) RTO - TN3_motor_cab.xlsx
2026-05-28 08:03:15,533 [INFO] RENAMED  : a61efc8d-17e3-4098-a628-a54dc8d352bc_motor_car.xlsx -> UZHAVOOR SRTO - KL67_motor_car.xlsx
2026-05-28 08:03:15,548 [INFO] RENAMED  : a67992a4-b0ea-45f6-a8a9-9edc023db7fb_motor_cab.xlsx -> MANMANGALAM UO - TN637_motor_cab.xlsx
2026-05-28 08:03:15,564 [INFO] RENAMED  : a7241e04-f3b4-43cf-a4ec-980a9c97c305_motor_cab.xlsx -> KODUVALLY SRTO - KL57_motor_cab.xlsx
2026-05-28 08:03:15,582 [INFO] RENAMED  : a7690248-dfc9-43c0-90e3-d593128ebd60_motor_car.xlsx -> VADIPATTI UO - TN599_motor_car.xlsx
2026-05-28 08:03:15,597 [INFO] RENAMED  : a78ee470-23cd-4eb0-8f7b-6d2cfc5a7970_motor_cab.xlsx -> MANDYA  RTO - KA11_motor_cab.xlsx
2026-05-28 08:03:15,612 [INFO] RENAMED  : a7beff7a-e6d9-423b-9e45-6e1f47313424_motor_cab.xlsx -> GURUVAYUR SRTO - KL46_motor_cab.xlsx
2026-05-28 08:03:15,629 [INFO] RENAMED  : a7f86fca-04c5-4747-ad83-ce8dc1530f4e_motor_cab.xlsx -> MALLAPPALLY SRTO - KL28_motor_cab.xlsx
2026-05-28 08:03:15,645 [INFO] RENAMED  : a818989d-188e-455a-9ec3-11597d50fd21_motor_cab.xlsx -> CUDDALORE RTO - TN31_motor_cab.xlsx
2026-05-28 08:03:15,663 [INFO] RENAMED  : a8a08156-86bb-4b92-85e7-a54fe228c23e_motor_car.xlsx -> NEYVELI UO - TN562_motor_car.xlsx
2026-05-28 08:03:15,680 [INFO] RENAMED  : a8b295bf-6ff5-481e-ab05-dcba91034ddb_motor_cab.xlsx -> HAVERI  RTO - KA27_motor_cab.xlsx
2026-05-28 08:03:15,696 [INFO] RENAMED  : a8d6d11e-ec6c-451c-baf5-34fca3195980_motor_cab.xlsx -> CHERTHALA SRTO - KL32_motor_cab.xlsx
2026-05-28 08:03:15,712 [INFO] RENAMED  : a90d3ad3-2aa0-4e47-9b08-57349f5b2bd3_motor_car.xlsx -> SAKALESHPURA  ARTO - KA46_motor_car.xlsx
2026-05-28 08:03:15,729 [INFO] RENAMED  : a96fe318-7210-4dd7-bbe8-90cd1d5f626e_motor_cab.xlsx -> MELUR UO - TN600_motor_cab.xlsx
2026-05-28 08:03:15,745 [INFO] RENAMED  : a9c3072c-aa39-4b15-97fa-22ed2630fdd6_motor_cab.xlsx -> ARANTHANGI UO - TN592_motor_cab.xlsx
2026-05-28 08:03:15,760 [INFO] RENAMED  : a9c749ed-c7e2-45c7-a8cb-f3b777dd0154_motor_cab.xlsx -> AMBASAMUTHIRAM UO - TN611_motor_cab.xlsx
2026-05-28 08:03:15,778 [INFO] RENAMED  : a9cf2965-9d86-4eca-8b65-18a1a7f7967d_motor_cab.xlsx -> BENGALURU WEST  RTO - KA2_motor_cab.xlsx
2026-05-28 08:03:15,798 [INFO] RENAMED  : aa1bcc2f-f12c-42b1-a74e-7102f143028c_motor_car.xlsx -> THALIPARAMBA SRTO - KL59_motor_car.xlsx
2026-05-28 08:03:15,813 [INFO] RENAMED  : aaafaad1-9b24-4383-8651-3b4a46151927_motor_cab.xlsx -> TIRUPPUR (NORTH) RTO - TN39_motor_cab.xlsx
2026-05-28 08:03:15,829 [INFO] RENAMED  : ab068633-55d9-4c09-8929-ab081b7985a4_motor_cab.xlsx -> KOLLAM RTO - KL2_motor_cab.xlsx
2026-05-28 08:03:15,847 [INFO] RENAMED  : ab0e43d4-fe89-4f15-ab60-ffe8e13f0e97_motor_cab.xlsx -> BENGALURU EAST  RTO - KA3_motor_cab.xlsx
2026-05-28 08:03:15,862 [INFO] RENAMED  : ab0f42c4-ba7b-4676-aa23-510d0adf3e0a_motor_cab.xlsx -> CHENNAI (EAST) RTO - TN4_motor_cab.xlsx
2026-05-28 08:03:15,878 [INFO] RENAMED  : ab8275c7-c208-4359-8048-cb1fdf5867a3_motor_cab.xlsx -> CHITTUR SRTO - KL70_motor_cab.xlsx
2026-05-28 08:03:15,894 [INFO] RENAMED  : abf542a4-0c7e-42d8-917f-7f390751e1f4_motor_car.xlsx -> VELLARIKUNDU SRTO - KL79_motor_car.xlsx
2026-05-28 08:03:15,912 [INFO] RENAMED  : ac762c41-25c2-4124-8d77-1f661a239c5c_motor_cab.xlsx -> NEDUMANGADU SRTO - KL21_motor_cab.xlsx
2026-05-28 08:03:15,927 [INFO] RENAMED  : ace10897-dc10-4bdb-9171-bebf7b286be4_motor_cab.xlsx -> PUTTUR  RTO - KA21_motor_cab.xlsx
2026-05-28 08:03:15,945 [INFO] RENAMED  : ad1934ff-82c0-4101-8808-f7d71b97ceec_motor_car.xlsx -> COIMBATORE (NORTH) RTO - TN38_motor_car.xlsx
2026-05-28 08:03:15,960 [INFO] RENAMED  : ae7c3776-bedb-406c-af06-8e6abbdb33a9_motor_cab.xlsx -> MANNARGUDI UO - TN588_motor_cab.xlsx
2026-05-28 08:03:15,977 [INFO] RENAMED  : af36095b-ccb4-4c30-97f3-0e852394b780_motor_cab.xlsx -> VIRUDHACHALAM UO - TN553_motor_cab.xlsx
2026-05-28 08:03:15,993 [INFO] RENAMED  : af64284b-9d2d-40fb-a80d-8c951e2df31f_motor_cab.xlsx -> SRIVILLIPUTHUR RTO - TN605_motor_cab.xlsx
2026-05-28 08:03:16,008 [INFO] RENAMED  : afb95870-f37d-47ec-8d34-f669236e35e4_motor_cab.xlsx -> AVINASHI UO - TN580_motor_cab.xlsx
2026-05-28 08:03:16,024 [INFO] RENAMED  : b05d9a95-7c6b-47b3-9ac9-0621af31d4d4_motor_cab.xlsx -> TENKASI RTO - TN76_motor_cab.xlsx
2026-05-28 08:03:16,041 [INFO] RENAMED  : b08ea472-3625-4ac9-9482-2d2adea45d92_motor_car.xlsx -> LALKUDI UO - TN631_motor_car.xlsx
2026-05-28 08:03:16,059 [INFO] RENAMED  : b0a59d06-8a30-4e1d-b05a-51d8eb64f13f_motor_car.xlsx -> RAMDURGA ARTO - KA69_motor_car.xlsx
2026-05-28 08:03:16,078 [INFO] RENAMED  : b0acf99c-9b27-4d20-8b5e-25ca800f3ec6_motor_car.xlsx -> ANGAMALI SRTO - KL63_motor_car.xlsx
2026-05-28 08:03:16,096 [INFO] RENAMED  : b0ba9a33-4d1a-4a34-91d7-4cbc8da3834a_motor_car.xlsx -> IDUKKI RTO - KL6_motor_car.xlsx
2026-05-28 08:03:16,159 [INFO] RENAMED  : b0c3fc3b-4d26-4207-90f4-ab9c31f393eb_motor_car.xlsx -> BHAVANI UO - TN578_motor_car.xlsx
2026-05-28 08:03:16,177 [INFO] RENAMED  : b1adfdac-fe60-4969-9aa3-0dd53e68c3f1_motor_car.xlsx -> COIMBATORE (CENTRAL) RTO - TN66_motor_car.xlsx
2026-05-28 08:03:16,193 [INFO] RENAMED  : b21cd42a-387a-4978-9bba-f5c65a85ea82_motor_cab.xlsx -> KARAIKUDI UO - TN602_motor_cab.xlsx
2026-05-28 08:03:16,209 [INFO] RENAMED  : b292e30d-c744-445a-8387-61579e57f4ef_motor_car.xlsx -> THIRUTHURAIPOONDI UO - TN630_motor_car.xlsx
2026-05-28 08:03:16,225 [INFO] RENAMED  : b2d60a63-6517-4654-9931-0ac8e0e1fade_motor_cab.xlsx -> KANGEYAM UO - TN593_motor_cab.xlsx
2026-05-28 08:03:16,241 [INFO] RENAMED  : b31071ee-3e56-4c4c-8ac7-8d740b3f5ec5_motor_cab.xlsx -> KANJIRAPPALLY SRTO - KL34_motor_cab.xlsx
2026-05-28 08:03:16,259 [INFO] RENAMED  : b3af7344-179d-4bc8-9220-3962c2233f37_motor_car.xlsx -> SALEM (EAST) RTO - TN54_motor_car.xlsx
2026-05-28 08:03:16,275 [INFO] RENAMED  : b3e110f3-2058-4dc6-a4d8-384a8f07b226_motor_cab.xlsx -> SHOLINGANALLUR RTO - TN512_motor_cab.xlsx
2026-05-28 08:03:16,292 [INFO] RENAMED  : b455219a-c316-42bb-9de1-8714eb1fc293_motor_car.xlsx -> HOSPET  RTO - KA35_motor_car.xlsx
2026-05-28 08:03:16,309 [INFO] RENAMED  : b4aa5e3c-8a59-4714-a657-306eaf2c1ae4_motor_car.xlsx -> THALASSERY SRTO - KL58_motor_car.xlsx
2026-05-28 08:03:16,327 [INFO] RENAMED  : b4b0f648-9c8c-49e6-a46f-d0931e5479c3_motor_cab.xlsx -> MADURAI (NORTH) RTO - TN59_motor_cab.xlsx
2026-05-28 08:03:16,344 [INFO] RENAMED  : b55e2cde-c998-4491-9151-8f864d343ec6_motor_car.xlsx -> JNANABHARATHI  RTO - KA41_motor_car.xlsx
2026-05-28 08:03:16,360 [INFO] RENAMED  : b57d68ba-f7f0-4980-b1e3-96671e84753d_motor_cab.xlsx -> ADOOR SRTO - KL26_motor_cab.xlsx
2026-05-28 08:03:16,377 [INFO] RENAMED  : b593f8e8-a9c0-41b5-8ef8-68e2fb99e886_motor_car.xlsx -> MANAPARAI UO - TN584_motor_car.xlsx
2026-05-28 08:03:16,394 [INFO] RENAMED  : b5d8f1df-51cf-4582-a8e4-7e807f6a8c8c_motor_cab.xlsx -> PUNALUR SRTO - KL25_motor_cab.xlsx
2026-05-28 08:03:16,409 [INFO] RENAMED  : b5f84920-4fe9-47eb-822a-2339384655a5_motor_cab.xlsx -> CHENGALPATTU RTO - TN19_motor_cab.xlsx
2026-05-28 08:03:16,426 [INFO] RENAMED  : b6010b0e-a847-4180-8634-7174219c1655_motor_cab.xlsx -> NEYYATTINKARA SRTO - KL20_motor_cab.xlsx
2026-05-28 08:03:16,443 [INFO] RENAMED  : b632d3e4-8968-47be-a8c8-f4950c711d9e_motor_cab.xlsx -> MYSURU WEST  RTO - KA9_motor_cab.xlsx
2026-05-28 08:03:16,459 [INFO] RENAMED  : b6754ffe-dcd4-404d-a55f-a4fb7b3a7e73_motor_car.xlsx -> BASAVAKALYAN ARTO - KA56_motor_car.xlsx
2026-05-28 08:03:16,474 [INFO] RENAMED  : b67e2b67-89f3-41de-a1d9-6d91c6588bc7_motor_cab.xlsx -> IRINJALAKUDA SRTO - KL45_motor_cab.xlsx
2026-05-28 08:03:16,492 [INFO] RENAMED  : b75a9057-b795-4819-b34b-55d48a7216ae_motor_car.xlsx -> IRINJALAKUDA SRTO - KL45_motor_car.xlsx
2026-05-28 08:03:16,508 [INFO] RENAMED  : b815ed32-6d62-43ed-af7d-192368ab9fcf_motor_cab.xlsx -> REDHILLS RTO - TN18_motor_cab.xlsx
2026-05-28 08:03:16,524 [INFO] RENAMED  : b8fbf9d2-d058-4ba2-8bef-a5cb9786c617_motor_cab.xlsx -> PUDUCHERRY - PY1_motor_cab.xlsx
2026-05-28 08:03:16,542 [INFO] RENAMED  : b92b15a2-bc1e-45eb-99ac-f1a7f7b688a6_motor_car.xlsx -> GINGEE UO - TN627_motor_car.xlsx
2026-05-28 08:03:16,558 [INFO] RENAMED  : bac79007-ab6d-4b38-a12d-f21272e3f31d_motor_car.xlsx -> VILUPPURAM RTO - TN32_motor_car.xlsx
2026-05-28 08:03:16,576 [INFO] RENAMED  : bb058fa8-754f-4723-bc48-053907252127_motor_car.xlsx -> YANAM - PY4_motor_car.xlsx
2026-05-28 08:03:16,592 [INFO] RENAMED  : bb606231-15f9-48d5-985c-1a3374bd0b89_motor_cab.xlsx -> YALAHANKA  RTO - KA50_motor_cab.xlsx
2026-05-28 08:03:16,608 [INFO] RENAMED  : bb949f28-a02c-4b6e-9b85-c74ceea6b522_motor_cab.xlsx -> SRIPERUMBUDUR RTO - TN614_motor_cab.xlsx
2026-05-28 08:03:16,625 [INFO] RENAMED  : bbc41627-74cf-40ed-bbe5-f548f3152fc0_motor_car.xlsx -> KARAIKUDI UO - TN602_motor_car.xlsx
2026-05-28 08:03:16,641 [INFO] RENAMED  : bbdf1eca-8628-4260-b4ff-53384e1c7ce2_motor_car.xlsx -> KAZHAKUTTOM SRTO - KL22_motor_car.xlsx
2026-05-28 08:03:16,658 [INFO] RENAMED  : bbe56272-e5f5-41c4-8341-ec84eba1b8bf_motor_car.xlsx -> KOILANDY SRTO - KL56_motor_car.xlsx
2026-05-28 08:03:16,676 [INFO] RENAMED  : bbead8b0-d54f-4bb3-9175-84df4592d9bf_motor_car.xlsx -> SIRKALI UO - TN623_motor_car.xlsx
2026-05-28 08:03:16,693 [INFO] RENAMED  : bcd19e45-328a-4aa0-b386-d9d207965684_motor_car.xlsx -> TIRUPPUR (SOUTH) RTO - TN42_motor_car.xlsx
2026-05-28 08:03:16,710 [INFO] RENAMED  : bcd2c332-29e7-4d03-89ef-518ddad05ac6_motor_cab.xlsx -> THIRUVALLA SRTO - KL27_motor_cab.xlsx
2026-05-28 08:03:16,728 [INFO] RENAMED  : bcddf154-df5a-428d-9e1e-a46703ee0757_motor_cab.xlsx -> UDUPI  RTO - KA20_motor_cab.xlsx
2026-05-28 08:03:16,750 [INFO] RENAMED  : bd3594d7-4782-4987-a047-cc6628700364_motor_cab.xlsx -> COIMBATORE (WEST) RTO - TN99_motor_cab.xlsx
2026-05-28 08:03:16,770 [INFO] RENAMED  : bd3a5ba3-5ec5-498f-9726-dd038523b544_motor_car.xlsx -> CHENNAI (NORTH-EAST) RTO - TN3_motor_car.xlsx
2026-05-28 08:03:16,786 [INFO] RENAMED  : be59fe78-2c8c-4d98-9193-b8efa58323b1_motor_cab.xlsx -> KOTHAMANGALAM SRTO - KL44_motor_cab.xlsx
2026-05-28 08:03:16,805 [INFO] RENAMED  : bf53a4dc-bbf7-4349-94d6-a6dedfa07e63_motor_car.xlsx -> BELLARY  RTO - KA34_motor_car.xlsx
2026-05-28 08:03:16,823 [INFO] RENAMED  : bfe16d86-e0aa-43b2-a6ff-ef4bf384a028_motor_car.xlsx -> THODUPUZHA SRTO - KL38_motor_car.xlsx
2026-05-28 08:03:16,841 [INFO] RENAMED  : c06b371f-16c7-4048-bb61-4c3fc33f0c2b_motor_car.xlsx -> THURAIYUR UO - TN586_motor_car.xlsx
2026-05-28 08:03:16,855 [INFO] RENAMED  : c0b9fae2-828f-4da6-aaf8-91544953a2f3_motor_cab.xlsx -> BHALKI  ARTO - KA39_motor_cab.xlsx
2026-05-28 08:03:16,873 [INFO] RENAMED  : c1482387-eb10-4a1f-83e9-d871de3efed6_motor_cab.xlsx -> SALEM (EAST) RTO - TN54_motor_cab.xlsx
2026-05-28 08:03:16,889 [INFO] RENAMED  : c2542898-999d-4c79-9a6e-58102aa2caf1_motor_cab.xlsx -> CHENNAI (CENTRAL) RTO - TN1_motor_cab.xlsx
2026-05-28 08:03:16,906 [INFO] RENAMED  : c254a329-7dc0-4dab-ac03-e64e5db22159_motor_cab.xlsx -> OMALURE UO - TN535_motor_cab.xlsx
2026-05-28 08:03:16,921 [INFO] RENAMED  : c2baffcf-6445-4302-a007-6e8bb987f3ea_motor_cab.xlsx -> KOILANDY SRTO - KL56_motor_cab.xlsx
2026-05-28 08:03:16,939 [INFO] RENAMED  : c2c3b19d-eb74-4063-a10e-cabae4f1fbd3_motor_car.xlsx -> WADAKKANCHERRY SRTO - KL48_motor_car.xlsx
2026-05-28 08:03:16,957 [INFO] RENAMED  : c2cb8882-96dc-4f48-ac84-cce30a761a07_motor_car.xlsx -> KUMARAPALAYAM RTO - TN638_motor_car.xlsx
2026-05-28 08:03:16,973 [INFO] RENAMED  : c2e423ab-c720-4675-a1ab-f29fb40d2497_motor_cab.xlsx -> VARKALA SRTO - KL81_motor_cab.xlsx
2026-05-28 08:03:16,990 [INFO] RENAMED  : c3ad4240-b5e1-436d-b3d4-b63726bea3b2_motor_cab.xlsx -> PONNANI SRTO - KL54_motor_cab.xlsx
2026-05-28 08:03:17,010 [INFO] RENAMED  : c3ebba90-b246-4c8e-96e6-3022e5055b2d_motor_car.xlsx -> KANGEYAM UO - TN593_motor_car.xlsx
2026-05-28 08:03:17,027 [INFO] RENAMED  : c4a079aa-c0c5-458a-afa3-f782f8fba670_motor_cab.xlsx -> ARANI RTO - TN516_motor_cab.xlsx
2026-05-28 08:03:17,043 [INFO] RENAMED  : c4ace31f-6ceb-4bc0-acb0-efd82c1fb677_motor_cab.xlsx -> KAYAMKULAM SRTO - KL29_motor_cab.xlsx
2026-05-28 08:03:17,112 [INFO] RENAMED  : c4b1f719-d1f8-4219-b6ca-842729f1fdfd_motor_car.xlsx -> CHENNAI (WEST) RTO - TN9_motor_car.xlsx
2026-05-28 08:03:17,129 [INFO] RENAMED  : c4be3367-6527-4f43-ad23-13a8560a9aeb_motor_cab.xlsx -> NAGAMANGALA  RTO - KA54_motor_cab.xlsx
2026-05-28 08:03:17,144 [INFO] RENAMED  : c4dc6aef-fb46-48bf-9450-231eb6816e47_motor_cab.xlsx -> OTTAPPALAM SRTO - KL51_motor_cab.xlsx
2026-05-28 08:03:17,165 [INFO] RENAMED  : c4e617c6-44e0-481e-869f-dfba1e132d6f_motor_car.xlsx -> PERAMBALUR RTO - TN46_motor_car.xlsx
2026-05-28 08:03:17,181 [INFO] RENAMED  : c51f5658-d646-4394-967e-8bd25b066550_motor_cab.xlsx -> TUMKUR  RTO - KA6_motor_cab.xlsx
2026-05-28 08:03:17,199 [INFO] RENAMED  : c524259d-09c2-4975-bc81-72a788efda4c_motor_car.xlsx -> PERUNDURAI RTO - TN56_motor_car.xlsx
2026-05-28 08:03:17,217 [INFO] RENAMED  : c525e09e-70f6-4839-b1ea-909e63201eae_motor_car.xlsx -> PARAMATHI VELLURE UO - TN517_motor_car.xlsx
2026-05-28 08:03:17,233 [INFO] RENAMED  : c5b590f8-28d0-4f5a-b8c4-777a917863fb_motor_cab.xlsx -> KOLAR  RTO - KA7_motor_cab.xlsx
2026-05-28 08:03:17,250 [INFO] RENAMED  : c5fc12ef-168b-4b33-82d9-106b09061d35_motor_cab.xlsx -> VELLARIKUNDU SRTO - KL79_motor_cab.xlsx
2026-05-28 08:03:17,269 [INFO] RENAMED  : c6283b9a-8bfa-4ada-b4b4-8c25f0b1ebc0_motor_car.xlsx -> NEYYATTINKARA SRTO - KL20_motor_car.xlsx
2026-05-28 08:03:17,286 [INFO] RENAMED  : c69ce012-cc27-47f2-b7c9-2ac13d176148_motor_cab.xlsx -> CHIKKODI  RTO - KA23_motor_cab.xlsx
2026-05-28 08:03:17,303 [INFO] RENAMED  : c6ae33e7-1dc9-4611-bc61-93df86adfb80_motor_cab.xlsx -> THENI RTO - TN60_motor_cab.xlsx
2026-05-28 08:03:17,319 [INFO] RENAMED  : c6f180f8-fb51-4189-ad41-d8a8e22e41c9_motor_car.xlsx -> UDUPI  RTO - KA20_motor_car.xlsx
2026-05-28 08:03:17,338 [INFO] RENAMED  : c7055f84-5815-4710-8571-49c9d912721f_motor_car.xlsx -> CHENGANNUR SRTO - KL30_motor_car.xlsx
2026-05-28 08:03:17,354 [INFO] RENAMED  : c7716e1b-7295-4db3-8b32-95026135db68_motor_cab.xlsx -> SATHYAMANGALAM UO - TN579_motor_cab.xlsx
2026-05-28 08:03:17,371 [INFO] RENAMED  : c7780627-2ded-4c02-8df9-cd183a648807_motor_car.xlsx -> AMBASAMUTHIRAM UO - TN611_motor_car.xlsx
2026-05-28 08:03:17,387 [INFO] RENAMED  : c785d1bd-0c66-408d-afb9-2ef0d5741a61_motor_cab.xlsx -> NAMAKKAL (SOUTH) RTO - TN88_motor_cab.xlsx
2026-05-28 08:03:17,403 [INFO] RENAMED  : c9ec23d4-2168-4f9c-95e2-e4bb6d8beab9_motor_cab.xlsx -> CHIDAMBARAM RTO - TN544_motor_cab.xlsx
2026-05-28 08:03:17,418 [INFO] RENAMED  : ca458939-e3cf-4f83-9b4e-459d10134a61_motor_cab.xlsx -> UTHAMAPALAYAM UO - TN601_motor_cab.xlsx
2026-05-28 08:03:17,434 [INFO] RENAMED  : cbac239d-bddc-474a-aab0-0421bf840834_motor_cab.xlsx -> KULITHALI UO - TN585_motor_cab.xlsx
2026-05-28 08:03:17,451 [INFO] RENAMED  : cc207c7a-1309-457d-ae2f-46b517448027_motor_cab.xlsx -> THIRURANGADI SRTO - KL65_motor_cab.xlsx
2026-05-28 08:03:17,465 [INFO] RENAMED  : cc68846c-db0b-427e-b449-bbaef8736d25_motor_cab.xlsx -> STU AND AUTORIKSHAW,  SHANTHINAGAR RTO - KA57_motor_cab.xlsx
2026-05-28 08:03:17,481 [INFO] RENAMED  : cc8abdce-65f5-44b4-90fe-6499277bdd65_motor_cab.xlsx -> KOTTAYAM RTO - KL5_motor_cab.xlsx
2026-05-28 08:03:17,497 [INFO] RENAMED  : ccbc3423-2c0e-429a-8474-d9b0047672d4_motor_cab.xlsx -> PERUNDURAI RTO - TN56_motor_cab.xlsx
2026-05-28 08:03:17,515 [INFO] RENAMED  : ccbd6f61-b5e3-427e-b4b1-5a051dd2d8fa_motor_car.xlsx -> MANDYA  RTO - KA11_motor_car.xlsx
2026-05-28 08:03:17,532 [INFO] RENAMED  : cda2542f-1122-49db-b657-876afe1ca22e_motor_car.xlsx -> HOSUR RTO - TN70_motor_car.xlsx
2026-05-28 08:03:17,548 [INFO] RENAMED  : ce100701-4b59-44bd-9610-68380edb3f8c_motor_cab.xlsx -> PERUMBAVUR SRTO - KL40_motor_cab.xlsx
2026-05-28 08:03:17,564 [INFO] RENAMED  : ce197fdd-ce66-41cd-82cb-d42c05195fa1_motor_cab.xlsx -> NAMAKKAL (NORTH) RTO - TN28_motor_cab.xlsx
2026-05-28 08:03:17,582 [INFO] RENAMED  : ce2cb982-82a1-4a09-b4f5-96a5bdd6ab00_motor_car.xlsx -> KODUVALLY SRTO - KL57_motor_car.xlsx
2026-05-28 08:03:17,598 [INFO] RENAMED  : ce36c6ab-fd12-4d11-ad38-cff1f6fef573_motor_cab.xlsx -> MEENAMBAKKAM RTO - TN22_motor_cab.xlsx
2026-05-28 08:03:17,613 [INFO] RENAMED  : ce7e7d26-2165-4a0a-8496-01602730ddda_motor_cab.xlsx -> HARUR UO - TN527_motor_cab.xlsx
2026-05-28 08:03:17,630 [INFO] RENAMED  : ce9841c2-6508-4a4b-8a21-5df738aa985e_motor_cab.xlsx -> VAIKOM SRTO - KL36_motor_cab.xlsx
2026-05-28 08:03:17,646 [INFO] RENAMED  : ce9eae6b-c3bc-4347-a71c-af383c5d53a3_motor_cab.xlsx -> THIRUCHENDUR RTO - TN606_motor_cab.xlsx
2026-05-28 08:03:17,663 [INFO] RENAMED  : cf1a4d7d-a1a9-4b73-b797-5ffd5e814eb7_motor_cab.xlsx -> PERINTHALMANNA SRTO - KL53_motor_cab.xlsx
2026-05-28 08:03:17,679 [INFO] RENAMED  : cf7a0331-6e6e-4a1c-86fc-7841d6ccebd9_motor_car.xlsx -> BENGALURU CENTRAL  RTO - KA1_motor_car.xlsx
2026-05-28 08:03:17,696 [INFO] RENAMED  : d0800da6-956b-45fc-97a0-221ea9fac24d_motor_cab.xlsx -> CHADAYAMANGALA SRTO - KL82_motor_cab.xlsx
2026-05-28 08:03:17,713 [INFO] RENAMED  : d0f03251-b55a-47b0-9090-cce14e6b5986_motor_car.xlsx -> KANNUR RTO - KL13_motor_car.xlsx
2026-05-28 08:03:17,729 [INFO] RENAMED  : d1a2b535-196b-4fca-a4d0-8c952523ac05_motor_car.xlsx -> GADAG  RTO - KA26_motor_car.xlsx
2026-05-28 08:03:17,747 [INFO] RENAMED  : d238e80a-2eca-4104-8c5e-19720b37b37b_motor_car.xlsx -> CHAMARAJANAGAR  RTO - KA10_motor_car.xlsx
2026-05-28 08:03:17,762 [INFO] RENAMED  : d2759b09-3ec6-4e5f-a910-4ed48338bef8_motor_cab.xlsx -> REGIONAL TRANSPORT OFFICE BELAGAVI - KA22_motor_cab.xlsx
2026-05-28 08:03:17,777 [INFO] RENAMED  : d32ca6f7-2499-40da-9a73-36ea727019fc_motor_cab.xlsx -> KONDOTTY SRTO - KL84_motor_cab.xlsx
2026-05-28 08:03:17,796 [INFO] RENAMED  : d3492408-bf81-4701-a9af-8e526d6f4ffb_motor_car.xlsx -> VALLIYUR UO - TN608_motor_car.xlsx
2026-05-28 08:03:17,812 [INFO] RENAMED  : d4bcccb9-7507-4135-babd-dc0baa6249d4_motor_cab.xlsx -> UDUMBANCHOLA SRTO - KL69_motor_cab.xlsx
2026-05-28 08:03:17,826 [INFO] RENAMED  : d5264e93-6b39-47e2-99be-975c79244ce7_motor_cab.xlsx -> STATE TRANSPORT AUTHORITY - TN999_motor_cab.xlsx
2026-05-28 08:03:17,842 [INFO] RENAMED  : d53c7806-e2c4-436f-8cc5-c20d94af1061_motor_car.xlsx -> THIRUBUVANAI(VILLIANUR) - PY51_motor_car.xlsx
2026-05-28 08:03:17,859 [INFO] RENAMED  : d58d0b07-c03b-4a64-b3e4-47e60277dcb1_motor_car.xlsx -> ARUPPUKOTTAI UO - TN622_motor_car.xlsx
2026-05-28 08:03:17,876 [INFO] RENAMED  : d5a18e04-76d5-4521-a418-86522a6a4c46_motor_car.xlsx -> JAMKHANDI  ARTO - KA48_motor_car.xlsx
2026-05-28 08:03:17,892 [INFO] RENAMED  : d6190aa0-f81c-4b00-b65b-8916a597c50a_motor_cab.xlsx -> VANIYAMBADI RTO - TN515_motor_cab.xlsx
2026-05-28 08:03:17,911 [INFO] RENAMED  : d642b9d7-d04b-4767-ab50-65694a96f3a0_motor_cab.xlsx -> HOSUR RTO - TN70_motor_cab.xlsx
2026-05-28 08:03:17,929 [INFO] RENAMED  : d70fc579-74b6-4f5e-86eb-f4cce3a3a5e1_motor_car.xlsx -> SAGAR  ARTO - KA15_motor_car.xlsx
2026-05-28 08:03:17,945 [INFO] RENAMED  : d7146938-f7d4-42eb-ba0b-09f0bc94030b_motor_car.xlsx -> MANGALORE  RTO - KA19_motor_car.xlsx
2026-05-28 08:03:17,964 [INFO] RENAMED  : d74e380a-a0a9-4338-87fe-2c1146a2fde5_motor_cab.xlsx -> BENGALURU SOUTH  RTO - KA5_motor_cab.xlsx
2026-05-28 08:03:17,982 [INFO] RENAMED  : d80e5b0e-66fc-4dee-8880-3fce76c8e70f_motor_car.xlsx -> RAMANATHAPURAM RTO - TN65_motor_car.xlsx
2026-05-28 08:03:18,000 [INFO] RENAMED  : d85bd9de-548a-425a-b087-19f446346af5_motor_car.xlsx -> SHIMOGA  RTO - KA14_motor_car.xlsx
2026-05-28 08:03:18,017 [INFO] RENAMED  : d8762641-1d06-455f-aa78-a451d08c4fb9_motor_cab.xlsx -> PALAI SRTO - KL35_motor_cab.xlsx
2026-05-28 08:03:18,035 [INFO] RENAMED  : d8f8d6a0-404d-4509-97d4-dfe5611e9a90_motor_car.xlsx -> DAVANAGERE  RTO - KA17_motor_car.xlsx
2026-05-28 08:03:18,052 [INFO] RENAMED  : d93edbce-251f-4837-a3d5-24b09cfe602d_motor_cab.xlsx -> DEVIKULAM SRTO - KL68_motor_cab.xlsx
2026-05-28 08:03:18,070 [INFO] RENAMED  : d99a1a9b-9d13-410b-981e-920db5213ee0_motor_car.xlsx -> GUDALORE UO - TN582_motor_car.xlsx
2026-05-28 08:03:18,086 [INFO] RENAMED  : d9a78f39-4874-4031-8c81-b42c256db705_motor_cab.xlsx -> BAHOUR - PY11_motor_cab.xlsx
2026-05-28 08:03:18,104 [INFO] RENAMED  : da1d4a6a-04d3-4372-892f-4dde83b88eed_motor_car.xlsx -> SALEM (SOUTH) RTO - TN90_motor_car.xlsx
2026-05-28 08:03:18,122 [INFO] RENAMED  : da7c3fad-9145-436a-b7b6-61e05726a6a9_motor_cab.xlsx -> OULGARET - PY5_motor_cab.xlsx
2026-05-28 08:03:18,137 [INFO] RENAMED  : daced3e3-06d4-48a9-9c11-0aa02f6df87a_motor_cab.xlsx -> DANDELI ARTO - KA65_motor_cab.xlsx
2026-05-28 08:03:18,153 [INFO] RENAMED  : daed5055-5f54-40b0-bbb9-62e774610b21_motor_cab.xlsx -> CHAMARAJANAGAR  RTO - KA10_motor_cab.xlsx
2026-05-28 08:03:18,170 [INFO] RENAMED  : daef6ddf-64fd-4f35-9566-eafe1aefc8f1_motor_cab.xlsx -> POLLACHI RTO - TN41_motor_cab.xlsx
2026-05-28 08:03:18,187 [INFO] RENAMED  : db7a6d47-d50b-48d8-994d-013c563cc7fa_motor_cab.xlsx -> NAGAPATTINAM RTO - TN51_motor_cab.xlsx
2026-05-28 08:03:18,203 [INFO] RENAMED  : dba84721-53e1-4f75-87d9-30a9a296c739_motor_cab.xlsx -> MADHUGIRI, TUMAKURU ARTO - KA64_motor_cab.xlsx
2026-05-28 08:03:18,219 [INFO] RENAMED  : dc4c0155-c9e9-47a5-9ee2-bd5ae83f6ec0_motor_cab.xlsx -> TIRUVALLUR RTO - TN20_motor_cab.xlsx
2026-05-28 08:03:18,236 [INFO] RENAMED  : dd6e71e1-5a1c-48a0-bb6d-0fba2e48aebb_motor_cab.xlsx -> KRISHNAGIRI RTO - TN24_motor_cab.xlsx
2026-05-28 08:03:18,253 [INFO] RENAMED  : def27616-1490-43cf-ba41-9d897c139522_motor_cab.xlsx -> RTO CHENNAI (NORTH WEST) - TN2_motor_cab.xlsx
2026-05-28 08:03:18,270 [INFO] RENAMED  : defd2e97-662d-4f15-967c-4fc4887a1d3b_motor_car.xlsx -> ALUVA SRTO - KL41_motor_car.xlsx
2026-05-28 08:03:18,286 [INFO] RENAMED  : df946e52-b7b7-4550-bc80-4d342adf2924_motor_cab.xlsx -> POONAMALLEE RTO - TN511_motor_cab.xlsx
2026-05-28 08:03:18,305 [INFO] RENAMED  : dfe00a6a-f0e1-4444-b9d6-195239795351_motor_cab.xlsx -> MAYILADUTHURAI RTO - TN589_motor_cab.xlsx
2026-05-28 08:03:18,323 [INFO] RENAMED  : dff778be-592b-4ee7-9993-3d58b4d9b8f3_motor_car.xlsx -> KULITHALI UO - TN585_motor_car.xlsx
2026-05-28 08:03:18,339 [INFO] RENAMED  : e0fb52dc-7aed-4a51-9f84-b6573a026e51_motor_cab.xlsx -> SALEM (WEST) RTO - TN30_motor_cab.xlsx
2026-05-28 08:03:18,404 [INFO] RENAMED  : e1589ac2-206a-497f-82ab-36189b2c8e57_motor_car.xlsx -> DHARAPURAM RTO - TN594_motor_car.xlsx
2026-05-28 08:03:18,418 [INFO] RENAMED  : e170f262-46d7-464b-af09-90e3f96f11ef_motor_cab.xlsx -> K G F  ARTO - KA8_motor_cab.xlsx
2026-05-28 08:03:18,435 [INFO] RENAMED  : e1b2130c-20ae-4228-864c-8092a7c2151f_motor_car.xlsx -> DEVIKULAM SRTO - KL68_motor_car.xlsx
2026-05-28 08:03:18,451 [INFO] RENAMED  : e20a9f56-c04d-40b9-97d5-dd0a63004370_motor_cab.xlsx -> RAMDURGA ARTO - KA69_motor_cab.xlsx
2026-05-28 08:03:18,467 [INFO] RENAMED  : e213e635-dd08-4306-b7ea-e3931ceb402d_motor_cab.xlsx -> MANAPARAI UO - TN584_motor_cab.xlsx
2026-05-28 08:03:18,485 [INFO] RENAMED  : e242cacd-48e4-4436-9463-50c7bb69297d_motor_car.xlsx -> TIRUVALLUR RTO - TN20_motor_car.xlsx
2026-05-28 08:03:18,501 [INFO] RENAMED  : e278df2b-4bc4-4b8d-bfa0-f43de7087bf5_motor_car.xlsx -> MANMANGALAM UO - TN637_motor_car.xlsx
2026-05-28 08:03:18,517 [INFO] RENAMED  : e2ba2dea-6f83-4aa1-8fa9-73b2073ebba3_motor_car.xlsx -> BHALKI  ARTO - KA39_motor_car.xlsx
2026-05-28 08:03:18,536 [INFO] RENAMED  : e2c6bf42-1e6b-4ef8-bb89-6cbca877bb94_motor_cab.xlsx -> TIRUCHI(EAST) RTO - TN81_motor_cab.xlsx
2026-05-28 08:03:18,551 [INFO] RENAMED  : e39e61f1-6c97-4324-ab3f-50709127437f_motor_cab.xlsx -> ALANGULAM UO - TN644_motor_cab.xlsx
2026-05-28 08:03:18,567 [INFO] RENAMED  : e4237f6e-f98d-4f91-af79-e09bfd6335dd_motor_cab.xlsx -> USILAMPATTI UO - TN636_motor_cab.xlsx
2026-05-28 08:03:18,584 [INFO] RENAMED  : e49faeb5-985d-49f6-a255-c6e738e743f8_motor_car.xlsx -> CHALAKKUDY SRTO - KL64_motor_car.xlsx
2026-05-28 08:03:18,602 [INFO] RENAMED  : e4bbd1b0-517b-4631-b2f6-7527d2666ae7_motor_car.xlsx -> RAMANAGAR  RTO - KA42_motor_car.xlsx
2026-05-28 08:03:18,618 [INFO] RENAMED  : e5352291-dc21-48c9-860a-deb50ce4702b_motor_cab.xlsx -> METTUPALAYAM RTO - TN40_motor_cab.xlsx
2026-05-28 08:03:18,633 [INFO] RENAMED  : e5651eb7-8854-47e3-9b3f-78b42ab79557_motor_cab.xlsx -> BIJAPUR  RTO - KA28_motor_cab.xlsx
2026-05-28 08:03:18,650 [INFO] RENAMED  : e5fe61f4-b47f-4e4b-8e50-0aac712e7ca3_motor_car.xlsx -> RANIBENNUR ARTO - KA68_motor_car.xlsx
2026-05-28 08:03:18,666 [INFO] RENAMED  : e63160b8-375d-4743-b01c-1e37907b80ed_motor_car.xlsx -> NATHAM UO - TN640_motor_car.xlsx
2026-05-28 08:03:18,681 [INFO] RENAMED  : e745ad52-4806-4e57-9f75-90cd5f61001f_motor_cab.xlsx -> THRISSUR RTO - KL8_motor_cab.xlsx
2026-05-28 08:03:18,697 [INFO] RENAMED  : e7874b1d-d26b-44bc-b0e8-e7433b7b2e24_motor_cab.xlsx -> PAYYANNUR SRTO - KL86_motor_cab.xlsx
2026-05-28 08:03:18,714 [INFO] RENAMED  : e79c76f0-66fd-4be9-be0e-b7bd15b0e25c_motor_cab.xlsx -> MADURAI (CENTRAL) RTO - TN64_motor_cab.xlsx
2026-05-28 08:03:18,730 [INFO] RENAMED  : e7b87a7e-6a24-47cd-bba6-5cf592849330_motor_car.xlsx -> KOLLAM RTO - KL2_motor_car.xlsx
2026-05-28 08:03:18,748 [INFO] RENAMED  : e7c68f88-5ce5-415a-b563-6dadc4cdf5d6_motor_car.xlsx -> BAGALKOT  RTO - KA29_motor_car.xlsx
2026-05-28 08:03:18,764 [INFO] RENAMED  : e82e8df9-c916-445a-a4ce-b7b2091ab888_motor_cab.xlsx -> CHANDAPURA, BENGALURU RTO - KA59_motor_cab.xlsx
2026-05-28 08:03:18,779 [INFO] RENAMED  : e9ae57aa-50bd-45e4-80df-7f1e18ab5f37_motor_cab.xlsx -> JAMKHANDI  ARTO - KA48_motor_cab.xlsx
2026-05-28 08:03:18,796 [INFO] RENAMED  : ea47ecb2-d906-4f97-8ea7-77c9ba1c054d_motor_cab.xlsx -> BANTWALA ARTO - KA70_motor_cab.xlsx
2026-05-28 08:03:18,811 [INFO] RENAMED  : eaa1fdc4-980e-4c2b-b6e2-1b65b7248415_motor_car.xlsx -> VANDIPERIYAR SRTO - KL37_motor_car.xlsx
2026-05-28 08:03:18,829 [INFO] RENAMED  : eaab7112-b0fd-4d41-9fe9-cb83df5de935_motor_car.xlsx -> RTO CHENNAI (NORTH WEST) - TN2_motor_car.xlsx
2026-05-28 08:03:18,845 [INFO] RENAMED  : eb1d4c16-1979-4501-b4c8-9562a39c18f1_motor_cab.xlsx -> SULUR UO - TN620_motor_cab.xlsx
2026-05-28 08:03:18,860 [INFO] RENAMED  : eb909d29-a77b-442b-900b-3c43d01ec1b6_motor_cab.xlsx -> BELLARY  RTO - KA34_motor_cab.xlsx
2026-05-28 08:03:18,875 [INFO] RENAMED  : ec052f17-7bf9-4c6c-99f5-c5d2e04db740_motor_cab.xlsx -> YADGIRI  RTO - KA33_motor_cab.xlsx
2026-05-28 08:03:18,890 [INFO] RENAMED  : ec1141bd-68ac-4e12-9aea-1897648c6650_motor_cab.xlsx -> THIRUBUVANAI(VILLIANUR) - PY51_motor_cab.xlsx
2026-05-28 08:03:18,906 [INFO] RENAMED  : ec902e09-9e7c-4e61-9042-4513a269cd0e_motor_car.xlsx -> KATTAKADA SRTO - KL74_motor_car.xlsx
2026-05-28 08:03:18,924 [INFO] RENAMED  : ece3dd22-3d73-42d3-b7c6-a59f7e4ca390_motor_cab.xlsx -> THOOTHUKUDI RTO - TN69_motor_cab.xlsx
2026-05-28 08:03:18,942 [INFO] RENAMED  : ed25d661-219b-48b0-b338-8de692af62de_motor_car.xlsx -> SULTHANBATHERY SRTO - KL73_motor_car.xlsx
2026-05-28 08:03:18,960 [INFO] RENAMED  : ed94ef2d-d758-4a8c-9002-bb56a8caf5f0_motor_car.xlsx -> SIVAGANGAI RTO - TN63_motor_car.xlsx
2026-05-28 08:03:18,979 [INFO] RENAMED  : ed9e9814-061a-4409-98da-fba7d476790f_motor_car.xlsx -> TARIKERE, CHIKKAMAGALURU ARTO - KA66_motor_car.xlsx
2026-05-28 08:03:18,995 [INFO] RENAMED  : edc37233-3766-4f6f-be95-2c8131931a9e_motor_cab.xlsx -> CHITRADURGA  RTO - KA16_motor_cab.xlsx
2026-05-28 08:03:19,011 [INFO] RENAMED  : ee0ae19b-b8a4-4911-9a16-2ea124e8141d_motor_cab.xlsx -> VILUPPURAM RTO - TN32_motor_cab.xlsx
2026-05-28 08:03:19,031 [INFO] RENAMED  : eeb7f46f-f1ab-4b5b-ace2-2994b1585ed9_motor_car.xlsx -> HASSAN  RTO - KA13_motor_car.xlsx
2026-05-28 08:03:19,050 [INFO] RENAMED  : f1528039-a7fb-4b59-8a04-81f5c27727d7_motor_cab.xlsx -> TIRUNELVELI RTO - TN72_motor_cab.xlsx
2026-05-28 08:03:19,067 [INFO] RENAMED  : f23d9c49-4503-448b-8eef-ccb99bd1ddbf_motor_cab.xlsx -> RAMANATHAPURAM RTO - TN65_motor_cab.xlsx
2026-05-28 08:03:19,084 [INFO] RENAMED  : f3196184-903c-48c5-9576-5b3285a992a2_motor_cab.xlsx -> GUDALORE UO - TN582_motor_cab.xlsx
2026-05-28 08:03:19,099 [INFO] RENAMED  : f33eafee-b95e-43c8-ba11-85195cd4b40b_motor_cab.xlsx -> MAVELIKKARA SRTO - KL31_motor_cab.xlsx
2026-05-28 08:03:19,116 [INFO] RENAMED  : f44239c3-a497-4a2d-b8a8-b1d094ce9d69_motor_car.xlsx -> MELUR UO - TN600_motor_car.xlsx
2026-05-28 08:03:19,134 [INFO] RENAMED  : f4647a27-e202-458e-970b-fb096181623c_motor_cab.xlsx -> RANIPET RTO - TN73_motor_cab.xlsx
2026-05-28 08:03:19,150 [INFO] RENAMED  : f4a1a876-c0c8-450f-b2e6-d7d7449e1ef7_motor_cab.xlsx -> TRIPUNITHURA SRTO - KL39_motor_cab.xlsx
2026-05-28 08:03:19,167 [INFO] RENAMED  : f5640290-555c-4a1d-9d9a-6fae05694da9_motor_car.xlsx -> CHENGALPATTU RTO - TN19_motor_car.xlsx
2026-05-28 08:03:19,184 [INFO] RENAMED  : f58a5bd6-4f9c-4598-b7c7-1f5954872542_motor_car.xlsx -> BATLAGUNDU UO - TN596_motor_car.xlsx
2026-05-28 08:03:19,201 [INFO] RENAMED  : f5b364a5-8850-41cc-b472-726d3e0b12dd_motor_car.xlsx -> HARUR UO - TN527_motor_car.xlsx
2026-05-28 08:03:19,216 [INFO] RENAMED  : f5e32fec-22ef-4e00-8a77-9b8208001f6a_motor_cab.xlsx -> HUNSUR  ARTO - KA45_motor_cab.xlsx
2026-05-28 08:03:19,234 [INFO] RENAMED  : f60876b6-5a76-4bec-a5d2-679d33ae4acb_motor_car.xlsx -> SIRSI  RTO - KA31_motor_car.xlsx
2026-05-28 08:03:19,251 [INFO] RENAMED  : f6ecea80-4be9-4c20-99b8-13ac6f1f5d2c_motor_car.xlsx -> BAHOUR - PY11_motor_car.xlsx
2026-05-28 08:03:19,318 [INFO] RENAMED  : f7027906-2c84-45d6-90ec-017f4b115167_motor_car.xlsx -> THRIPRAYAR SRTO - KL75_motor_car.xlsx
2026-05-28 08:03:19,334 [INFO] RENAMED  : f7105b93-aae6-4d92-9e7e-c028c520ce30_motor_car.xlsx -> VALPARAI UO - TN633_motor_car.xlsx
2026-05-28 08:03:19,352 [INFO] RENAMED  : f7a68bfa-e392-44b2-836f-5795a6b05b9a_motor_car.xlsx -> MADURAI (CENTRAL) RTO - TN64_motor_car.xlsx
2026-05-28 08:03:19,368 [INFO] RENAMED  : f7c4c53a-8373-45c8-a92a-d5568ffffcf2_motor_car.xlsx -> KRISHNAGIRI RTO - TN24_motor_car.xlsx
2026-05-28 08:03:19,383 [INFO] RENAMED  : f7cbe44f-42d6-46e5-ad4a-e7fe512dd566_motor_cab.xlsx -> DHARWAD WEST RTO - KA25_motor_cab.xlsx
2026-05-28 08:03:19,401 [INFO] RENAMED  : f8c282b3-3833-4061-b423-b154982010c4_motor_cab.xlsx -> MADURAI (SOUTH) RTO - TN58_motor_cab.xlsx
2026-05-28 08:03:19,417 [INFO] RENAMED  : f9c619db-7bb5-4249-92a2-c203bfd5dac3_motor_cab.xlsx -> KOZHIKODE RTO - KL11_motor_cab.xlsx
2026-05-28 08:03:19,434 [INFO] RENAMED  : f9de9fc7-9c5a-41d3-95ac-d6cf7d0ef3f3_motor_car.xlsx -> BENGALURU EAST  RTO - KA3_motor_car.xlsx
2026-05-28 08:03:19,461 [INFO] RENAMED  : fb3b5d25-f2c6-4f7d-bd85-1886b27c2da1_motor_car.xlsx -> KANJIRAPPALLY SRTO - KL34_motor_car.xlsx
2026-05-28 08:03:19,478 [INFO] RENAMED  : fba1721f-7ddc-470e-924a-abb34adab469_motor_car.xlsx -> KOVILPATTI RTO - TN607_motor_car.xlsx
2026-05-28 08:03:19,494 [INFO] RENAMED  : fc3b03b5-d378-4524-b39d-0b4014ab269b_motor_car.xlsx -> PERINTHALMANNA SRTO - KL53_motor_car.xlsx
2026-05-28 08:03:19,512 [INFO] RENAMED  : ff27008b-c5f7-4377-bb44-6a6b51800bfd_motor_car.xlsx -> SANKAGIRI RTO - TN52_motor_car.xlsx
2026-05-28 08:03:19,530 [INFO] RENAMED  : ff43f0e6-7c6c-4417-bc7d-a9c835c05c44_motor_cab.xlsx -> ELECTRONIC CITY  RTO - KA51_motor_cab.xlsx
2026-05-28 08:03:19,545 [INFO] RENAMED  : ff75ac4b-cbeb-4cd8-ba44-50ed65feb195_motor_cab.xlsx -> NANMANDA SRTO - KL76_motor_cab.xlsx
2026-05-28 08:03:19,561 [INFO] RENAMED  : fffd9d97-3ad9-4dcd-a0ae-1597631154fa_motor_car.xlsx -> MANNARGUDI UO - TN588_motor_car.xlsx
2026-05-28 08:03:19,579 [INFO] RENAMED  : ffff5e56-9362-48c4-b946-59a27ff21fd7_motor_car.xlsx -> NAMAKKAL (NORTH) RTO - TN28_motor_car.xlsx
2026-05-28 08:03:19,579 [INFO] Done. ok=0 mismatch=0 renamed=622 no_header=0
